
  ///////////////////////////////////////////////////////////////////////////
  | 公司名称:                                                               |
  |                                                                         |
  |                            建筑结构的总信息                             |
  |                          SATWE2010_V5.1.3 中文版                        |
  |                         (2020年5月18日18时13分)                         |
  |                            文件名: WMASS.OUT                            |
  |                                                                         |
  |工程名称 :                     设计人 :              计算日期:2020/10/19 |
  |工程代号 :                     校核人 :              计算时间:10:52:17   |
  ///////////////////////////////////////////////////////////////////////////

     总信息 ..............................................
     结构材料信息:                         钢砼结构
     混凝土容重 (kN/m3):                   Gc     =  27.00
     钢材容重 (kN/m3):                     Gs     =  78.00
     是否扣除构件重叠质量和重量:           否
     是否自动计算现浇楼板自重:             是
     水平力的夹角(Degree):                 ARF    =   0.00
     地下室层数:                           MBASE  =      3
     竖向荷载计算信息:                     按模拟施工1加荷计算
     风荷载计算信息:                       计算X,Y两个方向的风荷载
     地震力计算信息:                       计算X,Y两个方向的地震力
     “规定水平力”计算方法:               楼层剪力差方法(规范方法)
     结构类别:                             剪力墙结构
     裙房层数:                             MANNEX =      0
     转换层所在层号:                       MCHANGE=      0
     嵌固端所在层号:                       MQIANGU=      4
     墙元细分最大控制长度(m):              DMAX   =   1.00
     弹性板细分最大控制长度(m):            DMAX_S =   1.00
     是否对全楼强制采用刚性楼板假定:       否
     墙梁跨中节点作为刚性楼板的从节点:     是
     墙倾覆力矩的计算方法:                 考虑墙的所有内力贡献
     墙偏心的处理方式:                     传统移动节点方式
     高位转换结构等效侧向刚度比采用高规附录E:  否
     是否梁板顶面对齐:                     否
     是否带楼梯计算:                       否
     框架连梁按壳元计算控制跨高比:            0.00
     墙梁转框架梁的控制跨高比:                0.00
     结构所在地区:                         广东
     楼板按有限元方式进行面外设计          否

     多模型及包络........................................
     采用指定的刚重比计算模型：            否

     风荷载信息 ..........................................
     修正后的基本风压 (kN/m2):             WO     =   0.75
     风荷载作用下舒适度验算风压(kN/m2):    WOC    =   0.00
     地面粗糙程度:                         C 类
     结构X向基本周期（秒）:                Tx     =   4.18
     结构Y向基本周期（秒）:                Ty     =   3.08
     是否考虑顺风向风振:                   是
     风荷载作用下结构的阻尼比(%):          WDAMP  =   5.00
     风荷载作用下舒适度验算阻尼比(%):      WDAMPC =   2.00
     是否计算横风向风振:                   否
     是否计算扭转风振:                     否
     承载力设计时风荷载效应放大系数:       WENL   =   1.10
     体型变化分段数:                       MPART  =      1
     各段最高层号:                         NSTI   =     54
     各段体型系数(X):                      USIX   =   1.40
     各段体型系数(Y):                      USIY   =   1.40
     设缝多塔背风面体型系数:               USB    =   0.50

     地震信息 ............................................
     结构规则性信息:                       不规则
     振型组合方法(CQC耦联;SRSS非耦联):     CQC
     特征值分析方法:                       子空间迭代法
     是否由程序自动确定振型数:             否
     计算振型数:                           NMODE  =     24
     地震烈度:                             NAF    =   7.00
     场地类别:                             KD     =II
     设计地震分组:                         一组
     特征周期:                             TG     =   0.35
     地震影响系数最大值:                   Rmax1  =   0.08
     用于12层以下规则砼框架结构薄弱层验算的
     地震影响系数最大值:                   Rmax2  =   0.50
     框架的抗震等级:                       NF     =      1
     剪力墙的抗震等级:                     NW     =      1
     钢框架的抗震等级:                     NS     =      1
     抗震构造措施的抗震等级:               NGZDJ  =不改变
     悬挑梁默认取框架梁抗震等级:           否
     按抗规(6.1.3-3)降低嵌固端以下抗震构造
     措施的抗震等级:                       否
     周期折减系数:                         TC     =   0.90
     结构的阻尼比 (%):                     DAMP   =   5.00
     是否考虑偶然偏心:                     是
     偶然偏心考虑方式:                     相对于回转半径
     相对回转半径偏移系数:                   0.173
     是否考虑双向地震扭转效应:             是
     是否考虑最不利方向水平地震作用:       否
     按主振型确定地震内力符号:             否
     斜交抗侧力构件方向的附加地震数:       NADDDIR=      1
     斜交抗侧力构件方向的附加地震方向角(Deg):     27
     是否计算与附加地震相同方向的风荷载:   否
     工业设备的反应谱方法底部剪力占规范简化
     方法底部剪力的最小比例:               SeisCoef=   1.00

     活荷载信息 ..........................................
     考虑活荷不利布置的层数:               不考虑
     考虑结构使用年限的活荷载调整系数:     FACLD  =   1.00
     考虑楼面活荷载折减方式：              传统方式
     柱、墙活荷载是否折减:                 折减
     传到基础的活荷载是否折减:             折减
     柱，墙，基础活荷载折减系数:
           计算截面以上的层数              折减系数
                 1                           1.00
                 2---3                       0.85
                 4---5                       0.70
                 6---8                       0.65
                 9---20                      0.60
                   > 20                      0.55
     梁楼面活荷载折减设置:                 不折减
     墙、柱设计时消防车荷载是否考虑折减：  是
         柱、墙设计时消防车荷载折减系数：     1.00
     梁设计时消防车荷载是否考虑折减：      是

     二阶效应 ........................................
     结构内力分析方法:                     一阶弹性设计方法
     考虑P-DELTA效应方法 :                 几何刚度法
     柱计算长度系数是否置为1 :             否
     是否考虑结构整体缺陷 :                否
     是否考虑结构构件缺陷 :                否

     调整信息 ........................................
     楼板作为翼缘对梁刚度的影响方式:       梁刚度放大系数按2010规范取值
     托墙梁刚度放大系数:                   BK_TQL =   1.00
     梁端负弯矩调幅系数:                   BT     =   0.85
     梁端弯矩调幅方法:                     通过竖向构件判断调幅梁支座
     梁活荷载内力放大系数:                 BM     =   1.05
     梁扭矩折减系数:                       TB     =   0.40
     支撑按柱设计临界角度(Deg):            ABr2Col=  20.00
     地震工况连梁刚度折减系数:             BLZ    =   0.80
     风荷载工况连梁刚度折减系数:           BLZW   =   1.00
     采用SAUSAGE-CHK计算的连梁刚度折减系数：否
     地震位移计算不考虑连梁刚度折减：      否
     柱实配钢筋超配系数:                   CPCOEF91 =   1.15
     墙实配钢筋超配系数:                   CPCOEF91_W =   1.15
     全楼地震力放大系数:                   RSF    =   1.00
     0.2Vo 调整方式:                       alpha*Vo和beta*Vmax两者取小
     0.2Vo 调整中Vo的系数:                 alpha  =   0.20
     0.2Vo 调整中Vmax的系数:               beta   =   1.50
     0.2Vo 调整分段数:                     VSEG   =      1
     第 1段起始和终止层号:             KQ1    =  1, KQ2    = 52
     0.2Vo 调整上限:                       KQ_L   =   2.00
     是否调整与框支柱相连的梁内力:         否
     框支柱调整上限:                       KZZ_L  =   5.00
     框支剪力墙结构底部加强区剪力墙抗震等级
     自动提高一级:                         是
     是否按抗震规范5.2.5调整楼层地震力:    是
     是否扭转效应明显:                     否
     是否采用自定义楼层最小剪力系数:       否
     弱轴方向的动位移比例因子:             XI1    =   0.00
     强轴方向的动位移比例因子:             XI2    =   0.00
     薄弱层判断方式:                       按高规和抗规从严判断
     受剪承载力薄弱层是否自动调整:         否
     判断薄弱层所采用的楼层刚度算法:       地震剪力比地震层间位移算法
     强制指定的薄弱层个数:                 NWEAK =      0
     薄弱层地震内力放大系数:               WEAKCOEF =   1.25
     强制指定的加强层个数:                 NSTREN =      0
     钢管束墙混凝土刚度折减系数:           GGSH_CONC =   1.00
     转换结构构件（三、四级）的水平地震作用
     效应放大系数：                           1.00

     设计信息 ........................................
     结构重要性系数:                       RWO    =   1.00
     钢柱计算长度计算原则(X向/Y向):        有侧移/有侧移
     梁端在梁柱重叠部分简化:               作为刚域
     柱端在梁柱重叠部分简化:               作为刚域
     是否考虑钢梁刚域：                    否
     柱长细比执行《高钢规》JGJ 99-2015第7.3.9条 :否
     柱配筋计算原则:                       按单偏压计算
     柱双偏压配筋方式：                    普通方式
     钢构件截面净毛面积比:                 RN     =   0.50
     梁按压弯计算的最小轴压比:             UcMinB =   0.15
     梁保护层厚度 (mm):                    BCB    =  20.00
     柱保护层厚度 (mm):                    ACA    =  20.00
     剪力墙构造边缘构件的设计执行高规7.2.16-4:   是
     框架梁端配筋考虑受压钢筋:             是
     结构中的框架部分轴压比限值按纯框架结构
     的规定采用:                           否
     当边缘构件轴压比小于抗规6.4.5条规定的
     限值时一律设置构造边缘构件:           是
     是否按混凝土规范B.0.4考虑柱二阶效应:  否
     执行高规5.2.3-4条主梁弯矩按整跨计算:  否
     执行高规5.2.3-4条的梁对象:            主次梁均执行
     柱剪跨比计算原则:                     简化方式
     过渡层个数                                  0
     墙柱配筋采用考虑翼缘共同工作的设计方法：否
     执行《混规》第9.2.6.1条有关规定：     否
     执行《混规》第11.3.7条有关规定：      否
     圆钢管混凝土构件设计执行规范：        高规（JGJ-2010）
     方钢管混凝土构件设计执行规范：        矩形钢管砼规程（CECS 159：2004）
     型钢混凝土构件设计执行规范：          型钢砼组合结构规程（JGJ 138-2001）
     异形柱设计执行规范：                  混凝土异形柱结构技术规程（JGJ 149-2006）
     钢结构设计执行规范：                  钢结构设计规范（GB50017-2003）
     是否执行建筑结构可靠度设计统一标准:   是
     是否执行建筑钢结构防火技术规范:       否

     材料信息 ........................................
     梁主筋强度 (N/mm2):                   IB     =    360
     梁箍筋强度 (N/mm2):                   JB     =    360
     柱主筋强度 (N/mm2):                   IC     =    360
     柱箍筋强度 (N/mm2):                   JC     =    360
     墙主筋强度 (N/mm2):                   IW     =    360
     墙水平分布筋强度 (N/mm2):             FYH    =    360
     墙竖向分布筋强度 (N/mm2):             FYW    =    360
     边缘构件箍筋强度 (N/mm2):             JWB    =    360
     梁箍筋最大间距 (mm):                  SB     = 100.00
     柱箍筋最大间距 (mm):                  SC     = 100.00
     墙水平分布筋最大间距 (mm):            SWH    = 100.00
     墙竖向分布筋配筋率 (%):               RWV    =   0.30
     墙最小水平分布筋配筋率 (%):           RWHMIN =   0.00
     梁抗剪配筋采用交叉斜筋时，箍筋与对角斜
     筋的配筋强度比:                       RGX    =   1.00

     荷载组合信息 ........................................
     是否计算水平地震:                     是
     是否计算竖向地震:                     否
     是否计算普通风:                       是
     是否计算特殊风:                       否
     是否计算温度荷载:                     否
     是否计算吊车荷载:                     否
     地震与风同时组合：                    是
     屋面活荷载是否与雪荷载和风荷载同时组合：是
     自动添加自定义工况组合:               是
         自定义工况组合方式                叠加
     恒载分项系数:                         CDEAD  =   1.20
     活载分项系数:                         CLIVE  =   1.40
     风荷载分项系数:                       CWIND  =   1.40
     水平地震力分项系数:                   CEA_H  =   1.30
     活荷载的组合值系数:                   CD_L   =   0.70
     风荷载的组合值系数:                   CD_W   =   0.60
     重力荷载代表值效应的活荷组合值系数:   CEA_L  =   0.50

     地下信息 ..........................................
     室外地面相对于结构底层底部的高度(m):  Hsoil  =    13.05
     土的X向水平抗力系数的比例系数(MN/m4): MX     =     3.00
     土的Y向水平抗力系数的比例系数(MN/m4): MY     =     3.00
     地面处回填土X向刚度折减系数:          RKX    =     0.00
     地面处回填土Y向刚度折减系数:          RKY    =     0.00
     回填土容重 (kN/m3):                   Gsol   =  18.00
     回填土侧压力系数:                     Rsol   =   0.50
     外墙分布筋保护厚度 (mm):              WCW    =  35.00
     室外地平标高 (m):                     Hout   =  -0.35
     地下水位标高 (m):                     Hwat   = -20.00
     室外地面附加荷载 (kN/m2):             Qgrd   =   0.00
     面外设计方法:                         SATWE传统方法
     水土侧压计算:                         水土合算
     外侧纵筋保护层厚度（mm）：              35.00
     内侧纵筋保护层厚度（mm）：              35.00

     广东规程信息 ........................................
     结构高度类别:                         A
     0.2V0调整时,调整与框架柱相连梁端弯矩: 是

     性能设计信息 ........................................
     按照全国高规进行性能设计:             否

     高级参数 ..........................................
     计算软件信息:                         64位
     线性方程组解法:                       PARDISO
     地震作用分析方法:                     总刚分析方法
     位移输出方式:                         简单输出
     是否生成传基础刚度:                   否
     保留分析模型上自定义的风荷载:         否
     采用自定义范围统计指标:               否
     位移指标统计时考虑斜柱：              否
     采用自定义位移指标统计节点范围：      否
     按框架梁建模的连梁砼等级默认同墙：    否
     二道防线调整时，调整与框架柱相连的
     框架梁端弯矩、剪力：                  是
     薄弱层地震内力调整时不放大构件轴力：  否
     剪切刚度计算时考虑柱刚域影响：        否
     短肢墙判断时考虑相连墙肢厚度影响：    否
     刚重比验算考虑填充墙刚度影响：        否
     剪力墙端柱的面外剪力统计到框架部分：  否
     按构件内力累加方式计算层指标：        否


     剪力墙底部加强区的层和塔信息.......................
     层号     塔号
       3        1
       4        1
       5        1
       6        1
       7        1
       8        1

     用户指定薄弱层的层和塔信息.........................
     层号     塔号

     用户指定加强层的层和塔信息.........................
     层号     塔号

     约束边缘构件与过渡层的层和塔信息...................
     层号     塔号     类别
       3        1   约束边缘构件层
       4        1   约束边缘构件层
       5        1   约束边缘构件层
       6        1   约束边缘构件层
       7        1   约束边缘构件层
       8        1   约束边缘构件层
       9        1   约束边缘构件层


     *********************************************************
     *                  各层的质量、质心坐标信息             *
     *********************************************************

 层号    塔号    质心 X      质心 Y      质心 Z      恒载质量      活载质量      附加质量      质量比
                               (m)         (m)          (t)          (t)
  54       1     14.709      13.895     168.900        104.9          1.7          0.0         0.67
  53       1     14.724      14.037     165.800        151.3          6.9          0.0         0.46
  52       1     15.343      11.955     162.700        327.1         17.6          0.0         0.65
  51       1     16.774      12.763     159.600        505.4         22.5          0.0         0.63
  50       1     13.878      14.298     156.450        804.7         39.7          0.0         1.06
  49       1     14.444      13.840     153.450        747.3         50.2          0.0         0.98
  48       1     14.186      13.931     150.450        760.6         50.8          0.0         1.02
  47       1     14.444      13.840     147.450        747.3         50.2          0.0         0.98
  46       1     14.186      13.931     144.450        760.6         50.8          0.0         1.02
  45       1     14.444      13.840     141.450        747.3         50.2          0.0         0.98
  44       1     14.186      13.931     138.450        760.6         50.8          0.0         1.02
  43       1     14.444      13.840     135.450        747.3         50.2          0.0         0.98
  42       1     14.186      13.931     132.450        760.6         50.8          0.0         1.02
  41       1     14.444      13.840     129.450        747.3         50.2          0.0         0.98
  40       1     14.186      13.931     126.450        760.6         50.8          0.0         1.02
  39       1     14.444      13.840     123.450        747.3         50.2          0.0         0.98
  38       1     14.186      13.931     120.450        760.6         50.8          0.0         1.02
  37       1     14.445      13.840     117.450        747.4         50.2          0.0         0.91
  36       1     14.285      14.120     114.450        827.0         50.7          0.0         1.01
  35       1     14.500      14.000     111.450        818.5         50.2          0.0         0.99
  34       1     14.285      14.120     108.450        827.0         50.7          0.0         1.01
  33       1     14.500      14.000     105.450        818.5         50.2          0.0         0.99
  32       1     14.285      14.120     102.450        827.0         50.7          0.0         1.01
  31       1     14.500      14.000      99.450        818.5         50.2          0.0         0.99
  30       1     14.285      14.120      96.450        827.0         50.7          0.0         1.01
  29       1     14.500      14.000      93.450        818.5         50.2          0.0         0.99
  28       1     14.285      14.120      90.450        827.0         50.7          0.0         1.01
  27       1     14.500      14.000      87.450        818.5         50.2          0.0         0.99
  26       1     14.285      14.120      84.450        827.0         50.7          0.0         1.01
  25       1     14.500      14.000      81.450        818.5         50.2          0.0         0.99
  24       1     14.285      14.120      78.450        827.0         50.7          0.0         1.01
  23       1     14.500      14.000      75.450        818.5         50.2          0.0         0.99
  22       1     14.285      14.120      72.450        827.0         50.7          0.0         1.01
  21       1     14.500      14.000      69.450        818.5         50.2          0.0         0.99
  20       1     14.285      14.120      66.450        827.0         50.7          0.0         1.01
  19       1     14.500      14.000      63.450        818.5         50.2          0.0         0.99
  18       1     14.285      14.120      60.450        827.0         50.7          0.0         1.01
  17       1     14.500      14.000      57.450        818.5         50.2          0.0         0.99
  16       1     14.285      14.120      54.450        827.0         50.7          0.0         1.01
  15       1     14.500      14.000      51.450        818.5         50.2          0.0         0.99
  14       1     14.285      14.120      48.450        827.0         50.7          0.0         1.01
  13       1     14.500      14.000      45.450        818.5         50.2          0.0         0.99
  12       1     14.285      14.120      42.450        827.0         50.7          0.0         1.01
  11       1     14.500      14.000      39.450        818.5         50.2          0.0         0.99
  10       1     14.285      14.120      36.450        827.0         50.7          0.0         1.01
   9       1     14.500      14.000      33.450        818.5         50.2          0.0         0.99
   8       1     14.285      14.120      30.450        827.0         50.7          0.0         1.01
   7       1     14.500      14.000      27.450        818.5         50.2          0.0         0.99
   6       1     14.285      14.120      24.450        827.0         50.7          0.0         1.01
   5       1     14.500      14.000      21.450        818.5         50.2          0.0         0.56
   4       1     16.524      14.002      18.450       1506.1         56.6          0.0         0.24
   3       1     14.819       8.187      13.050       6080.9        557.3          0.0         1.11
   2       1     14.737       8.048       7.800       5425.0        557.3          0.0         1.00
   1       1     14.737       8.048       3.900       5425.0        557.3          0.0         1.00

     活载产生的总质量 (t):                       4086.994
     恒载产生的总质量 (t):                      56453.664
     附加总质量 (t):                                0.000
     结构的总质量 (t):                          60540.656
     恒载产生的总质量包括结构自重和外加恒载
     结构的总质量包括恒载产生的质量和活载产生的质量和附加质量
     活载产生的总质量和结构的总质量是活载折减后的结果 (1t = 1000kg)


     *********************************************************
     *             各层构件数量、构件材料和层高              *
     *********************************************************

 层号(标准层号)   塔号            梁元数                柱元数                   墙元数             层高        累计高度
                            (混凝土/主筋/箍筋)    (混凝土/主筋/箍筋)  (混凝土/主筋/水平筋/竖向筋)    (m)           (m)

   1(  4)           1       187( 30/ 360/ 360)     44( 30/ 360/ 360)    170( 60/ 360/ 360/ 360)      3.900         3.900
   2(  4)           1       187( 30/ 360/ 360)     44( 30/ 360/ 360)    170( 60/ 360/ 360/ 360)      3.900         7.800
   3(  4)           1       199( 30/ 360/ 360)     44( 30/ 360/ 360)    170( 60/ 360/ 360/ 360)      5.250        13.050
   4(  1)           1       150( 30/ 360/ 360)      7( 30/ 360/ 360)    109( 60/ 360/ 360/ 360)      5.400        18.450
   5(  5)           1       117( 30/ 360/ 360)      0( 30/ 360/ 360)    111( 60/ 360/ 360/ 360)      3.000        21.450
   6(  2)           1       116( 30/ 360/ 360)      0( 30/ 360/ 360)    112( 60/ 360/ 360/ 360)      3.000        24.450
   7(  5)           1       117( 30/ 360/ 360)      0( 30/ 360/ 360)    111( 60/ 360/ 360/ 360)      3.000        27.450
   8(  2)           1       116( 30/ 360/ 360)      0( 30/ 360/ 360)    112( 60/ 360/ 360/ 360)      3.000        30.450
   9(  5)           1       117( 30/ 360/ 360)      0( 30/ 360/ 360)    111( 60/ 360/ 360/ 360)      3.000        33.450
  10(  2)           1       116( 30/ 360/ 360)      0( 30/ 360/ 360)    112( 60/ 360/ 360/ 360)      3.000        36.450
  11(  5)           1       117( 30/ 360/ 360)      0( 30/ 360/ 360)    111( 60/ 360/ 360/ 360)      3.000        39.450
  12(  2)           1       116( 30/ 360/ 360)      0( 30/ 360/ 360)    112( 60/ 360/ 360/ 360)      3.000        42.450
  13(  5)           1       117( 30/ 360/ 360)      0( 30/ 360/ 360)    111( 60/ 360/ 360/ 360)      3.000        45.450
  14(  2)           1       116( 30/ 360/ 360)      0( 30/ 360/ 360)    112( 60/ 360/ 360/ 360)      3.000        48.450
  15(  5)           1       117( 30/ 360/ 360)      0( 30/ 360/ 360)    111( 60/ 360/ 360/ 360)      3.000        51.450
  16(  2)           1       116( 30/ 360/ 360)      0( 30/ 360/ 360)    112( 50/ 360/ 360/ 360)      3.000        54.450
  17(  5)           1       117( 30/ 360/ 360)      0( 30/ 360/ 360)    111( 50/ 360/ 360/ 360)      3.000        57.450
  18(  2)           1       116( 30/ 360/ 360)      0( 30/ 360/ 360)    112( 50/ 360/ 360/ 360)      3.000        60.450
  19(  5)           1       117( 30/ 360/ 360)      0( 30/ 360/ 360)    111( 50/ 360/ 360/ 360)      3.000        63.450
  20(  2)           1       116( 30/ 360/ 360)      0( 30/ 360/ 360)    112( 50/ 360/ 360/ 360)      3.000        66.450
  21(  5)           1       117( 30/ 360/ 360)      0( 30/ 360/ 360)    111( 50/ 360/ 360/ 360)      3.000        69.450
  22(  2)           1       116( 30/ 360/ 360)      0( 30/ 360/ 360)    112( 50/ 360/ 360/ 360)      3.000        72.450
  23(  5)           1       117( 30/ 360/ 360)      0( 30/ 360/ 360)    111( 50/ 360/ 360/ 360)      3.000        75.450
  24(  2)           1       116( 30/ 360/ 360)      0( 30/ 360/ 360)    112( 50/ 360/ 360/ 360)      3.000        78.450
  25(  5)           1       117( 30/ 360/ 360)      0( 30/ 360/ 360)    111( 50/ 360/ 360/ 360)      3.000        81.450
  26(  2)           1       116( 30/ 360/ 360)      0( 30/ 360/ 360)    112( 50/ 360/ 360/ 360)      3.000        84.450
  27(  5)           1       117( 30/ 360/ 360)      0( 30/ 360/ 360)    111( 50/ 360/ 360/ 360)      3.000        87.450
  28(  2)           1       116( 30/ 360/ 360)      0( 30/ 360/ 360)    112( 40/ 360/ 360/ 360)      3.000        90.450
  29(  5)           1       117( 30/ 360/ 360)      0( 30/ 360/ 360)    111( 40/ 360/ 360/ 360)      3.000        93.450
  30(  2)           1       116( 30/ 360/ 360)      0( 30/ 360/ 360)    112( 40/ 360/ 360/ 360)      3.000        96.450
  31(  5)           1       117( 30/ 360/ 360)      0( 30/ 360/ 360)    111( 40/ 360/ 360/ 360)      3.000        99.450
  32(  2)           1       116( 30/ 360/ 360)      0( 30/ 360/ 360)    112( 40/ 360/ 360/ 360)      3.000       102.450
  33(  5)           1       117( 30/ 360/ 360)      0( 30/ 360/ 360)    111( 40/ 360/ 360/ 360)      3.000       105.450
  34(  2)           1       116( 30/ 360/ 360)      0( 30/ 360/ 360)    112( 30/ 360/ 360/ 360)      3.000       108.450
  35(  5)           1       117( 30/ 360/ 360)      0( 30/ 360/ 360)    111( 30/ 360/ 360/ 360)      3.000       111.450
  36(  2)           1       116( 30/ 360/ 360)      0( 30/ 360/ 360)    112( 30/ 360/ 360/ 360)      3.000       114.450
  37(  3)           1       130( 30/ 360/ 360)      0( 30/ 360/ 360)     99( 30/ 360/ 360/ 360)      3.000       117.450
  38(  6)           1       128( 30/ 360/ 360)      0( 30/ 360/ 360)    100( 30/ 360/ 360/ 360)      3.000       120.450
  39(  3)           1       130( 30/ 360/ 360)      0( 30/ 360/ 360)     99( 30/ 360/ 360/ 360)      3.000       123.450
  40(  6)           1       128( 30/ 360/ 360)      0( 30/ 360/ 360)    100( 30/ 360/ 360/ 360)      3.000       126.450
  41(  3)           1       130( 30/ 360/ 360)      0( 30/ 360/ 360)     99( 30/ 360/ 360/ 360)      3.000       129.450
  42(  6)           1       128( 30/ 360/ 360)      0( 30/ 360/ 360)    100( 30/ 360/ 360/ 360)      3.000       132.450
  43(  3)           1       130( 30/ 360/ 360)      0( 30/ 360/ 360)     99( 30/ 360/ 360/ 360)      3.000       135.450
  44(  6)           1       128( 30/ 360/ 360)      0( 30/ 360/ 360)    100( 30/ 360/ 360/ 360)      3.000       138.450
  45(  3)           1       130( 30/ 360/ 360)      0( 30/ 360/ 360)     99( 30/ 360/ 360/ 360)      3.000       141.450
  46(  6)           1       128( 30/ 360/ 360)      0( 30/ 360/ 360)    100( 30/ 360/ 360/ 360)      3.000       144.450
  47(  3)           1       130( 30/ 360/ 360)      0( 30/ 360/ 360)     99( 30/ 360/ 360/ 360)      3.000       147.450
  48(  6)           1       128( 30/ 360/ 360)      0( 30/ 360/ 360)    100( 30/ 360/ 360/ 360)      3.000       150.450
  49(  3)           1       130( 30/ 360/ 360)      0( 30/ 360/ 360)     99( 30/ 360/ 360/ 360)      3.000       153.450
  50( 10)           1       126( 30/ 360/ 360)      0( 30/ 360/ 360)    109( 30/ 360/ 360/ 360)      3.000       156.450
  51(  7)           1        95( 30/ 360/ 360)     17( 30/ 360/ 360)     41( 30/ 360/ 360/ 360)      3.150       159.600
  52(  8)           1        71( 30/ 360/ 360)      9( 30/ 360/ 360)     32( 30/ 360/ 360/ 360)      3.100       162.700
  53( 11)           1        34( 30/ 360/ 360)      4( 30/ 360/ 360)      8( 30/ 360/ 360/ 360)      3.100       165.800
  54( 12)           1        34( 30/ 360/ 360)      4( 30/ 360/ 360)      8( 30/ 360/ 360/ 360)      3.100       168.900


     *********************************************************
     *                    风荷载信息                         *
     *********************************************************

 层号  塔号   风荷载X      剪力X    倾覆弯矩X   风荷载Y      剪力Y    倾覆弯矩Y

  54     1     115.44      115.4       357.9      75.77       75.8       234.9
  53     1     113.79      229.2      1068.5      74.69      150.5       701.3
  52     1     307.13      536.4      2731.2     175.93      326.4      1713.1
  51     1     307.58      843.9      5389.6     295.60      622.0      3672.4
  50     1     288.60     1132.5      8787.2     277.42      899.4      6370.6
  49     1     284.50     1417.0     13038.3     273.52     1172.9      9889.4
  48     1     274.34     1691.4     18112.5     269.64     1442.6     14217.2
  47     1     276.32     1967.7     24015.5     265.76     1708.3     19342.2
  46     1     266.35     2234.0     30717.7     261.89     1970.2     25252.8
  45     1     268.17     2502.2     38224.3     258.02     2228.2     31937.6
  44     1     258.39     2760.6     46506.1     254.16     2482.4     39384.8
  43     1     260.05     3020.7     55568.1     250.30     2732.7     47582.9
  42     1     250.44     3271.1     65381.4     246.44     2979.2     56520.4
  41     1     251.93     3523.0     75950.5     242.57     3221.7     66185.6
  40     1     242.49     3765.5     87247.0     238.70     3460.4     76566.9
  39     1     243.79     4009.3     99274.9     234.83     3695.3     87652.6
  38     1     234.51     4243.8    112006.4     230.94     3926.2     99431.2
  37     1     235.61     4479.4    125444.6     227.04     4153.2    111890.9
  36     1     226.48     4705.9    139562.3     223.12     4376.4    125020.0
  35     1     227.38     4933.3    154362.2     219.19     4595.5    138806.6
  34     1     218.39     5151.7    169817.2     215.24     4810.8    153239.0
  33     1     219.07     5370.8    185929.5     211.26     5022.0    168305.1
  32     1     210.21     5581.0    202672.4     207.26     5229.3    183993.0
  31     1     210.66     5791.6    220047.2     203.23     5432.5    200290.6
  30     1     201.92     5993.5    238027.8     199.17     5631.7    217185.8
  29     1     202.12     6195.7    256614.8     195.07     5826.8    234666.0
  28     1     193.49     6389.1    275782.2     190.93     6017.7    252719.1
  27     1     193.41     6582.6    295529.9     186.74     6204.4    271332.4
  26     1     184.88     6767.4    315832.2     182.51     6386.9    290493.3
  25     1     184.51     6951.9    336688.0     178.22     6565.2    310188.8
  24     1     176.06     7128.0    358072.0     173.88     6739.1    330405.9
  23     1     175.37     7303.4    379982.1     169.47     6908.5    351131.5
  22     1     166.97     7470.3    402393.2     164.99     7073.5    372352.0
  21     1     165.94     7636.3    425302.0     160.43     7233.9    394053.8
  20     1     157.58     7793.9    448683.6     155.78     7389.7    416223.0
  19     1     156.15     7950.0    472533.6     151.04     7540.8    438845.3
  18     1     147.80     8097.8    496827.0     146.19     7686.9    461906.1
  17     1     145.92     8243.7    521558.2     141.22     7828.2    485390.6
  16     1     137.53     8381.3    546701.9     136.11     7964.3    509283.4
  15     1     135.13     8516.4    572251.1     130.85     8095.1    533568.8
  14     1     126.66     8643.0    598180.2     125.43     8220.6    558230.5
  13     1     123.64     8766.7    624480.2     119.80     8340.4    583251.6
  12     1     114.99     8881.7    651125.2     113.95     8454.3    608614.5
  11     1     111.20     8992.9    678103.9     107.83     8562.1    634300.9
  10     1     102.24     9095.1    705389.2     101.40     8663.5    660291.4
   9     1      97.46     9192.6    732966.9      94.58     8758.1    686565.8
   8     1      87.93     9280.5    760808.3      87.29     8845.4    713101.9
   7     1      82.83     9363.3    788898.2      80.49     8925.9    739879.6
   6     1      78.18     9441.5    817222.8      77.81     9003.7    766890.8
   5     1      76.82     9518.3    845777.7      74.93     9078.6    794126.6
   4     1     129.13     9647.4    897873.9     129.12     9207.8    843848.5
   3     1       0.00     9647.4    948522.9       0.00     9207.8    892189.2
   2     1       0.00     9647.4    986148.0       0.00     9207.8    928099.4
   1     1       0.00     9647.4   1023773.1       0.00     9207.8    964009.7


===========================================================================
             各楼层偶然偏心信息
===========================================================================

 层号   塔号    X向偏心    Y向偏心
   1      1       0.051       0.049
   2      1       0.051       0.049
   3      1       0.051       0.049
   4      1       0.047       0.047
   5      1       0.043       0.043
   6      1       0.044       0.043
   7      1       0.043       0.043
   8      1       0.044       0.043
   9      1       0.043       0.043
  10      1       0.044       0.043
  11      1       0.043       0.043
  12      1       0.044       0.043
  13      1       0.043       0.043
  14      1       0.044       0.043
  15      1       0.043       0.043
  16      1       0.044       0.043
  17      1       0.043       0.043
  18      1       0.044       0.043
  19      1       0.043       0.043
  20      1       0.044       0.043
  21      1       0.043       0.043
  22      1       0.044       0.043
  23      1       0.043       0.043
  24      1       0.044       0.043
  25      1       0.043       0.043
  26      1       0.044       0.043
  27      1       0.043       0.043
  28      1       0.044       0.043
  29      1       0.043       0.043
  30      1       0.044       0.043
  31      1       0.043       0.043
  32      1       0.044       0.043
  33      1       0.043       0.043
  34      1       0.044       0.043
  35      1       0.043       0.043
  36      1       0.044       0.043
  37      1       0.044       0.043
  38      1       0.044       0.043
  39      1       0.044       0.043
  40      1       0.044       0.043
  41      1       0.044       0.043
  42      1       0.044       0.043
  43      1       0.044       0.043
  44      1       0.044       0.043
  45      1       0.044       0.043
  46      1       0.044       0.043
  47      1       0.044       0.043
  48      1       0.044       0.043
  49      1       0.044       0.043
  50      1       0.043       0.043
  51      1       0.036       0.042
  52      1       0.044       0.040
  53      1       0.051       0.060
  54      1       0.052       0.060

===========================================================================
             各楼层等效尺寸(单位:m,m**2)
===========================================================================

 层号   塔号    面积      形心X      形心Y   等效宽B   等效高H   最大宽BMAX   最小宽BMIN
   1      1   2783.47     15.42      8.14     56.89     49.71       56.93       49.65
   2      1   2783.47     15.42      8.14     56.89     49.71       56.93       49.65
   3      1   2783.47     15.42      8.14     56.89     49.71       56.93       49.65
   4      1    668.42     17.97     14.04     27.53     28.74       30.14       25.99
   5      1    450.06     14.56     14.22     25.54     26.32       28.24       23.39
   6      1    453.68     14.39     14.16     25.03     26.40       27.84       23.42
   7      1    450.06     14.56     14.22     25.54     26.32       28.24       23.39
   8      1    453.68     14.39     14.16     25.03     26.40       27.84       23.42
   9      1    450.06     14.56     14.22     25.54     26.32       28.24       23.39
  10      1    453.68     14.39     14.16     25.03     26.40       27.84       23.42
  11      1    450.06     14.56     14.22     25.54     26.32       28.24       23.39
  12      1    453.68     14.39     14.16     25.03     26.40       27.84       23.42
  13      1    450.06     14.56     14.22     25.54     26.32       28.24       23.39
  14      1    453.68     14.39     14.16     25.03     26.40       27.84       23.42
  15      1    450.06     14.56     14.22     25.54     26.32       28.24       23.39
  16      1    453.68     14.39     14.16     25.03     26.40       27.84       23.42
  17      1    450.06     14.56     14.22     25.54     26.32       28.24       23.39
  18      1    453.68     14.39     14.16     25.03     26.40       27.84       23.42
  19      1    450.06     14.56     14.22     25.54     26.32       28.24       23.39
  20      1    453.68     14.39     14.16     25.03     26.40       27.84       23.42
  21      1    450.06     14.56     14.22     25.54     26.32       28.24       23.39
  22      1    453.68     14.39     14.16     25.03     26.40       27.84       23.42
  23      1    450.06     14.56     14.22     25.54     26.32       28.24       23.39
  24      1    453.68     14.39     14.16     25.03     26.40       27.84       23.42
  25      1    450.06     14.56     14.22     25.54     26.32       28.24       23.39
  26      1    453.68     14.39     14.16     25.03     26.40       27.84       23.42
  27      1    450.06     14.56     14.22     25.54     26.32       28.24       23.39
  28      1    453.68     14.39     14.16     25.03     26.40       27.84       23.42
  29      1    450.06     14.56     14.22     25.54     26.32       28.24       23.39
  30      1    453.68     14.39     14.16     25.03     26.40       27.84       23.42
  31      1    450.06     14.56     14.22     25.54     26.32       28.24       23.39
  32      1    453.68     14.39     14.16     25.03     26.40       27.84       23.42
  33      1    450.06     14.56     14.22     25.54     26.32       28.24       23.39
  34      1    453.68     14.39     14.16     25.03     26.40       27.84       23.42
  35      1    450.06     14.56     14.22     25.54     26.32       28.24       23.39
  36      1    453.68     14.39     14.16     25.03     26.40       27.84       23.42
  37      1    450.06     14.56     14.22     25.54     26.32       28.24       23.39
  38      1    453.68     14.39     14.16     25.03     26.40       27.84       23.42
  39      1    450.06     14.56     14.22     25.54     26.32       28.24       23.39
  40      1    453.68     14.39     14.16     25.03     26.40       27.84       23.42
  41      1    450.06     14.56     14.22     25.54     26.32       28.24       23.39
  42      1    453.68     14.39     14.16     25.03     26.40       27.84       23.42
  43      1    450.06     14.56     14.22     25.54     26.32       28.24       23.39
  44      1    453.68     14.39     14.16     25.03     26.40       27.84       23.42
  45      1    450.06     14.56     14.22     25.54     26.32       28.24       23.39
  46      1    453.68     14.39     14.16     25.03     26.40       27.84       23.42
  47      1    450.06     14.56     14.22     25.54     26.32       28.24       23.39
  48      1    453.68     14.39     14.16     25.03     26.40       27.84       23.42
  49      1    450.06     14.56     14.22     25.54     26.32       28.24       23.39
  50      1    437.56     14.45     14.13     24.78     26.28       27.67       23.22
  51      1    281.47     17.02     12.18     22.61     21.84       22.83       21.60
  52      1    175.82     15.61     11.45     13.14     26.24       26.25       13.12
  53      1     68.79     14.78     14.05      7.48      9.41        9.52        7.34
  54      1     69.99     14.75     13.95      7.45      9.71        9.84        7.28

     *********************************************************
     *                  各层的柱、墙面积信息                 *
     *********************************************************

 层号    塔号   楼层面积        柱面积(比例)        墙面积(比例)        X向墙面积(比例)      Y向墙面积(比例)
   1       1    2783.47       15.84(  0.57%)      155.43(  5.58%)       85.04(  3.06%)       70.39(  2.53%)
   2       1    2783.47       15.84(  0.57%)      155.43(  5.58%)       85.04(  3.06%)       70.39(  2.53%)
   3       1    2783.47       15.84(  0.57%)      155.43(  5.58%)       85.04(  3.06%)       70.39(  2.53%)
   4       1     668.42        2.30(  0.34%)       51.48(  7.70%)       20.79(  3.11%)       30.69(  4.59%)
   5       1     450.06        0.00(  0.00%)       48.31( 10.74%)       20.25(  4.50%)       28.06(  6.24%)
   6       1     453.68        0.00(  0.00%)       48.23( 10.63%)       20.17(  4.45%)       28.06(  6.19%)
   7       1     450.06        0.00(  0.00%)       48.31( 10.74%)       20.25(  4.50%)       28.06(  6.24%)
   8       1     453.68        0.00(  0.00%)       48.23( 10.63%)       20.17(  4.45%)       28.06(  6.19%)
   9       1     450.06        0.00(  0.00%)       48.31( 10.74%)       20.25(  4.50%)       28.06(  6.24%)
  10       1     453.68        0.00(  0.00%)       48.23( 10.63%)       20.17(  4.45%)       28.06(  6.19%)
  11       1     450.06        0.00(  0.00%)       48.31( 10.74%)       20.25(  4.50%)       28.06(  6.24%)
  12       1     453.68        0.00(  0.00%)       48.23( 10.63%)       20.17(  4.45%)       28.06(  6.19%)
  13       1     450.06        0.00(  0.00%)       48.31( 10.74%)       20.25(  4.50%)       28.06(  6.24%)
  14       1     453.68        0.00(  0.00%)       48.23( 10.63%)       20.17(  4.45%)       28.06(  6.19%)
  15       1     450.06        0.00(  0.00%)       48.31( 10.74%)       20.25(  4.50%)       28.06(  6.24%)
  16       1     453.68        0.00(  0.00%)       48.23( 10.63%)       20.17(  4.45%)       28.06(  6.19%)
  17       1     450.06        0.00(  0.00%)       48.31( 10.74%)       20.25(  4.50%)       28.06(  6.24%)
  18       1     453.68        0.00(  0.00%)       48.23( 10.63%)       20.17(  4.45%)       28.06(  6.19%)
  19       1     450.06        0.00(  0.00%)       48.31( 10.74%)       20.25(  4.50%)       28.06(  6.24%)
  20       1     453.68        0.00(  0.00%)       48.23( 10.63%)       20.17(  4.45%)       28.06(  6.19%)
  21       1     450.06        0.00(  0.00%)       48.31( 10.74%)       20.25(  4.50%)       28.06(  6.24%)
  22       1     453.68        0.00(  0.00%)       48.23( 10.63%)       20.17(  4.45%)       28.06(  6.19%)
  23       1     450.06        0.00(  0.00%)       48.31( 10.74%)       20.25(  4.50%)       28.06(  6.24%)
  24       1     453.68        0.00(  0.00%)       48.23( 10.63%)       20.17(  4.45%)       28.06(  6.19%)
  25       1     450.06        0.00(  0.00%)       48.31( 10.74%)       20.25(  4.50%)       28.06(  6.24%)
  26       1     453.68        0.00(  0.00%)       48.23( 10.63%)       20.17(  4.45%)       28.06(  6.19%)
  27       1     450.06        0.00(  0.00%)       48.31( 10.74%)       20.25(  4.50%)       28.06(  6.24%)
  28       1     453.68        0.00(  0.00%)       48.23( 10.63%)       20.17(  4.45%)       28.06(  6.19%)
  29       1     450.06        0.00(  0.00%)       48.31( 10.74%)       20.25(  4.50%)       28.06(  6.24%)
  30       1     453.68        0.00(  0.00%)       48.23( 10.63%)       20.17(  4.45%)       28.06(  6.19%)
  31       1     450.06        0.00(  0.00%)       48.31( 10.74%)       20.25(  4.50%)       28.06(  6.24%)
  32       1     453.68        0.00(  0.00%)       48.23( 10.63%)       20.17(  4.45%)       28.06(  6.19%)
  33       1     450.06        0.00(  0.00%)       48.31( 10.74%)       20.25(  4.50%)       28.06(  6.24%)
  34       1     453.68        0.00(  0.00%)       48.23( 10.63%)       20.17(  4.45%)       28.06(  6.19%)
  35       1     450.06        0.00(  0.00%)       48.31( 10.74%)       20.25(  4.50%)       28.06(  6.24%)
  36       1     453.68        0.00(  0.00%)       48.23( 10.63%)       20.17(  4.45%)       28.06(  6.19%)
  37       1     450.06        0.00(  0.00%)       40.41(  8.98%)       17.16(  3.81%)       23.25(  5.17%)
  38       1     453.68        0.00(  0.00%)       40.33(  8.89%)       17.10(  3.77%)       23.23(  5.12%)
  39       1     450.06        0.00(  0.00%)       40.39(  8.97%)       17.16(  3.81%)       23.23(  5.16%)
  40       1     453.68        0.00(  0.00%)       40.33(  8.89%)       17.10(  3.77%)       23.23(  5.12%)
  41       1     450.06        0.00(  0.00%)       40.39(  8.97%)       17.16(  3.81%)       23.23(  5.16%)
  42       1     453.68        0.00(  0.00%)       40.33(  8.89%)       17.10(  3.77%)       23.23(  5.12%)
  43       1     450.06        0.00(  0.00%)       40.39(  8.97%)       17.16(  3.81%)       23.23(  5.16%)
  44       1     453.68        0.00(  0.00%)       40.33(  8.89%)       17.10(  3.77%)       23.23(  5.12%)
  45       1     450.06        0.00(  0.00%)       40.39(  8.97%)       17.16(  3.81%)       23.23(  5.16%)
  46       1     453.68        0.00(  0.00%)       40.33(  8.89%)       17.10(  3.77%)       23.23(  5.12%)
  47       1     450.06        0.00(  0.00%)       40.39(  8.97%)       17.16(  3.81%)       23.23(  5.16%)
  48       1     453.68        0.00(  0.00%)       40.33(  8.89%)       17.10(  3.77%)       23.23(  5.12%)
  49       1     450.06        0.00(  0.00%)       40.39(  8.97%)       17.16(  3.81%)       23.23(  5.16%)
  50       1     437.56        0.00(  0.00%)       40.18(  9.18%)       16.95(  3.87%)       23.23(  5.31%)
  51       1     281.47        2.62(  0.93%)       12.16(  4.32%)        3.52(  1.25%)        8.64(  3.07%)
  52       1     175.82        1.08(  0.61%)        9.29(  5.28%)        3.03(  1.72%)        6.26(  3.56%)
  53       1      68.79        0.48(  0.70%)        1.85(  2.69%)        1.23(  1.79%)        0.62(  0.90%)
  54       1      69.99        0.48(  0.69%)        1.85(  2.64%)        1.23(  1.76%)        0.62(  0.89%)

===========================================================================
             各楼层的单位面积质量分布(单位:kg/m**2)
===========================================================================

 层号   塔号    单位面积质量 g[i]      质量比 max(g[i]/g[i-1],g[i]/g[i+1])
   1      1         2149.24                        1.00
   2      1         2149.24                        1.00
   3      1         2384.89                        1.11
   4      1         2337.86                        1.21
   5      1         1930.08                        1.00
   6      1         1934.70                        1.00
   7      1         1930.08                        1.00
   8      1         1934.70                        1.00
   9      1         1930.08                        1.00
  10      1         1934.70                        1.00
  11      1         1930.08                        1.00
  12      1         1934.70                        1.00
  13      1         1930.08                        1.00
  14      1         1934.70                        1.00
  15      1         1930.08                        1.00
  16      1         1934.70                        1.00
  17      1         1930.08                        1.00
  18      1         1934.70                        1.00
  19      1         1930.08                        1.00
  20      1         1934.70                        1.00
  21      1         1930.08                        1.00
  22      1         1934.70                        1.00
  23      1         1930.08                        1.00
  24      1         1934.70                        1.00
  25      1         1930.08                        1.00
  26      1         1934.70                        1.00
  27      1         1930.08                        1.00
  28      1         1934.70                        1.00
  29      1         1930.08                        1.00
  30      1         1934.70                        1.00
  31      1         1930.08                        1.00
  32      1         1934.70                        1.00
  33      1         1930.08                        1.00
  34      1         1934.70                        1.00
  35      1         1930.08                        1.00
  36      1         1934.70                        1.09
  37      1         1772.17                        0.99
  38      1         1788.62                        1.01
  39      1         1771.99                        0.99
  40      1         1788.62                        1.01
  41      1         1771.99                        0.99
  42      1         1788.62                        1.01
  43      1         1771.99                        0.99
  44      1         1788.62                        1.01
  45      1         1771.99                        0.99
  46      1         1788.62                        1.01
  47      1         1771.99                        0.99
  48      1         1788.62                        1.01
  49      1         1771.99                        0.99
  50      1         1929.60                        1.09
  51      1         1875.62                        0.97
  52      1         1960.23                        1.05
  53      1         2299.38                        1.51
  54      1         1524.29                        1.00

===========================================================================
                 计算信息
===========================================================================
      工程文件名 :        1 

      计算日期          : 2020.10.19
      开始时间          :   10:52:17

      机器内存          :  24465.0MB
      可用内存          :   9965.0MB

      结构总出口自由度为:     152718
      结构总自由度为　　:     259980

 第一步: 数据预处理

 第二步: 计算结构质量、刚度、刚心等信息

 第三步: 结构整体有限元分析

  *结构有限元分析: 地震工况

  *结构有限元分析: 一般工况

 第四步: 计算构件内力

      结束日期          : 2020.10.19
      结束时间          :   10:53:52

      总用时            :    0: 1:35

 ===========================================================================
           各层刚心、偏心率、相邻层侧移刚度比等计算信息
  Floor No     : 层号
  Tower No     : 塔号
  Xstif，Ystif : 刚心的 X，Y 坐标值
  Alf          : 层刚性主轴的方向
  Xmass，Ymass : 质心的 X，Y 坐标值
  Gmass        : 总质量
  Eex，Eey     : X，Y 方向的偏心率
  Ratx，Raty   : X，Y 方向本层塔侧移刚度与下一层相应塔侧移刚度的比值(剪切刚度)
  Ratx1，Raty1 : X，Y 方向本层塔侧移刚度与上一层相应塔侧移刚度70%的比值
                 或上三层平均侧移刚度80%的比值中之较小者(《抗规》刚度比)
  Ratx2，Raty2 : X，Y 方向的刚度比,对于非广东地区分框架结构和非框架结构,
                 框架结构刚度比与《抗规》类似,非框架结构为考虑层高修正的刚度比;
                 对于广东地区为考虑层高修正的刚度比(《高规》刚度比)
  RJX1，RJY1，RJZ1: 结构总体坐标系中塔的侧移刚度和扭转刚度(剪切刚度)
  RJX3，RJY3，RJZ3: 结构总体坐标系中塔的侧移刚度和扭转刚度(地震剪力与地震层间位移的比)
 ===========================================================================
  Floor No.   1     Tower No.   1
  Xstif=    14.8906(m)     Ystif=     9.6017(m)     Alf  =    -5.2527(Degree)
  Xmass=    14.7371(m)     Ymass=     8.0480(m)     Gmass(活荷折减)=  6539.6777(  5982.3330)(t)
  Eex  =     0.0060        Eey  =     0.0566
  Ratx =     1.0000        Raty =     1.0000
  Ratx1=     2.2870        Raty1=     2.4844
  Ratx2=     1.7788        Raty2=     1.9323  薄弱层地震剪力放大系数= 1.00
  RJX1 = 3.1995E+08(kN/m)  RJY1 = 2.5969E+08(kN/m)  RJZ1 = 0.0000E+00(kN/m)
  RJX3 = 2.5447E+08(kN/m)  RJY3 = 2.0455E+08(kN/m)  RJZ3 = 0.0000E+00(kN/m)
  RJX3*H = 9.9243E+08(kN)  RJY3*H = 7.9775E+08(kN)  RJZ3*H = 0.0000E+00(kN)
 ---------------------------------------------------------------------------
  Floor No.   2     Tower No.   1
  Xstif=    14.9350(m)     Ystif=     9.6013(m)     Alf  =    -5.2950(Degree)
  Xmass=    14.7371(m)     Ymass=     8.0480(m)     Gmass(活荷折减)=  6539.6772(  5982.3325)(t)
  Eex  =     0.0078        Eey  =     0.0567
  Ratx =     1.0000        Raty =     1.0000
  Ratx1=     3.9560        Raty1=     3.7291
  Ratx2=     2.2857        Raty2=     2.1546  薄弱层地震剪力放大系数= 1.00
  RJX1 = 3.1995E+08(kN/m)  RJY1 = 2.5969E+08(kN/m)  RJZ1 = 0.0000E+00(kN/m)
  RJX3 = 1.5895E+08(kN/m)  RJY3 = 1.1762E+08(kN/m)  RJZ3 = 0.0000E+00(kN/m)
  RJX3*H = 6.1992E+08(kN)  RJY3*H = 4.5872E+08(kN)  RJZ3*H = 0.0000E+00(kN)
 ---------------------------------------------------------------------------
  Floor No.   3     Tower No.   1
  Xstif=    14.8944(m)     Ystif=     9.5425(m)     Alf  =    -5.0338(Degree)
  Xmass=    14.8190(m)     Ymass=     8.1865(m)     Gmass(活荷折减)=  7195.6123(  6638.2681)(t)
  Eex  =     0.0030        Eey  =     0.0493
  Ratx =     0.7399        Raty =     0.7392
  Ratx1=    17.4422        Raty1=     7.9531
  Ratx2=    16.3275        Raty2=     7.5390  薄弱层地震剪力放大系数= 1.00
  RJX1 = 2.3672E+08(kN/m)  RJY1 = 1.9196E+08(kN/m)  RJZ1 = 0.0000E+00(kN/m)
  RJX3 = 5.7401E+07(kN/m)  RJY3 = 4.5058E+07(kN/m)  RJZ3 = 0.0000E+00(kN/m)
  RJX3*H = 3.0136E+08(kN)  RJY3*H = 2.3656E+08(kN)  RJZ3*H = 0.0000E+00(kN)
 ---------------------------------------------------------------------------
  Floor No.   4     Tower No.   1
  Xstif=    15.7401(m)     Ystif=    16.5494(m)     Alf  =     0.0000(Degree)
  Xmass=    16.5236(m)     Ymass=    14.0020(m)     Gmass(活荷折减)=  1619.2544(  1562.6650)(t)
  Eex  =     0.0627        Eey  =     0.2417
  Ratx =     0.2348        Raty =     0.4271
  Ratx1=     1.1692        Raty1=     1.1515
  Ratx2=     1.6369        Raty2=     1.6122  薄弱层地震剪力放大系数= 1.00
  RJX1 = 5.5589E+07(kN/m)  RJY1 = 8.1992E+07(kN/m)  RJZ1 = 0.0000E+00(kN/m)
  RJX3 = 3.7977E+06(kN/m)  RJY3 = 6.4563E+06(kN/m)  RJZ3 = 0.0000E+00(kN/m)
  RJX3*H = 2.0508E+07(kN)  RJY3*H = 3.4864E+07(kN)  RJZ3*H = 0.0000E+00(kN)
 ---------------------------------------------------------------------------
  Floor No.   5     Tower No.   1
  Xstif=    15.5014(m)     Ystif=    16.5693(m)     Alf  =     0.0000(Degree)
  Xmass=    14.5004(m)     Ymass=    13.9997(m)     Gmass(活荷折减)=   918.7968(   868.6426)(t)
  Eex  =     0.0788        Eey  =     0.2316
  Ratx =     1.7488        Raty =     1.6428
  Ratx1=     1.6556        Raty1=     1.6551
  Ratx2=     1.3210        Raty2=     1.3126  薄弱层地震剪力放大系数= 1.00
  RJX1 = 9.7214E+07(kN/m)  RJY1 = 1.3469E+08(kN/m)  RJZ1 = 0.0000E+00(kN/m)
  RJX3 = 4.6402E+06(kN/m)  RJY3 = 8.0095E+06(kN/m)  RJZ3 = 0.0000E+00(kN/m)
  RJX3*H = 1.3921E+07(kN)  RJY3*H = 2.4029E+07(kN)  RJZ3*H = 0.0000E+00(kN)
 ---------------------------------------------------------------------------
  Floor No.   6     Tower No.   1
  Xstif=    15.4509(m)     Ystif=    16.4944(m)     Alf  =     0.0000(Degree)
  Xmass=    14.2848(m)     Ymass=    14.1198(m)     Gmass(活荷折减)=   928.4409(   877.7331)(t)
  Eex  =     0.0924        Eey  =     0.2150
  Ratx =     0.9960        Raty =     1.0000
  Ratx1=     1.5363        Raty1=     1.5599
  Ratx2=     1.2520        Raty2=     1.2617  薄弱层地震剪力放大系数= 1.00
  RJX1 = 9.6830E+07(kN/m)  RJY1 = 1.3469E+08(kN/m)  RJZ1 = 0.0000E+00(kN/m)
  RJX3 = 3.9030E+06(kN/m)  RJY3 = 6.7800E+06(kN/m)  RJZ3 = 0.0000E+00(kN/m)
  RJX3*H = 1.1709E+07(kN)  RJY3*H = 2.0340E+07(kN)  RJZ3*H = 0.0000E+00(kN)
 ---------------------------------------------------------------------------
  Floor No.   7     Tower No.   1
  Xstif=    15.6093(m)     Ystif=    16.5304(m)     Alf  =     0.0000(Degree)
  Xmass=    14.5004(m)     Ymass=    13.9997(m)     Gmass(活荷折减)=   918.7969(   868.6427)(t)
  Eex  =     0.0873        Eey  =     0.2280
  Ratx =     1.0040        Raty =     1.0000
  Ratx1=     1.4761        Raty1=     1.5022
  Ratx2=     1.2243        Raty2=     1.2293  薄弱层地震剪力放大系数= 1.00
  RJX1 = 9.7214E+07(kN/m)  RJY1 = 1.3469E+08(kN/m)  RJZ1 = 0.0000E+00(kN/m)
  RJX3 = 3.4637E+06(kN/m)  RJY3 = 5.9710E+06(kN/m)  RJZ3 = 0.0000E+00(kN/m)
  RJX3*H = 1.0391E+07(kN)  RJY3*H = 1.7913E+07(kN)  RJZ3*H = 0.0000E+00(kN)
 ---------------------------------------------------------------------------
  Floor No.   8     Tower No.   1
  Xstif=    15.4949(m)     Ystif=    16.3710(m)     Alf  =     0.0000(Degree)
  Xmass=    14.2848(m)     Ymass=    14.1198(m)     Gmass(活荷折减)=   928.4409(   877.7331)(t)
  Eex  =     0.0956        Eey  =     0.2036
  Ratx =     0.9960        Raty =     1.0000
  Ratx1=     1.4278        Raty1=     1.4691
  Ratx2=     1.1962        Raty2=     1.2159  薄弱层地震剪力放大系数= 1.00
  RJX1 = 9.6830E+07(kN/m)  RJY1 = 1.3469E+08(kN/m)  RJZ1 = 0.0000E+00(kN/m)
  RJX3 = 3.1435E+06(kN/m)  RJY3 = 5.3967E+06(kN/m)  RJZ3 = 0.0000E+00(kN/m)
  RJX3*H = 9.4304E+06(kN)  RJY3*H = 1.6190E+07(kN)  RJZ3*H = 0.0000E+00(kN)
 ---------------------------------------------------------------------------
  Floor No.   9     Tower No.   1
  Xstif=    15.5375(m)     Ystif=    16.5727(m)     Alf  =     0.0000(Degree)
  Xmass=    14.5004(m)     Ymass=    13.9997(m)     Gmass(活荷折减)=   918.7969(   868.6427)(t)
  Eex  =     0.0817        Eey  =     0.2324
  Ratx =     1.0040        Raty =     1.0000
  Ratx1=     1.4013        Raty1=     1.4367
  Ratx2=     1.1857        Raty2=     1.1972  薄弱层地震剪力放大系数= 1.00
  RJX1 = 9.7214E+07(kN/m)  RJY1 = 1.3469E+08(kN/m)  RJZ1 = 0.0000E+00(kN/m)
  RJX3 = 2.9198E+06(kN/m)  RJY3 = 4.9316E+06(kN/m)  RJZ3 = 0.0000E+00(kN/m)
  RJX3*H = 8.7594E+06(kN)  RJY3*H = 1.4795E+07(kN)  RJZ3*H = 0.0000E+00(kN)
 ---------------------------------------------------------------------------
  Floor No.  10     Tower No.   1
  Xstif=    15.5157(m)     Ystif=    16.3988(m)     Alf  =     0.0000(Degree)
  Xmass=    14.2848(m)     Ymass=    14.1198(m)     Gmass(活荷折减)=   928.4409(   877.7331)(t)
  Eex  =     0.0974        Eey  =     0.2060
  Ratx =     0.9960        Raty =     1.0000
  Ratx1=     1.3756        Raty1=     1.4179
  Ratx2=     1.1691        Raty2=     1.1918  薄弱层地震剪力放大系数= 1.00
  RJX1 = 9.6830E+07(kN/m)  RJY1 = 1.3469E+08(kN/m)  RJZ1 = 0.0000E+00(kN/m)
  RJX3 = 2.7361E+06(kN/m)  RJY3 = 4.5770E+06(kN/m)  RJZ3 = 0.0000E+00(kN/m)
  RJX3*H = 8.2082E+06(kN)  RJY3*H = 1.3731E+07(kN)  RJZ3*H = 0.0000E+00(kN)
 ---------------------------------------------------------------------------
  Floor No.  11     Tower No.   1
  Xstif=    15.6090(m)     Ystif=    16.5307(m)     Alf  =     0.0000(Degree)
  Xmass=    14.5004(m)     Ymass=    13.9997(m)     Gmass(活荷折减)=   918.7969(   868.6427)(t)
  Eex  =     0.0873        Eey  =     0.2280
  Ratx =     1.0040        Raty =     1.0000
  Ratx1=     1.3644        Raty1=     1.3939
  Ratx2=     1.1664        Raty2=     1.1769  薄弱层地震剪力放大系数= 1.00
  RJX1 = 9.7214E+07(kN/m)  RJY1 = 1.3469E+08(kN/m)  RJZ1 = 0.0000E+00(kN/m)
  RJX3 = 2.6003E+06(kN/m)  RJY3 = 4.2670E+06(kN/m)  RJZ3 = 0.0000E+00(kN/m)
  RJX3*H = 7.8009E+06(kN)  RJY3*H = 1.2801E+07(kN)  RJZ3*H = 0.0000E+00(kN)
 ---------------------------------------------------------------------------
  Floor No.  12     Tower No.   1
  Xstif=    15.4745(m)     Ystif=    16.3662(m)     Alf  =     0.0000(Degree)
  Xmass=    14.2848(m)     Ymass=    14.1198(m)     Gmass(活荷折减)=   928.4409(   877.7331)(t)
  Eex  =     0.0943        Eey  =     0.2034
  Ratx =     0.9960        Raty =     1.0000
  Ratx1=     1.3495        Raty1=     1.3825
  Ratx2=     1.1557        Raty2=     1.1748  薄弱层地震剪力放大系数= 1.00
  RJX1 = 9.6830E+07(kN/m)  RJY1 = 1.3469E+08(kN/m)  RJZ1 = 0.0000E+00(kN/m)
  RJX3 = 2.4771E+06(kN/m)  RJY3 = 4.0285E+06(kN/m)  RJZ3 = 0.0000E+00(kN/m)
  RJX3*H = 7.4313E+06(kN)  RJY3*H = 1.2085E+07(kN)  RJZ3*H = 0.0000E+00(kN)
 ---------------------------------------------------------------------------
  Floor No.  13     Tower No.   1
  Xstif=    15.5501(m)     Ystif=    16.6158(m)     Alf  =     0.0000(Degree)
  Xmass=    14.5004(m)     Ymass=    13.9997(m)     Gmass(活荷折减)=   918.7972(   868.6429)(t)
  Eex  =     0.0825        Eey  =     0.2361
  Ratx =     1.0040        Raty =     1.0000
  Ratx1=     1.3458        Raty1=     1.3662
  Ratx2=     1.1566        Raty2=     1.1626  薄弱层地震剪力放大系数= 1.00
  RJX1 = 9.7214E+07(kN/m)  RJY1 = 1.3469E+08(kN/m)  RJZ1 = 0.0000E+00(kN/m)
  RJX3 = 2.3816E+06(kN/m)  RJY3 = 3.8100E+06(kN/m)  RJZ3 = 0.0000E+00(kN/m)
  RJX3*H = 7.1447E+06(kN)  RJY3*H = 1.1430E+07(kN)  RJZ3*H = 0.0000E+00(kN)
 ---------------------------------------------------------------------------
  Floor No.  14     Tower No.   1
  Xstif=    15.4806(m)     Ystif=    16.3643(m)     Alf  =     0.0000(Degree)
  Xmass=    14.2848(m)     Ymass=    14.1198(m)     Gmass(活荷折减)=   928.4409(   877.7331)(t)
  Eex  =     0.0950        Eey  =     0.2033
  Ratx =     0.9961        Raty =     1.0000
  Ratx1=     1.3355        Raty1=     1.3625
  Ratx2=     1.1484        Raty2=     1.1640  薄弱层地震剪力放大系数= 1.00
  RJX1 = 9.6830E+07(kN/m)  RJY1 = 1.3469E+08(kN/m)  RJZ1 = 0.0000E+00(kN/m)
  RJX3 = 2.2879E+06(kN/m)  RJY3 = 3.6413E+06(kN/m)  RJZ3 = 0.0000E+00(kN/m)
  RJX3*H = 6.8637E+06(kN)  RJY3*H = 1.0924E+07(kN)  RJZ3*H = 0.0000E+00(kN)
 ---------------------------------------------------------------------------
  Floor No.  15     Tower No.   1
  Xstif=    15.6090(m)     Ystif=    16.5788(m)     Alf  =     0.0000(Degree)
  Xmass=    14.5004(m)     Ymass=    13.9997(m)     Gmass(活荷折减)=   918.7969(   868.6427)(t)
  Eex  =     0.0871        Eey  =     0.2323
  Ratx =     1.0040        Raty =     1.0000
  Ratx1=     1.3333        Raty1=     1.3512
  Ratx2=     1.1522        Raty2=     1.1563  薄弱层地震剪力放大系数= 1.00
  RJX1 = 9.7214E+07(kN/m)  RJY1 = 1.3469E+08(kN/m)  RJZ1 = 0.0000E+00(kN/m)
  RJX3 = 2.2137E+06(kN/m)  RJY3 = 3.4760E+06(kN/m)  RJZ3 = 0.0000E+00(kN/m)
  RJX3*H = 6.6410E+06(kN)  RJY3*H = 1.0428E+07(kN)  RJZ3*H = 0.0000E+00(kN)
 ---------------------------------------------------------------------------
  Floor No.  16     Tower No.   1
  Xstif=    15.4952(m)     Ystif=    16.3243(m)     Alf  =     0.0000(Degree)
  Xmass=    14.2848(m)     Ymass=    14.1198(m)     Gmass(活荷折减)=   928.4409(   877.7331)(t)
  Eex  =     0.0958        Eey  =     0.1994
  Ratx =     0.9545        Raty =     0.9583
  Ratx1=     1.3210        Raty1=     1.3470
  Ratx2=     1.1426        Raty2=     1.1579  薄弱层地震剪力放大系数= 1.00
  RJX1 = 9.2795E+07(kN/m)  RJY1 = 1.2908E+08(kN/m)  RJZ1 = 0.0000E+00(kN/m)
  RJX3 = 2.1348E+06(kN/m)  RJY3 = 3.3403E+06(kN/m)  RJZ3 = 0.0000E+00(kN/m)
  RJX3*H = 6.4044E+06(kN)  RJY3*H = 1.0021E+07(kN)  RJZ3*H = 0.0000E+00(kN)
 ---------------------------------------------------------------------------
  Floor No.  17     Tower No.   1
  Xstif=    15.5373(m)     Ystif=    16.6206(m)     Alf  =     0.0000(Degree)
  Xmass=    14.5004(m)     Ymass=    13.9997(m)     Gmass(活荷折减)=   918.7969(   868.6427)(t)
  Eex  =     0.0816        Eey  =     0.2368
  Ratx =     1.0040        Raty =     1.0000
  Ratx1=     1.3194        Raty1=     1.3351
  Ratx2=     1.1445        Raty2=     1.1483  薄弱层地震剪力放大系数= 1.00
  RJX1 = 9.3163E+07(kN/m)  RJY1 = 1.2908E+08(kN/m)  RJZ1 = 0.0000E+00(kN/m)
  RJX3 = 2.0759E+06(kN/m)  RJY3 = 3.2053E+06(kN/m)  RJZ3 = 0.0000E+00(kN/m)
  RJX3*H = 6.2278E+06(kN)  RJY3*H = 9.6159E+06(kN)  RJZ3*H = 0.0000E+00(kN)
 ---------------------------------------------------------------------------
  Floor No.  18     Tower No.   1
  Xstif=    15.5167(m)     Ystif=    16.3396(m)     Alf  =     0.0000(Degree)
  Xmass=    14.2848(m)     Ymass=    14.1198(m)     Gmass(活荷折减)=   928.4409(   877.7331)(t)
  Eex  =     0.0977        Eey  =     0.2006
  Ratx =     0.9961        Raty =     1.0000
  Ratx1=     1.3125        Raty1=     1.3339
  Ratx2=     1.1375        Raty2=     1.1518  薄弱层地震剪力放大系数= 1.00
  RJX1 = 9.2795E+07(kN/m)  RJY1 = 1.2908E+08(kN/m)  RJZ1 = 0.0000E+00(kN/m)
  RJX3 = 2.0154E+06(kN/m)  RJY3 = 3.1016E+06(kN/m)  RJZ3 = 0.0000E+00(kN/m)
  RJX3*H = 6.0462E+06(kN)  RJY3*H = 9.3048E+06(kN)  RJZ3*H = 0.0000E+00(kN)
 ---------------------------------------------------------------------------
  Floor No.  19     Tower No.   1
  Xstif=    15.6087(m)     Ystif=    16.5571(m)     Alf  =     0.0000(Degree)
  Xmass=    14.5004(m)     Ymass=    13.9997(m)     Gmass(活荷折减)=   918.7969(   868.6427)(t)
  Eex  =     0.0872        Eey  =     0.2304
  Ratx =     1.0040        Raty =     1.0000
  Ratx1=     1.3150        Raty1=     1.3234
  Ratx2=     1.1416        Raty2=     1.1428  薄弱层地震剪力放大系数= 1.00
  RJX1 = 9.3163E+07(kN/m)  RJY1 = 1.2908E+08(kN/m)  RJZ1 = 0.0000E+00(kN/m)
  RJX3 = 1.9686E+06(kN/m)  RJY3 = 2.9920E+06(kN/m)  RJZ3 = 0.0000E+00(kN/m)
  RJX3*H = 5.9059E+06(kN)  RJY3*H = 8.9761E+06(kN)  RJZ3*H = 0.0000E+00(kN)
 ---------------------------------------------------------------------------
  Floor No.  20     Tower No.   1
  Xstif=    15.4737(m)     Ystif=    16.3787(m)     Alf  =     0.0000(Degree)
  Xmass=    14.2848(m)     Ymass=    14.1198(m)     Gmass(活荷折减)=   928.4409(   877.7331)(t)
  Eex  =     0.0942        Eey  =     0.2045
  Ratx =     0.9961        Raty =     1.0000
  Ratx1=     1.3105        Raty1=     1.3233
  Ratx2=     1.1363        Raty2=     1.1469  薄弱层地震剪力放大系数= 1.00
  RJX1 = 9.2795E+07(kN/m)  RJY1 = 1.2908E+08(kN/m)  RJZ1 = 0.0000E+00(kN/m)
  RJX3 = 1.9160E+06(kN/m)  RJY3 = 2.9091E+06(kN/m)  RJZ3 = 0.0000E+00(kN/m)
  RJX3*H = 5.7480E+06(kN)  RJY3*H = 8.7274E+06(kN)  RJZ3*H = 0.0000E+00(kN)
 ---------------------------------------------------------------------------
  Floor No.  21     Tower No.   1
  Xstif=    15.5505(m)     Ystif=    16.5679(m)     Alf  =     0.0000(Degree)
  Xmass=    14.5004(m)     Ymass=    13.9997(m)     Gmass(活荷折减)=   918.7969(   868.6427)(t)
  Eex  =     0.0827        Eey  =     0.2318
  Ratx =     1.0040        Raty =     1.0000
  Ratx1=     1.3133        Raty1=     1.3139
  Ratx2=     1.1411        Raty2=     1.1382  薄弱层地震剪力放大系数= 1.00
  RJX1 = 9.3163E+07(kN/m)  RJY1 = 1.2908E+08(kN/m)  RJZ1 = 0.0000E+00(kN/m)
  RJX3 = 1.8735E+06(kN/m)  RJY3 = 2.8182E+06(kN/m)  RJZ3 = 0.0000E+00(kN/m)
  RJX3*H = 5.6206E+06(kN)  RJY3*H = 8.4547E+06(kN)  RJZ3*H = 0.0000E+00(kN)
 ---------------------------------------------------------------------------
  Floor No.  22     Tower No.   1
  Xstif=    15.4803(m)     Ystif=    16.4108(m)     Alf  =     0.0000(Degree)
  Xmass=    14.2848(m)     Ymass=    14.1198(m)     Gmass(活荷折减)=   928.4409(   877.7331)(t)
  Eex  =     0.0948        Eey  =     0.2075
  Ratx =     0.9961        Raty =     1.0000
  Ratx1=     1.3080        Raty1=     1.3156
  Ratx2=     1.1356        Raty2=     1.1430  薄弱层地震剪力放大系数= 1.00
  RJX1 = 9.2795E+07(kN/m)  RJY1 = 1.2908E+08(kN/m)  RJZ1 = 0.0000E+00(kN/m)
  RJX3 = 1.8243E+06(kN/m)  RJY3 = 2.7511E+06(kN/m)  RJZ3 = 0.0000E+00(kN/m)
  RJX3*H = 5.4730E+06(kN)  RJY3*H = 8.2534E+06(kN)  RJZ3*H = 0.0000E+00(kN)
 ---------------------------------------------------------------------------
  Floor No.  23     Tower No.   1
  Xstif=    15.6090(m)     Ystif=    16.5307(m)     Alf  =     0.0000(Degree)
  Xmass=    14.5004(m)     Ymass=    13.9997(m)     Gmass(活荷折减)=   918.7969(   868.6427)(t)
  Eex  =     0.0873        Eey  =     0.2280
  Ratx =     1.0040        Raty =     1.0000
  Ratx1=     1.3101        Raty1=     1.3086
  Ratx2=     1.1396        Raty2=     1.1351  薄弱层地震剪力放大系数= 1.00
  RJX1 = 9.3163E+07(kN/m)  RJY1 = 1.2908E+08(kN/m)  RJZ1 = 0.0000E+00(kN/m)
  RJX3 = 1.7849E+06(kN/m)  RJY3 = 2.6745E+06(kN/m)  RJZ3 = 0.0000E+00(kN/m)
  RJX3*H = 5.3548E+06(kN)  RJY3*H = 8.0234E+06(kN)  RJZ3*H = 0.0000E+00(kN)
 ---------------------------------------------------------------------------
  Floor No.  24     Tower No.   1
  Xstif=    15.4957(m)     Ystif=    16.3584(m)     Alf  =     0.0000(Degree)
  Xmass=    14.2848(m)     Ymass=    14.1198(m)     Gmass(活荷折减)=   928.4409(   877.7331)(t)
  Eex  =     0.0957        Eey  =     0.2024
  Ratx =     0.9961        Raty =     1.0000
  Ratx1=     1.3055        Raty1=     1.3137
  Ratx2=     1.1341        Raty2=     1.1410  薄弱层地震剪力放大系数= 1.00
  RJX1 = 9.2795E+07(kN/m)  RJY1 = 1.2908E+08(kN/m)  RJZ1 = 0.0000E+00(kN/m)
  RJX3 = 1.7403E+06(kN/m)  RJY3 = 2.6180E+06(kN/m)  RJZ3 = 0.0000E+00(kN/m)
  RJX3*H = 5.2209E+06(kN)  RJY3*H = 7.8540E+06(kN)  RJZ3*H = 0.0000E+00(kN)
 ---------------------------------------------------------------------------
  Floor No.  25     Tower No.   1
  Xstif=    15.5371(m)     Ystif=    16.6205(m)     Alf  =     0.0000(Degree)
  Xmass=    14.5004(m)     Ymass=    13.9997(m)     Gmass(活荷折减)=   918.7969(   868.6427)(t)
  Eex  =     0.0815        Eey  =     0.2367
  Ratx =     1.0040        Raty =     1.0000
  Ratx1=     1.3101        Raty1=     1.3113
  Ratx2=     1.1386        Raty2=     1.1347  薄弱层地震剪力放大系数= 1.00
  RJX1 = 9.3163E+07(kN/m)  RJY1 = 1.2908E+08(kN/m)  RJZ1 = 0.0000E+00(kN/m)
  RJX3 = 1.7051E+06(kN/m)  RJY3 = 2.5495E+06(kN/m)  RJZ3 = 0.0000E+00(kN/m)
  RJX3*H = 5.1152E+06(kN)  RJY3*H = 7.6486E+06(kN)  RJZ3*H = 0.0000E+00(kN)
 ---------------------------------------------------------------------------
  Floor No.  26     Tower No.   1
  Xstif=    15.5159(m)     Ystif=    16.3520(m)     Alf  =     0.0000(Degree)
  Xmass=    14.2848(m)     Ymass=    14.1198(m)     Gmass(活荷折减)=   928.4409(   877.7331)(t)
  Eex  =     0.0976        Eey  =     0.2018
  Ratx =     0.9961        Raty =     1.0000
  Ratx1=     1.3083        Raty1=     1.3205
  Ratx2=     1.1341        Raty2=     1.1427  薄弱层地震剪力放大系数= 1.00
  RJX1 = 9.2795E+07(kN/m)  RJY1 = 1.2908E+08(kN/m)  RJZ1 = 0.0000E+00(kN/m)
  RJX3 = 1.6639E+06(kN/m)  RJY3 = 2.4964E+06(kN/m)  RJZ3 = 0.0000E+00(kN/m)
  RJX3*H = 4.9916E+06(kN)  RJY3*H = 7.4892E+06(kN)  RJZ3*H = 0.0000E+00(kN)
 ---------------------------------------------------------------------------
  Floor No.  27     Tower No.   1
  Xstif=    15.6090(m)     Ystif=    16.5788(m)     Alf  =     0.0000(Degree)
  Xmass=    14.5004(m)     Ymass=    13.9997(m)     Gmass(活荷折减)=   918.7969(   868.6427)(t)
  Eex  =     0.0871        Eey  =     0.2323
  Ratx =     1.0040        Raty =     1.0000
  Ratx1=     1.3143        Raty1=     1.3195
  Ratx2=     1.1416        Raty2=     1.1395  薄弱层地震剪力放大系数= 1.00
  RJX1 = 9.3163E+07(kN/m)  RJY1 = 1.2908E+08(kN/m)  RJZ1 = 0.0000E+00(kN/m)
  RJX3 = 1.6301E+06(kN/m)  RJY3 = 2.4275E+06(kN/m)  RJZ3 = 0.0000E+00(kN/m)
  RJX3*H = 4.8904E+06(kN)  RJY3*H = 7.2824E+06(kN)  RJZ3*H = 0.0000E+00(kN)
 ---------------------------------------------------------------------------
  Floor No.  28     Tower No.   1
  Xstif=    15.4741(m)     Ystif=    16.3322(m)     Alf  =     0.0000(Degree)
  Xmass=    14.2848(m)     Ymass=    14.1198(m)     Gmass(活荷折减)=   928.4409(   877.7331)(t)
  Eex  =     0.0944        Eey  =     0.2003
  Ratx =     0.9383        Raty =     0.9420
  Ratx1=     1.3096        Raty1=     1.3252
  Ratx2=     1.1355        Raty2=     1.1460  薄弱层地震剪力放大系数= 1.00
  RJX1 = 8.7416E+07(kN/m)  RJY1 = 1.2160E+08(kN/m)  RJZ1 = 0.0000E+00(kN/m)
  RJX3 = 1.5866E+06(kN/m)  RJY3 = 2.3669E+06(kN/m)  RJZ3 = 0.0000E+00(kN/m)
  RJX3*H = 4.7597E+06(kN)  RJY3*H = 7.1008E+06(kN)  RJZ3*H = 0.0000E+00(kN)
 ---------------------------------------------------------------------------
  Floor No.  29     Tower No.   1
  Xstif=    15.5503(m)     Ystif=    16.6159(m)     Alf  =     0.0000(Degree)
  Xmass=    14.5004(m)     Ymass=    13.9997(m)     Gmass(活荷折减)=   918.7969(   868.6427)(t)
  Eex  =     0.0825        Eey  =     0.2362
  Ratx =     1.0040        Raty =     1.0000
  Ratx1=     1.3144        Raty1=     1.3218
  Ratx2=     1.1408        Raty2=     1.1400  薄弱层地震剪力放大系数= 1.00
  RJX1 = 8.7762E+07(kN/m)  RJY1 = 1.2160E+08(kN/m)  RJZ1 = 0.0000E+00(kN/m)
  RJX3 = 1.5524E+06(kN/m)  RJY3 = 2.2949E+06(kN/m)  RJZ3 = 0.0000E+00(kN/m)
  RJX3*H = 4.6573E+06(kN)  RJY3*H = 6.8848E+06(kN)  RJZ3*H = 0.0000E+00(kN)
 ---------------------------------------------------------------------------
  Floor No.  30     Tower No.   1
  Xstif=    15.4814(m)     Ystif=    16.3519(m)     Alf  =     0.0000(Degree)
  Xmass=    14.2848(m)     Ymass=    14.1198(m)     Gmass(活荷折减)=   928.4409(   877.7331)(t)
  Eex  =     0.0951        Eey  =     0.2021
  Ratx =     0.9960        Raty =     1.0000
  Ratx1=     1.3125        Raty1=     1.3290
  Ratx2=     1.1362        Raty2=     1.1474  薄弱层地震剪力放大系数= 1.00
  RJX1 = 8.7416E+07(kN/m)  RJY1 = 1.2160E+08(kN/m)  RJZ1 = 0.0000E+00(kN/m)
  RJX3 = 1.5120E+06(kN/m)  RJY3 = 2.2367E+06(kN/m)  RJZ3 = 0.0000E+00(kN/m)
  RJX3*H = 4.5360E+06(kN)  RJY3*H = 6.7101E+06(kN)  RJZ3*H = 0.0000E+00(kN)
 ---------------------------------------------------------------------------
  Floor No.  31     Tower No.   1
  Xstif=    15.6087(m)     Ystif=    16.5571(m)     Alf  =     0.0000(Degree)
  Xmass=    14.5004(m)     Ymass=    13.9997(m)     Gmass(活荷折减)=   918.7969(   868.6427)(t)
  Eex  =     0.0872        Eey  =     0.2304
  Ratx =     1.0040        Raty =     1.0000
  Ratx1=     1.3211        Raty1=     1.3274
  Ratx2=     1.1422        Raty2=     1.1417  薄弱层地震剪力放大系数= 1.00
  RJX1 = 8.7762E+07(kN/m)  RJY1 = 1.2160E+08(kN/m)  RJZ1 = 0.0000E+00(kN/m)
  RJX3 = 1.4786E+06(kN/m)  RJY3 = 2.1660E+06(kN/m)  RJZ3 = 0.0000E+00(kN/m)
  RJX3*H = 4.4359E+06(kN)  RJY3*H = 6.4979E+06(kN)  RJZ3*H = 0.0000E+00(kN)
 ---------------------------------------------------------------------------
  Floor No.  32     Tower No.   1
  Xstif=    15.4949(m)     Ystif=    16.3710(m)     Alf  =     0.0000(Degree)
  Xmass=    14.2848(m)     Ymass=    14.1198(m)     Gmass(活荷折减)=   928.4409(   877.7331)(t)
  Eex  =     0.0956        Eey  =     0.2036
  Ratx =     0.9960        Raty =     1.0000
  Ratx1=     1.3242        Raty1=     1.3371
  Ratx2=     1.1394        Raty2=     1.1495  薄弱层地震剪力放大系数= 1.00
  RJX1 = 8.7416E+07(kN/m)  RJY1 = 1.2160E+08(kN/m)  RJZ1 = 0.0000E+00(kN/m)
  RJX3 = 1.4384E+06(kN/m)  RJY3 = 2.1079E+06(kN/m)  RJZ3 = 0.0000E+00(kN/m)
  RJX3*H = 4.3153E+06(kN)  RJY3*H = 6.3238E+06(kN)  RJZ3*H = 0.0000E+00(kN)
 ---------------------------------------------------------------------------
  Floor No.  33     Tower No.   1
  Xstif=    15.5375(m)     Ystif=    16.5727(m)     Alf  =     0.0000(Degree)
  Xmass=    14.5004(m)     Ymass=    13.9997(m)     Gmass(活荷折减)=   918.7969(   868.6427)(t)
  Eex  =     0.0817        Eey  =     0.2324
  Ratx =     1.0040        Raty =     1.0000
  Ratx1=     1.3366        Raty1=     1.3385
  Ratx2=     1.1494        Raty2=     1.1471  薄弱层地震剪力放大系数= 1.00
  RJX1 = 8.7762E+07(kN/m)  RJY1 = 1.2160E+08(kN/m)  RJZ1 = 0.0000E+00(kN/m)
  RJX3 = 1.4027E+06(kN/m)  RJY3 = 2.0376E+06(kN/m)  RJZ3 = 0.0000E+00(kN/m)
  RJX3*H = 4.2081E+06(kN)  RJY3*H = 6.1127E+06(kN)  RJZ3*H = 0.0000E+00(kN)
 ---------------------------------------------------------------------------
  Floor No.  34     Tower No.   1
  Xstif=    15.5157(m)     Ystif=    16.3988(m)     Alf  =     0.0000(Degree)
  Xmass=    14.2848(m)     Ymass=    14.1198(m)     Gmass(活荷折减)=   928.4409(   877.7331)(t)
  Eex  =     0.0974        Eey  =     0.2060
  Ratx =     0.9194        Raty =     0.9231
  Ratx1=     1.3430        Raty1=     1.3528
  Ratx2=     1.1459        Raty2=     1.1539  薄弱层地震剪力放大系数= 1.00
  RJX1 = 8.0691E+07(kN/m)  RJY1 = 1.1224E+08(kN/m)  RJZ1 = 0.0000E+00(kN/m)
  RJX3 = 1.3560E+06(kN/m)  RJY3 = 1.9737E+06(kN/m)  RJZ3 = 0.0000E+00(kN/m)
  RJX3*H = 4.0680E+06(kN)  RJY3*H = 5.9212E+06(kN)  RJZ3*H = 0.0000E+00(kN)
 ---------------------------------------------------------------------------
  Floor No.  35     Tower No.   1
  Xstif=    15.6129(m)     Ystif=    16.4995(m)     Alf  =     0.0000(Degree)
  Xmass=    14.5004(m)     Ymass=    13.9997(m)     Gmass(活荷折减)=   918.7969(   868.6427)(t)
  Eex  =     0.0876        Eey  =     0.2250
  Ratx =     1.0040        Raty =     1.0000
  Ratx1=     1.3571        Raty1=     1.3607
  Ratx2=     1.1553        Raty2=     1.1513  薄弱层地震剪力放大系数= 1.00
  RJX1 = 8.1011E+07(kN/m)  RJY1 = 1.1224E+08(kN/m)  RJZ1 = 0.0000E+00(kN/m)
  RJX3 = 1.3149E+06(kN/m)  RJY3 = 1.9006E+06(kN/m)  RJZ3 = 0.0000E+00(kN/m)
  RJX3*H = 3.9447E+06(kN)  RJY3*H = 5.7018E+06(kN)  RJZ3*H = 0.0000E+00(kN)
 ---------------------------------------------------------------------------
  Floor No.  36     Tower No.   1
  Xstif=    15.4218(m)     Ystif=    16.3970(m)     Alf  =     0.0000(Degree)
  Xmass=    14.2848(m)     Ymass=    14.1198(m)     Gmass(活荷折减)=   928.4409(   877.7331)(t)
  Eex  =     0.0903        Eey  =     0.2063
  Ratx =     0.9960        Raty =     1.0000
  Ratx1=     1.3565        Raty1=     1.3747
  Ratx2=     1.1642        Raty2=     1.1737  薄弱层地震剪力放大系数= 1.00
  RJX1 = 8.0691E+07(kN/m)  RJY1 = 1.1224E+08(kN/m)  RJZ1 = 0.0000E+00(kN/m)
  RJX3 = 1.2646E+06(kN/m)  RJY3 = 1.8342E+06(kN/m)  RJZ3 = 0.0000E+00(kN/m)
  RJX3*H = 3.7937E+06(kN)  RJY3*H = 5.5025E+06(kN)  RJZ3*H = 0.0000E+00(kN)
 ---------------------------------------------------------------------------
  Floor No.  37     Tower No.   1
  Xstif=    16.4444(m)     Ystif=    16.2661(m)     Alf  =     0.0000(Degree)
  Xmass=    14.4449(m)     Ymass=    13.8401(m)     Gmass(活荷折减)=   847.7276(   797.5734)(t)
  Eex  =     0.1458        Eey  =     0.2060
  Ratx =     0.8504        Raty =     0.8286
  Ratx1=     1.3401        Raty1=     1.3533
  Ratx2=     1.1542        Raty2=     1.1569  薄弱层地震剪力放大系数= 1.00
  RJX1 = 6.8621E+07(kN/m)  RJY1 = 9.3005E+07(kN/m)  RJZ1 = 0.0000E+00(kN/m)
  RJX3 = 1.2069E+06(kN/m)  RJY3 = 1.7363E+06(kN/m)  RJZ3 = 0.0000E+00(kN/m)
  RJX3*H = 3.6206E+06(kN)  RJY3*H = 5.2089E+06(kN)  RJZ3*H = 0.0000E+00(kN)
 ---------------------------------------------------------------------------
  Floor No.  38     Tower No.   1
  Xstif=    16.3817(m)     Ystif=    15.8021(m)     Alf  =     0.0000(Degree)
  Xmass=    14.1862(m)     Ymass=    13.9311(m)     Gmass(活荷折减)=   862.3046(   811.4590)(t)
  Eex  =     0.1610        Eey  =     0.1603
  Ratx =     0.9965        Raty =     0.9991
  Ratx1=     1.3324        Raty1=     1.3507
  Ratx2=     1.1454        Raty2=     1.1585  薄弱层地震剪力放大系数= 1.00
  RJX1 = 6.8381E+07(kN/m)  RJY1 = 9.2925E+07(kN/m)  RJZ1 = 0.0000E+00(kN/m)
  RJX3 = 1.1619E+06(kN/m)  RJY3 = 1.6676E+06(kN/m)  RJZ3 = 0.0000E+00(kN/m)
  RJX3*H = 3.4856E+06(kN)  RJY3*H = 5.0028E+06(kN)  RJZ3*H = 0.0000E+00(kN)
 ---------------------------------------------------------------------------
  Floor No.  39     Tower No.   1
  Xstif=    16.4419(m)     Ystif=    16.2662(m)     Alf  =     0.0000(Degree)
  Xmass=    14.4439(m)     Ymass=    13.8403(m)     Gmass(活荷折减)=   847.6465(   797.4923)(t)
  Eex  =     0.1457        Eey  =     0.2060
  Ratx =     1.0035        Raty =     1.0000
  Ratx1=     1.3386        Raty1=     1.3418
  Ratx2=     1.1509        Raty2=     1.1508  薄弱层地震剪力放大系数= 1.00
  RJX1 = 6.8621E+07(kN/m)  RJY1 = 9.2925E+07(kN/m)  RJZ1 = 0.0000E+00(kN/m)
  RJX3 = 1.1271E+06(kN/m)  RJY3 = 1.5994E+06(kN/m)  RJZ3 = 0.0000E+00(kN/m)
  RJX3*H = 3.3812E+06(kN)  RJY3*H = 4.7981E+06(kN)  RJZ3*H = 0.0000E+00(kN)
 ---------------------------------------------------------------------------
  Floor No.  40     Tower No.   1
  Xstif=    16.3817(m)     Ystif=    15.8021(m)     Alf  =     0.0000(Degree)
  Xmass=    14.1862(m)     Ymass=    13.9311(m)     Gmass(活荷折减)=   862.3046(   811.4590)(t)
  Eex  =     0.1610        Eey  =     0.1603
  Ratx =     0.9965        Raty =     1.0000
  Ratx1=     1.3394        Raty1=     1.3423
  Ratx2=     1.1463        Raty2=     1.1545  薄弱层地震剪力放大系数= 1.00
  RJX1 = 6.8381E+07(kN/m)  RJY1 = 9.2925E+07(kN/m)  RJZ1 = 0.0000E+00(kN/m)
  RJX3 = 1.0881E+06(kN/m)  RJY3 = 1.5443E+06(kN/m)  RJZ3 = 0.0000E+00(kN/m)
  RJX3*H = 3.2644E+06(kN)  RJY3*H = 4.6328E+06(kN)  RJZ3*H = 0.0000E+00(kN)
 ---------------------------------------------------------------------------
  Floor No.  41     Tower No.   1
  Xstif=    16.4419(m)     Ystif=    16.2662(m)     Alf  =     0.0000(Degree)
  Xmass=    14.4439(m)     Ymass=    13.8403(m)     Gmass(活荷折减)=   847.6465(   797.4923)(t)
  Eex  =     0.1457        Eey  =     0.2060
  Ratx =     1.0035        Raty =     1.0000
  Ratx1=     1.3524        Raty1=     1.3358
  Ratx2=     1.1550        Raty2=     1.1472  薄弱层地震剪力放大系数= 1.00
  RJX1 = 6.8621E+07(kN/m)  RJY1 = 9.2925E+07(kN/m)  RJZ1 = 0.0000E+00(kN/m)
  RJX3 = 1.0547E+06(kN/m)  RJY3 = 1.4862E+06(kN/m)  RJZ3 = 0.0000E+00(kN/m)
  RJX3*H = 3.1642E+06(kN)  RJY3*H = 4.4586E+06(kN)  RJZ3*H = 0.0000E+00(kN)
 ---------------------------------------------------------------------------
  Floor No.  42     Tower No.   1
  Xstif=    16.3817(m)     Ystif=    15.8021(m)     Alf  =     0.0000(Degree)
  Xmass=    14.1862(m)     Ymass=    13.9311(m)     Gmass(活荷折减)=   862.3046(   811.4590)(t)
  Eex  =     0.1610        Eey  =     0.1603
  Ratx =     0.9965        Raty =     1.0000
  Ratx1=     1.3591        Raty1=     1.3425
  Ratx2=     1.1537        Raty2=     1.1518  薄弱层地震剪力放大系数= 1.00
  RJX1 = 6.8381E+07(kN/m)  RJY1 = 9.2925E+07(kN/m)  RJZ1 = 0.0000E+00(kN/m)
  RJX3 = 1.0146E+06(kN/m)  RJY3 = 1.4395E+06(kN/m)  RJZ3 = 0.0000E+00(kN/m)
  RJX3*H = 3.0439E+06(kN)  RJY3*H = 4.3184E+06(kN)  RJZ3*H = 0.0000E+00(kN)
 ---------------------------------------------------------------------------
  Floor No.  43     Tower No.   1
  Xstif=    16.4419(m)     Ystif=    16.2662(m)     Alf  =     0.0000(Degree)
  Xmass=    14.4439(m)     Ymass=    13.8403(m)     Gmass(活荷折减)=   847.6465(   797.4923)(t)
  Eex  =     0.1457        Eey  =     0.2060
  Ratx =     1.0035        Raty =     1.0000
  Ratx1=     1.3777        Raty1=     1.3492
  Ratx2=     1.1639        Raty2=     1.1477  薄弱层地震剪力放大系数= 1.00
  RJX1 = 6.8621E+07(kN/m)  RJY1 = 9.2925E+07(kN/m)  RJZ1 = 0.0000E+00(kN/m)
  RJX3 = 9.7719E+05(kN/m)  RJY3 = 1.3886E+06(kN/m)  RJZ3 = 0.0000E+00(kN/m)
  RJX3*H = 2.9316E+06(kN)  RJY3*H = 4.1657E+06(kN)  RJZ3*H = 0.0000E+00(kN)
 ---------------------------------------------------------------------------
  Floor No.  44     Tower No.   1
  Xstif=    16.3817(m)     Ystif=    15.8021(m)     Alf  =     0.0000(Degree)
  Xmass=    14.1862(m)     Ymass=    13.9311(m)     Gmass(活荷折减)=   862.3046(   811.4590)(t)
  Eex  =     0.1610        Eey  =     0.1603
  Ratx =     0.9965        Raty =     1.0000
  Ratx1=     1.3959        Raty1=     1.3790
  Ratx2=     1.1651        Raty2=     1.1595  薄弱层地震剪力放大系数= 1.00
  RJX1 = 6.8381E+07(kN/m)  RJY1 = 9.2925E+07(kN/m)  RJZ1 = 0.0000E+00(kN/m)
  RJX3 = 9.3284E+05(kN/m)  RJY3 = 1.3443E+06(kN/m)  RJZ3 = 0.0000E+00(kN/m)
  RJX3*H = 2.7985E+06(kN)  RJY3*H = 4.0328E+06(kN)  RJZ3*H = 0.0000E+00(kN)
 ---------------------------------------------------------------------------
  Floor No.  45     Tower No.   1
  Xstif=    16.4419(m)     Ystif=    16.2662(m)     Alf  =     0.0000(Degree)
  Xmass=    14.4439(m)     Ymass=    13.8403(m)     Gmass(活荷折减)=   847.6458(   797.4915)(t)
  Eex  =     0.1457        Eey  =     0.2060
  Ratx =     1.0035        Raty =     1.0000
  Ratx1=     1.4382        Raty1=     1.4203
  Ratx2=     1.1803        Raty2=     1.1664  薄弱层地震剪力放大系数= 1.00
  RJX1 = 6.8621E+07(kN/m)  RJY1 = 9.2925E+07(kN/m)  RJZ1 = 0.0000E+00(kN/m)
  RJX3 = 8.8959E+05(kN/m)  RJY3 = 1.2882E+06(kN/m)  RJZ3 = 0.0000E+00(kN/m)
  RJX3*H = 2.6688E+06(kN)  RJY3*H = 3.8645E+06(kN)  RJZ3*H = 0.0000E+00(kN)
 ---------------------------------------------------------------------------
  Floor No.  46     Tower No.   1
  Xstif=    16.3817(m)     Ystif=    15.8021(m)     Alf  =     0.0000(Degree)
  Xmass=    14.1862(m)     Ymass=    13.9311(m)     Gmass(活荷折减)=   862.3046(   811.4590)(t)
  Eex  =     0.1610        Eey  =     0.1603
  Ratx =     0.9965        Raty =     1.0000
  Ratx1=     1.5026        Raty1=     1.5028
  Ratx2=     1.1944        Raty2=     1.1958  薄弱层地震剪力放大系数= 1.00
  RJX1 = 6.8381E+07(kN/m)  RJY1 = 9.2925E+07(kN/m)  RJZ1 = 0.0000E+00(kN/m)
  RJX3 = 8.3743E+05(kN/m)  RJY3 = 1.2271E+06(kN/m)  RJZ3 = 0.0000E+00(kN/m)
  RJX3*H = 2.5123E+06(kN)  RJY3*H = 3.6813E+06(kN)  RJZ3*H = 0.0000E+00(kN)
 ---------------------------------------------------------------------------
  Floor No.  47     Tower No.   1
  Xstif=    16.4307(m)     Ystif=    16.1671(m)     Alf  =     0.0000(Degree)
  Xmass=    14.4439(m)     Ymass=    13.8403(m)     Gmass(活荷折减)=   847.6465(   797.4923)(t)
  Eex  =     0.1448        Eey  =     0.1968
  Ratx =     1.0035        Raty =     1.0000
  Ratx1=     1.5832        Raty1=     1.5755
  Ratx2=     1.2314        Raty2=     1.2254  薄弱层地震剪力放大系数= 1.00
  RJX1 = 6.8621E+07(kN/m)  RJY1 = 9.2925E+07(kN/m)  RJZ1 = 0.0000E+00(kN/m)
  RJX3 = 7.7906E+05(kN/m)  RJY3 = 1.1402E+06(kN/m)  RJZ3 = 0.0000E+00(kN/m)
  RJX3*H = 2.3372E+06(kN)  RJY3*H = 3.4206E+06(kN)  RJZ3*H = 0.0000E+00(kN)
 ---------------------------------------------------------------------------
  Floor No.  48     Tower No.   1
  Xstif=    16.3373(m)     Ystif=    15.6642(m)     Alf  =     0.0000(Degree)
  Xmass=    14.1862(m)     Ymass=    13.9311(m)     Gmass(活荷折减)=   862.3046(   811.4590)(t)
  Eex  =     0.1581        Eey  =     0.1484
  Ratx =     0.9965        Raty =     1.0000
  Ratx1=     1.6519        Raty1=     1.6633
  Ratx2=     1.2848        Raty2=     1.2937  薄弱层地震剪力放大系数= 1.00
  RJX1 = 6.8381E+07(kN/m)  RJY1 = 9.2925E+07(kN/m)  RJZ1 = 0.0000E+00(kN/m)
  RJX3 = 7.0297E+05(kN/m)  RJY3 = 1.0338E+06(kN/m)  RJZ3 = 0.0000E+00(kN/m)
  RJX3*H = 2.1089E+06(kN)  RJY3*H = 3.1015E+06(kN)  RJZ3*H = 0.0000E+00(kN)
 ---------------------------------------------------------------------------
  Floor No.  49     Tower No.   1
  Xstif=    16.4423(m)     Ystif=    16.0176(m)     Alf  =     0.0000(Degree)
  Xmass=    14.4439(m)     Ymass=    13.8403(m)     Gmass(活荷折减)=   847.6465(   797.4923)(t)
  Eex  =     0.1461        Eey  =     0.1845
  Ratx =     1.0035        Raty =     1.0000
  Ratx1=     1.7725        Raty1=     1.7652
  Ratx2=     1.3786        Raty2=     1.3729  薄弱层地震剪力放大系数= 1.00
  RJX1 = 6.8621E+07(kN/m)  RJY1 = 9.2925E+07(kN/m)  RJZ1 = 0.0000E+00(kN/m)
  RJX3 = 6.0793E+05(kN/m)  RJY3 = 8.8795E+05(kN/m)  RJZ3 = 0.0000E+00(kN/m)
  RJX3*H = 1.8238E+06(kN)  RJY3*H = 2.6638E+06(kN)  RJZ3*H = 0.0000E+00(kN)
 ---------------------------------------------------------------------------
  Floor No.  50     Tower No.   1
  Xstif=    16.5810(m)     Ystif=    15.6444(m)     Alf  =     0.0000(Degree)
  Xmass=    13.8782(m)     Ymass=    14.2979(m)     Gmass(活荷折减)=   883.9832(   844.3171)(t)
  Eex  =     0.1979        Eey  =     0.1139
  Ratx =     0.9878        Raty =     1.0000
  Ratx1=     2.0969        Raty1=     2.3610
  Ratx2=     1.5533        Raty2=     1.7489  薄弱层地震剪力放大系数= 1.00
  RJX1 = 6.7782E+07(kN/m)  RJY1 = 9.2925E+07(kN/m)  RJZ1 = 0.0000E+00(kN/m)
  RJX3 = 4.8998E+05(kN/m)  RJY3 = 7.1863E+05(kN/m)  RJZ3 = 0.0000E+00(kN/m)
  RJX3*H = 1.4699E+06(kN)  RJY3*H = 2.1559E+06(kN)  RJZ3*H = 0.0000E+00(kN)
 ---------------------------------------------------------------------------
  Floor No.  51     Tower No.   1
  Xstif=    19.8097(m)     Ystif=    19.8194(m)     Alf  =     0.0000(Degree)
  Xmass=    16.7740(m)     Ymass=    12.7632(m)     Gmass(活荷折减)=   550.4872(   527.9399)(t)
  Eex  =     0.2597        Eey  =     0.7543
  Ratx =     0.2083        Raty =     0.3586
  Ratx1=     2.1058        Raty1=     1.9963
  Ratx2=     1.6642        Raty2=     1.5777  薄弱层地震剪力放大系数= 1.00
  RJX1 = 1.4116E+07(kN/m)  RJY1 = 3.3319E+07(kN/m)  RJZ1 = 0.0000E+00(kN/m)
  RJX3 = 3.3381E+05(kN/m)  RJY3 = 4.3483E+05(kN/m)  RJZ3 = 0.0000E+00(kN/m)
  RJX3*H = 1.0515E+06(kN)  RJY3*H = 1.3697E+06(kN)  RJZ3*H = 0.0000E+00(kN)
 ---------------------------------------------------------------------------
  Floor No.  52     Tower No.   1
  Xstif=    15.1781(m)     Ystif=    21.0350(m)     Alf  =     0.0000(Degree)
  Xmass=    15.3433(m)     Ymass=    11.9553(m)     Gmass(活荷折减)=   362.2194(   344.6377)(t)
  Eex  =     0.0193        Eey  =     1.1492
  Ratx =     0.8506        Raty =     0.7321
  Ratx1=     2.3990        Raty1=     2.6615
  Ratx2=     1.8659        Raty2=     2.0701  薄弱层地震剪力放大系数= 1.00
  RJX1 = 1.2007E+07(kN/m)  RJY1 = 2.4392E+07(kN/m)  RJZ1 = 0.0000E+00(kN/m)
  RJX3 = 2.2646E+05(kN/m)  RJY3 = 3.1117E+05(kN/m)  RJZ3 = 0.0000E+00(kN/m)
  RJX3*H = 7.0202E+05(kN)  RJY3*H = 9.6464E+05(kN)  RJZ3*H = 0.0000E+00(kN)
 ---------------------------------------------------------------------------
  Floor No.  53     Tower No.   1
  Xstif=    13.2195(m)     Ystif=    14.2347(m)     Alf  =     0.0000(Degree)
  Xmass=    14.7244(m)     Ymass=    14.0365(m)     Gmass(活荷折减)=   165.0654(   158.1859)(t)
  Eex  =     0.2755        Eey  =     0.0263
  Ratx =     0.4014        Raty =     0.1039
  Ratx1=     2.8131        Raty1=     2.6904
  Ratx2=     2.1880        Raty2=     2.0926  薄弱层地震剪力放大系数= 1.00
  RJX1 = 4.8191E+06(kN/m)  RJY1 = 2.5353E+06(kN/m)  RJZ1 = 0.0000E+00(kN/m)
  RJX3 = 1.3485E+05(kN/m)  RJY3 = 1.6702E+05(kN/m)  RJZ3 = 0.0000E+00(kN/m)
  RJX3*H = 4.1805E+05(kN)  RJY3*H = 5.1777E+05(kN)  RJZ3*H = 0.0000E+00(kN)
 ---------------------------------------------------------------------------
  Floor No.  54     Tower No.   1
  Xstif=    13.2195(m)     Ystif=    14.2346(m)     Alf  =     0.0000(Degree)
  Xmass=    14.7087(m)     Ymass=    13.8947(m)     Gmass(活荷折减)=   108.4423(   106.6924)(t)
  Eex  =     0.2727        Eey  =     0.0450
  Ratx =     1.0000        Raty =     1.0000
  Ratx1=     1.0000        Raty1=     1.0000
  Ratx2=     1.0000        Raty2=     1.0000  薄弱层地震剪力放大系数= 1.00
  RJX1 = 4.8193E+06(kN/m)  RJY1 = 2.5353E+06(kN/m)  RJZ1 = 0.0000E+00(kN/m)
  RJX3 = 6.8482E+04(kN/m)  RJY3 = 8.8686E+04(kN/m)  RJZ3 = 0.0000E+00(kN/m)
  RJX3*H = 2.1229E+05(kN)  RJY3*H = 2.7493E+05(kN)  RJZ3*H = 0.0000E+00(kN)
 ---------------------------------------------------------------------------
 X方向最小刚度比:  1.0000(第 54层第 1塔)
 Y方向最小刚度比:  1.0000(第 54层第 1塔)

============================================================================
结构整体抗倾覆验算结果
============================================================================

               抗倾覆力矩Mr     倾覆力矩Mov    比值Mr/Mov    零应力区(%)

  X 风荷载     17556126.0      1128268.8          15.56           0.00
  Y 风荷载     13528020.0      1076846.6          12.56           0.00
  X 地  震     17087732.0       705816.4          24.21           0.00
  Y 地  震     13164187.0       806815.8          16.32           0.00


============================================================================
 结构舒适性验算结果(仅当满足规范适用条件时结果有效)
============================================================================
 按高钢规计算X向顺风向顶点最大加速度(m/s2) =  0.000
 按高钢规计算X向横风向顶点最大加速度(m/s2) =  0.000
 按荷载规范计算X向顺风向顶点最大加速度(m/s2) =  0.000
 按荷载规范计算X向横风向顶点最大加速度(m/s2) =  0.000
 按高钢规计算Y向顺风向顶点最大加速度(m/s2) =  0.000
 按高钢规计算Y向横风向顶点最大加速度(m/s2) =  0.000
 按荷载规范计算Y向顺风向顶点最大加速度(m/s2) =  0.000
 按荷载规范计算Y向横风向顶点最大加速度(m/s2) =  0.000


============================================================================
 结构整体稳定验算结果(规定水平力)
============================================================================
 X向刚重比 EJd/GH**2=        2.47
 Y向刚重比 EJd/GH**2=        3.38
 该结构刚重比EJd/GH**2大于1.4,能够通过高规(5.4.4)的整体稳定验算
 该结构刚重比EJd/GH**2小于2.7,应该考虑重力二阶效应

     **********************************************************************
     *                    楼层抗剪承载力、及承载力比值                    *
     **********************************************************************

          Ratio_Bu: 表示本层与上一层的承载力之比

     ----------------------------------------------------------------------
     层号   塔号    X向承载力    Y向承载力   Ratio_Bu:X,Y
     ----------------------------------------------------------------------
      54      1     0.1742E+04  0.9798E+03   1.00   1.00
      53      1     0.1773E+04  0.1194E+04   1.02   1.22
      52      1     0.4496E+04  0.7869E+04   2.54   6.59
      51      1     0.6703E+04  0.1140E+05   1.49   1.45
      50      1     0.2022E+05  0.2758E+05   3.02   2.42
      49      1     0.2058E+05  0.2797E+05   1.02   1.01
      48      1     0.2062E+05  0.2830E+05   1.00   1.01
      47      1     0.2101E+05  0.2862E+05   1.02   1.01
      46      1     0.2099E+05  0.2894E+05   1.00   1.01
      45      1     0.2156E+05  0.2927E+05   1.03   1.01
      44      1     0.2154E+05  0.2956E+05   1.00   1.01
      43      1     0.2197E+05  0.2978E+05   1.02   1.01
      42      1     0.2202E+05  0.3022E+05   1.00   1.02
      41      1     0.2255E+05  0.3059E+05   1.02   1.01
      40      1     0.2250E+05  0.3092E+05   1.00   1.01
      39      1     0.2314E+05  0.3129E+05   1.03   1.01
      38      1     0.2296E+05  0.3160E+05   0.99   1.01
      37      1     0.2358E+05  0.3196E+05   1.03   1.01
      36      1     0.2798E+05  0.3724E+05   1.19   1.17
      35      1     0.2834E+05  0.3814E+05   1.01   1.02
      34      1     0.2853E+05  0.3866E+05   1.01   1.01
      33      1     0.3257E+05  0.4414E+05   1.14   1.14
      32      1     0.3283E+05  0.4441E+05   1.01   1.01
      31      1     0.3310E+05  0.4477E+05   1.01   1.01
      30      1     0.3327E+05  0.4535E+05   1.01   1.01
      29      1     0.3366E+05  0.4574E+05   1.01   1.01
      28      1     0.3383E+05  0.4611E+05   1.01   1.01
      27      1     0.3725E+05  0.5079E+05   1.10   1.10
      26      1     0.3735E+05  0.5121E+05   1.00   1.01
      25      1     0.3775E+05  0.5153E+05   1.01   1.01
      24      1     0.3790E+05  0.5159E+05   1.00   1.00
      23      1     0.3820E+05  0.5226E+05   1.01   1.01
      22      1     0.3834E+05  0.5231E+05   1.00   1.00
      21      1     0.3875E+05  0.5297E+05   1.01   1.01
      20      1     0.3887E+05  0.5295E+05   1.00   1.00
      19      1     0.3919E+05  0.5335E+05   1.01   1.01
      18      1     0.3924E+05  0.5360E+05   1.00   1.00
      17      1     0.3975E+05  0.5391E+05   1.01   1.01
      16      1     0.3959E+05  0.5444E+05   1.00   1.01
      15      1     0.4361E+05  0.5947E+05   1.10   1.09
      14      1     0.4359E+05  0.6027E+05   1.00   1.01
      13      1     0.4418E+05  0.6009E+05   1.01   1.00
      12      1     0.4404E+05  0.6090E+05   1.00   1.01
      11      1     0.4435E+05  0.5988E+05   1.01   0.98
      10      1     0.4426E+05  0.6121E+05   1.00   1.02
       9      1     0.4439E+05  0.5990E+05   1.00   0.98
       8      1     0.4441E+05  0.6181E+05   1.00   1.03
       7      1     0.4445E+05  0.6011E+05   1.00   0.97
       6      1     0.4402E+05  0.6008E+05   0.99   1.00
       5      1     0.4319E+05  0.5839E+05   0.98   0.97
       4      1     0.4025E+05  0.5941E+05   0.93   1.02
       3      1     0.1709E+06  0.1481E+06   4.25   2.49
       2      1     0.1744E+06  0.1517E+06   1.02   1.02
       1      1     0.1744E+06  0.1497E+06   1.00   0.99
     X方向最小楼层抗剪承载力之比:   0.93 层号:  4 塔号:  1
     Y方向最小楼层抗剪承载力之比:   0.97 层号:  5 塔号:  1
