
  ///////////////////////////////////////////////////////////////////////////
  | 公司名称:                                                               |
  |                                                                         |
  |                            建筑结构的总信息                             |
  |                          SATWE2010_V5.1.3 中文版                        |
  |                         (2020年5月18日18时13分)                         |
  |                            文件名: WMASS.OUT                            |
  |                                                                         |
  |工程名称 :                     设计人 :              计算日期:2020/10/19 |
  |工程代号 :                     校核人 :              计算时间:10:52:17   |
  ///////////////////////////////////////////////////////////////////////////

     总信息 ..............................................
     结构材料信息:                         钢砼结构
     混凝土容重 (kN/m3):                   Gc     =  27.00
     钢材容重 (kN/m3):                     Gs     =  78.00
     是否扣除构件重叠质量和重量:           否
     是否自动计算现浇楼板自重:             是
     水平力的夹角(Degree):                 ARF    =   0.00
     地下室层数:                           MBASE  =      3
     竖向荷载计算信息:                     按模拟施工1加荷计算
     风荷载计算信息:                       计算X,Y两个方向的风荷载
     地震力计算信息:                       计算X,Y两个方向的地震力
     “规定水平力”计算方法:               楼层剪力差方法(规范方法)
     结构类别:                             剪力墙结构
     裙房层数:                             MANNEX =      0
     转换层所在层号:                       MCHANGE=      0
     嵌固端所在层号:                       MQIANGU=      4
     墙元细分最大控制长度(m):              DMAX   =   1.00
     弹性板细分最大控制长度(m):            DMAX_S =   1.00
     是否对全楼强制采用刚性楼板假定:       否
     墙梁跨中节点作为刚性楼板的从节点:     是
     墙倾覆力矩的计算方法:                 考虑墙的所有内力贡献
     墙偏心的处理方式:                     传统移动节点方式
     高位转换结构等效侧向刚度比采用高规附录E:  否
     是否梁板顶面对齐:                     否
     是否带楼梯计算:                       否
     框架连梁按壳元计算控制跨高比:            0.00
     墙梁转框架梁的控制跨高比:                0.00
     结构所在地区:                         广东
     楼板按有限元方式进行面外设计          否
