
     ----------------------------------------------------------------------
     |                                                                    |
     |                      SATWE 配筋、验算输出文件                      |
     |                       2019年12月13日16时21分                       |
     |                             WPJ54.OUT                              |
     |                                                                    |
     ----------------------------------------------------------------------
     |                                                                    |
     | 工程项目：                              设计人：                   |
     | 项目编号：          审核人：                  计算日期：2020/10/19 |
     ----------------------------------------------------------------------

          有关符号说明见第1层配筋、验算输出文件WPJ1.OUT

           ----------------------------------------------------------
           |                   第 54 层配筋、验算                   |
           ----------------------------------------------------------

 ==============================================================================
 |                              柱配筋和验算输出                              |
 ==============================================================================
 N-C=   1 ( 1)B*H(mm)=  200*  600
 Cover= 20(mm) Cx= 1.25 Cy= 1.25 Lc=  3.10(m) Nfc= 1 Rcc= 30.0 Fy=  360. Fyv=  360.
 RLIVEC=  1.00  RMD=  2.79  混凝土柱 矩形截面
 柱顶弯矩调整系数： 1.00   柱底弯矩调整系数： 1.00     柱剪力调整系数： 1.40
 ( 43)Nu=    -182. Uc=  0.106 Rs=  2.39(%) Rsv=  0.80(%) Asc=  201.0
 ( 84)N=    -125. Mx=    -91. My=     45. Asxt=   402. Asxt0=   249.
 ( 16)N=    -193. Mx=      3. My=     67. Asyt=  1435. Asyt0=  1435.
 ( 84)N=    -125. Mx=    -77. My=     24. Asxb=   402. Asxb0=   193.
 ( 16)N=    -193. Mx=      2. My=     38. Asyb=   747. Asyb0=   747.
 ( 52)N=    -153. Vx=    37. Vy=    76. Ts=     0. Asvx=    89. Asvx0=     9.
 ( 52)N=    -153. Vx=    37. Vy=    76. Ts=     0. Asvy=    89. Asvy0=    45.
 抗剪承载力: CB_XF=    69.9  CB_YF=   105.8
 ( 41)N=      0. Vjx=  -181. Asvjx=    71.
 ( 43)N=      0. Vjy=   236. Asvjy=    71.
 
  剪压比（组合号）：JYBx( 41)=0.032    JYBy( 43)=0.048
 ----------------------------------------------------------------------------
 N-C=   2 ( 1)B*H(mm)=  200*  600
 Cover= 20(mm) Cx= 1.25 Cy= 1.25 Lc=  3.10(m) Nfc= 1 Rcc= 30.0 Fy=  360. Fyv=  360.
 RLIVEC=  1.00  RMD=  2.79  混凝土柱 矩形截面
 柱顶弯矩调整系数： 1.00   柱底弯矩调整系数： 1.00     柱剪力调整系数： 1.40
 ( 49)Nu=    -201. Uc=  0.117 Rs=  1.98(%) Rsv=  0.80(%) Asc=  201.0
 ( 84)N=    -143. Mx=   -116. My=    -32. Asxt=   402. Asxt0=   333.
 ( 15)N=    -210. Mx=     -8. My=    -57. Asyt=  1190. Asyt0=  1190.
 ( 84)N=    -143. Mx=    -93. My=    -13. Asxb=   411. Asxb0=   238.
 ( 15)N=    -210. Mx=      1. My=    -31. Asyb=   561. Asyb0=   561.
 ( 52)N=    -174. Vx=   -25. Vy=    97. Ts=     0. Asvx=    89. Asvx0=    15.
 ( 52)N=    -174. Vx=   -25. Vy=    97. Ts=     0. Asvy=    89. Asvy0=    66.
 抗剪承载力: CB_XF=    60.9  CB_YF=   110.9
 ( 34)N=      0. Vjx=   167. Asvjx=    71.
 ( 52)N=      0. Vjy=  -298. Asvjy=    71.
 
  剪压比（组合号）：JYBx( 34)=0.027    JYBy( 52)=0.061
 ----------------------------------------------------------------------------
 N-C=   3 ( 1)B*H(mm)=  200*  600
 Cover= 20(mm) Cx= 1.25 Cy= 1.25 Lc=  3.10(m) Nfc= 1 Rcc= 30.0 Fy=  360. Fyv=  360.
 RLIVEC=  1.00  RMD=  2.79  混凝土柱 矩形截面
 柱顶弯矩调整系数： 1.00   柱底弯矩调整系数： 1.00     柱剪力调整系数： 1.40
 ( 51)Nu=    -183. Uc=  0.106 Rs=  1.96(%) Rsv=  0.80(%) Asc=  201.0
 ( 84)N=     -87. Mx=   -100. My=     24. Asxt=   402. Asxt0=   323.
 ( 16)N=    -163. Mx=     -3. My=     55. Asyt=  1177. Asyt0=  1177.
 ( 84)N=     -87. Mx=    -82. My=     10. Asxb=   402. Asxb0=   250.
 ( 16)N=    -163. Mx=     -2. My=     33. Asyb=   645. Asyb0=   645.
 ( 43)N=    -165. Vx=    30. Vy=   -86. Ts=     0. Asvx=    89. Asvx0=    12.
 ( 43)N=    -165. Vx=    30. Vy=   -86. Ts=     0. Asvy=    89. Asvy0=    54.
 抗剪承载力: CB_XF=    57.4  CB_YF=   100.4
 ( 42)N=      0. Vjx=  -172. Asvjx=    71.
 ( 42)N=      0. Vjy=  -240. Asvjy=    71.
 
  剪压比（组合号）：JYBx( 41)=0.027    JYBy( 43)=0.054
 ----------------------------------------------------------------------------
 N-C=   4 ( 1)B*H(mm)=  200*  600
 Cover= 20(mm) Cx= 1.25 Cy= 1.25 Lc=  3.10(m) Nfc= 1 Rcc= 30.0 Fy=  360. Fyv=  360.
 RLIVEC=  1.00  RMD=  2.79  混凝土柱 矩形截面
 柱顶弯矩调整系数： 1.00   柱底弯矩调整系数： 1.00     柱剪力调整系数： 1.40
 ( 43)Nu=    -132. Uc=  0.077 Rs=  0.96(%) Rsv=  0.80(%) Asc=  201.0
 ( 16)N=     -94. Mx=    111. My=      0. Asxt=   481. Asxt0=   481.
 ( 10)N=      12. Mx=     -4. My=     20. Asyt=   499. Asyt0=   499.
 ( 35)N=     -24. Mx=     65. My=     -8. Asxb=   444. Asxb0=   242.
 ( 10)N=      12. Mx=    -17. My=     19. Asyb=   528. Asyb0=   466.
 ( 35)N=     -24. Vx=    -8. Vy=   -82. Ts=     0. Asvx=    89. Asvx0=    12.
 ( 35)N=     -24. Vx=    -8. Vy=   -82. Ts=     0. Asvy=    89. Asvy0=    55.
 抗剪承载力: CB_XF=   101.9  CB_YF=    26.1
 ( 51)N=      0. Vjx=  -105. Asvjx=    71.
 ( 49)N=      0. Vjy=   254. Asvjy=    71.
 
  剪压比（组合号）：JYBx( 44)=0.017    JYBy( 49)=0.051
 ----------------------------------------------------------------------------

 ==============================================================================
 |                              墙配筋和验算输出                              |
 ==============================================================================
 N-WC=   1 (I= 33921 J= 33923) B*H*Lwc(m)= 0.20*  1.50*  3.10
 aa= 200(mm) Nfw= 1 Rcw= 30.0 Fy=  360. Fyv=  360. Fyw=  360. Rwv= 0.30
 RLIVE=  1.00  混凝土墙
      Nu=    -126. Uc=  0.029
 ( 52)M=    158.  V=     95.  Rmdw=   1.276
 ( 34)M=     172. N=     -47.  As=    38.
 (  1)V=      37. N=    -136. Ash=   50.0 Rsh=  0.25
 抗剪承载力: WS_XF =     0.0 WS_YF =   342.9
 
  剪压比（组合号）：JYB( 52)=0.033
 ----------------------------------------------------------------------------
 N-WC=   2 (I= 33942 J= 33952) B*H*Lwc(m)= 0.20*  2.80*  3.10
 aa= 200(mm) Nfw= 1 Rcw= 30.0 Fy=  360. Fyv=  360. Fyw=  360. Rwv= 0.30
 RLIVE=  1.00  混凝土墙
      Nu=    -220. Uc=  0.027
 ( 34)M=    317.  V=    149.  Rmdw=   0.819
 (  1)M=    -194. N=    -239.  As=     0.
 (  1)V=     -63. N=    -239. Ash=   50.0 Rsh=  0.25
 抗剪承载力: WS_XF =   661.6 WS_YF =     0.0
 
  剪压比（组合号）：JYB( 34)=0.026
 ----------------------------------------------------------------------------
 N-WC=   3 (I= 33921 J= 33935) B*H*Lwc(m)= 0.20*  2.55*  3.10
 aa= 200(mm) Nfw= 1 Rcw= 30.0 Fy=  360. Fyv=  360. Fyw=  360. Rwv= 0.30
 RLIVE=  1.00  混凝土墙
      Nu=    -150. Uc=  0.021
 ( 37)M=    227.  V=    163.  Rmdw=   0.592
 (  1)M=     115. N=    -168.  As=     0.
 (  1)V=      80. N=    -168. Ash=   50.0 Rsh=  0.25
 抗剪承载力: WS_XF =   597.3 WS_YF =     0.0
 
  剪压比（组合号）：JYB( 37)=0.032
 ----------------------------------------------------------------------------
 N-WC=   4 (I= 33947 J= 33948) B*H*Lwc(m)= 0.20*  0.50*  3.10
 aa=  40(mm) Nfw= 1 Rcw= 30.0 Fy=  360. Fyv=  360. Fyw=  360. Rwv= 0.30
 RLIVE=  1.00  混凝土墙 短肢墙
      Nu=     -50. Uc=  0.035
 ( 58)M=     83.  V=     42.  Rmdw=   4.258
 ( 52)M=     100. N=     -41.  As=   398.
 ( 58)V=      59. N=     -41. Ash=   50.0 Rsh=  0.25
 抗剪承载力: WS_XF =     0.0 WS_YF =    93.9
 
  剪压比（组合号）：JYB( 58)=0.045
 ----------------------------------------------------------------------------
 N-WC=   5 (I= 33951 J= 33952) B*H*Lwc(m)= 0.20*  1.10*  3.10
 aa= 200(mm) Nfw= 1 Rcw= 30.0 Fy=  360. Fyv=  360. Fyw=  360. Rwv= 0.30
 RLIVE=  1.00  混凝土墙
      Nu=     -78. Uc=  0.025
 ( 53)M=    139.  V=     76.  Rmdw=   2.027
 ( 41)M=    -161. N=     -19.  As=   389.
 (  1)V=     -52. N=     -89. Ash=   50.0 Rsh=  0.25
 抗剪承载力: WS_XF =     0.0 WS_YF =   199.7
 
  剪压比（组合号）：JYB( 53)=0.038
 ----------------------------------------------------------------------------
 N-WC=   6 (I= 33946 J= 33947) B*H*Lwc(m)= 0.20*  0.80*  3.10
 aa=  40(mm) Nfw= 1 Rcw= 30.0 Fy=  360. Fyv=  360. Fyw=  360. Rwv= 0.30
 RLIVE=  1.00  混凝土墙 短肢墙
      Nu=     -99. Uc=  0.043
 ( 27)M=     87.  V=    100.  Rmdw=   1.147
 ( 28)M=    -234. N=     -74.  As=   472.
 ( 49)V=    -135. N=     -68. Ash=   50.0 Rsh=  0.25
 抗剪承载力: WS_XF =   193.3 WS_YF =     0.0
 
  剪压比（组合号）：JYB( 27)=0.064
 ----------------------------------------------------------------------------

 ==============================================================================
 |                              梁配筋和验算输出                              |
 ==============================================================================
 N-B=   1 (I= 33928, J= 33934) ( 1)B*H(mm)=  200*  550
 Lb=  1.20 Cover= 20 Nfb= 5 Rcb= 30.0 Fy=  360. Fyv=  360.
  调幅系数：1.00  扭矩折减系数：0.40  刚度系数：1.00
  梁属性：混凝土梁 非框架梁 不调幅梁
  梁地震组合剪力调整系数： 1.00
            -I-     -1-     -2-     -3-     -4-     -5-     -6-     -7-     -J-
-M(kNm)     -2.     -1.      0.      0.      0.      0.     -1.     -1.     -2.
LoadCase  ( 15)   ( 15)   ( 66)   (  0)   (  0)   ( 73)   ( 73)   ( 24)   ( 16)
Top Ast    220.    220.    220.      0.      0.    220.    220.    220.    220.
% Steel    0.20    0.20    0.20    0.00    0.00    0.20    0.20    0.20    0.20
+M(kNm)      0.      0.      1.      1.      1.      1.      1.      1.      2.
LoadCase  ( 73)   ( 73)   (  0)   (  0)   ( 15)   ( 15)   ( 15)   (  3)   ( 66)
Btm Ast    220.    220.    220.    220.    220.    220.    220.    220.    220.
% Steel    0.20    0.20    0.20    0.20    0.20    0.20    0.20    0.20    0.20
Shear        7.      6.      5.      4.      3.     -3.     -4.     -5.     -6.
LoadCase  ( 15)   ( 15)   ( 15)   ( 15)   ( 15)   ( 16)   ( 16)   ( 16)   ( 16)
 Asv        16.     16.     16.     16.     16.     16.     16.     16.     16.
 Rsv       0.08    0.08    0.08    0.08    0.08    0.08    0.08    0.08    0.08
剪压比    0.005   0.004   0.004   0.003   0.002   0.002   0.003   0.004   0.004
LoadCase  ( 15)   ( 15)   ( 15)   ( 15)   ( 15)   ( 16)   ( 16)   ( 16)   ( 16)
Tmax/Shear( 15)=    0.7/     7.  Astt=    0.  Astv=  16.2  Ast1=   0.0
  非加密区箍筋面积(1.5H处) Asvm=     16.
 ---------------------------------------------------------------------------
 N-B=   2 (I= 33928, J= 33929) ( 1)B*H(mm)=  200*  550
 Lb=  1.00 Cover= 20 Nfb= 5 Rcb= 30.0 Fy=  360. Fyv=  360.
  调幅系数：1.00  扭矩折减系数：0.40  刚度系数：1.00
  梁属性：混凝土梁 非框架梁 不调幅梁
  梁地震组合剪力调整系数： 1.00
            -I-     -1-     -2-     -3-     -4-     -5-     -6-     -7-     -J-
-M(kNm)     -2.     -3.     -4.     -5.     -6.     -8.     -9.    -11.    -12.
LoadCase  ( 15)   ( 15)   ( 15)   ( 15)   ( 15)   ( 15)   ( 15)   ( 15)   ( 15)
Top Ast    220.    220.    220.    220.    220.    220.    220.    220.    220.
% Steel    0.20    0.20    0.20    0.20    0.20    0.20    0.20    0.20    0.20
+M(kNm)      0.      0.      0.      0.      0.      0.      0.      0.      0.
LoadCase  (  0)   (  0)   (  0)   (  0)   (  0)   (  0)   (  0)   (  0)   (  0)
Btm Ast    220.    220.    220.    220.    220.    220.    220.    220.    220.
% Steel    0.20    0.20    0.20    0.20    0.20    0.20    0.20    0.20    0.20
Shear       -7.     -8.     -8.     -9.    -11.    -12.    -13.    -14.    -14.
LoadCase  ( 15)   ( 15)   ( 15)   ( 15)   ( 15)   ( 15)   ( 15)   ( 15)   ( 15)
 Asv        16.     16.     16.     16.     16.     16.     16.     16.     16.
 Rsv       0.08    0.08    0.08    0.08    0.08    0.08    0.08    0.08    0.08
剪压比    0.005   0.005   0.006   0.007   0.007   0.008   0.009   0.009   0.010
LoadCase  ( 15)   ( 15)   ( 15)   ( 15)   ( 15)   ( 15)   ( 15)   ( 15)   ( 15)
Tmax/Shear( 15)=    0.8/   -14.  Astt=    0.  Astv=  16.2  Ast1=   0.0
  非加密区箍筋面积(1.5H处) Asvm=     16.
 ---------------------------------------------------------------------------
 N-B=   3 (I= 33934, J= 33935) ( 1)B*H(mm)=  200*  550
 Lb=  1.00 Cover= 20 Nfb= 5 Rcb= 30.0 Fy=  360. Fyv=  360.
  调幅系数：1.00  扭矩折减系数：0.40  刚度系数：1.00
  梁属性：混凝土梁 非框架梁 不调幅梁
  梁地震组合剪力调整系数： 1.00
            -I-     -1-     -2-     -3-     -4-     -5-     -6-     -7-     -J-
-M(kNm)      0.     -1.     -1.     -2.     -3.     -5.     -6.     -8.     -9.
LoadCase  (  0)   ( 67)   (  4)   (  4)   ( 16)   ( 16)   ( 16)   ( 16)   ( 16)
Top Ast      0.    220.    220.    220.    220.    220.    220.    220.    220.
% Steel    0.00    0.20    0.20    0.20    0.20    0.20    0.20    0.20    0.20
+M(kNm)      2.      2.      1.      1.      1.      0.      0.      0.      0.
LoadCase  ( 15)   ( 15)   ( 23)   ( 60)   ( 60)   (  0)   (  0)   (  0)   (  0)
Btm Ast    220.    220.    220.    220.    220.    220.    220.    220.    220.
% Steel    0.20    0.20    0.20    0.20    0.20    0.20    0.20    0.20    0.20
Shear       -6.     -7.     -7.     -8.    -10.    -11.    -12.    -12.    -13.
LoadCase  ( 16)   ( 16)   ( 16)   ( 16)   ( 16)   ( 16)   ( 16)   ( 16)   ( 16)
 Asv        16.     16.     16.     16.     16.     16.     16.     16.     16.
 Rsv       0.08    0.08    0.08    0.08    0.08    0.08    0.08    0.08    0.08
剪压比    0.004   0.005   0.005   0.006   0.007   0.007   0.008   0.009   0.009
LoadCase  ( 16)   ( 16)   ( 16)   ( 16)   ( 16)   ( 16)   ( 16)   ( 16)   ( 16)
Tmax/Shear( 16)=    0.8/   -13.  Astt=    0.  Astv=  16.2  Ast1=   0.0
  非加密区箍筋面积(1.5H处) Asvm=     16.
 ---------------------------------------------------------------------------
 N-B=   4 (I= 33935, J= 33936) ( 1)B*H(mm)=  200*  550
 Lb=  0.60 Cover= 20 Nfb= 5 Rcb= 30.0 Fy=  360. Fyv=  360.
  调幅系数：1.00  扭矩折减系数：0.40  刚度系数：1.00
  梁属性：混凝土梁 框架梁 不调幅梁
  梁地震组合剪力调整系数： 1.00
            -I-     -1-     -2-     -3-     -4-     -5-     -6-     -7-     -J-
-M(kNm)    -34.    -30.    -27.    -23.    -20.    -16.    -13.     -9.     -6.
LoadCase  ( 16)   ( 16)   ( 16)   ( 16)   ( 16)   ( 16)   ( 16)   ( 16)   ( 16)
Top Ast    220.    220.    220.    220.    220.    220.    220.    220.    220.
% Steel    0.20    0.20    0.20    0.20    0.20    0.20    0.20    0.20    0.20
+M(kNm)      1.      2.      2.      3.      3.      4.      4.      4.      4.
LoadCase  ( 59)   ( 59)   ( 59)   ( 59)   ( 59)   ( 59)   ( 59)   ( 59)   (  7)
Btm Ast    220.    220.    220.    220.    220.    220.    220.    220.    220.
% Steel    0.20    0.20    0.20    0.20    0.20    0.20    0.20    0.20    0.20
Shear       50.     49.     48.     48.     47.     46.     45.     45.     44.
LoadCase  ( 16)   ( 16)   ( 16)   ( 16)   ( 16)   ( 16)   ( 16)   ( 16)   ( 16)
 Asv        16.     16.     16.     16.     16.     16.     16.     16.     16.
 Rsv       0.08    0.08    0.08    0.08    0.08    0.08    0.08    0.08    0.08
剪压比    0.034   0.034   0.033   0.033   0.032   0.032   0.031   0.031   0.030
LoadCase  ( 16)   ( 16)   ( 16)   ( 16)   ( 16)   ( 16)   ( 16)   ( 16)   ( 16)
Tmax/Shear( 16)=   13.9/    50.  Astt=  363.  Astv=  56.8  Ast1=  28.4
  非加密区箍筋面积(1.5H处) Asvm=     57.
 ---------------------------------------------------------------------------
 N-B=   5 (I= 33929, J= 33930) ( 1)B*H(mm)=  200*  550
 Lb=  1.50 Cover= 20 Nfb= 1 Rcb= 30.0 Fy=  360. Fyv=  360.
  调幅系数：1.00  扭矩折减系数：0.40  刚度系数：1.47
  梁属性：混凝土梁 框架梁 不调幅梁
  梁地震组合剪力调整系数： 1.30
            -I-     -1-     -2-     -3-     -4-     -5-     -6-     -7-     -J-
-M(kNm)    -52.    -40.    -29.    -27.    -19.    -13.     -8.     -3.      0.
LoadCase  ( 16)   ( 18)   ( 18)   ( 52)   ( 52)   ( 84)   ( 84)   ( 84)   (  0)
Top Ast    440.    330.    330.    330.    330.    330.    330.    330.      0.
% Steel    0.40    0.30    0.30    0.30    0.30    0.30    0.30    0.30    0.00
+M(kNm)      0.      1.      2.      3.     11.     19.     27.     30.     40.
LoadCase  (  0)   (  0)   (  0)   ( 75)   ( 75)   ( 43)   ( 43)   ( 16)   ( 16)
Btm Ast    440.    330.    330.    330.    330.    330.    330.    330.    330.
% Steel    0.40    0.30    0.30    0.30    0.30    0.30    0.30    0.30    0.30
Shear       72.     70.     68.     65.     61.     57.     54.     52.     51.
LoadCase  ( 42)   ( 16)   ( 16)   ( 16)   ( 16)   ( 16)   ( 16)   ( 16)   ( 16)
 Asv        24.     24.     24.     24.     24.     24.     24.     24.     24.
 Rsv       0.12    0.12    0.12    0.12    0.12    0.12    0.12    0.12    0.12
剪压比    0.050   0.046   0.045   0.043   0.040   0.038   0.036   0.035   0.034
LoadCase  ( 42)   ( 42)   ( 42)   ( 42)   ( 42)   ( 42)   ( 42)   ( 42)   ( 42)
Tmax/Shear( 16)=    5.6/    72.  Astt=   43.  Astv=  22.3  Ast1=   3.4
  非加密区箍筋面积(2.0H处) Asvm=     24.
 ---------------------------------------------------------------------------
 N-B=   6 (I= 33936, J= 33937) ( 1)B*H(mm)=  200*  550
 Lb=  1.50 Cover= 20 Nfb= 5 Rcb= 30.0 Fy=  360. Fyv=  360.
  调幅系数：1.00  扭矩折减系数：0.40  刚度系数：1.10
  梁属性：混凝土梁 非框架梁 不调幅梁
  梁地震组合剪力调整系数： 1.00
            -I-     -1-     -2-     -3-     -4-     -5-     -6-     -7-     -J-
-M(kNm)    -35.    -26.    -25.    -20.    -15.    -12.    -10.     -7.     -5.
LoadCase  ( 16)   ( 16)   ( 36)   ( 36)   ( 28)   ( 60)   ( 60)   ( 60)   ( 66)
Top Ast    220.    220.    220.    220.    220.    220.    220.    220.    220.
% Steel    0.20    0.20    0.20    0.20    0.20    0.20    0.20    0.20    0.20
+M(kNm)      0.      1.      2.      6.      9.     12.     16.     16.     22.
LoadCase  (  0)   (  0)   ( 59)   ( 59)   ( 67)   ( 35)   ( 35)   ( 16)   ( 16)
Btm Ast    220.    220.    220.    220.    220.    220.    220.    220.    220.
% Steel    0.20    0.20    0.20    0.20    0.20    0.20    0.20    0.20    0.20
Shear       44.     43.     42.     40.     38.     35.     33.     32.     31.
LoadCase  ( 16)   ( 16)   ( 16)   ( 16)   ( 16)   ( 16)   ( 16)   ( 16)   ( 16)
 Asv        16.     16.     16.     16.     16.     16.     16.     16.     16.
 Rsv       0.08    0.08    0.08    0.08    0.08    0.08    0.08    0.08    0.08
剪压比    0.030   0.030   0.029   0.027   0.026   0.024   0.023   0.022   0.021
LoadCase  ( 16)   ( 16)   ( 16)   ( 16)   ( 16)   ( 16)   ( 16)   ( 16)   ( 16)
Tmax/Shear( 16)=    2.4/    44.  Astt=    0.  Astv=  16.2  Ast1=   0.0
  非加密区箍筋面积(1.5H处) Asvm=     16.
 ---------------------------------------------------------------------------
 N-B=   7 (I= 33923, J= 33930) ( 1)B*H(mm)=  200*  550
 Lb=  1.35 Cover= 20 Nfb= 1 Rcb= 30.0 Fy=  360. Fyv=  360.
  调幅系数：0.85  扭矩折减系数：0.40  刚度系数：1.41
  梁属性：混凝土梁 框架梁 调幅梁
  梁地震组合剪力调整系数： 1.30
            -I-     -1-     -2-     -3-     -4-     -5-     -6-     -7-     -J-
-M(kNm)    -14.     -7.     -2.      0.      0.      0.      0.      0.      0.
LoadCase  ( 18)   ( 16)   ( 24)   (  0)   (  0)   (  0)   (  0)   (  0)   (  0)
Top Ast    440.    330.    330.      0.      0.      0.      0.      0.      0.
% Steel    0.40    0.30    0.30    0.00    0.00    0.00    0.00    0.00    0.00
+M(kNm)      0.      4.     14.     25.     36.     46.     55.     64.     73.
LoadCase  (  0)   (  7)   (  3)   (  3)   (  3)   (  3)   (  3)   (  3)   (  3)
Btm Ast    440.    330.    330.    330.    330.    330.    330.    368.    421.
% Steel    0.40    0.30    0.30    0.30    0.30    0.30    0.31    0.36    0.42
Shear       70.     66.     64.     62.     58.     55.     53.     51.     50.
LoadCase  ( 34)   ( 15)   ( 15)   ( 15)   ( 15)   ( 15)   ( 15)   ( 15)   ( 15)
 Asv        24.     24.     24.     24.     24.     24.     24.     24.     24.
 Rsv       0.12    0.12    0.12    0.12    0.12    0.12    0.12    0.12    0.12
剪压比    0.048   0.044   0.043   0.041   0.039   0.038   0.036   0.035   0.034
LoadCase  ( 34)   ( 34)   ( 34)   ( 34)   ( 34)   ( 34)   ( 34)   ( 34)   ( 34)
Tmax/Shear( 15)=    5.2/    67.  Astt=   27.  Astv=  22.3  Ast1=   2.1
  非加密区箍筋面积(2.0H处) Asvm=     24.
 ---------------------------------------------------------------------------
 N-B=   8 (I= 33930, J= 33937) ( 1)B*H(mm)=  200*  550
 Lb=  1.80 Cover= 20 Nfb= 1 Rcb= 30.0 Fy=  360. Fyv=  360.
  调幅系数：0.85  扭矩折减系数：0.40  刚度系数：1.58
  梁属性：混凝土梁 框架梁 调幅梁
  梁地震组合剪力调整系数： 1.30
            -I-     -1-     -2-     -3-     -4-     -5-     -6-     -7-     -J-
-M(kNm)      0.      0.      0.      0.      0.      0.      0.      0.      0.
LoadCase  (  0)   (  0)   (  0)   (  0)   (  0)   (  0)   (  0)   (  0)   (  0)
Top Ast      0.      0.      0.      0.      0.      0.      0.      0.      0.
% Steel    0.00    0.00    0.00    0.00    0.00    0.00    0.00    0.00    0.00
+M(kNm)     70.     76.     82.     87.     90.     93.     94.     94.     94.
LoadCase  (  3)   (  3)   ( 15)   ( 15)   ( 15)   ( 15)   ( 15)   ( 15)   ( 15)
Btm Ast    404.    443.    477.    507.    530.    545.    553.    555.    551.
% Steel    0.40    0.44    0.47    0.50    0.52    0.54    0.54    0.55    0.54
Shear       37.     34.     30.     25.     19.     14.     10.      6.     -7.
LoadCase  ( 16)   ( 16)   ( 16)   ( 16)   ( 16)   ( 16)   ( 41)   ( 41)   ( 34)
 Asv        24.     24.     24.     24.     24.     24.     24.     24.     24.
 Rsv       0.12    0.12    0.12    0.12    0.12    0.12    0.12    0.12    0.12
剪压比    0.026   0.022   0.019   0.016   0.013   0.010   0.007   0.004   0.005
LoadCase  ( 16)   ( 41)   ( 41)   ( 41)   ( 41)   ( 41)   ( 41)   ( 41)   ( 34)
Tmax/Shear( 16)=    4.6/    37.  Astt=    0.  Astv=  22.3  Ast1=   0.0
  非加密区箍筋面积(2.0H处) Asvm=     24.
 ---------------------------------------------------------------------------
 N-B=   9 (I= 33937, J= 33938) ( 1)B*H(mm)=  200*  550
 Lb=  1.50 Cover= 20 Nfb= 1 Rcb= 30.0 Fy=  360. Fyv=  360.
  调幅系数：0.85  扭矩折减系数：0.40  刚度系数：1.10
  梁属性：混凝土梁 框架梁 调幅梁
  梁地震组合剪力调整系数： 1.30
            -I-     -1-     -2-     -3-     -4-     -5-     -6-     -7-     -J-
-M(kNm)      0.      0.      0.      0.      0.      0.      0.      0.      0.
LoadCase  (  0)   (  0)   (  0)   (  0)   (  0)   (  0)   (  0)   (  0)   (  0)
Top Ast      0.      0.      0.      0.      0.      0.      0.      0.      0.
% Steel    0.00    0.00    0.00    0.00    0.00    0.00    0.00    0.00    0.00
+M(kNm)     97.     97.     96.     94.     92.     90.     88.     89.     92.
LoadCase  ( 15)   ( 15)   ( 15)   ( 15)   ( 15)   ( 15)   ( 14)   ( 16)   ( 16)
Btm Ast    572.    569.    562.    553.    540.    525.    511.    523.    540.
% Steel    0.56    0.56    0.55    0.54    0.53    0.52    0.50    0.52    0.53
Shear       35.     32.     30.     27.     25.     22.    -23.    -26.    -28.
LoadCase  ( 41)   ( 41)   ( 41)   ( 41)   ( 41)   ( 41)   ( 34)   ( 34)   ( 34)
 Asv        24.     24.     24.     24.     24.     24.     24.     24.     24.
 Rsv       0.12    0.12    0.12    0.12    0.12    0.12    0.12    0.12    0.12
剪压比    0.024   0.022   0.020   0.019   0.017   0.015   0.016   0.018   0.019
LoadCase  ( 41)   ( 41)   ( 41)   ( 41)   ( 41)   ( 41)   ( 34)   ( 34)   ( 34)
Tmax/Shear( 16)=    4.0/    33.  Astt=    0.  Astv=  22.3  Ast1=   0.0
  非加密区箍筋面积(2.0H处) Asvm=     24.
 ---------------------------------------------------------------------------
 N-B=  10 (I= 33938, J= 33946) ( 1)B*H(mm)=  200*  550
 Lb=  2.00 Cover= 20 Nfb= 1 Rcb= 30.0 Fy=  360. Fyv=  360.
  调幅系数：0.85  扭矩折减系数：0.40  刚度系数：1.24
  梁属性：混凝土梁 框架梁 调幅梁
  梁地震组合剪力调整系数： 1.30
            -I-     -1-     -2-     -3-     -4-     -5-     -6-     -7-     -J-
-M(kNm)      0.      0.      0.     -7.    -25.    -51.    -79.   -108.   -138.
LoadCase  (  0)   (  0)   (  0)   ( 66)   (  7)   (  3)   (  3)   ( 15)   ( 15)
Top Ast      0.      0.      0.    330.    330.    330.    459.    643.    825.
% Steel    0.00    0.00    0.00    0.30    0.30    0.30    0.45    0.63    0.81
+M(kNm)     91.     77.     63.     48.     32.     26.     15.      3.      0.
LoadCase  ( 16)   ( 16)   ( 16)   ( 16)   ( 16)   ( 73)   ( 73)   ( 73)   (  0)
Btm Ast    531.    447.    360.    330.    330.    330.    330.    330.    440.
% Steel    0.52    0.44    0.35    0.30    0.30    0.30    0.30    0.30    0.40
Shear      -96.    -99.   -102.   -104.   -107.   -110.   -113.   -116.   -127.
LoadCase  ( 34)   ( 34)   ( 34)   ( 34)   ( 34)   ( 34)   ( 34)   ( 34)   ( 34)
 Asv        24.     24.     24.     24.     24.     24.     24.     24.     25.
 Rsv       0.12    0.12    0.12    0.12    0.12    0.12    0.12    0.12    0.13
剪压比    0.066   0.068   0.070   0.072   0.074   0.076   0.078   0.080   0.087
LoadCase  ( 34)   ( 34)   ( 34)   ( 34)   ( 34)   ( 34)   ( 34)   ( 34)   ( 34)
Tmax/Shear( 15)=    3.6/  -123.  Astt=   33.  Astv=  22.3  Ast1=   2.6
  非加密区箍筋面积(2.0H处) Asvm=     25.
 ---------------------------------------------------------------------------
 N-B=  11 (I= 33923, J= 33924) ( 1)B*H(mm)=  200*  550
 Lb=  3.34 Cover= 20 Nfb= 1 Rcb= 30.0 Fy=  360. Fyv=  360.
  调幅系数：0.85  扭矩折减系数：0.40  刚度系数：1.56
  梁属性：混凝土梁 框架梁 调幅梁
  梁地震组合剪力调整系数： 1.30
            -I-     -1-     -2-     -3-     -4-     -5-     -6-     -7-     -J-
-M(kNm)    -67.    -47.    -29.    -12.      0.      0.    -15.    -33.    -53.
LoadCase  ( 52)   ( 84)   ( 84)   ( 84)   (  0)   (  0)   ( 75)   ( 75)   ( 43)
Top Ast    440.    330.    330.    330.      0.      0.    330.    330.    440.
% Steel    0.40    0.30    0.30    0.30    0.00    0.00    0.30    0.30    0.40
+M(kNm)     56.     48.     40.     29.     14.     13.     28.     36.     44.
LoadCase  ( 75)   ( 43)   ( 43)   ( 43)   ( 17)   ( 18)   ( 52)   ( 52)   ( 84)
Btm Ast    440.    330.    330.    330.    330.    330.    330.    330.    440.
% Steel    0.40    0.30    0.30    0.30    0.30    0.30    0.30    0.30    0.40
Shear       60.     48.     43.     38.     33.    -37.    -42.    -47.    -59.
LoadCase  ( 52)   ( 52)   ( 52)   ( 52)   ( 52)   ( 43)   ( 43)   ( 43)   ( 43)
 Asv        24.     24.     24.     24.     24.     24.     24.     24.     24.
 Rsv       0.12    0.12    0.12    0.12    0.12    0.12    0.12    0.12    0.12
剪压比    0.042   0.033   0.030   0.026   0.023   0.026   0.029   0.032   0.041
LoadCase  ( 52)   ( 52)   ( 52)   ( 52)   ( 52)   ( 43)   ( 43)   ( 43)   ( 43)
Tmax/Shear( 18)=    2.7/    31.  Astt=    0.  Astv=  22.3  Ast1=   0.0
  非加密区箍筋面积(2.0H处) Asvm=     24.
 ---------------------------------------------------------------------------
 N-B=  12 (I= 33930, J= 33931) ( 1)B*H(mm)=  200*  550
 Lb=  3.50 Cover= 20 Nfb= 1 Rcb= 30.0 Fy=  360. Fyv=  360.
  调幅系数：1.00  扭矩折减系数：0.40  刚度系数：1.99
  梁属性：混凝土梁 框架梁 不调幅梁
  梁地震组合剪力调整系数： 1.30
            -I-     -1-     -2-     -3-     -4-     -5-     -6-     -7-     -J-
-M(kNm)     -4.      0.      0.      0.      0.      0.      0.      0.      0.
LoadCase  ( 66)   (  0)   (  0)   (  0)   (  0)   (  0)   (  0)   (  0)   (  0)
Top Ast    330.      0.      0.      0.      0.      0.      0.      0.      0.
% Steel    0.30    0.00    0.00    0.00    0.00    0.00    0.00    0.00    0.00
+M(kNm)     38.     54.     66.     74.     77.     73.     64.     50.     37.
LoadCase  ( 16)   ( 16)   ( 16)   ( 16)   ( 16)   ( 16)   ( 16)   ( 12)   ( 15)
Btm Ast    330.    330.    379.    428.    443.    421.    365.    330.    330.
% Steel    0.30    0.30    0.37    0.42    0.44    0.41    0.36    0.30    0.30
Shear       46.     42.     34.     23.     10.    -16.    -27.    -35.    -39.
LoadCase  ( 15)   ( 15)   ( 15)   ( 34)   ( 34)   ( 41)   ( 16)   ( 16)   ( 16)
 Asv        24.     24.     24.     24.     24.     24.     24.     24.     24.
 Rsv       0.12    0.12    0.12    0.12    0.12    0.12    0.12    0.12    0.12
剪压比    0.031   0.028   0.023   0.016   0.007   0.011   0.018   0.024   0.026
LoadCase  ( 34)   ( 34)   ( 34)   ( 34)   ( 34)   ( 41)   ( 41)   ( 41)   ( 41)
Tmax/Shear( 15)=    2.3/    46.  Astt=    0.  Astv=  23.9  Ast1=   0.0
  非加密区箍筋面积(2.0H处) Asvm=     24.
 ---------------------------------------------------------------------------
 N-B=  13 (I= 33938, J= 33939) ( 1)B*H(mm)=  200*  550
 Lb=  3.50 Cover= 20 Nfb= 1 Rcb= 30.0 Fy=  360. Fyv=  360.
  调幅系数：1.00  扭矩折减系数：0.40  刚度系数：1.99
  梁属性：混凝土梁 非框架梁 不调幅梁
  梁地震组合剪力调整系数： 1.30
            -I-     -1-     -2-     -3-     -4-     -5-     -6-     -7-     -J-
-M(kNm)    -11.      0.      0.      0.      0.      0.      0.      0.      0.
LoadCase  (  3)   (  0)   (  0)   (  0)   (  0)   (  0)   (  0)   (  0)   (  0)
Top Ast    330.      0.      0.      0.      0.      0.      0.      0.      0.
% Steel    0.30    0.00    0.00    0.00    0.00    0.00    0.00    0.00    0.00
+M(kNm)      4.     30.     55.     76.     91.     99.    100.     97.     91.
LoadCase  ( 74)   ( 16)   ( 16)   ( 12)   ( 14)   ( 11)   ( 15)   ( 15)   ( 15)
Btm Ast    330.    330.    330.    441.    532.    583.    591.    571.    533.
% Steel    0.30    0.30    0.31    0.43    0.52    0.57    0.58    0.56    0.53
Shear       73.     69.     60.     47.     29.     12.    -10.    -19.    -23.
LoadCase  ( 15)   ( 15)   ( 15)   ( 15)   ( 15)   (  3)   ( 16)   ( 16)   ( 16)
 Asv        24.     24.     24.     24.     24.     24.     24.     24.     24.
 Rsv       0.12    0.12    0.12    0.12    0.12    0.12    0.12    0.12    0.12
剪压比    0.051   0.048   0.042   0.032   0.019   0.008   0.007   0.012   0.015
LoadCase  ( 15)   ( 15)   ( 15)   ( 15)   ( 28)   ( 28)   ( 35)   ( 35)   ( 35)
Tmax/Shear( 15)=    0.6/    73.  Astt=    0.  Astv=  23.9  Ast1=   0.0
  非加密区箍筋面积(2.0H处) Asvm=     24.
 ---------------------------------------------------------------------------
 N-B=  14 (I= 33948, J= 33949) ( 1)B*H(mm)=  200*  550
 Lb=  2.84 Cover= 20 Nfb= 1 Rcb= 30.0 Fy=  360. Fyv=  360.
  调幅系数：0.85  扭矩折减系数：0.40  刚度系数：1.47
  梁属性：混凝土梁 框架梁 调幅梁
  梁地震组合剪力调整系数： 1.30
            -I-     -1-     -2-     -3-     -4-     -5-     -6-     -7-     -J-
-M(kNm)    -72.    -52.    -35.    -20.     -6.     -3.    -19.    -37.    -57.
LoadCase  ( 52)   ( 52)   ( 84)   ( 84)   ( 84)   ( 81)   ( 49)   ( 49)   ( 49)
Top Ast    440.    330.    330.    330.    330.    330.    330.    330.    440.
% Steel    0.40    0.30    0.30    0.30    0.30    0.30    0.30    0.30    0.40
+M(kNm)     54.     45.     36.     24.     12.      7.     18.     27.     35.
LoadCase  ( 75)   ( 75)   ( 43)   ( 43)   ( 43)   (  0)   ( 90)   ( 90)   ( 90)
Btm Ast    440.    330.    330.    330.    330.    330.    330.    330.    440.
% Steel    0.40    0.30    0.30    0.30    0.30    0.30    0.30    0.30    0.40
Shear       68.     52.     47.     42.    -39.    -44.    -49.    -54.    -70.
LoadCase  ( 52)   ( 52)   ( 52)   ( 52)   ( 43)   ( 43)   ( 43)   ( 43)   ( 43)
 Asv        24.     24.     24.     24.     24.     24.     24.     24.     24.
 Rsv       0.12    0.12    0.12    0.12    0.12    0.12    0.12    0.12    0.12
剪压比    0.047   0.036   0.032   0.029   0.027   0.030   0.033   0.037   0.048
LoadCase  ( 52)   ( 52)   ( 52)   ( 52)   ( 43)   ( 43)   ( 43)   ( 43)   ( 43)
Tmax/Shear( 17)=    3.8/   -34.  Astt=    0.  Astv=  22.3  Ast1=   0.0
  非加密区箍筋面积(2.0H处) Asvm=     24.
 ---------------------------------------------------------------------------
 N-B=  15 (I= 33924, J= 33931) ( 1)B*H(mm)=  200*  550
 Lb=  1.35 Cover= 20 Nfb= 1 Rcb= 30.0 Fy=  360. Fyv=  360.
  调幅系数：0.85  扭矩折减系数：0.40  刚度系数：1.41
  梁属性：混凝土梁 框架梁 调幅梁
  梁地震组合剪力调整系数： 1.30
            -I-     -1-     -2-     -3-     -4-     -5-     -6-     -7-     -J-
-M(kNm)    -67.    -43.    -18.      0.      0.      0.      0.      0.      0.
LoadCase  ( 16)   ( 16)   ( 16)   (  0)   (  0)   (  0)   (  0)   (  0)   (  0)
Top Ast    440.    330.    330.      0.      0.      0.      0.      0.      0.
% Steel    0.40    0.30    0.30    0.00    0.00    0.00    0.00    0.00    0.00
+M(kNm)      0.      1.      6.     25.     45.     65.     85.    106.    127.
LoadCase  (  0)   (  0)   (  7)   (  3)   (  3)   ( 15)   ( 15)   ( 17)   ( 17)
Btm Ast    440.    330.    330.    330.    330.    374.    497.    630.    770.
% Steel    0.40    0.30    0.30    0.30    0.30    0.37    0.49    0.62    0.76
Shear      137.    134.    132.    130.    127.    124.    122.    121.    120.
LoadCase  ( 41)   ( 41)   ( 41)   ( 41)   ( 41)   ( 41)   ( 41)   ( 41)   ( 41)
 Asv        31.     29.     28.     27.     26.     24.     24.     24.     24.
 Rsv       0.15    0.14    0.14    0.14    0.13    0.12    0.12    0.12    0.12
剪压比    0.101   0.100   0.099   0.098   0.095   0.093   0.092   0.090   0.090
LoadCase  ( 16)   ( 16)   ( 16)   ( 16)   ( 16)   ( 16)   ( 16)   ( 16)   ( 16)
Tmax/Shear( 16)=    0.4/   147.  Astt=    0.  Astv=  24.6  Ast1=   0.0
  非加密区箍筋面积(2.0H处) Asvm=     31.
 ---------------------------------------------------------------------------
 N-B=  16 (I= 33931, J= 33939) ( 1)B*H(mm)=  200*  550
 Lb=  3.30 Cover= 20 Nfb= 1 Rcb= 30.0 Fy=  360. Fyv=  360.
  调幅系数：0.85  扭矩折减系数：0.40  刚度系数：1.96
  梁属性：混凝土梁 框架梁 调幅梁
  梁地震组合剪力调整系数： 1.30
            -I-     -1-     -2-     -3-     -4-     -5-     -6-     -7-     -J-
-M(kNm)      0.      0.      0.      0.      0.      0.      0.      0.      0.
LoadCase  (  0)   (  0)   (  0)   (  0)   (  0)   (  0)   (  0)   (  0)   (  0)
Top Ast      0.      0.      0.      0.      0.      0.      0.      0.      0.
% Steel    0.00    0.00    0.00    0.00    0.00    0.00    0.00    0.00    0.00
+M(kNm)    119.    145.    168.    188.    202.    210.    212.    210.    205.
LoadCase  ( 17)   ( 17)   ( 13)   ( 13)   ( 12)   ( 12)   ( 12)   ( 12)   ( 12)
Btm Ast    718.    889.   1059.   1300.   1427.   1502.   1521.   1500.   1456.
% Steel    0.71    0.88    1.04    1.35    1.48    1.56    1.58    1.55    1.51
Shear       69.     65.     57.     45.     29.     14.     -8.    -15.    -18.
LoadCase  ( 18)   ( 18)   ( 18)   ( 18)   ( 18)   ( 58)   ( 49)   ( 49)   ( 49)
 Asv        24.     24.     24.     24.     24.     24.     24.     24.     24.
 Rsv       0.12    0.12    0.12    0.12    0.12    0.12    0.12    0.12    0.12
剪压比    0.045   0.043   0.038   0.030   0.020   0.010   0.005   0.010   0.013
LoadCase  ( 58)   ( 58)   ( 58)   ( 58)   ( 58)   ( 58)   ( 49)   ( 49)   ( 49)
Tmax/Shear( 18)=    0.5/    69.  Astt=    0.  Astv=  23.9  Ast1=   0.0
  非加密区箍筋面积(2.0H处) Asvm=     24.
 ---------------------------------------------------------------------------
 N-B=  17 (I= 33939, J= 33949) ( 1)B*H(mm)=  200*  550
 Lb=  2.80 Cover= 20 Nfb= 1 Rcb= 30.0 Fy=  360. Fyv=  360.
  调幅系数：0.85  扭矩折减系数：0.40  刚度系数：1.85
  梁属性：混凝土梁 框架梁 调幅梁
  梁地震组合剪力调整系数： 1.30
            -I-     -1-     -2-     -3-     -4-     -5-     -6-     -7-     -J-
-M(kNm)      0.      0.      0.      0.      0.      0.      0.    -19.    -61.
LoadCase  (  0)   (  0)   (  0)   (  0)   (  0)   (  0)   (  0)   ( 15)   ( 15)
Top Ast      0.      0.      0.      0.      0.      0.      0.    330.    440.
% Steel    0.00    0.00    0.00    0.00    0.00    0.00    0.00    0.30    0.40
+M(kNm)    208.    187.    165.    140.    111.     78.     41.      5.      0.
LoadCase  ( 12)   ( 16)   ( 16)   ( 16)   ( 16)   ( 16)   ( 16)   (  0)   (  0)
Btm Ast   1484.   1296.   1035.    857.    664.    454.    330.    330.    440.
% Steel    1.54    1.34    1.02    0.84    0.65    0.45    0.30    0.30    0.40
Shear      -61.    -64.    -70.    -73.    -85.    -96.   -104.   -110.   -113.
LoadCase  ( 11)   ( 11)   ( 11)   ( 52)   ( 52)   ( 52)   ( 52)   ( 52)   ( 52)
 Asv        24.     24.     24.     24.     24.     24.     24.     24.     24.
 Rsv       0.12    0.12    0.12    0.12    0.12    0.12    0.12    0.12    0.12
剪压比    0.042   0.044   0.048   0.055   0.063   0.072   0.078   0.083   0.085
LoadCase  ( 11)   ( 11)   ( 11)   ( 11)   ( 11)   ( 11)   ( 11)   ( 11)   ( 11)
Tmax/Shear( 11)=    0.4/  -123.  Astt=    0.  Astv=  23.9  Ast1=   0.0
  非加密区箍筋面积(2.0H处) Asvm=     24.
 ---------------------------------------------------------------------------
 N-B=  18 (I= 33924, J= 33925) ( 1)B*H(mm)=  200*  550
 Lb=  2.37 Cover= 20 Nfb= 1 Rcb= 30.0 Fy=  360. Fyv=  360.
  调幅系数：0.85  扭矩折减系数：0.40  刚度系数：1.41
  梁属性：混凝土梁 框架梁 调幅梁
  梁地震组合剪力调整系数： 1.30
            -I-     -1-     -2-     -3-     -4-     -5-     -6-     -7-     -J-
-M(kNm)    -37.    -26.    -15.     -7.     -5.     -7.    -16.    -26.    -37.
LoadCase  ( 52)   ( 52)   ( 90)   ( 10)   ( 10)   ( 83)   ( 83)   ( 51)   ( 51)
Top Ast    440.    330.    330.    330.    330.    330.    330.    330.    440.
% Steel    0.40    0.30    0.30    0.30    0.30    0.30    0.30    0.30    0.40
+M(kNm)     29.     24.     14.     14.     13.     11.     20.     25.     29.
LoadCase  ( 75)   ( 75)   ( 17)   ( 17)   ( 17)   (  5)   ( 44)   ( 76)   ( 76)
Btm Ast    440.    330.    330.    330.    330.    330.    330.    330.    440.
% Steel    0.40    0.30    0.30    0.30    0.30    0.30    0.30    0.30    0.40
Shear       47.     37.     34.     30.     27.    -30.    -34.    -37.    -47.
LoadCase  ( 52)   ( 52)   ( 52)   ( 52)   ( 52)   ( 43)   ( 43)   ( 43)   ( 43)
 Asv        24.     24.     24.     24.     24.     24.     24.     24.     24.
 Rsv       0.12    0.12    0.12    0.12    0.12    0.12    0.12    0.12    0.12
剪压比    0.032   0.026   0.024   0.021   0.018   0.021   0.023   0.026   0.032
LoadCase  ( 52)   ( 52)   ( 52)   ( 52)   ( 52)   ( 43)   ( 43)   ( 43)   ( 43)
Tmax/Shear( 17)=    1.7/   -19.  Astt=    0.  Astv=  23.9  Ast1=   0.0
  非加密区箍筋面积(2.0H处) Asvm=     24.
 ---------------------------------------------------------------------------
 N-B=  19 (I= 33931, J= 33932) ( 1)B*H(mm)=  200*  550
 Lb=  2.70 Cover= 20 Nfb= 1 Rcb= 30.0 Fy=  360. Fyv=  360.
  调幅系数：1.00  扭矩折减系数：0.40  刚度系数：1.83
  梁属性：混凝土梁 框架梁 不调幅梁
  梁地震组合剪力调整系数： 1.30
            -I-     -1-     -2-     -3-     -4-     -5-     -6-     -7-     -J-
-M(kNm)      0.      0.      0.      0.      0.      0.      0.      0.      0.
LoadCase  (  0)   (  0)   (  0)   (  0)   (  0)   (  0)   (  0)   (  0)   (  0)
Top Ast      0.      0.      0.      0.      0.      0.      0.      0.      0.
% Steel    0.00    0.00    0.00    0.00    0.00    0.00    0.00    0.00    0.00
+M(kNm)     38.     46.     54.     60.     62.     62.     59.     53.     46.
LoadCase  ( 15)   ( 17)   ( 17)   ( 17)   ( 17)   ( 17)   ( 17)   ( 17)   ( 17)
Btm Ast    330.    330.    330.    341.    357.    354.    334.    330.    330.
% Steel    0.30    0.30    0.30    0.34    0.35    0.35    0.33    0.30    0.30
Shear       29.     26.     20.     12.     -9.    -18.    -26.    -32.    -34.
LoadCase  ( 17)   ( 17)   ( 17)   ( 17)   ( 18)   ( 18)   ( 18)   ( 18)   ( 18)
 Asv        24.     24.     24.     24.     24.     24.     24.     24.     24.
 Rsv       0.12    0.12    0.12    0.12    0.12    0.12    0.12    0.12    0.12
剪压比    0.020   0.018   0.014   0.009   0.006   0.013   0.018   0.022   0.024
LoadCase  ( 17)   ( 17)   ( 17)   ( 17)   ( 18)   ( 18)   ( 18)   ( 18)   ( 18)
Tmax/Shear( 18)=    1.4/   -34.  Astt=    0.  Astv=  23.9  Ast1=   0.0
  非加密区箍筋面积(2.0H处) Asvm=     24.
 ---------------------------------------------------------------------------
 N-B=  20 (I= 33939, J= 33940) ( 1)B*H(mm)=  200*  550
 Lb=  2.70 Cover= 20 Nfb= 1 Rcb= 30.0 Fy=  360. Fyv=  360.
  调幅系数：1.00  扭矩折减系数：0.40  刚度系数：1.83
  梁属性：混凝土梁 非框架梁 不调幅梁
  梁地震组合剪力调整系数： 1.30
            -I-     -1-     -2-     -3-     -4-     -5-     -6-     -7-     -J-
-M(kNm)      0.      0.      0.      0.      0.      0.      0.      0.      0.
LoadCase  (  0)   (  0)   (  0)   (  0)   (  0)   (  0)   (  0)   (  0)   (  0)
Top Ast      0.      0.      0.      0.      0.      0.      0.      0.      0.
% Steel    0.00    0.00    0.00    0.00    0.00    0.00    0.00    0.00    0.00
+M(kNm)     90.     99.    107.    112.    115.    113.    108.    100.     91.
LoadCase  ( 15)   ( 15)   ( 15)   ( 15)   ( 15)   ( 15)   ( 15)   ( 15)   ( 15)
Btm Ast    525.    584.    635.    671.    686.    674.    641.    592.    536.
% Steel    0.52    0.58    0.63    0.66    0.68    0.66    0.63    0.58    0.53
Shear       30.     27.     22.     14.     -8.    -18.    -26.    -31.    -34.
LoadCase  ( 52)   ( 52)   ( 52)   ( 52)   ( 43)   ( 43)   ( 43)   ( 17)   ( 17)
 Asv        24.     24.     24.     24.     24.     24.     24.     24.     24.
 Rsv       0.12    0.12    0.12    0.12    0.12    0.12    0.12    0.12    0.12
剪压比    0.020   0.019   0.015   0.010   0.005   0.012   0.018   0.021   0.023
LoadCase  ( 52)   ( 52)   ( 52)   ( 52)   ( 43)   ( 43)   ( 43)   ( 43)   ( 43)
Tmax/Shear( 17)=    0.9/   -34.  Astt=    0.  Astv=  23.9  Ast1=   0.0
  非加密区箍筋面积(2.0H处) Asvm=     24.
 ---------------------------------------------------------------------------
 N-B=  21 (I= 33949, J= 33950) ( 1)B*H(mm)=  200*  550
 Lb=  2.54 Cover= 20 Nfb= 1 Rcb= 30.0 Fy=  360. Fyv=  360.
  调幅系数：0.85  扭矩折减系数：0.40  刚度系数：1.41
  梁属性：混凝土梁 框架梁 调幅梁
  梁地震组合剪力调整系数： 1.30
            -I-     -1-     -2-     -3-     -4-     -5-     -6-     -7-     -J-
-M(kNm)    -69.    -48.    -27.    -10.      0.      0.      0.      0.      0.
LoadCase  ( 52)   ( 52)   ( 84)   ( 84)   (  0)   (  0)   (  0)   (  0)   (  0)
Top Ast    440.    330.    330.    330.      0.      0.      0.      0.      0.
% Steel    0.40    0.30    0.30    0.30    0.00    0.00    0.00    0.00    0.00
+M(kNm)     22.     26.     29.     34.     30.     37.     45.     52.     58.
LoadCase  ( 75)   ( 75)   ( 43)   ( 43)   ( 17)   ( 17)   ( 16)   ( 16)   ( 16)
Btm Ast    440.    330.    330.    330.    330.    330.    330.    330.    332.
% Steel    0.40    0.30    0.30    0.30    0.30    0.30    0.30    0.30    0.33
Shear       76.     67.     64.     59.     54.     48.     43.     40.     38.
LoadCase  ( 52)   ( 52)   ( 52)   ( 52)   ( 52)   ( 52)   ( 52)   ( 52)   ( 52)
 Asv        24.     24.     24.     24.     24.     24.     24.     24.     24.
 Rsv       0.12    0.12    0.12    0.12    0.12    0.12    0.12    0.12    0.12
剪压比    0.052   0.046   0.044   0.041   0.037   0.033   0.030   0.028   0.026
LoadCase  ( 52)   ( 52)   ( 52)   ( 52)   ( 52)   ( 52)   ( 52)   ( 52)   ( 52)
Tmax/Shear( 18)=    1.4/    55.  Astt=    0.  Astv=  23.9  Ast1=   0.0
  非加密区箍筋面积(2.0H处) Asvm=     24.
 ---------------------------------------------------------------------------
 N-B=  22 (I= 33925, J= 33932) ( 1)B*H(mm)=  200*  550
 Lb=  1.35 Cover= 20 Nfb= 1 Rcb= 30.0 Fy=  360. Fyv=  360.
  调幅系数：1.00  扭矩折减系数：0.40  刚度系数：1.41
  梁属性：混凝土梁 框架梁 不调幅梁
  梁地震组合剪力调整系数： 1.30
            -I-     -1-     -2-     -3-     -4-     -5-     -6-     -7-     -J-
-M(kNm)    -63.    -45.    -26.     -9.      0.      0.      0.      0.      0.
LoadCase  ( 16)   ( 16)   ( 16)   ( 24)   (  0)   (  0)   (  0)   (  0)   (  0)
Top Ast    440.    330.    330.    330.      0.      0.      0.      0.      0.
% Steel    0.40    0.30    0.30    0.30    0.00    0.00    0.00    0.00    0.00
+M(kNm)      0.      1.      4.     17.     31.     45.     58.     75.     91.
LoadCase  (  0)   (  0)   (  7)   (  3)   (  3)   (  3)   (  6)   ( 18)   ( 18)
Btm Ast    440.    330.    330.    330.    330.    330.    333.    434.    536.
% Steel    0.40    0.30    0.30    0.30    0.30    0.30    0.33    0.43    0.53
Shear      109.    105.    103.    101.     98.     95.     93.     92.     91.
LoadCase  ( 51)   ( 51)   ( 51)   ( 51)   ( 51)   ( 51)   ( 51)   ( 51)   ( 51)
 Asv        24.     24.     24.     24.     24.     24.     24.     24.     24.
 Rsv       0.12    0.12    0.12    0.12    0.12    0.12    0.12    0.12    0.12
剪压比    0.075   0.077   0.076   0.075   0.072   0.070   0.069   0.067   0.067
LoadCase  ( 51)   ( 18)   ( 18)   ( 18)   ( 18)   ( 18)   ( 18)   ( 18)   ( 18)
Tmax/Shear( 18)=    3.1/   113.  Astt=   19.  Astv=  22.3  Ast1=   1.5
  非加密区箍筋面积(2.0H处) Asvm=     24.
 ---------------------------------------------------------------------------
 N-B=  23 (I= 33932, J= 33940) ( 1)B*H(mm)=  200*  550
 Lb=  3.30 Cover= 20 Nfb= 1 Rcb= 30.0 Fy=  360. Fyv=  360.
  调幅系数：1.00  扭矩折减系数：0.40  刚度系数：1.96
  梁属性：混凝土梁 框架梁 不调幅梁
  梁地震组合剪力调整系数： 1.30
            -I-     -1-     -2-     -3-     -4-     -5-     -6-     -7-     -J-
-M(kNm)      0.      0.      0.      0.      0.      0.      0.      0.      0.
LoadCase  (  0)   (  0)   (  0)   (  0)   (  0)   (  0)   (  0)   (  0)   (  0)
Top Ast      0.      0.      0.      0.      0.      0.      0.      0.      0.
% Steel    0.00    0.00    0.00    0.00    0.00    0.00    0.00    0.00    0.00
+M(kNm)     84.    103.    121.    137.    149.    155.    156.    151.    145.
LoadCase  ( 18)   ( 18)   ( 18)   ( 16)   ( 16)   ( 16)   ( 16)   ( 16)   ( 16)
Btm Ast    487.    613.    727.    835.    921.    965.    967.    938.    891.
% Steel    0.48    0.60    0.72    0.82    0.91    0.95    0.95    0.92    0.88
Shear       62.     58.     50.     37.     22.     -9.    -21.    -29.    -32.
LoadCase  ( 16)   ( 16)   ( 16)   ( 16)   ( 16)   ( 28)   ( 28)   ( 15)   ( 15)
 Asv        24.     24.     24.     24.     24.     24.     24.     24.     24.
 Rsv       0.12    0.12    0.12    0.12    0.12    0.12    0.12    0.12    0.12
剪压比    0.043   0.040   0.032   0.024   0.015   0.006   0.014   0.019   0.022
LoadCase  ( 16)   ( 16)   ( 35)   ( 35)   ( 35)   ( 28)   ( 28)   ( 28)   ( 28)
Tmax/Shear( 16)=    1.7/    62.  Astt=    0.  Astv=  23.9  Ast1=   0.0
  非加密区箍筋面积(2.0H处) Asvm=     24.
 ---------------------------------------------------------------------------
 N-B=  24 (I= 33940, J= 33950) ( 1)B*H(mm)=  200*  550
 Lb=  2.80 Cover= 20 Nfb= 1 Rcb= 30.0 Fy=  360. Fyv=  360.
  调幅系数：1.00  扭矩折减系数：0.40  刚度系数：1.85
  梁属性：混凝土梁 框架梁 不调幅梁
  梁地震组合剪力调整系数： 1.30
            -I-     -1-     -2-     -3-     -4-     -5-     -6-     -7-     -J-
-M(kNm)      0.      0.      0.      0.      0.      0.      0.      0.     -9.
LoadCase  (  0)   (  0)   (  0)   (  0)   (  0)   (  0)   (  0)   (  0)   ( 15)
Top Ast      0.      0.      0.      0.      0.      0.      0.      0.    330.
% Steel    0.00    0.00    0.00    0.00    0.00    0.00    0.00    0.00    0.30
+M(kNm)    140.    131.    120.    106.     90.     70.     47.     21.      0.
LoadCase  ( 16)   ( 16)   ( 16)   ( 16)   ( 16)   ( 16)   ( 16)   ( 16)   (  0)
Btm Ast    860.    795.    721.    632.    525.    401.    330.    330.    330.
% Steel    0.85    0.78    0.71    0.62    0.52    0.40    0.30    0.30    0.30
Shear      -26.    -29.    -35.    -43.    -52.    -62.    -70.    -76.    -73.
LoadCase  ( 16)   ( 16)   ( 16)   ( 16)   ( 16)   ( 16)   ( 16)   ( 16)   ( 41)
 Asv        24.     24.     24.     24.     24.     24.     24.     24.     24.
 Rsv       0.12    0.12    0.12    0.12    0.12    0.12    0.12    0.12    0.12
剪压比    0.017   0.019   0.023   0.030   0.036   0.043   0.048   0.052   0.054
LoadCase  ( 41)   ( 41)   ( 41)   ( 16)   ( 16)   ( 16)   ( 16)   ( 16)   ( 16)
Tmax/Shear( 16)=    2.8/   -79.  Astt=    0.  Astv=  22.3  Ast1=   0.0
  非加密区箍筋面积(2.0H处) Asvm=     24.
 ---------------------------------------------------------------------------
 N-B=  25 (I= 33940, J= 33941) ( 1)B*H(mm)=  200*  550
 Lb=  1.30 Cover= 20 Nfb= 1 Rcb= 30.0 Fy=  360. Fyv=  360.
  调幅系数：1.00  扭矩折减系数：0.40  刚度系数：1.38
  梁属性：混凝土梁 非框架梁 不调幅梁
  梁地震组合剪力调整系数： 1.30
            -I-     -1-     -2-     -3-     -4-     -5-     -6-     -7-     -J-
-M(kNm)      0.      0.      0.      0.      0.      0.      0.      0.      0.
LoadCase  (  0)   (  0)   (  0)   (  0)   (  0)   (  0)   (  0)   (  0)   (  0)
Top Ast      0.      0.      0.      0.      0.      0.      0.      0.      0.
% Steel    0.00    0.00    0.00    0.00    0.00    0.00    0.00    0.00    0.00
+M(kNm)    102.     94.     86.     77.     69.     59.     50.     40.     31.
LoadCase  ( 15)   ( 15)   ( 15)   ( 15)   ( 15)   ( 15)   ( 18)   ( 18)   (  6)
Btm Ast    602.    552.    502.    449.    394.    337.    330.    330.    330.
% Steel    0.59    0.54    0.49    0.44    0.39    0.33    0.30    0.30    0.30
Shear      -47.    -49.    -51.    -54.    -57.    -60.    -62.    -65.    -67.
LoadCase  ( 15)   ( 15)   ( 15)   ( 15)   ( 15)   ( 15)   ( 15)   ( 15)   ( 15)
 Asv        24.     24.     24.     24.     24.     24.     24.     24.     24.
 Rsv       0.12    0.12    0.12    0.12    0.12    0.12    0.12    0.12    0.12
剪压比    0.031   0.032   0.034   0.036   0.038   0.039   0.041   0.043   0.044
LoadCase  ( 28)   ( 28)   ( 28)   ( 28)   ( 28)   ( 28)   ( 28)   ( 28)   ( 28)
Tmax/Shear( 15)=    1.1/   -67.  Astt=    0.  Astv=  23.9  Ast1=   0.0
  非加密区箍筋面积(2.0H处) Asvm=     24.
 ---------------------------------------------------------------------------
 N-B=  26 (I= 33950, J= 33951) ( 1)B*H(mm)=  200*  550
 Lb=  1.30 Cover= 20 Nfb= 1 Rcb= 30.0 Fy=  360. Fyv=  360.
  调幅系数：0.85  扭矩折减系数：0.40  刚度系数：1.03
  梁属性：混凝土梁 框架梁 调幅梁
  梁地震组合剪力调整系数： 1.30
            -I-     -1-     -2-     -3-     -4-     -5-     -6-     -7-     -J-
-M(kNm)      0.      0.     -2.    -13.    -25.    -37.    -50.    -64.    -78.
LoadCase  (  0)   (  0)   ( 75)   ( 75)   ( 75)   ( 75)   ( 43)   ( 43)   ( 43)
Top Ast      0.      0.    330.    330.    330.    330.    330.    330.    440.
% Steel    0.00    0.00    0.30    0.30    0.30    0.30    0.30    0.30    0.40
+M(kNm)     53.     44.     52.     47.     43.     37.     33.     29.     25.
LoadCase  ( 16)   ( 18)   ( 52)   ( 52)   ( 52)   ( 52)   ( 84)   ( 84)   ( 84)
Btm Ast    330.    330.    330.    330.    330.    330.    330.    330.    440.
% Steel    0.30    0.30    0.30    0.30    0.30    0.30    0.30    0.30    0.40
Shear      -77.    -78.    -79.    -80.    -82.    -84.    -85.    -86.    -94.
LoadCase  ( 43)   ( 43)   ( 43)   ( 43)   ( 43)   ( 43)   ( 43)   ( 43)   ( 43)
 Asv        24.     24.     24.     24.     24.     24.     24.     24.     24.
 Rsv       0.12    0.12    0.12    0.12    0.12    0.12    0.12    0.12    0.12
剪压比    0.053   0.054   0.054   0.055   0.056   0.058   0.058   0.059   0.065
LoadCase  ( 43)   ( 43)   ( 43)   ( 43)   ( 43)   ( 43)   ( 43)   ( 43)   ( 43)
Tmax/Shear( 17)=    4.8/   -76.  Astt=   27.  Astv=  22.3  Ast1=   2.1
  非加密区箍筋面积(2.0H处) Asvm=     24.
 ---------------------------------------------------------------------------
 N-B=  27 (I= 33925, J= 33926) ( 1)B*H(mm)=  200*  550
 Lb=  2.24 Cover= 20 Nfb= 1 Rcb= 30.0 Fy=  360. Fyv=  360.
  调幅系数：0.85  扭矩折减系数：0.40  刚度系数：1.34
  梁属性：混凝土梁 框架梁 调幅梁
  梁地震组合剪力调整系数： 1.30
            -I-     -1-     -2-     -3-     -4-     -5-     -6-     -7-     -J-
-M(kNm)    -75.    -58.    -43.    -47.    -38.    -30.    -24.    -22.    -17.
LoadCase  ( 18)   ( 18)   ( 26)   ( 89)   ( 89)   ( 89)   ( 81)   ( 81)   (  9)
Top Ast    448.    332.    330.    330.    330.    330.    330.    330.    440.
% Steel    0.44    0.33    0.30    0.30    0.30    0.30    0.30    0.30    0.40
+M(kNm)     61.     54.     46.     57.     52.     47.     41.     39.     34.
LoadCase  (  9)   (  9)   (  5)   ( 50)   ( 50)   ( 50)   ( 58)   ( 58)   ( 18)
Btm Ast    440.    330.    330.    330.    330.    330.    330.    330.    440.
% Steel    0.40    0.30    0.30    0.30    0.30    0.30    0.30    0.30    0.40
Shear       76.     61.     59.     56.     52.     49.     45.    -46.    -61.
LoadCase  ( 51)   ( 51)   ( 51)   ( 51)   ( 51)   ( 51)   ( 51)   ( 44)   ( 44)
 Asv        24.     24.     24.     24.     24.     24.     24.     24.     24.
 Rsv       0.12    0.12    0.12    0.12    0.12    0.12    0.12    0.12    0.12
剪压比    0.053   0.042   0.041   0.038   0.036   0.034   0.031   0.032   0.042
LoadCase  ( 51)   ( 51)   ( 51)   ( 51)   ( 51)   ( 51)   ( 51)   ( 44)   ( 44)
Tmax/Shear( 18)=    4.8/    61.  Astt=   10.  Astv=  22.3  Ast1=   0.8
  非加密区箍筋面积(2.0H处) Asvm=     24.
 ---------------------------------------------------------------------------
 N-B=  28 (I= 33932, J= 33933) ( 1)B*H(mm)=  200*  550
 Lb=  2.40 Cover= 20 Nfb= 1 Rcb= 30.0 Fy=  360. Fyv=  360.
  调幅系数：1.00  扭矩折减系数：0.40  刚度系数：1.76
  梁属性：混凝土梁 框架梁 不调幅梁
  梁地震组合剪力调整系数： 1.30
            -I-     -1-     -2-     -3-     -4-     -5-     -6-     -7-     -J-
-M(kNm)      0.      0.      0.      0.      0.      0.      0.      0.     -8.
LoadCase  (  0)   (  0)   (  0)   (  0)   (  0)   (  0)   (  0)   ( 85)   ( 16)
Top Ast      0.      0.      0.      0.      0.      0.      0.      0.    330.
% Steel    0.00    0.00    0.00    0.00    0.00    0.00    0.00    0.00    0.30
+M(kNm)     52.     51.     48.     44.     38.     29.     19.      6.      0.
LoadCase  ( 17)   ( 17)   ( 17)   ( 17)   ( 17)   ( 17)   ( 17)   (  5)   (  0)
Btm Ast    330.    330.    330.    330.    330.    330.    330.    330.    330.
% Steel    0.30    0.30    0.30    0.30    0.30    0.30    0.30    0.30    0.30
Shear       13.     10.    -11.    -17.    -25.    -33.    -39.    -44.    -46.
LoadCase  ( 18)   ( 18)   (  5)   ( 17)   ( 17)   ( 17)   ( 17)   ( 17)   ( 17)
 Asv        24.     24.     24.     24.     24.     24.     24.     24.     24.
 Rsv       0.12    0.12    0.12    0.12    0.12    0.12    0.12    0.12    0.12
剪压比    0.009   0.007   0.007   0.011   0.017   0.022   0.027   0.030   0.032
LoadCase  ( 18)   ( 52)   ( 43)   ( 43)   ( 17)   ( 17)   ( 17)   ( 17)   ( 17)
Tmax/Shear( 17)=    4.5/   -46.  Astt=    0.  Astv=  22.3  Ast1=   0.0
  非加密区箍筋面积(2.0H处) Asvm=     24.
 ---------------------------------------------------------------------------
 N-B=  29 (I= 33941, J= 33943) ( 1)B*H(mm)=  200*  400
 Lb=  0.80 Cover= 20 Nfb= 5 Rcb= 30.0 Fy=  360. Fyv=  360.
  调幅系数：1.00  扭矩折减系数：0.40  刚度系数：1.14
  梁属性：混凝土梁 非框架梁 不调幅梁
  梁地震组合剪力调整系数： 1.00
            -I-     -1-     -2-     -3-     -4-     -5-     -6-     -7-     -J-
-M(kNm)      0.      0.      0.     -1.     -2.     -3.     -4.     -6.     -8.
LoadCase  (  0)   (  0)   (  0)   ( 84)   ( 66)   ( 66)   (  7)   (  3)   (  3)
Top Ast      0.      0.      0.    160.    160.    160.    160.    160.    160.
% Steel    0.00    0.00    0.00    0.20    0.20    0.20    0.20    0.20    0.20
+M(kNm)     10.      9.      8.      7.      6.      5.      4.      3.      3.
LoadCase  ( 17)   ( 16)   ( 16)   ( 16)   ( 16)   ( 16)   ( 16)   ( 24)   ( 67)
Btm Ast    160.    160.    160.    160.    160.    160.    160.    160.    160.
% Steel    0.20    0.20    0.20    0.20    0.20    0.20    0.20    0.20    0.20
Shear      -12.    -13.    -14.    -15.    -17.    -18.    -19.    -20.    -21.
LoadCase  ( 15)   ( 15)   ( 15)   ( 15)   ( 15)   ( 15)   ( 15)   ( 15)   ( 15)
 Asv        19.     19.     19.     19.     19.     19.     19.     19.     19.
 Rsv       0.09    0.09    0.09    0.09    0.09    0.09    0.09    0.09    0.09
剪压比    0.012   0.013   0.014   0.015   0.016   0.018   0.019   0.020   0.021
LoadCase  ( 15)   ( 15)   ( 15)   ( 15)   ( 15)   ( 15)   ( 15)   ( 15)   ( 15)
Tmax/Shear( 15)=    2.1/   -21.  Astt=    0.  Astv=  22.3  Ast1=   0.0
  非加密区箍筋面积(1.5H处) Asvm=     22.
 ---------------------------------------------------------------------------
 N-B=  30 (I= 33943, J= 33951) ( 1)B*H(mm)=  200*  400
 Lb=  2.00 Cover= 20 Nfb= 5 Rcb= 30.0 Fy=  360. Fyv=  360.
  调幅系数：1.00  扭矩折减系数：0.40  刚度系数：1.67
  梁属性：混凝土梁 非框架梁 不调幅梁
  梁地震组合剪力调整系数： 1.00
            -I-     -1-     -2-     -3-     -4-     -5-     -6-     -7-     -J-
-M(kNm)     -2.      0.      0.      0.      0.      0.      0.     -3.     -6.
LoadCase  ( 60)   (  0)   (  0)   (  0)   (  0)   (  0)   ( 60)   ( 28)   ( 17)
Top Ast    160.      0.      0.      0.      0.      0.    160.    160.    160.
% Steel    0.20    0.00    0.00    0.00    0.00    0.00    0.20    0.20    0.20
+M(kNm)      6.      8.      9.      9.      8.      7.      4.      1.      0.
LoadCase  ( 16)   ( 16)   ( 16)   ( 16)   ( 16)   ( 16)   ( 16)   (  0)   (  0)
Btm Ast    160.    160.    160.    160.    160.    160.    160.    160.    160.
% Steel    0.20    0.20    0.20    0.20    0.20    0.20    0.20    0.20    0.20
Shear       12.      9.      6.      2.     -5.     -9.    -13.    -17.    -19.
LoadCase  ( 15)   ( 15)   ( 15)   ( 15)   ( 16)   ( 16)   ( 16)   ( 16)   ( 16)
 Asv        19.     19.     19.     19.     19.     19.     19.     19.     19.
 Rsv       0.09    0.09    0.09    0.09    0.09    0.09    0.09    0.09    0.09
剪压比    0.011   0.009   0.005   0.002   0.005   0.009   0.013   0.016   0.019
LoadCase  ( 15)   ( 15)   ( 15)   ( 15)   ( 16)   ( 16)   ( 16)   ( 16)   ( 16)
Tmax/Shear( 16)=    3.0/   -19.  Astt=    0.  Astv=  22.3  Ast1=   0.0
  非加密区箍筋面积(1.5H处) Asvm=     22.
 ---------------------------------------------------------------------------
 N-B=  31 (I= 33941, J= 33942) ( 1)B*H(mm)=  200*  550
 Lb=  1.10 Cover= 20 Nfb= 1 Rcb= 30.0 Fy=  360. Fyv=  360.
  调幅系数：1.00  扭矩折减系数：0.40  刚度系数：1.29
  梁属性：混凝土梁 非框架梁 不调幅梁
  梁地震组合剪力调整系数： 1.30
            -I-     -1-     -2-     -3-     -4-     -5-     -6-     -7-     -J-
-M(kNm)      0.      0.      0.      0.     -5.    -12.    -17.    -26.    -36.
LoadCase  (  0)   (  0)   (  0)   (  0)   ( 60)   ( 28)   ( 15)   ( 15)   ( 15)
Top Ast      0.      0.      0.      0.    330.    330.    330.    330.    440.
% Steel    0.00    0.00    0.00    0.00    0.30    0.30    0.30    0.30    0.40
+M(kNm)     35.     27.     20.     16.     10.      4.      1.      0.      0.
LoadCase  (  6)   (  6)   (  6)   ( 35)   ( 35)   ( 67)   (  0)   (  0)   (  0)
Btm Ast    330.    330.    330.    330.    330.    330.    330.    330.    440.
% Steel    0.30    0.30    0.30    0.30    0.30    0.30    0.30    0.30    0.40
Shear      -55.    -56.    -58.    -60.    -63.    -65.    -67.    -69.    -71.
LoadCase  ( 15)   ( 15)   ( 15)   ( 15)   ( 15)   ( 15)   ( 15)   ( 15)   ( 15)
 Asv        24.     24.     24.     24.     24.     24.     24.     24.     24.
 Rsv       0.12    0.12    0.12    0.12    0.12    0.12    0.12    0.12    0.12
剪压比    0.036   0.037   0.038   0.040   0.041   0.042   0.044   0.045   0.048
LoadCase  ( 52)   ( 52)   ( 52)   ( 52)   ( 52)   ( 52)   ( 52)   ( 52)   ( 52)
Tmax/Shear( 15)=    3.4/   -71.  Astt=    0.  Astv=  22.3  Ast1=   0.0
  非加密区箍筋面积(2.0H处) Asvm=     24.
 ---------------------------------------------------------------------------
 N-B=  32 (I= 33943, J= 33944) ( 1)B*H(mm)=  200*  400
 Lb=  1.10 Cover= 20 Nfb= 5 Rcb= 30.0 Fy=  360. Fyv=  360.
  调幅系数：1.00  扭矩折减系数：0.40  刚度系数：1.32
  梁属性：混凝土梁 非框架梁 不调幅梁
  梁地震组合剪力调整系数： 1.00
            -I-     -1-     -2-     -3-     -4-     -5-     -6-     -7-     -J-
-M(kNm)      0.     -3.     -7.    -12.    -17.    -23.    -28.    -34.    -40.
LoadCase  (  0)   ( 49)   ( 15)   ( 15)   ( 15)   ( 15)   ( 15)   ( 15)   ( 15)
Top Ast      0.    160.    160.    160.    160.    182.    230.    280.    333.
% Steel    0.00    0.20    0.20    0.20    0.20    0.25    0.32    0.39    0.47
+M(kNm)      3.      1.      1.      1.      1.      1.      1.      0.      0.
LoadCase  ( 16)   ( 90)   (  0)   (  0)   (  0)   (  0)   (  0)   (  0)   (  0)
Btm Ast    160.    160.    160.    160.    160.    160.    160.    160.    160.
% Steel    0.20    0.20    0.20    0.20    0.20    0.20    0.20    0.20    0.20
Shear      -33.    -34.    -35.    -37.    -39.    -41.    -43.    -44.    -44.
LoadCase  ( 15)   ( 15)   ( 15)   ( 15)   ( 15)   ( 15)   ( 15)   ( 15)   ( 15)
 Asv        19.     19.     19.     19.     19.     19.     19.     19.     19.
 Rsv       0.09    0.09    0.09    0.09    0.09    0.09    0.09    0.09    0.09
剪压比    0.032   0.033   0.034   0.036   0.038   0.040   0.042   0.043   0.043
LoadCase  ( 15)   ( 15)   ( 15)   ( 15)   ( 15)   ( 15)   ( 15)   ( 15)   ( 15)
Tmax/Shear( 15)=    2.8/   -44.  Astt=    0.  Astv=  22.3  Ast1=   0.0
  非加密区箍筋面积(1.5H处) Asvm=     22.
 ---------------------------------------------------------------------------
 N-B=  33 (I= 33926, J= 33933) ( 1)B*H(mm)=  200*  550
 Lb=  1.19 Cover= 20 Nfb= 1 Rcb= 30.0 Fy=  360. Fyv=  360.
  调幅系数：0.85  扭矩折减系数：0.40  刚度系数：1.05
  梁属性：混凝土梁 框架梁 调幅梁
  梁地震组合剪力调整系数： 1.30
            -I-     -1-     -2-     -3-     -4-     -5-     -6-     -7-     -J-
-M(kNm)    -81.    -69.    -58.    -46.    -36.    -26.    -17.    -10.     -1.
LoadCase  ( 16)   ( 16)   ( 16)   ( 16)   ( 24)   ( 24)   ( 24)   ( 67)   ( 67)
Top Ast    486.    400.    330.    330.    330.    330.    330.    330.    330.
% Steel    0.48    0.39    0.32    0.30    0.30    0.30    0.30    0.30    0.30
+M(kNm)     32.     34.     36.     38.     41.     44.     46.     49.     51.
LoadCase  (  7)   (  7)   (  7)   (  7)   (  3)   (  3)   (  3)   (  3)   (  3)
Btm Ast    440.    330.    330.    330.    330.    330.    330.    330.    330.
% Steel    0.40    0.30    0.30    0.30    0.30    0.30    0.30    0.30    0.30
Shear       94.     83.     82.     81.     79.     78.     76.     75.     74.
LoadCase  ( 49)   ( 49)   ( 49)   ( 49)   ( 49)   ( 49)   ( 49)   ( 49)   ( 49)
 Asv        24.     24.     24.     24.     24.     24.     24.     24.     24.
 Rsv       0.12    0.12    0.12    0.12    0.12    0.12    0.12    0.12    0.12
剪压比    0.065   0.058   0.057   0.056   0.055   0.053   0.052   0.052   0.051
LoadCase  ( 49)   ( 49)   ( 49)   ( 49)   ( 49)   ( 49)   ( 49)   ( 49)   ( 49)
Tmax/Shear( 16)=    5.6/    81.  Astt=   53.  Astv=  22.3  Ast1=   4.1
  非加密区箍筋面积(2.0H处) Asvm=     24.
 ---------------------------------------------------------------------------
 N-B=  34 (I= 33933, J= 33942) ( 1)B*H(mm)=  200*  550
 Lb=  3.30 Cover= 20 Nfb= 1 Rcb= 30.0 Fy=  360. Fyv=  360.
  调幅系数：0.85  扭矩折减系数：0.40  刚度系数：1.52
  梁属性：混凝土梁 框架梁 调幅梁
  梁地震组合剪力调整系数： 1.30
            -I-     -1-     -2-     -3-     -4-     -5-     -6-     -7-     -J-
-M(kNm)      0.      0.      0.      0.      0.    -13.    -33.    -55.    -81.
LoadCase  (  0)   (  0)   (  0)   (  0)   (  0)   (  7)   (  7)   (  3)   (  3)
Top Ast      0.      0.      0.      0.      0.    330.    330.    330.    482.
% Steel    0.00    0.00    0.00    0.00    0.00    0.30    0.30    0.31    0.47
+M(kNm)     61.     52.     42.     49.     55.     58.     57.     55.     54.
LoadCase  (  3)   ( 15)   ( 13)   ( 16)   ( 16)   ( 16)   ( 16)   ( 24)   ( 24)
Btm Ast    347.    330.    330.    330.    330.    330.    330.    330.    440.
% Steel    0.34    0.30    0.30    0.30    0.31    0.32    0.32    0.31    0.40
Shear       36.     33.    -31.    -37.    -44.    -51.    -58.    -62.    -74.
LoadCase  ( 35)   ( 35)   ( 28)   ( 28)   ( 28)   ( 28)   ( 28)   ( 28)   ( 28)
 Asv        24.     24.     24.     24.     24.     24.     24.     24.     24.
 Rsv       0.12    0.12    0.12    0.12    0.12    0.12    0.12    0.12    0.12
剪压比    0.025   0.023   0.021   0.026   0.031   0.035   0.040   0.043   0.051
LoadCase  ( 35)   ( 35)   ( 28)   ( 28)   ( 28)   ( 28)   ( 28)   ( 28)   ( 28)
Tmax/Shear(  3)=    2.6/   -64.  Astt=    0.  Astv=  22.3  Ast1=   0.0
  非加密区箍筋面积(2.0H处) Asvm=     24.
 ---------------------------------------------------------------------------
