
     ----------------------------------------------------------------------
     |                                                                    |
     |                      SATWE 配筋、验算输出文件                      |
     |                       2019年12月13日16时21分                       |
     |                             WPJ53.OUT                              |
     |                                                                    |
     ----------------------------------------------------------------------
     |                                                                    |
     | 工程项目：                              设计人：                   |
     | 项目编号：          审核人：                  计算日期：2020/10/19 |
     ----------------------------------------------------------------------

          有关符号说明见第1层配筋、验算输出文件WPJ1.OUT

           ----------------------------------------------------------
           |                   第 53 层配筋、验算                   |
           ----------------------------------------------------------

 ==============================================================================
 |                              柱配筋和验算输出                              |
 ==============================================================================
 N-C=   1 ( 1)B*H(mm)=  200*  600
 Cover= 20(mm) Cx= 1.25 Cy= 1.25 Lc=  3.10(m) Nfc= 1 Rcc= 30.0 Fy=  360. Fyv=  360.
 RLIVEC=  1.00  RMD=  2.79  混凝土柱 矩形截面
 柱顶弯矩调整系数： 1.40   柱底弯矩调整系数： 1.40     柱剪力调整系数： 1.96
 ( 41)Nu=    -452. Uc=  0.263 Rs=  2.07(%) Rsv=  0.80(%) Asc=  201.0
 ( 90)N=    -324. Mx=    -94. My=     63. Asxt=   402. Asxt0=    77.
 ( 35)N=    -451. Mx=    -49. My=     81. Asyt=  1244. Asyt0=  1244.
 (  1)N=    -480. Mx=    -30. My=     21. Asxb=   444. Asxb0=     0.
 ( 35)N=    -451. Mx=    -57. My=     35. Asyb=   528. Asyb0=   341.
 ( 58)N=    -394. Vx=    47. Vy=    80. Ts=     1. Asvx=    89. Asvx0=     6.
 ( 58)N=    -394. Vx=    47. Vy=    80. Ts=     1. Asvy=    89. Asvy0=    34.
 抗剪承载力: CB_XF=    75.5  CB_YF=   154.1
 ( 41)N=   -181. Vjx=  -302. Asvjx=    94.
 ( 52)N=   -153. Vjy=  -296. Asvjy=    71.
 
  剪压比（组合号）：JYBx( 35)=0.039    JYBy( 52)=0.050
 ----------------------------------------------------------------------------
 N-C=   2 ( 1)B*H(mm)=  200*  600
 Cover= 20(mm) Cx= 1.25 Cy= 1.25 Lc=  3.10(m) Nfc= 1 Rcc= 30.0 Fy=  360. Fyv=  360.
 RLIVEC=  1.00  RMD=  2.79  混凝土柱 矩形截面
 柱顶弯矩调整系数： 1.40   柱底弯矩调整系数： 1.40     柱剪力调整系数： 1.96
 ( 49)Nu=    -487. Uc=  0.284 Rs=  1.68(%) Rsv=  0.80(%) Asc=  201.0
 ( 84)N=    -346. Mx=   -102. My=    -49. Asxt=   402. Asxt0=    95.
 ( 34)N=    -485. Mx=    -51. My=    -70. Asyt=  1008. Asyt0=  1008.
 (  1)N=    -517. Mx=      2. My=    -18. Asxb=   444. Asxb0=     0.
 ( 36)N=    -479. Mx=     19. My=    -26. Asyb=   528. Asyb0=   153.
 (  1)N=    -517. Vx=   -23. Vy=     5. Ts=     0. Asvx=    89. Asvx0=     0.
 ( 84)N=    -346. Vx=   -29. Vy=    63. Ts=     0. Asvy=    89. Asvy0=     4.
 抗剪承载力: CB_XF=    67.2  CB_YF=   158.8
 ( 34)N=   -200. Vjx=   273. Asvjx=    79.
 ( 52)N=   -174. Vjy=  -378. Asvjy=    71.
 
  剪压比（组合号）：JYBx( 28)=0.032    JYBy( 52)=0.040
 ----------------------------------------------------------------------------
 N-C=   3 ( 1)B*H(mm)=  200*  600
 Cover= 20(mm) Cx= 1.25 Cy= 1.25 Lc=  3.10(m) Nfc= 1 Rcc= 30.0 Fy=  360. Fyv=  360.
 RLIVEC=  1.00  RMD=  2.79  混凝土柱 矩形截面
 柱顶弯矩调整系数： 1.40   柱底弯矩调整系数： 1.40     柱剪力调整系数： 1.96
 ( 51)Nu=    -454. Uc=  0.265 Rs=  1.85(%) Rsv=  0.80(%) Asc=  201.0
 ( 52)N=    -286. Mx=   -132. My=     59. Asxt=   402. Asxt0=   276.
 ( 41)N=    -280. Mx=     27. My=     68. Asyt=  1111. Asyt0=  1111.
 ( 52)N=    -286. Mx=   -126. My=     26. Asxb=   444. Asxb0=   250.
 ( 35)N=    -282. Mx=    -61. My=     32. Asyb=   528. Asyb0=   421.
 ( 52)N=    -286. Vx=    38. Vy=   116. Ts=    -1. Asvx=    89. Asvx0=    22.
 ( 52)N=    -286. Vx=    38. Vy=   116. Ts=    -1. Asvy=    89. Asvy0=    89.
 抗剪承载力: CB_XF=    66.4  CB_YF=   143.5
 ( 41)N=   -107. Vjx=  -287. Asvjx=    88.
 ( 42)N=   -172. Vjy=  -312. Asvjy=    71.
 
  剪压比（组合号）：JYBx( 35)=0.034    JYBy( 52)=0.073
 ----------------------------------------------------------------------------
 N-C=   4 ( 1)B*H(mm)=  200*  600
 Cover= 20(mm) Cx= 1.25 Cy= 1.25 Lc=  3.10(m) Nfc= 1 Rcc= 30.0 Fy=  360. Fyv=  360.
 RLIVEC=  1.00  RMD=  2.79  混凝土柱 矩形截面
 柱顶弯矩调整系数： 1.40   柱底弯矩调整系数： 1.40     柱剪力调整系数： 1.96
 ( 43)Nu=    -344. Uc=  0.201 Rs=  0.95(%) Rsv=  0.80(%) Asc=  201.0
 ( 67)N=     -47. Mx=     82. My=     -9. Asxt=   439. Asxt0=   285.
 ( 84)N=      15. Mx=     -2. My=    -25. Asyt=   533. Asyt0=   533.
 ( 90)N=      14. Mx=    -45. My=    -21. Asxb=   444. Asxb0=   224.
 ( 10)N=      15. Mx=    -12. My=     20. Asyb=   528. Asyb0=   500.
 ( 49)N=    -343. Vx=    20. Vy=   -96. Ts=    -1. Asvx=    89. Asvx0=    10.
 ( 49)N=    -343. Vx=    20. Vy=   -96. Ts=    -1. Asvy=    89. Asvy0=    47.
 抗剪承载力: CB_XF=   115.7  CB_YF=    33.2
 ( 51)N=   -106. Vjx=  -140. Asvjx=    71.
 ( 35)N=    -24. Vjy=   341. Asvjy=    71.
 
  剪压比（组合号）：JYBx( 51)=0.023    JYBy( 49)=0.060
 ----------------------------------------------------------------------------

 ==============================================================================
 |                              墙配筋和验算输出                              |
 ==============================================================================
 N-WC=   1 (I= 33866 J= 33868) B*H*Lwc(m)= 0.20*  1.50*  3.10
 aa= 200(mm) Nfw= 1 Rcw= 30.0 Fy=  360. Fyv=  360. Fyw=  360. Rwv= 0.30
 该墙柱在地震组合下有受拉的情况，若该墙柱是双肢墙的其中一肢，请在前处理定义双肢墙，以让程序做相应的内力调整。
 RLIVE=  1.00  混凝土墙
      Nu=    -329. Uc=  0.077
 ( 47)M=    438.  V=    247.  Rmdw=   1.366
 ( 84)M=     467. N=      69.  As=   753.
 ( 88)V=     300. N=      58. Ash=   50.0 Rsh=  0.25
 抗剪承载力: WS_XF =     0.0 WS_YF =   354.8
 
  剪压比（组合号）：JYB( 47)=0.086
 ----------------------------------------------------------------------------
 N-WC=   2 (I= 33887 J= 33897) B*H*Lwc(m)= 0.20*  2.80*  3.10
 aa= 200(mm) Nfw= 1 Rcw= 30.0 Fy=  360. Fyv=  360. Fyw=  360. Rwv= 0.30
 RLIVE=  1.00  混凝土墙
      Nu=    -523. Uc=  0.065
 ( 34)M=    526.  V=    264.  Rmdw=   0.766
 (  1)M=    -148. N=    -575.  As=     0.
 (  1)V=     -42. N=    -575. Ash=   50.0 Rsh=  0.25
 抗剪承载力: WS_XF =   679.3 WS_YF =     0.0
 
  剪压比（组合号）：JYB( 34)=0.046
 ----------------------------------------------------------------------------
 N-WC=   3 (I= 33866 J= 33880) B*H*Lwc(m)= 0.20*  2.55*  3.10
 aa= 200(mm) Nfw= 1 Rcw= 30.0 Fy=  360. Fyv=  360. Fyw=  360. Rwv= 0.30
 该墙柱在地震组合下有受拉的情况，若该墙柱是双肢墙的其中一肢，请在前处理定义双肢墙，以让程序做相应的内力调整。
 RLIVE=  1.00  混凝土墙
      Nu=    -327. Uc=  0.045
 ( 41)M=    612.  V=    248.  Rmdw=   1.049
 ( 67)M=     740. N=      87.  As=   271.
 ( 41)V=     323. N=      53. Ash=   50.0 Rsh=  0.25
 抗剪承载力: WS_XF =   607.7 WS_YF =     0.0
 
  剪压比（组合号）：JYB( 41)=0.048
 ----------------------------------------------------------------------------
 N-WC=   4 (I= 33892 J= 33893) B*H*Lwc(m)= 0.20*  0.50*  3.10
 aa=  40(mm) Nfw= 1 Rcw= 30.0 Fy=  360. Fyv=  360. Fyw=  360. Rwv= 0.30
 该墙柱在地震组合下有受拉的情况，若该墙柱是双肢墙的其中一肢，请在前处理定义双肢墙，以让程序做相应的内力调整。
 RLIVE=  1.00  混凝土墙 短肢墙
      Nu=    -148. Uc=  0.104
 ( 58)M=     84.  V=     54.  Rmdw=   3.344
 ( 90)M=      98. N=      53.  As=   489.
 ( 90)V=      76. N=      53. Ash=   50.0 Rsh=  0.25
 抗剪承载力: WS_XF =     0.0 WS_YF =    97.3
 
  剪压比（组合号）：JYB( 58)=0.058
 ----------------------------------------------------------------------------
 N-WC=   5 (I= 33896 J= 33897) B*H*Lwc(m)= 0.20*  1.10*  3.10
 aa= 200(mm) Nfw= 1 Rcw= 30.0 Fy=  360. Fyv=  360. Fyw=  360. Rwv= 0.30
 该墙柱在地震组合下有受拉的情况，若该墙柱是双肢墙的其中一肢，请在前处理定义双肢墙，以让程序做相应的内力调整。
 RLIVE=  1.00  混凝土墙
      Nu=    -220. Uc=  0.070
 ( 45)M=    247.  V=    187.  Rmdw=   1.466
 ( 75)M=    -302. N=     126.  As=   958.
 ( 77)V=    -239. N=     124. Ash=   50.0 Rsh=  0.25
 抗剪承载力: WS_XF =     0.0 WS_YF =   252.1
 
  剪压比（组合号）：JYB( 45)=0.095
 ----------------------------------------------------------------------------
 N-WC=   6 (I= 33891 J= 33892) B*H*Lwc(m)= 0.20*  0.80*  3.10
 aa=  40(mm) Nfw= 1 Rcw= 30.0 Fy=  360. Fyv=  360. Fyw=  360. Rwv= 0.30
 该墙柱在地震组合下有受拉的情况，若该墙柱是双肢墙的其中一肢，请在前处理定义双肢墙，以让程序做相应的内力调整。
 RLIVE=  1.00  混凝土墙 短肢墙
      Nu=    -226. Uc=  0.099
 ( 28)M=    173.  V=    107.  Rmdw=   2.115
 ( 43)M=    -198. N=       6.  As=   439.
 ( 49)V=    -148. N=       7. Ash=   50.0 Rsh=  0.25
 抗剪承载力: WS_XF =   161.5 WS_YF =     0.0
 
  剪压比（组合号）：JYB( 28)=0.069
 ----------------------------------------------------------------------------

 ==============================================================================
 |                              梁配筋和验算输出                              |
 ==============================================================================
 N-B=   1 (I= 33873, J= 33879) ( 1)B*H(mm)=  200*  550
 Lb=  1.20 Cover= 20 Nfb= 5 Rcb= 30.0 Fy=  360. Fyv=  360.
  调幅系数：1.00  扭矩折减系数：1.00  刚度系数：1.00
  梁属性：混凝土梁 非框架梁 不调幅梁
  梁地震组合剪力调整系数： 1.00
            -I-     -1-     -2-     -3-     -4-     -5-     -6-     -7-     -J-
-M(kNm)     -3.     -2.     -1.      0.      0.      0.      0.      0.      0.
LoadCase  ( 15)   ( 15)   ( 15)   ( 66)   (  0)   (  0)   (  0)   (  0)   (  0)
Top Ast    220.    220.    220.    220.      0.      0.      0.      0.      0.
% Steel    0.20    0.20    0.20    0.20    0.00    0.00    0.00    0.00    0.00
+M(kNm)      0.      0.      1.      1.      1.      2.      2.      2.      2.
LoadCase  (  0)   (  0)   (  0)   (  0)   (  4)   (  4)   (  4)   (  5)   ( 17)
Btm Ast    220.    220.    220.    220.    220.    220.    220.    220.    220.
% Steel    0.20    0.20    0.20    0.20    0.20    0.20    0.20    0.20    0.20
Shear       11.      9.      7.      6.      4.      2.      1.     -1.     -3.
LoadCase  ( 15)   ( 15)   ( 15)   ( 15)   ( 15)   ( 15)   ( 15)   (  4)   (  4)
 Asv        16.     16.     16.     16.     16.     16.     16.     16.     16.
 Rsv       0.08    0.08    0.08    0.08    0.08    0.08    0.08    0.08    0.08
剪压比    0.007   0.006   0.005   0.004   0.003   0.002   0.001   0.001   0.002
LoadCase  ( 15)   ( 15)   ( 15)   ( 15)   ( 15)   ( 15)   ( 15)   (  4)   (  4)
Tmax/Shear( 15)=    3.6/    11.  Astt=    0.  Astv=  22.3  Ast1=   0.0
  非加密区箍筋面积(1.5H处) Asvm=     22.
 ---------------------------------------------------------------------------
 N-B=   2 (I= 33873, J= 33874) ( 1)B*H(mm)=  200*  550
 Lb=  1.00 Cover= 20 Nfb= 5 Rcb= 30.0 Fy=  360. Fyv=  360.
  调幅系数：1.00  扭矩折减系数：1.00  刚度系数：1.00
  梁属性：混凝土梁 非框架梁 不调幅梁
  梁地震组合剪力调整系数： 1.00
            -I-     -1-     -2-     -3-     -4-     -5-     -6-     -7-     -J-
-M(kNm)     -4.     -5.     -7.     -8.    -10.    -12.    -15.    -17.    -20.
LoadCase  ( 15)   ( 15)   ( 15)   ( 15)   ( 15)   ( 15)   ( 15)   ( 15)   ( 15)
Top Ast    220.    220.    220.    220.    220.    220.    220.    220.    220.
% Steel    0.20    0.20    0.20    0.20    0.20    0.20    0.20    0.20    0.20
+M(kNm)      0.      0.      0.      1.      1.      1.      0.      0.      0.
LoadCase  (  0)   (  0)   (  0)   (  0)   (  0)   (  0)   (  0)   (  0)   (  0)
Btm Ast    220.    220.    220.    220.    220.    220.    220.    220.    220.
% Steel    0.20    0.20    0.20    0.20    0.20    0.20    0.20    0.20    0.20
Shear      -11.    -12.    -13.    -15.    -16.    -17.    -19.    -20.    -21.
LoadCase  ( 15)   ( 15)   ( 15)   ( 15)   ( 15)   ( 15)   ( 15)   ( 15)   ( 15)
 Asv        16.     16.     16.     16.     16.     16.     16.     16.     16.
 Rsv       0.08    0.08    0.08    0.08    0.08    0.08    0.08    0.08    0.08
剪压比    0.007   0.008   0.009   0.010   0.011   0.012   0.013   0.014   0.015
LoadCase  ( 15)   ( 15)   ( 15)   ( 15)   ( 15)   ( 15)   ( 15)   ( 15)   ( 15)
Tmax/Shear( 15)=    3.3/   -21.  Astt=    0.  Astv=  22.3  Ast1=   0.0
  非加密区箍筋面积(1.5H处) Asvm=     22.
 ---------------------------------------------------------------------------
 N-B=   3 (I= 33879, J= 33880) ( 1)B*H(mm)=  200*  550
 Lb=  1.00 Cover= 20 Nfb= 5 Rcb= 30.0 Fy=  360. Fyv=  360.
  调幅系数：1.00  扭矩折减系数：1.00  刚度系数：1.00
  梁属性：混凝土梁 非框架梁 不调幅梁
  梁地震组合剪力调整系数： 1.00
            -I-     -1-     -2-     -3-     -4-     -5-     -6-     -7-     -J-
-M(kNm)      0.      0.      0.      0.     -1.     -2.     -3.     -4.     -6.
LoadCase  (  0)   (  0)   (  0)   (  0)   ( 73)   (  4)   (  4)   (  4)   (  4)
Top Ast      0.      0.      0.      0.    220.    220.    220.    220.    220.
% Steel    0.00    0.00    0.00    0.00    0.20    0.20    0.20    0.20    0.20
+M(kNm)      4.      3.      3.      2.      1.      1.      0.      0.      0.
LoadCase  ( 15)   ( 15)   ( 15)   ( 15)   ( 15)   (  0)   (  0)   (  0)   (  0)
Btm Ast    220.    220.    220.    220.    220.    220.    220.    220.    220.
% Steel    0.20    0.20    0.20    0.20    0.20    0.20    0.20    0.20    0.20
Shear       -3.     -4.     -6.     -7.     -8.    -10.    -11.    -13.    -14.
LoadCase  (  4)   (  4)   (  4)   (  4)   (  4)   (  4)   (  4)   (  4)   (  4)
 Asv        16.     16.     16.     16.     16.     16.     16.     16.     16.
 Rsv       0.08    0.08    0.08    0.08    0.08    0.08    0.08    0.08    0.08
剪压比    0.002   0.003   0.004   0.005   0.006   0.007   0.008   0.009   0.010
LoadCase  (  4)   (  4)   (  4)   (  4)   (  4)   (  4)   (  4)   (  4)   (  4)
Tmax/Shear(  4)=    1.7/   -14.  Astt=    0.  Astv=  16.2  Ast1=   0.0
  非加密区箍筋面积(1.5H处) Asvm=     16.
 ---------------------------------------------------------------------------
 N-B=   4 (I= 33880, J= 33881) ( 1)B*H(mm)=  200*  550
 Lb=  0.60 Cover= 20 Nfb= 5 Rcb= 30.0 Fy=  360. Fyv=  360.
  调幅系数：1.00  扭矩折减系数：0.40  刚度系数：1.00
  梁属性：混凝土梁 框架梁 不调幅梁
  梁地震组合剪力调整系数： 1.00
            -I-     -1-     -2-     -3-     -4-     -5-     -6-     -7-     -J-
-M(kNm)    -48.    -43.    -38.    -33.    -28.    -23.    -18.    -13.     -9.
LoadCase  ( 16)   ( 16)   ( 16)   ( 16)   ( 16)   ( 16)   ( 16)   ( 16)   ( 16)
Top Ast    274.    243.    220.    220.    220.    220.    220.    220.    220.
% Steel    0.27    0.24    0.21    0.20    0.20    0.20    0.20    0.20    0.20
+M(kNm)      0.      0.      0.      0.      2.      3.      4.      5.      4.
LoadCase  (  0)   (  0)   (  0)   ( 60)   ( 60)   ( 60)   ( 60)   ( 66)   (  7)
Btm Ast    220.    220.    220.    220.    220.    220.    220.    220.    220.
% Steel    0.20    0.20    0.20    0.20    0.20    0.20    0.20    0.20    0.20
Shear       70.     69.     68.     67.     66.     65.     64.     63.     63.
LoadCase  ( 16)   ( 16)   ( 16)   ( 16)   ( 16)   ( 16)   ( 16)   ( 16)   ( 16)
 Asv        16.     16.     16.     16.     16.     16.     16.     16.     16.
 Rsv       0.08    0.08    0.08    0.08    0.08    0.08    0.08    0.08    0.08
剪压比    0.048   0.047   0.047   0.046   0.046   0.045   0.044   0.044   0.043
LoadCase  ( 16)   ( 16)   ( 16)   ( 16)   ( 16)   ( 16)   ( 16)   ( 16)   ( 16)
Tmax/Shear( 16)=   22.0/    70.  Astt=  691.  Astv= 118.3  Ast1=  54.0
  非加密区箍筋面积(1.5H处) Asvm=    118.
 ---------------------------------------------------------------------------
 N-B=   5 (I= 33874, J= 33875) ( 1)B*H(mm)=  200*  550
 Lb=  1.50 Cover= 20 Nfb= 1 Rcb= 30.0 Fy=  360. Fyv=  360.
  调幅系数：1.00  扭矩折减系数：0.40  刚度系数：1.44
  梁属性：混凝土梁 框架梁 不调幅梁
  梁地震组合剪力调整系数： 1.30
            -I-     -1-     -2-     -3-     -4-     -5-     -6-     -7-     -J-
-M(kNm)   -114.    -92.    -72.    -53.    -47.    -33.    -19.     -8.      0.
LoadCase  ( 16)   ( 16)   ( 18)   ( 18)   ( 52)   ( 52)   ( 84)   ( 84)   (  0)
Top Ast    683.    540.    415.    330.    330.    330.    330.    330.      0.
% Steel    0.67    0.53    0.41    0.30    0.30    0.30    0.30    0.30    0.00
+M(kNm)      0.      1.      2.      3.      3.     13.     25.     37.     43.
LoadCase  (  0)   (  0)   (  0)   (  0)   (  0)   ( 75)   ( 43)   ( 43)   ( 16)
Btm Ast    440.    330.    330.    330.    330.    330.    330.    330.    330.
% Steel    0.40    0.30    0.30    0.30    0.30    0.30    0.30    0.30    0.30
Shear      115.    108.    106.    102.     97.     92.     89.     86.     85.
LoadCase  ( 42)   ( 42)   ( 42)   ( 42)   ( 42)   ( 42)   ( 42)   ( 42)   ( 42)
 Asv        24.     24.     24.     24.     24.     24.     24.     24.     24.
 Rsv       0.12    0.12    0.12    0.12    0.12    0.12    0.12    0.12    0.12
剪压比    0.079   0.081   0.079   0.076   0.072   0.068   0.066   0.064   0.063
LoadCase  ( 42)   ( 16)   ( 16)   ( 16)   ( 16)   ( 16)   ( 16)   ( 16)   ( 16)
Tmax/Shear( 16)=    6.9/   119.  Astt=  118.  Astv=  45.9  Ast1=   9.2
  非加密区箍筋面积(2.0H处) Asvm=     46.
 ---------------------------------------------------------------------------
 N-B=   6 (I= 33881, J= 33882) ( 1)B*H(mm)=  200*  550
 Lb=  1.50 Cover= 20 Nfb= 5 Rcb= 30.0 Fy=  360. Fyv=  360.
  调幅系数：1.00  扭矩折减系数：0.40  刚度系数：1.09
  梁属性：混凝土梁 非框架梁 不调幅梁
  梁地震组合剪力调整系数： 1.00
            -I-     -1-     -2-     -3-     -4-     -5-     -6-     -7-     -J-
-M(kNm)    -55.    -43.    -32.    -30.    -23.    -17.    -12.     -8.     -4.
LoadCase  ( 16)   ( 16)   ( 16)   ( 36)   ( 36)   ( 28)   ( 60)   ( 60)   ( 66)
Top Ast    313.    245.    220.    220.    220.    220.    220.    220.    220.
% Steel    0.31    0.24    0.20    0.20    0.20    0.20    0.20    0.20    0.20
+M(kNm)      0.      1.      1.      2.      7.     12.     17.     18.     27.
LoadCase  (  0)   (  0)   (  0)   ( 59)   ( 59)   ( 67)   ( 35)   ( 16)   ( 16)
Btm Ast    220.    220.    220.    220.    220.    220.    220.    220.    220.
% Steel    0.20    0.20    0.20    0.20    0.20    0.20    0.20    0.20    0.20
Shear       63.     62.     60.     57.     54.     51.     49.     47.     46.
LoadCase  ( 16)   ( 16)   ( 16)   ( 16)   ( 16)   ( 16)   ( 16)   ( 16)   ( 16)
 Asv        16.     16.     16.     16.     16.     16.     16.     16.     16.
 Rsv       0.08    0.08    0.08    0.08    0.08    0.08    0.08    0.08    0.08
剪压比    0.043   0.042   0.041   0.040   0.037   0.035   0.034   0.033   0.032
LoadCase  ( 16)   ( 16)   ( 16)   ( 16)   ( 16)   ( 16)   ( 16)   ( 16)   ( 16)
Tmax/Shear( 16)=    3.4/    63.  Astt=    0.  Astv=  22.3  Ast1=   0.0
  非加密区箍筋面积(1.5H处) Asvm=     22.
 ---------------------------------------------------------------------------
 N-B=   7 (I= 33868, J= 33875) ( 1)B*H(mm)=  200*  550
 Lb=  1.35 Cover= 20 Nfb= 1 Rcb= 30.0 Fy=  360. Fyv=  360.
  调幅系数：0.85  扭矩折减系数：0.40  刚度系数：1.38
  梁属性：混凝土梁 框架梁 调幅梁
  梁地震组合剪力调整系数： 1.30
            -I-     -1-     -2-     -3-     -4-     -5-     -6-     -7-     -J-
-M(kNm)    -35.    -25.    -15.     -8.     -3.      0.      0.      0.      0.
LoadCase  ( 16)   ( 16)   ( 16)   (  8)   ( 84)   (  0)   (  0)   (  0)   (  0)
Top Ast    440.    330.    330.    330.    330.      0.      0.      0.      0.
% Steel    0.40    0.30    0.30    0.30    0.30    0.00    0.00    0.00    0.00
+M(kNm)      0.      1.      8.     18.     31.     44.     56.     67.     77.
LoadCase  (  0)   (  0)   ( 75)   ( 15)   ( 15)   ( 15)   ( 15)   ( 15)   ( 15)
Btm Ast    440.    330.    330.    330.    330.    330.    330.    384.    449.
% Steel    0.40    0.30    0.30    0.30    0.30    0.30    0.31    0.38    0.44
Shear       90.     83.     80.     75.     75.     69.     65.     62.     59.
LoadCase  ( 33)   ( 33)   ( 33)   ( 33)   ( 15)   ( 15)   ( 15)   ( 15)   ( 15)
 Asv        24.     24.     24.     24.     24.     24.     24.     24.     24.
 Rsv       0.12    0.12    0.12    0.12    0.12    0.12    0.12    0.12    0.12
剪压比    0.062   0.061   0.059   0.056   0.052   0.045   0.042   0.040   0.039
LoadCase  ( 33)   ( 15)   ( 15)   ( 15)   ( 15)   ( 33)   ( 33)   ( 33)   ( 33)
Tmax/Shear( 15)=    6.0/    91.  Astt=   73.  Astv=  26.2  Ast1=   5.7
  非加密区箍筋面积(2.0H处) Asvm=     26.
 ---------------------------------------------------------------------------
 N-B=   8 (I= 33875, J= 33882) ( 1)B*H(mm)=  200*  550
 Lb=  1.80 Cover= 20 Nfb= 1 Rcb= 30.0 Fy=  360. Fyv=  360.
  调幅系数：0.85  扭矩折减系数：0.40  刚度系数：1.55
  梁属性：混凝土梁 框架梁 调幅梁
  梁地震组合剪力调整系数： 1.30
            -I-     -1-     -2-     -3-     -4-     -5-     -6-     -7-     -J-
-M(kNm)      0.      0.      0.      0.      0.      0.      0.      0.      0.
LoadCase  (  0)   (  0)   (  0)   (  0)   (  0)   (  0)   (  0)   (  0)   (  0)
Top Ast      0.      0.      0.      0.      0.      0.      0.      0.      0.
% Steel    0.00    0.00    0.00    0.00    0.00    0.00    0.00    0.00    0.00
+M(kNm)     73.     85.     96.    105.    112.    117.    120.    121.    121.
LoadCase  ( 15)   ( 15)   ( 15)   ( 15)   ( 15)   ( 15)   ( 15)   ( 15)   ( 15)
Btm Ast    422.    498.    565.    623.    668.    701.    720.    729.    726.
% Steel    0.42    0.49    0.56    0.61    0.66    0.69    0.71    0.72    0.72
Shear       67.     60.     53.     45.     36.     27.     18.     11.     -8.
LoadCase  ( 16)   ( 16)   ( 16)   ( 16)   ( 16)   ( 16)   ( 16)   ( 42)   ( 33)
 Asv        24.     24.     24.     24.     24.     24.     24.     24.     24.
 Rsv       0.12    0.12    0.12    0.12    0.12    0.12    0.12    0.12    0.12
剪压比    0.046   0.042   0.036   0.031   0.025   0.017   0.012   0.008   0.005
LoadCase  ( 16)   ( 16)   ( 16)   ( 16)   ( 16)   ( 42)   ( 42)   ( 42)   ( 33)
Tmax/Shear( 16)=    5.8/    67.  Astt=   44.  Astv=  22.3  Ast1=   3.4
  非加密区箍筋面积(2.0H处) Asvm=     24.
 ---------------------------------------------------------------------------
 N-B=   9 (I= 33882, J= 33883) ( 1)B*H(mm)=  200*  550
 Lb=  1.50 Cover= 20 Nfb= 1 Rcb= 30.0 Fy=  360. Fyv=  360.
  调幅系数：0.85  扭矩折减系数：0.40  刚度系数：1.09
  梁属性：混凝土梁 框架梁 调幅梁
  梁地震组合剪力调整系数： 1.30
            -I-     -1-     -2-     -3-     -4-     -5-     -6-     -7-     -J-
-M(kNm)      0.      0.      0.      0.      0.      0.      0.      0.      0.
LoadCase  (  0)   (  0)   (  0)   (  0)   (  0)   (  0)   (  0)   (  0)   (  0)
Top Ast      0.      0.      0.      0.      0.      0.      0.      0.      0.
% Steel    0.00    0.00    0.00    0.00    0.00    0.00    0.00    0.00    0.00
+M(kNm)    124.    125.    125.    125.    125.    124.    125.    127.    129.
LoadCase  ( 15)   ( 15)   ( 15)   ( 15)   ( 11)   ( 11)   ( 12)   ( 12)   ( 12)
Btm Ast    749.    756.    757.    752.    752.    747.    752.    769.    779.
% Steel    0.74    0.75    0.75    0.74    0.74    0.74    0.74    0.76    0.77
Shear       52.     48.     43.     39.     34.     30.    -29.    -34.    -38.
LoadCase  ( 42)   ( 42)   ( 42)   ( 42)   ( 42)   ( 42)   ( 33)   ( 33)   ( 33)
 Asv        24.     24.     24.     24.     24.     24.     24.     24.     24.
 Rsv       0.12    0.12    0.12    0.12    0.12    0.12    0.12    0.12    0.12
剪压比    0.036   0.033   0.030   0.027   0.024   0.021   0.020   0.023   0.026
LoadCase  ( 42)   ( 42)   ( 42)   ( 42)   ( 42)   ( 42)   ( 33)   ( 33)   ( 33)
Tmax/Shear( 16)=    4.9/    51.  Astt=    0.  Astv=  22.3  Ast1=   0.0
  非加密区箍筋面积(2.0H处) Asvm=     24.
 ---------------------------------------------------------------------------
 N-B=  10 (I= 33883, J= 33891) ( 1)B*H(mm)=  200*  550
 Lb=  2.00 Cover= 20 Nfb= 1 Rcb= 30.0 Fy=  360. Fyv=  360.
  调幅系数：0.85  扭矩折减系数：0.40  刚度系数：1.22
  梁属性：混凝土梁 框架梁 调幅梁
  梁地震组合剪力调整系数： 1.30
            -I-     -1-     -2-     -3-     -4-     -5-     -6-     -7-     -J-
-M(kNm)      0.      0.      0.    -11.    -36.    -74.   -114.   -156.   -200.
LoadCase  (  0)   (  0)   (  0)   ( 62)   (  7)   ( 15)   ( 15)   ( 15)   ( 15)
Top Ast      0.      0.      0.    330.    330.    426.    684.    974.   1263.
% Steel    0.00    0.00    0.00    0.30    0.30    0.42    0.67    0.96    1.31
+M(kNm)    127.    107.     86.     63.     39.     29.     11.      2.      0.
LoadCase  ( 12)   ( 16)   ( 16)   ( 16)   ( 16)   ( 69)   ( 69)   (  0)   (  0)
Btm Ast    769.    634.    500.    362.    330.    330.    330.    330.    632.
% Steel    0.76    0.62    0.49    0.36    0.30    0.30    0.30    0.30    0.57
Shear     -126.   -131.   -137.   -142.   -148.   -153.   -158.   -164.   -179.
LoadCase  ( 33)   ( 33)   ( 33)   ( 33)   ( 33)   ( 33)   ( 33)   ( 33)   ( 33)
 Asv        25.     28.     30.     33.     35.     38.     40.     43.     50.
 Rsv       0.13    0.14    0.15    0.16    0.18    0.19    0.20    0.21    0.25
剪压比    0.087   0.090   0.094   0.098   0.102   0.105   0.116   0.120   0.123
LoadCase  ( 33)   ( 33)   ( 33)   ( 33)   ( 33)   ( 33)   ( 15)   ( 15)   ( 33)
Tmax/Shear( 15)=    5.6/  -180.  Astt=  111.  Astv=  65.6  Ast1=   8.7
  非加密区箍筋面积(2.0H处) Asvm=     66.
 ---------------------------------------------------------------------------
 N-B=  11 (I= 33868, J= 33869) ( 1)B*H(mm)=  200*  550
 Lb=  3.34 Cover= 20 Nfb= 1 Rcb= 30.0 Fy=  360. Fyv=  360.
  调幅系数：0.85  扭矩折减系数：0.40  刚度系数：1.53
  梁属性：混凝土梁 框架梁 调幅梁
  梁地震组合剪力调整系数： 1.30
            -I-     -1-     -2-     -3-     -4-     -5-     -6-     -7-     -J-
-M(kNm)    -87.    -57.    -31.     -9.      0.      0.    -18.    -44.    -74.
LoadCase  ( 52)   ( 84)   ( 84)   ( 84)   (  0)   (  0)   ( 75)   ( 75)   ( 43)
Top Ast    440.    330.    330.    330.      0.      0.    330.    330.    440.
% Steel    0.40    0.30    0.30    0.30    0.00    0.00    0.30    0.30    0.40
+M(kNm)     69.     63.     55.     43.     25.     24.     42.     50.     57.
LoadCase  ( 75)   ( 43)   ( 43)   ( 43)   ( 17)   ( 18)   ( 52)   ( 52)   ( 84)
Btm Ast    440.    330.    330.    330.    330.    330.    330.    330.    440.
% Steel    0.40    0.30    0.30    0.30    0.30    0.30    0.30    0.30    0.40
Shear       89.     70.     61.     52.     43.    -52.    -61.    -70.    -89.
LoadCase  ( 52)   ( 52)   ( 52)   ( 52)   ( 52)   ( 43)   ( 43)   ( 43)   ( 43)
 Asv        24.     24.     24.     24.     24.     24.     24.     24.     24.
 Rsv       0.12    0.12    0.12    0.12    0.12    0.12    0.12    0.12    0.12
剪压比    0.061   0.048   0.042   0.036   0.029   0.036   0.042   0.048   0.061
LoadCase  ( 52)   ( 52)   ( 52)   ( 52)   ( 52)   ( 43)   ( 43)   ( 43)   ( 43)
Tmax/Shear( 17)=    2.9/   -53.  Astt=    0.  Astv=  22.3  Ast1=   0.0
  非加密区箍筋面积(2.0H处) Asvm=     24.
 ---------------------------------------------------------------------------
 N-B=  12 (I= 33875, J= 33876) ( 1)B*H(mm)=  200*  550
 Lb=  3.50 Cover= 20 Nfb= 1 Rcb= 30.0 Fy=  360. Fyv=  360.
  调幅系数：1.00  扭矩折减系数：0.40  刚度系数：1.97
  梁属性：混凝土梁 框架梁 不调幅梁
  梁地震组合剪力调整系数： 1.30
            -I-     -1-     -2-     -3-     -4-     -5-     -6-     -7-     -J-
-M(kNm)     -2.      0.      0.      0.      0.      0.      0.      0.      0.
LoadCase  ( 66)   (  0)   (  0)   (  0)   (  0)   (  0)   (  0)   (  0)   (  0)
Top Ast    330.      0.      0.      0.      0.      0.      0.      0.      0.
% Steel    0.30    0.00    0.00    0.00    0.00    0.00    0.00    0.00    0.00
+M(kNm)     42.     64.     82.     94.     99.     94.     82.     62.     41.
LoadCase  ( 16)   ( 16)   ( 16)   ( 12)   ( 12)   ( 12)   ( 12)   ( 12)   ( 11)
Btm Ast    330.    367.    476.    551.    582.    554.    474.    357.    330.
% Steel    0.30    0.36    0.47    0.54    0.57    0.55    0.47    0.35    0.30
Shear       61.     56.     44.     28.     11.    -23.    -37.    -50.    -55.
LoadCase  ( 11)   ( 11)   ( 15)   ( 52)   ( 52)   ( 43)   ( 16)   ( 12)   ( 12)
 Asv        24.     24.     24.     24.     24.     24.     24.     24.     24.
 Rsv       0.12    0.12    0.12    0.12    0.12    0.12    0.12    0.12    0.12
剪压比    0.042   0.037   0.029   0.019   0.007   0.016   0.025   0.033   0.036
LoadCase  ( 11)   ( 52)   ( 52)   ( 52)   ( 52)   ( 43)   ( 43)   ( 43)   ( 43)
Tmax/Shear( 11)=    2.9/    61.  Astt=    0.  Astv=  22.3  Ast1=   0.0
  非加密区箍筋面积(2.0H处) Asvm=     24.
 ---------------------------------------------------------------------------
 N-B=  13 (I= 33883, J= 33884) ( 1)B*H(mm)=  200*  550
 Lb=  3.50 Cover= 20 Nfb= 1 Rcb= 30.0 Fy=  360. Fyv=  360.
  调幅系数：0.85  扭矩折减系数：0.40  刚度系数：1.97
  梁属性：混凝土梁 非框架梁 调幅梁
  梁地震组合剪力调整系数： 1.30
            -I-     -1-     -2-     -3-     -4-     -5-     -6-     -7-     -J-
-M(kNm)    -13.      0.      0.      0.      0.      0.      0.      0.      0.
LoadCase  ( 15)   (  0)   (  0)   (  0)   (  0)   (  0)   (  0)   (  0)   (  0)
Top Ast    330.      0.      0.      0.      0.      0.      0.      0.      0.
% Steel    0.30    0.00    0.00    0.00    0.00    0.00    0.00    0.00    0.00
+M(kNm)      3.     39.     76.    105.    126.    136.    135.    127.    115.
LoadCase  ( 74)   ( 16)   ( 12)   ( 12)   ( 11)   ( 11)   ( 11)   ( 11)   ( 11)
Btm Ast    330.    330.    437.    625.    762.    828.    823.    768.    687.
% Steel    0.30    0.30    0.43    0.62    0.75    0.82    0.81    0.76    0.68
Shear       88.     83.     72.     62.     35.     10.    -19.    -31.    -36.
LoadCase  ( 33)   ( 33)   ( 33)   ( 11)   ( 15)   ( 33)   ( 16)   ( 16)   ( 16)
 Asv        24.     24.     24.     24.     24.     24.     24.     24.     24.
 Rsv       0.12    0.12    0.12    0.12    0.12    0.12    0.12    0.12    0.12
剪压比    0.069   0.065   0.057   0.042   0.024   0.007   0.013   0.021   0.025
LoadCase  ( 11)   ( 11)   ( 11)   ( 11)   ( 15)   ( 33)   ( 16)   ( 16)   ( 16)
Tmax/Shear( 11)=    0.7/   100.  Astt=    0.  Astv=  23.9  Ast1=   0.0
  非加密区箍筋面积(2.0H处) Asvm=     24.
 ---------------------------------------------------------------------------
 N-B=  14 (I= 33893, J= 33894) ( 1)B*H(mm)=  200*  550
 Lb=  2.84 Cover= 20 Nfb= 1 Rcb= 30.0 Fy=  360. Fyv=  360.
  调幅系数：0.85  扭矩折减系数：0.40  刚度系数：1.44
  梁属性：混凝土梁 框架梁 调幅梁
  梁地震组合剪力调整系数： 1.30
            -I-     -1-     -2-     -3-     -4-     -5-     -6-     -7-     -J-
-M(kNm)   -105.    -74.    -47.    -23.     -3.     -2.    -25.    -51.    -81.
LoadCase  ( 52)   ( 52)   ( 84)   ( 84)   ( 84)   ( 81)   ( 81)   ( 49)   ( 49)
Top Ast    472.    330.    330.    330.    330.    330.    330.    330.    440.
% Steel    0.46    0.30    0.30    0.30    0.30    0.30    0.30    0.30    0.40
+M(kNm)     73.     63.     51.     37.     20.     17.     32.     45.     55.
LoadCase  ( 75)   ( 75)   ( 43)   ( 43)   ( 43)   ( 58)   ( 58)   ( 90)   ( 90)
Btm Ast    440.    330.    330.    330.    330.    330.    330.    330.    440.
% Steel    0.40    0.30    0.30    0.30    0.30    0.30    0.30    0.30    0.40
Shear      108.     83.     74.     65.     56.    -62.    -71.    -80.   -105.
LoadCase  ( 52)   ( 52)   ( 52)   ( 52)   ( 52)   ( 43)   ( 43)   ( 43)   ( 43)
 Asv        24.     24.     24.     24.     24.     24.     24.     24.     24.
 Rsv       0.12    0.12    0.12    0.12    0.12    0.12    0.12    0.12    0.12
剪压比    0.074   0.057   0.051   0.045   0.039   0.043   0.049   0.055   0.072
LoadCase  ( 52)   ( 52)   ( 52)   ( 52)   ( 52)   ( 43)   ( 43)   ( 43)   ( 43)
Tmax/Shear( 18)=    5.1/    61.  Astt=   20.  Astv=  22.3  Ast1=   1.6
  非加密区箍筋面积(2.0H处) Asvm=     24.
 ---------------------------------------------------------------------------
 N-B=  15 (I= 33869, J= 33876) ( 1)B*H(mm)=  200*  550
 Lb=  1.35 Cover= 20 Nfb= 1 Rcb= 30.0 Fy=  360. Fyv=  360.
  调幅系数：0.85  扭矩折减系数：0.40  刚度系数：1.41
  梁属性：混凝土梁 框架梁 调幅梁
  梁地震组合剪力调整系数： 1.30
            -I-     -1-     -2-     -3-     -4-     -5-     -6-     -7-     -J-
-M(kNm)   -138.   -102.    -65.    -29.     -3.      0.      0.      0.      0.
LoadCase  ( 16)   ( 16)   ( 16)   ( 16)   ( 67)   (  0)   (  0)   (  0)   (  0)
Top Ast    827.    601.    375.    330.    330.      0.      0.      0.      0.
% Steel    0.81    0.59    0.37    0.30    0.30    0.00    0.00    0.00    0.00
+M(kNm)      0.      1.      2.      7.     31.     63.     93.    125.    158.
LoadCase  (  0)   (  0)   (  0)   ( 60)   ( 15)   ( 15)   ( 15)   ( 11)   ( 13)
Btm Ast    440.    330.    330.    330.    330.    358.    547.    754.    982.
% Steel    0.40    0.30    0.30    0.30    0.30    0.35    0.54    0.74    0.97
Shear      223.    222.    219.    216.    211.    206.    203.    200.    199.
LoadCase  ( 12)   ( 12)   ( 12)   ( 12)   ( 12)   ( 12)   ( 12)   ( 12)   ( 12)
 Asv        66.     66.     64.     62.     60.     57.     55.     54.     53.
 Rsv       0.33    0.33    0.32    0.31    0.30    0.29    0.28    0.27    0.27
剪压比    0.154   0.153   0.151   0.149   0.145   0.142   0.140   0.138   0.137
LoadCase  ( 12)   ( 12)   ( 12)   ( 12)   ( 12)   ( 12)   ( 12)   ( 12)   ( 12)
Tmax/Shear( 12)=    0.7/   223.  Astt=    0.  Astv=  66.4  Ast1=   0.0
  非加密区箍筋面积(2.0H处) Asvm=     66.
 ---------------------------------------------------------------------------
 N-B=  16 (I= 33876, J= 33884) ( 1)B*H(mm)=  200*  550
 Lb=  3.30 Cover= 20 Nfb= 1 Rcb= 30.0 Fy=  360. Fyv=  360.
  调幅系数：0.85  扭矩折减系数：0.40  刚度系数：1.96
  梁属性：混凝土梁 框架梁 调幅梁
  梁地震组合剪力调整系数： 1.30
            -I-     -1-     -2-     -3-     -4-     -5-     -6-     -7-     -J-
-M(kNm)      0.      0.      0.      0.      0.      0.      0.      0.      0.
LoadCase  (  0)   (  0)   (  0)   (  0)   (  0)   (  0)   (  0)   (  0)   (  0)
Top Ast      0.      0.      0.    330.    330.    330.    330.    330.    330.
% Steel    0.00    0.00    0.00    0.30    0.30    0.30    0.30    0.30    0.30
+M(kNm)    147.    188.    226.    257.    279.    293.    297.    295.    290.
LoadCase  ( 13)   ( 13)   ( 13)   ( 13)   ( 13)   ( 12)   ( 12)   ( 12)   ( 12)
Btm Ast    905.   1304.   1658.   1996.   2135.   2220.   2248.   2236.   2201.
% Steel    0.89    1.35    1.72    2.07    2.21    2.30    2.33    2.32    2.28
Shear       97.     92.     82.     71.     46.     23.     -8.    -18.    -23.
LoadCase  ( 58)   ( 58)   ( 58)   ( 12)   ( 12)   ( 58)   ( 49)   ( 49)   ( 49)
 Asv        24.     24.     24.     24.     24.     24.     24.     24.     24.
 Rsv       0.12    0.12    0.12    0.12    0.12    0.12    0.12    0.12    0.12
剪压比    0.074   0.071   0.062   0.049   0.031   0.016   0.005   0.013   0.016
LoadCase  ( 12)   ( 12)   ( 12)   ( 12)   ( 58)   ( 58)   ( 49)   ( 49)   ( 49)
Tmax/Shear( 12)=    0.6/   107.  Astt=    0.  Astv=  23.9  Ast1=   0.0
  非加密区箍筋面积(2.0H处) Asvm=     24.
 ---------------------------------------------------------------------------
 N-B=  17 (I= 33884, J= 33894) ( 1)B*H(mm)=  200*  550
 Lb=  2.80 Cover= 20 Nfb= 1 Rcb= 30.0 Fy=  360. Fyv=  360.
  调幅系数：0.85  扭矩折减系数：0.40  刚度系数：1.86
  梁属性：混凝土梁 框架梁 调幅梁
  梁地震组合剪力调整系数： 1.30
            -I-     -1-     -2-     -3-     -4-     -5-     -6-     -7-     -J-
-M(kNm)      0.      0.      0.      0.      0.      0.     -6.    -61.   -125.
LoadCase  (  0)   (  0)   (  0)   (  0)   (  0)   (  0)   ( 60)   ( 15)   ( 15)
Top Ast    330.    330.      0.      0.      0.      0.    330.    347.    746.
% Steel    0.30    0.30    0.00    0.00    0.00    0.00    0.30    0.34    0.73
+M(kNm)    294.    259.    223.    182.    136.     84.     27.      7.      0.
LoadCase  ( 12)   ( 12)   ( 12)   ( 12)   ( 12)   ( 16)   ( 16)   (  0)   (  0)
Btm Ast   2227.   2010.   1628.   1254.    828.    488.    330.    330.    440.
% Steel    2.31    2.08    1.69    1.30    0.82    0.48    0.30    0.30    0.40
Shear      -87.    -91.    -98.   -110.   -127.   -164.   -178.   -187.   -191.
LoadCase  ( 52)   ( 52)   ( 52)   ( 52)   ( 52)   ( 11)   ( 11)   ( 11)   ( 11)
 Asv        24.     24.     24.     24.     25.     34.     42.     47.     49.
 Rsv       0.12    0.12    0.12    0.12    0.13    0.17    0.21    0.23    0.24
剪压比    0.068   0.071   0.077   0.087   0.100   0.113   0.123   0.129   0.132
LoadCase  ( 11)   ( 11)   ( 11)   ( 11)   ( 11)   ( 11)   ( 11)   ( 11)   ( 11)
Tmax/Shear( 11)=    0.6/  -191.  Astt=    0.  Astv=  48.9  Ast1=   0.0
  非加密区箍筋面积(2.0H处) Asvm=     33.
 ---------------------------------------------------------------------------
 N-B=  18 (I= 33869, J= 33870) ( 1)B*H(mm)=  200*  550
 Lb=  2.37 Cover= 20 Nfb= 1 Rcb= 30.0 Fy=  360. Fyv=  360.
  调幅系数：0.85  扭矩折减系数：0.40  刚度系数：1.43
  梁属性：混凝土梁 框架梁 调幅梁
  梁地震组合剪力调整系数： 1.30
            -I-     -1-     -2-     -3-     -4-     -5-     -6-     -7-     -J-
-M(kNm)    -70.    -48.    -27.    -10.     -1.     -9.    -24.    -41.    -61.
LoadCase  ( 52)   ( 58)   ( 58)   ( 90)   ( 10)   ( 83)   ( 75)   ( 75)   ( 43)
Top Ast    440.    330.    330.    330.    330.    330.    330.    330.    440.
% Steel    0.40    0.30    0.30    0.30    0.30    0.30    0.30    0.30    0.40
+M(kNm)     42.     35.     27.     15.     13.     21.     32.     42.     51.
LoadCase  ( 75)   ( 81)   ( 81)   ( 17)   ( 17)   ( 44)   ( 52)   ( 52)   ( 84)
Btm Ast    440.    330.    330.    330.    330.    330.    330.    330.    440.
% Steel    0.40    0.30    0.30    0.30    0.30    0.30    0.30    0.30    0.40
Shear       91.     72.     66.     58.     51.    -49.    -56.    -63.    -81.
LoadCase  ( 52)   ( 52)   ( 52)   ( 52)   ( 52)   ( 43)   ( 43)   ( 43)   ( 43)
 Asv        24.     24.     24.     24.     24.     24.     24.     24.     24.
 Rsv       0.12    0.12    0.12    0.12    0.12    0.12    0.12    0.12    0.12
剪压比    0.062   0.050   0.045   0.040   0.035   0.034   0.039   0.043   0.056
LoadCase  ( 52)   ( 52)   ( 52)   ( 52)   ( 52)   ( 43)   ( 43)   ( 43)   ( 43)
Tmax/Shear( 18)=    1.9/    48.  Astt=    0.  Astv=  23.9  Ast1=   0.0
  非加密区箍筋面积(2.0H处) Asvm=     24.
 ---------------------------------------------------------------------------
 N-B=  19 (I= 33876, J= 33877) ( 1)B*H(mm)=  200*  550
 Lb=  2.70 Cover= 20 Nfb= 1 Rcb= 30.0 Fy=  360. Fyv=  360.
  调幅系数：1.00  扭矩折减系数：0.40  刚度系数：1.85
  梁属性：混凝土梁 框架梁 不调幅梁
  梁地震组合剪力调整系数： 1.30
            -I-     -1-     -2-     -3-     -4-     -5-     -6-     -7-     -J-
-M(kNm)      0.      0.      0.      0.      0.      0.      0.      0.      0.
LoadCase  (  0)   (  0)   (  0)   (  0)   (  0)   (  0)   (  0)   (  0)   (  0)
Top Ast      0.      0.      0.      0.      0.      0.      0.      0.      0.
% Steel    0.00    0.00    0.00    0.00    0.00    0.00    0.00    0.00    0.00
+M(kNm)     42.     54.     65.     73.     77.     77.     71.     63.     52.
LoadCase  ( 11)   ( 13)   ( 13)   ( 17)   ( 17)   ( 17)   ( 17)   ( 17)   ( 17)
Btm Ast    330.    330.    374.    424.    449.    443.    411.    358.    330.
% Steel    0.30    0.30    0.37    0.42    0.44    0.44    0.41    0.35    0.30
Shear       42.     39.     31.     19.    -10.    -24.    -36.    -44.    -48.
LoadCase  ( 17)   ( 17)   ( 17)   ( 17)   ( 18)   ( 18)   ( 18)   ( 18)   ( 18)
 Asv        24.     24.     24.     24.     24.     24.     24.     24.     24.
 Rsv       0.12    0.12    0.12    0.12    0.12    0.12    0.12    0.12    0.12
剪压比    0.029   0.027   0.021   0.013   0.007   0.017   0.025   0.031   0.033
LoadCase  ( 17)   ( 17)   ( 17)   ( 17)   ( 18)   ( 18)   ( 18)   ( 18)   ( 18)
Tmax/Shear( 18)=    1.7/   -48.  Astt=    0.  Astv=  23.9  Ast1=   0.0
  非加密区箍筋面积(2.0H处) Asvm=     24.
 ---------------------------------------------------------------------------
 N-B=  20 (I= 33884, J= 33885) ( 1)B*H(mm)=  200*  550
 Lb=  2.70 Cover= 20 Nfb= 1 Rcb= 30.0 Fy=  360. Fyv=  360.
  调幅系数：0.85  扭矩折减系数：0.40  刚度系数：1.85
  梁属性：混凝土梁 非框架梁 调幅梁
  梁地震组合剪力调整系数： 1.30
            -I-     -1-     -2-     -3-     -4-     -5-     -6-     -7-     -J-
-M(kNm)      0.      0.      0.      0.      0.      0.      0.      0.      0.
LoadCase  (  0)   (  0)   (  0)   (  0)   (  0)   (  0)   (  0)   (  0)   (  0)
Top Ast      0.      0.      0.      0.      0.      0.      0.      0.      0.
% Steel    0.00    0.00    0.00    0.00    0.00    0.00    0.00    0.00    0.00
+M(kNm)    113.    129.    142.    152.    157.    155.    149.    138.    126.
LoadCase  ( 11)   ( 11)   ( 11)   ( 11)   ( 11)   ( 11)   ( 15)   ( 15)   ( 15)
Btm Ast    673.    779.    874.    945.    979.    966.    917.    847.    764.
% Steel    0.66    0.77    0.86    0.93    0.96    0.95    0.90    0.83    0.75
Shear       49.     46.     37.     25.     10.    -21.    -33.    -41.    -45.
LoadCase  ( 18)   ( 18)   ( 18)   ( 52)   ( 52)   ( 43)   ( 17)   ( 13)   ( 13)
 Asv        24.     24.     24.     24.     24.     24.     24.     24.     24.
 Rsv       0.12    0.12    0.12    0.12    0.12    0.12    0.12    0.12    0.12
剪压比    0.033   0.030   0.025   0.017   0.007   0.014   0.022   0.027   0.030
LoadCase  ( 52)   ( 52)   ( 52)   ( 52)   ( 52)   ( 43)   ( 43)   ( 43)   ( 43)
Tmax/Shear( 18)=    1.2/    49.  Astt=    0.  Astv=  23.9  Ast1=   0.0
  非加密区箍筋面积(2.0H处) Asvm=     24.
 ---------------------------------------------------------------------------
 N-B=  21 (I= 33894, J= 33895) ( 1)B*H(mm)=  200*  550
 Lb=  2.54 Cover= 20 Nfb= 1 Rcb= 30.0 Fy=  360. Fyv=  360.
  调幅系数：0.85  扭矩折减系数：0.40  刚度系数：1.43
  梁属性：混凝土梁 框架梁 调幅梁
  梁地震组合剪力调整系数： 1.30
            -I-     -1-     -2-     -3-     -4-     -5-     -6-     -7-     -J-
-M(kNm)   -107.    -73.    -40.    -14.      0.      0.      0.      0.      0.
LoadCase  ( 52)   ( 52)   ( 52)   ( 84)   (  0)   (  0)   (  0)   (  0)   (  0)
Top Ast    478.    330.    330.    330.      0.      0.      0.      0.      0.
% Steel    0.47    0.30    0.30    0.30    0.00    0.00    0.00    0.00    0.00
+M(kNm)     25.     33.     39.     47.     43.     55.     67.     76.     84.
LoadCase  ( 75)   ( 75)   ( 75)   ( 43)   ( 17)   ( 13)   ( 12)   ( 12)   ( 14)
Btm Ast    440.    330.    330.    330.    330.    330.    383.    440.    487.
% Steel    0.40    0.30    0.30    0.30    0.30    0.31    0.38    0.43    0.48
Shear      120.    105.     98.     90.     79.     68.     60.     53.     49.
LoadCase  ( 52)   ( 52)   ( 52)   ( 52)   ( 52)   ( 52)   ( 52)   ( 52)   ( 52)
 Asv        24.     24.     24.     24.     24.     24.     24.     24.     24.
 Rsv       0.12    0.12    0.12    0.12    0.12    0.12    0.12    0.12    0.12
剪压比    0.082   0.072   0.068   0.062   0.054   0.047   0.041   0.037   0.034
LoadCase  ( 52)   ( 52)   ( 52)   ( 52)   ( 52)   ( 52)   ( 52)   ( 52)   ( 52)
Tmax/Shear( 18)=    1.1/    93.  Astt=    0.  Astv=  23.9  Ast1=   0.0
  非加密区箍筋面积(2.0H处) Asvm=     24.
 ---------------------------------------------------------------------------
 N-B=  22 (I= 33870, J= 33877) ( 1)B*H(mm)=  200*  550
 Lb=  1.35 Cover= 20 Nfb= 1 Rcb= 30.0 Fy=  360. Fyv=  360.
  调幅系数：1.00  扭矩折减系数：0.40  刚度系数：1.43
  梁属性：混凝土梁 框架梁 不调幅梁
  梁地震组合剪力调整系数： 1.30
            -I-     -1-     -2-     -3-     -4-     -5-     -6-     -7-     -J-
-M(kNm)   -131.   -103.    -75.    -47.    -20.     -3.      0.      0.      0.
LoadCase  ( 16)   ( 16)   ( 16)   ( 16)   ( 16)   ( 67)   (  0)   (  0)   (  0)
Top Ast    784.    608.    432.    330.    330.    330.      0.      0.      0.
% Steel    0.77    0.60    0.43    0.30    0.30    0.30    0.00    0.00    0.00
+M(kNm)      0.      1.      2.      2.     14.     36.     58.     80.    104.
LoadCase  (  0)   (  0)   (  0)   (  0)   (  7)   ( 15)   ( 15)   ( 15)   ( 18)
Btm Ast    440.    330.    330.    330.    330.    330.    331.    463.    616.
% Steel    0.40    0.30    0.30    0.30    0.30    0.30    0.33    0.46    0.61
Shear      160.    155.    153.    150.    145.    141.    138.    136.    135.
LoadCase  ( 51)   ( 51)   ( 51)   ( 51)   ( 51)   ( 51)   ( 51)   ( 51)   ( 51)
 Asv        41.     39.     38.     36.     34.     32.     31.     30.     29.
 Rsv       0.21    0.19    0.19    0.18    0.17    0.16    0.15    0.15    0.15
剪压比    0.119   0.118   0.117   0.114   0.111   0.107   0.105   0.103   0.102
LoadCase  ( 14)   ( 14)   ( 14)   ( 14)   ( 14)   ( 14)   ( 14)   ( 14)   ( 14)
Tmax/Shear( 14)=    4.2/   173.  Astt=   71.  Astv=  50.6  Ast1=   5.5
  非加密区箍筋面积(2.0H处) Asvm=     51.
 ---------------------------------------------------------------------------
 N-B=  23 (I= 33877, J= 33885) ( 1)B*H(mm)=  200*  550
 Lb=  3.30 Cover= 20 Nfb= 1 Rcb= 30.0 Fy=  360. Fyv=  360.
  调幅系数：1.00  扭矩折减系数：0.40  刚度系数：1.97
  梁属性：混凝土梁 框架梁 不调幅梁
  梁地震组合剪力调整系数： 1.30
            -I-     -1-     -2-     -3-     -4-     -5-     -6-     -7-     -J-
-M(kNm)      0.      0.      0.      0.      0.      0.      0.      0.      0.
LoadCase  (  0)   (  0)   (  0)   (  0)   (  0)   (  0)   (  0)   (  0)   (  0)
Top Ast      0.      0.      0.      0.      0.      0.      0.      0.      0.
% Steel    0.00    0.00    0.00    0.00    0.00    0.00    0.00    0.00    0.00
+M(kNm)     95.    127.    157.    180.    197.    204.    201.    192.    181.
LoadCase  ( 18)   ( 14)   ( 14)   ( 12)   ( 12)   ( 12)   ( 12)   ( 16)   ( 16)
Btm Ast    556.    770.    976.   1231.   1380.   1445.   1423.   1339.   1243.
% Steel    0.55    0.76    0.96    1.28    1.43    1.50    1.47    1.39    1.29
Shear       85.     81.     75.     55.     32.    -13.    -31.    -44.    -49.
LoadCase  ( 35)   ( 35)   ( 16)   ( 16)   ( 16)   ( 28)   ( 15)   ( 15)   ( 15)
 Asv        24.     24.     24.     24.     24.     24.     24.     24.     24.
 Rsv       0.12    0.12    0.12    0.12    0.12    0.12    0.12    0.12    0.12
剪压比    0.064   0.061   0.052   0.038   0.021   0.009   0.021   0.029   0.032
LoadCase  ( 16)   ( 16)   ( 16)   ( 16)   ( 35)   ( 28)   ( 28)   ( 28)   ( 28)
Tmax/Shear( 16)=    2.1/    93.  Astt=    0.  Astv=  23.9  Ast1=   0.0
  非加密区箍筋面积(2.0H处) Asvm=     24.
 ---------------------------------------------------------------------------
 N-B=  24 (I= 33885, J= 33895) ( 1)B*H(mm)=  200*  550
 Lb=  2.80 Cover= 20 Nfb= 1 Rcb= 30.0 Fy=  360. Fyv=  360.
  调幅系数：1.00  扭矩折减系数：0.40  刚度系数：1.87
  梁属性：混凝土梁 框架梁 不调幅梁
  梁地震组合剪力调整系数： 1.30
            -I-     -1-     -2-     -3-     -4-     -5-     -6-     -7-     -J-
-M(kNm)      0.      0.      0.      0.      0.      0.      0.      0.    -14.
LoadCase  (  0)   (  0)   (  0)   (  0)   (  0)   (  0)   (  0)   (  0)   ( 15)
Top Ast      0.      0.      0.      0.      0.      0.      0.      0.    330.
% Steel    0.00    0.00    0.00    0.00    0.00    0.00    0.00    0.00    0.30
+M(kNm)    175.    165.    153.    137.    116.     91.     60.     26.      0.
LoadCase  ( 16)   ( 16)   ( 16)   ( 16)   ( 16)   ( 16)   ( 16)   ( 16)   (  0)
Btm Ast   1190.   1035.    947.    836.    697.    530.    343.    330.    330.
% Steel    1.23    1.02    0.93    0.82    0.69    0.52    0.34    0.30    0.30
Shear      -27.    -30.    -39.    -52.    -66.    -73.    -84.    -92.    -96.
LoadCase  ( 16)   ( 16)   ( 16)   ( 16)   ( 16)   ( 41)   ( 41)   ( 41)   ( 41)
 Asv        24.     24.     24.     24.     24.     24.     24.     24.     24.
 Rsv       0.12    0.12    0.12    0.12    0.12    0.12    0.12    0.12    0.12
剪压比    0.018   0.021   0.027   0.036   0.046   0.056   0.065   0.071   0.074
LoadCase  ( 16)   ( 16)   ( 16)   ( 16)   ( 16)   ( 12)   ( 12)   ( 12)   ( 12)
Tmax/Shear( 12)=    3.5/  -107.  Astt=   21.  Astv=  22.3  Ast1=   1.6
  非加密区箍筋面积(2.0H处) Asvm=     24.
 ---------------------------------------------------------------------------
 N-B=  25 (I= 33885, J= 33886) ( 1)B*H(mm)=  200*  550
 Lb=  1.30 Cover= 20 Nfb= 1 Rcb= 30.0 Fy=  360. Fyv=  360.
  调幅系数：0.85  扭矩折减系数：0.40  刚度系数：1.41
  梁属性：混凝土梁 非框架梁 调幅梁
  梁地震组合剪力调整系数： 1.30
            -I-     -1-     -2-     -3-     -4-     -5-     -6-     -7-     -J-
-M(kNm)      0.      0.      0.      0.      0.      0.      0.      0.      0.
LoadCase  (  0)   (  0)   (  0)   (  0)   (  0)   (  0)   (  0)   (  0)   (  0)
Top Ast      0.      0.      0.      0.      0.      0.      0.      0.      0.
% Steel    0.00    0.00    0.00    0.00    0.00    0.00    0.00    0.00    0.00
+M(kNm)    140.    127.    115.    101.     89.     76.     62.     47.     33.
LoadCase  ( 15)   ( 15)   ( 15)   ( 15)   ( 18)   ( 18)   ( 18)   ( 18)   ( 18)
Btm Ast    855.    771.    686.    599.    520.    438.    354.    330.    330.
% Steel    0.84    0.76    0.68    0.59    0.51    0.43    0.35    0.30    0.30
Shear      -75.    -74.    -77.    -80.    -84.    -88.    -92.    -95.    -97.
LoadCase  ( 15)   ( 28)   ( 28)   ( 28)   ( 28)   ( 28)   ( 28)   ( 28)   ( 28)
 Asv        24.     24.     24.     24.     24.     24.     24.     24.     24.
 Rsv       0.12    0.12    0.12    0.12    0.12    0.12    0.12    0.12    0.12
剪压比    0.049   0.051   0.053   0.059   0.062   0.065   0.068   0.070   0.072
LoadCase  ( 28)   ( 28)   ( 28)   ( 15)   ( 15)   ( 15)   ( 15)   ( 15)   ( 15)
Tmax/Shear( 15)=    1.6/  -105.  Astt=    0.  Astv=  23.9  Ast1=   0.0
  非加密区箍筋面积(2.0H处) Asvm=     24.
 ---------------------------------------------------------------------------
 N-B=  26 (I= 33895, J= 33896) ( 1)B*H(mm)=  200*  550
 Lb=  1.30 Cover= 20 Nfb= 1 Rcb= 30.0 Fy=  360. Fyv=  360.
  调幅系数：0.85  扭矩折减系数：0.40  刚度系数：1.04
  梁属性：混凝土梁 框架梁 调幅梁
  梁地震组合剪力调整系数： 1.30
            -I-     -1-     -2-     -3-     -4-     -5-     -6-     -7-     -J-
-M(kNm)      0.      0.     -6.    -23.    -40.    -58.    -78.    -99.   -120.
LoadCase  (  0)   (  0)   ( 75)   ( 75)   ( 75)   ( 43)   ( 43)   ( 43)   ( 43)
Top Ast      0.      0.    330.    330.    330.    330.    334.    428.    536.
% Steel    0.00    0.00    0.30    0.30    0.30    0.30    0.33    0.42    0.53
+M(kNm)     76.     64.     74.     67.     60.     52.     46.     40.     33.
LoadCase  ( 16)   ( 18)   ( 52)   ( 52)   ( 52)   ( 84)   ( 84)   ( 84)   ( 84)
Btm Ast    443.    367.    330.    330.    330.    330.    330.    330.    440.
% Steel    0.44    0.36    0.30    0.30    0.30    0.30    0.30    0.30    0.40
Shear     -110.   -112.   -114.   -117.   -120.   -124.   -126.   -129.   -142.
LoadCase  ( 43)   ( 43)   ( 43)   ( 43)   ( 43)   ( 43)   ( 43)   ( 43)   ( 43)
 Asv        24.     24.     24.     24.     24.     24.     25.     27.     32.
 Rsv       0.12    0.12    0.12    0.12    0.12    0.12    0.13    0.13    0.16
剪压比    0.076   0.077   0.079   0.081   0.083   0.085   0.087   0.089   0.098
LoadCase  ( 43)   ( 43)   ( 43)   ( 43)   ( 43)   ( 43)   ( 43)   ( 43)   ( 43)
Tmax/Shear( 17)=    6.9/  -118.  Astt=  116.  Astv=  45.0  Ast1=   9.0
  非加密区箍筋面积(2.0H处) Asvm=     45.
 ---------------------------------------------------------------------------
 N-B=  27 (I= 33870, J= 33871) ( 1)B*H(mm)=  200*  550
 Lb=  2.24 Cover= 20 Nfb= 1 Rcb= 30.0 Fy=  360. Fyv=  360.
  调幅系数：0.85  扭矩折减系数：0.40  刚度系数：1.36
  梁属性：混凝土梁 框架梁 调幅梁
  梁地震组合剪力调整系数： 1.30
            -I-     -1-     -2-     -3-     -4-     -5-     -6-     -7-     -J-
-M(kNm)   -111.    -84.    -59.    -37.    -16.      0.      0.    -17.    -37.
LoadCase  ( 18)   ( 18)   ( 26)   ( 26)   ( 10)   (  0)   ( 76)   (  9)   (  9)
Top Ast    665.    491.    338.    330.    330.      0.    330.    330.    440.
% Steel    0.65    0.48    0.33    0.30    0.30    0.00    0.30    0.30    0.40
+M(kNm)     84.     73.     62.     51.     38.     23.     24.     39.     53.
LoadCase  (  9)   (  9)   (  5)   (  5)   ( 17)   ( 17)   ( 18)   ( 18)   ( 18)
Btm Ast    499.    423.    357.    330.    330.    330.    330.    330.    440.
% Steel    0.49    0.42    0.35    0.30    0.30    0.30    0.30    0.30    0.40
Shear      124.    100.     94.     88.     81.     74.    -71.    -77.   -101.
LoadCase  ( 51)   ( 51)   ( 51)   ( 51)   ( 51)   ( 51)   ( 44)   ( 44)   ( 44)
 Asv        24.     24.     24.     24.     24.     24.     24.     24.     24.
 Rsv       0.12    0.12    0.12    0.12    0.12    0.12    0.12    0.12    0.12
剪压比    0.086   0.069   0.065   0.060   0.056   0.051   0.049   0.053   0.070
LoadCase  ( 51)   ( 51)   ( 51)   ( 51)   ( 51)   ( 51)   ( 44)   ( 44)   ( 44)
Tmax/Shear( 18)=    5.8/   100.  Astt=   73.  Astv=  28.5  Ast1=   5.7
  非加密区箍筋面积(2.0H处) Asvm=     28.
 ---------------------------------------------------------------------------
 N-B=  28 (I= 33877, J= 33878) ( 1)B*H(mm)=  200*  550
 Lb=  2.40 Cover= 20 Nfb= 1 Rcb= 30.0 Fy=  360. Fyv=  360.
  调幅系数：1.00  扭矩折减系数：0.40  刚度系数：1.77
  梁属性：混凝土梁 框架梁 不调幅梁
  梁地震组合剪力调整系数： 1.30
            -I-     -1-     -2-     -3-     -4-     -5-     -6-     -7-     -J-
-M(kNm)      0.      0.      0.      0.      0.      0.      0.      0.    -11.
LoadCase  (  0)   (  0)   (  0)   (  0)   (  0)   (  0)   (  0)   (  0)   ( 12)
Top Ast      0.      0.      0.      0.      0.      0.      0.      0.    330.
% Steel    0.00    0.00    0.00    0.00    0.00    0.00    0.00    0.00    0.30
+M(kNm)     60.     60.     59.     55.     48.     37.     24.      7.      0.
LoadCase  ( 17)   ( 17)   ( 17)   ( 17)   ( 17)   ( 17)   ( 17)   ( 17)   (  0)
Btm Ast    343.    344.    337.    330.    330.    330.    330.    330.    330.
% Steel    0.34    0.34    0.33    0.31    0.30    0.30    0.30    0.30    0.30
Shear       22.     19.     13.    -18.    -29.    -41.    -51.    -58.    -61.
LoadCase  ( 18)   ( 18)   ( 18)   ( 17)   ( 17)   ( 17)   ( 17)   ( 17)   ( 17)
 Asv        24.     24.     24.     24.     24.     24.     24.     24.     24.
 Rsv       0.12    0.12    0.12    0.12    0.12    0.12    0.12    0.12    0.12
剪压比    0.015   0.013   0.009   0.012   0.020   0.028   0.035   0.040   0.042
LoadCase  ( 18)   ( 18)   ( 18)   ( 17)   ( 17)   ( 17)   ( 17)   ( 17)   ( 17)
Tmax/Shear( 17)=    5.4/   -61.  Astt=   27.  Astv=  22.3  Ast1=   2.1
  非加密区箍筋面积(2.0H处) Asvm=     24.
 ---------------------------------------------------------------------------
 N-B=  29 (I= 33886, J= 33888) ( 1)B*H(mm)=  200*  400
 Lb=  0.80 Cover= 20 Nfb= 5 Rcb= 30.0 Fy=  360. Fyv=  360.
  调幅系数：0.85  扭矩折减系数：0.40  刚度系数：1.15
  梁属性：混凝土梁 非框架梁 调幅梁
  梁地震组合剪力调整系数： 1.00
            -I-     -1-     -2-     -3-     -4-     -5-     -6-     -7-     -J-
-M(kNm)      0.      0.      0.      0.     -3.     -5.     -7.    -11.    -15.
LoadCase  (  0)   (  0)   (  0)   ( 90)   ( 66)   ( 66)   ( 15)   ( 15)   ( 15)
Top Ast      0.      0.      0.    160.    160.    160.    160.    160.    160.
% Steel    0.00    0.00    0.00    0.20    0.20    0.20    0.20    0.20    0.20
+M(kNm)     13.     11.     10.      8.      6.      6.      4.      2.      0.
LoadCase  ( 17)   ( 17)   ( 16)   ( 16)   ( 16)   ( 41)   ( 73)   ( 73)   ( 67)
Btm Ast    160.    160.    160.    160.    160.    160.    160.    160.    160.
% Steel    0.20    0.20    0.20    0.20    0.20    0.20    0.20    0.20    0.20
Shear      -23.    -25.    -28.    -30.    -33.    -36.    -38.    -40.    -42.
LoadCase  ( 15)   ( 15)   ( 15)   ( 15)   ( 15)   ( 15)   ( 15)   ( 15)   ( 15)
 Asv        19.     19.     19.     19.     19.     19.     19.     19.     19.
 Rsv       0.09    0.09    0.09    0.09    0.09    0.09    0.09    0.09    0.09
剪压比    0.023   0.025   0.027   0.029   0.032   0.035   0.037   0.039   0.042
LoadCase  ( 15)   ( 15)   ( 15)   ( 15)   ( 15)   ( 15)   ( 15)   ( 15)   ( 15)
Tmax/Shear( 15)=    2.9/   -42.  Astt=    0.  Astv=  22.3  Ast1=   0.0
  非加密区箍筋面积(1.5H处) Asvm=     22.
 ---------------------------------------------------------------------------
 N-B=  30 (I= 33888, J= 33896) ( 1)B*H(mm)=  200*  400
 Lb=  2.00 Cover= 20 Nfb= 5 Rcb= 30.0 Fy=  360. Fyv=  360.
  调幅系数：0.85  扭矩折减系数：0.40  刚度系数：1.67
  梁属性：混凝土梁 非框架梁 调幅梁
  梁地震组合剪力调整系数： 1.00
            -I-     -1-     -2-     -3-     -4-     -5-     -6-     -7-     -J-
-M(kNm)     -6.     -3.     -1.      0.      0.     -1.     -4.    -10.    -18.
LoadCase  ( 15)   ( 60)   ( 60)   (  0)   (  0)   ( 60)   ( 15)   ( 15)   ( 15)
Top Ast    160.    160.    160.      0.      0.    160.    160.    160.    160.
% Steel    0.20    0.20    0.20    0.00    0.00    0.20    0.20    0.20    0.20
+M(kNm)      4.      7.     10.     11.     10.      7.      5.      3.      0.
LoadCase  ( 67)   ( 16)   ( 16)   ( 16)   ( 16)   ( 16)   (  0)   (  0)   (  0)
Btm Ast    160.    160.    160.    160.    160.    160.    160.    160.    160.
% Steel    0.20    0.20    0.20    0.20    0.20    0.20    0.20    0.20    0.20
Shear       22.     16.      9.     -1.     -9.    -17.    -25.    -32.    -38.
LoadCase  ( 11)   ( 11)   ( 15)   ( 16)   ( 16)   ( 12)   ( 12)   ( 12)   ( 12)
 Asv        19.     19.     19.     19.     19.     19.     19.     19.     19.
 Rsv       0.09    0.09    0.09    0.09    0.09    0.09    0.09    0.09    0.09
剪压比    0.021   0.015   0.009   0.001   0.009   0.016   0.024   0.031   0.037
LoadCase  ( 11)   ( 11)   ( 15)   ( 16)   ( 16)   ( 12)   ( 12)   ( 12)   ( 12)
Tmax/Shear( 12)=    3.6/   -38.  Astt=   12.  Astv=  22.3  Ast1=   1.2
  非加密区箍筋面积(1.5H处) Asvm=     22.
 ---------------------------------------------------------------------------
 N-B=  31 (I= 33886, J= 33887) ( 1)B*H(mm)=  200*  550
 Lb=  1.10 Cover= 20 Nfb= 1 Rcb= 30.0 Fy=  360. Fyv=  360.
  调幅系数：0.85  扭矩折减系数：0.40  刚度系数：1.31
  梁属性：混凝土梁 非框架梁 调幅梁
  梁地震组合剪力调整系数： 1.30
            -I-     -1-     -2-     -3-     -4-     -5-     -6-     -7-     -J-
-M(kNm)      0.      0.     -3.    -11.    -21.    -29.    -42.    -56.    -70.
LoadCase  (  0)   (  0)   ( 60)   ( 60)   ( 28)   ( 15)   ( 15)   ( 15)   ( 15)
Top Ast      0.      0.    330.    330.    330.    330.    330.    330.    440.
% Steel    0.00    0.00    0.30    0.30    0.30    0.30    0.30    0.31    0.41
+M(kNm)     38.     27.     23.     14.      6.      2.      1.      1.      0.
LoadCase  ( 18)   ( 18)   ( 35)   ( 35)   ( 67)   (  0)   (  0)   (  0)   (  0)
Btm Ast    330.    330.    330.    330.    330.    330.    330.    330.    440.
% Steel    0.30    0.30    0.30    0.30    0.30    0.30    0.30    0.30    0.40
Shear      -76.    -78.    -80.    -83.    -86.    -89.    -92.    -94.   -100.
LoadCase  ( 52)   ( 52)   ( 52)   ( 52)   ( 52)   ( 52)   ( 52)   ( 52)   ( 52)
 Asv        24.     24.     24.     24.     24.     24.     24.     24.     24.
 Rsv       0.12    0.12    0.12    0.12    0.12    0.12    0.12    0.12    0.12
剪压比    0.056   0.058   0.060   0.062   0.064   0.067   0.069   0.071   0.069
LoadCase  ( 15)   ( 15)   ( 15)   ( 15)   ( 15)   ( 15)   ( 15)   ( 15)   ( 52)
Tmax/Shear( 15)=    4.2/  -105.  Astt=   36.  Astv=  22.3  Ast1=   2.8
  非加密区箍筋面积(2.0H处) Asvm=     24.
 ---------------------------------------------------------------------------
 N-B=  32 (I= 33888, J= 33889) ( 1)B*H(mm)=  200*  400
 Lb=  1.10 Cover= 20 Nfb= 5 Rcb= 30.0 Fy=  360. Fyv=  360.
  调幅系数：0.85  扭矩折减系数：0.40  刚度系数：1.32
  梁属性：混凝土梁 非框架梁 调幅梁
  梁地震组合剪力调整系数： 1.00
            -I-     -1-     -2-     -3-     -4-     -5-     -6-     -7-     -J-
-M(kNm)      0.     -6.    -14.    -22.    -31.    -40.    -50.    -60.    -71.
LoadCase  (  0)   ( 15)   ( 15)   ( 15)   ( 15)   ( 15)   ( 15)   ( 15)   ( 15)
Top Ast      0.    160.    160.    175.    248.    329.    418.    513.    616.
% Steel    0.00    0.20    0.20    0.24    0.35    0.46    0.58    0.72    0.86
+M(kNm)      3.      1.      1.      2.      2.      2.      1.      1.      0.
LoadCase  ( 16)   (  0)   (  0)   (  0)   (  0)   (  0)   (  0)   (  0)   (  0)
Btm Ast    160.    160.    160.    160.    160.    160.    160.    160.    160.
% Steel    0.20    0.20    0.20    0.20    0.20    0.20    0.20    0.20    0.20
Shear      -64.    -66.    -68.    -72.    -76.    -80.    -84.    -86.    -88.
LoadCase  ( 15)   ( 15)   ( 15)   ( 15)   ( 15)   ( 15)   ( 15)   ( 15)   ( 15)
 Asv        19.     19.     19.     19.     19.     19.     19.     19.     19.
 Rsv       0.09    0.09    0.09    0.10    0.10    0.10    0.10    0.10    0.10
剪压比    0.062   0.064   0.067   0.070   0.074   0.078   0.082   0.084   0.086
LoadCase  ( 15)   ( 15)   ( 15)   ( 15)   ( 15)   ( 15)   ( 15)   ( 15)   ( 15)
Tmax/Shear( 15)=    3.5/   -88.  Astt=   53.  Astv=  33.9  Ast1=   5.4
  非加密区箍筋面积(1.5H处) Asvm=     34.
 ---------------------------------------------------------------------------
 N-B=  33 (I= 33871, J= 33878) ( 1)B*H(mm)=  200*  550
 Lb=  1.19 Cover= 20 Nfb= 1 Rcb= 30.0 Fy=  360. Fyv=  360.
  调幅系数：0.85  扭矩折减系数：0.40  刚度系数：1.05
  梁属性：混凝土梁 框架梁 调幅梁
  梁地震组合剪力调整系数： 1.30
            -I-     -1-     -2-     -3-     -4-     -5-     -6-     -7-     -J-
-M(kNm)   -138.   -119.    -99.    -81.    -62.    -46.    -31.    -17.     -7.
LoadCase  ( 16)   ( 16)   ( 16)   ( 16)   ( 16)   ( 24)   ( 24)   ( 24)   ( 67)
Top Ast    825.    712.    587.    468.    357.    330.    330.    330.    330.
% Steel    0.81    0.70    0.58    0.46    0.35    0.30    0.30    0.30    0.30
+M(kNm)     29.     34.     38.     42.     46.     50.     56.     61.     66.
LoadCase  (  7)   (  7)   (  7)   (  7)   (  7)   (  3)   (  3)   (  3)   ( 15)
Btm Ast    440.    330.    330.    330.    330.    330.    330.    346.    379.
% Steel    0.40    0.30    0.30    0.30    0.30    0.30    0.31    0.34    0.37
Shear      148.    132.    130.    127.    123.    120.    117.    114.    112.
LoadCase  ( 49)   ( 49)   ( 49)   ( 49)   ( 49)   ( 49)   ( 49)   ( 49)   ( 49)
 Asv        35.     28.     27.     25.     24.     24.     24.     24.     24.
 Rsv       0.18    0.14    0.13    0.13    0.12    0.12    0.12    0.12    0.12
剪压比    0.102   0.091   0.089   0.087   0.085   0.082   0.080   0.079   0.077
LoadCase  ( 49)   ( 49)   ( 49)   ( 49)   ( 49)   ( 49)   ( 49)   ( 49)   ( 49)
Tmax/Shear( 16)=    6.5/   134.  Astt=  114.  Astv=  50.0  Ast1=   8.9
  非加密区箍筋面积(2.0H处) Asvm=     50.
 ---------------------------------------------------------------------------
 N-B=  34 (I= 33878, J= 33887) ( 1)B*H(mm)=  200*  550
 Lb=  3.30 Cover= 20 Nfb= 1 Rcb= 30.0 Fy=  360. Fyv=  360.
  调幅系数：0.85  扭矩折减系数：0.40  刚度系数：1.55
  梁属性：混凝土梁 框架梁 调幅梁
  梁地震组合剪力调整系数： 1.30
            -I-     -1-     -2-     -3-     -4-     -5-     -6-     -7-     -J-
-M(kNm)     -1.      0.      0.      0.      0.    -17.    -41.    -72.   -112.
LoadCase  ( 67)   (  0)   (  0)   (  0)   (  0)   ( 60)   (  7)   (  3)   (  3)
Top Ast    330.      0.      0.      0.      0.    330.    330.    418.    667.
% Steel    0.30    0.00    0.00    0.00    0.00    0.30    0.30    0.41    0.66
+M(kNm)     78.     72.     63.     72.     81.     84.     81.     73.     68.
LoadCase  ( 15)   ( 15)   ( 11)   ( 16)   ( 16)   ( 16)   ( 16)   ( 24)   ( 24)
Btm Ast    452.    413.    361.    414.    468.    486.    468.    424.    440.
% Steel    0.44    0.41    0.36    0.41    0.46    0.48    0.46    0.42    0.40
Shear       62.     56.     48.    -46.    -59.    -72.    -84.    -93.   -111.
LoadCase  ( 35)   ( 35)   ( 35)   ( 28)   ( 28)   ( 28)   ( 28)   ( 28)   ( 28)
 Asv        24.     24.     24.     24.     24.     24.     24.     24.     24.
 Rsv       0.12    0.12    0.12    0.12    0.12    0.12    0.12    0.12    0.12
剪压比    0.043   0.039   0.033   0.032   0.041   0.050   0.058   0.064   0.076
LoadCase  ( 35)   ( 35)   ( 35)   ( 28)   ( 28)   ( 28)   ( 28)   ( 28)   ( 28)
Tmax/Shear( 15)=    2.8/   -98.  Astt=    3.  Astv=  22.3  Ast1=   0.3
  非加密区箍筋面积(2.0H处) Asvm=     24.
 ---------------------------------------------------------------------------
