
  ///////////////////////////////////////////////////////////////////////////
  | 公司名称:                                                               |
  |                                                                         |
  |                            建筑结构的总信息                             |
  |                          SATWE2010_V5.1.3 中文版                        |
  |                         (2020年5月18日18时13分)                         |
  |                            文件名: WMASS.OUT                            |
  |                                                                         |
  |工程名称 :                     设计人 :              计算日期:2020/10/19 |
  |工程代号 :                     校核人 :              计算时间:11:03:18   |
  ///////////////////////////////////////////////////////////////////////////

     总信息 ..............................................
     结构材料信息:                         钢砼结构                                
     混凝土容重 (kN/m3):                   Gc     =  27.00
     钢材容重 (kN/m3):                     Gs     =  78.00
     是否扣除构件重叠质量和重量:           否                                      
     是否自动计算现浇楼板自重:             是                                      
     水平力的夹角(Degree):                 ARF    =   0.00
     地下室层数:                           MBASE  =      1
     竖向荷载计算信息:                     按模拟施工1加荷计算                     
     风荷载计算信息:                       计算X,Y两个方向的风荷载                 
     地震力计算信息:                       计算X,Y两个方向的地震力                 
     “规定水平力”计算方法:               楼层剪力差方法(规范方法)                
     结构类别:                             剪力墙结构                              
     裙房层数:                             MANNEX =      0
     转换层所在层号:                       MCHANGE=      0
     嵌固端所在层号:                       MQIANGU=      1
     墙元细分最大控制长度(m):              DMAX   =   1.00
     弹性板细分最大控制长度(m):            DMAX_S =   1.00
     是否对全楼强制采用刚性楼板假定:       是                                                
     墙梁跨中节点作为刚性楼板的从节点:     是                                      
     墙倾覆力矩的计算方法:                 考虑墙的所有内力贡献                    
     墙偏心的处理方式:                     传统移动节点方式                        
     高位转换结构等效侧向刚度比采用高规附录E:  否                                      
     是否梁板顶面对齐:                     否                                      
     是否带楼梯计算:                       否                                      
     框架连梁按壳元计算控制跨高比:            0.00
     墙梁转框架梁的控制跨高比:                0.00
     结构所在地区:                         广东                                    
     楼板按有限元方式进行面外设计          否

     多模型及包络........................................
     采用指定的刚重比计算模型：            否

     风荷载信息 ..........................................
     修正后的基本风压 (kN/m2):             WO     =   0.75
     风荷载作用下舒适度验算风压(kN/m2):    WOC    =   0.75
     地面粗糙程度:                         C 类                                    
     结构X向基本周期（秒）:                Tx     =   2.00
     结构Y向基本周期（秒）:                Ty     =   2.00
     是否考虑顺风向风振:                   是                                      
     风荷载作用下结构的阻尼比(%):          WDAMP  =   5.00
     风荷载作用下舒适度验算阻尼比(%):      WDAMPC =   2.00
     是否计算横风向风振:                   否                                      
     是否计算扭转风振:                     否                                      
     承载力设计时风荷载效应放大系数:       WENL   =   1.10
     体型变化分段数:                       MPART  =      1
     各段最高层号:                         NSTI   =     21
     各段体型系数(X):                      USIX   =   1.41
     各段体型系数(Y):                      USIY   =   1.41
     设缝多塔背风面体型系数:               USB    =   0.50

     地震信息 ............................................
     结构规则性信息:                       不规则                                  
     振型组合方法(CQC耦联;SRSS非耦联):     CQC                                     
     特征值分析方法:                       子空间迭代法                            
     是否由程序自动确定振型数:             否                                      
     计算振型数:                           NMODE  =     18
     地震烈度:                             NAF    =   6.00
     场地类别:                             KD     =II                                                                                                 
     设计地震分组:                         一组                                    
     特征周期:                             TG     =   0.35
     地震影响系数最大值:                   Rmax1  =   0.04
     用于12层以下规则砼框架结构薄弱层验算的
     地震影响系数最大值:                   Rmax2  =   0.28
     框架的抗震等级:                       NF     =      4
     剪力墙的抗震等级:                     NW     =      4
     钢框架的抗震等级:                     NS     =      4
     抗震构造措施的抗震等级:               NGZDJ  =不改变                                  
     悬挑梁默认取框架梁抗震等级:           否                                      
     按抗规(6.1.3-3)降低嵌固端以下抗震构造
     措施的抗震等级:                       否                                      
     周期折减系数:                         TC     =   0.90
     结构的阻尼比 (%):                     DAMP   =   5.00
     是否考虑偶然偏心:                     是                                      
     偶然偏心考虑方式:                     相对于回转半径                          
     相对回转半径偏移系数:                   0.173
     是否考虑双向地震扭转效应:             是                                      
     是否考虑最不利方向水平地震作用:       否                                      
     按主振型确定地震内力符号:             否                                      
     斜交抗侧力构件方向的附加地震数:       NADDDIR=      0
     工业设备的反应谱方法底部剪力占规范简化
     方法底部剪力的最小比例:               SeisCoef=   1.00

     活荷载信息 ..........................................
     考虑活荷不利布置的层数:               从第 1 到20层                           
     考虑结构使用年限的活荷载调整系数:     FACLD  =   1.00
     考虑楼面活荷载折减方式：              传统方式
     柱、墙活荷载是否折减:                 不折减                                  
     传到基础的活荷载是否折减:             折减                                    
     柱，墙，基础活荷载折减系数:
           计算截面以上的层数              折减系数
                 1                           1.00
                 2---3                       0.85
                 4---5                       0.70
                 6---8                       0.65
                 9---20                      0.60
                   > 20                      0.55
     梁楼面活荷载折减设置:                 不折减                                  
     墙、柱设计时消防车荷载是否考虑折减：  是
         柱、墙设计时消防车荷载折减系数：     1.00
     梁设计时消防车荷载是否考虑折减：      是

     二阶效应 ........................................
     结构内力分析方法:                     一阶弹性设计方法                        
     考虑P-DELTA效应方法 :                 不考虑                                  
     柱计算长度系数是否置为1 :             否                                      
     是否考虑结构整体缺陷 :                否                                      
     是否考虑结构构件缺陷 :                否                                      

     调整信息 ........................................
     楼板作为翼缘对梁刚度的影响方式:       梁刚度放大系数按2010规范取值            
     托墙梁刚度放大系数:                   BK_TQL =   1.00
     梁端负弯矩调幅系数:                   BT     =   0.85
     梁端弯矩调幅方法:                     通过竖向构件判断调幅梁支座              
     梁活荷载内力放大系数:                 BM     =   1.00
     梁扭矩折减系数:                       TB     =   0.40
     支撑按柱设计临界角度(Deg):            ABr2Col=  20.00
     地震工况连梁刚度折减系数:             BLZ    =   0.70
     风荷载工况连梁刚度折减系数:           BLZW   =   1.00
     采用SAUSAGE-CHK计算的连梁刚度折减系数：否
     地震位移计算不考虑连梁刚度折减：      否
     柱实配钢筋超配系数:                   CPCOEF91 =   1.15
     墙实配钢筋超配系数:                   CPCOEF91_W =   1.15
     全楼地震力放大系数:                   RSF    =   1.00
     0.2Vo 调整方式:                       alpha*Vo和beta*Vmax两者取小             
     0.2Vo 调整中Vo的系数:                 alpha  =   0.20
     0.2Vo 调整中Vmax的系数:               beta   =   1.50
     0.2Vo 调整分段数:                     VSEG   =      1
     第 1段起始和终止层号:             KQ1    =  1, KQ2    = 18
     0.2Vo 调整上限:                       KQ_L   =   2.00
     是否调整与框支柱相连的梁内力:         否                                      
     框支柱调整上限:                       KZZ_L  =   5.00
     框支剪力墙结构底部加强区剪力墙抗震等级
     自动提高一级:                         是                                      
     是否按抗震规范5.2.5调整楼层地震力:    是                                      
     是否扭转效应明显:                     否                                      
     是否采用自定义楼层最小剪力系数:       否                                      
     弱轴方向的动位移比例因子:             XI1    =   0.00
     强轴方向的动位移比例因子:             XI2    =   0.00
     薄弱层判断方式:                       按高规和抗规从严判断                    
     受剪承载力薄弱层是否自动调整:         否                                      
     判断薄弱层所采用的楼层刚度算法:       地震剪力比地震层间位移算法              
     强制指定的薄弱层个数:                 NWEAK =      0
     薄弱层地震内力放大系数:               WEAKCOEF =   1.25
     强制指定的加强层个数:                 NSTREN =      0
     钢管束墙混凝土刚度折减系数:           GGSH_CONC =   1.00
     转换结构构件（三、四级）的水平地震作用
     效应放大系数：                           1.00

     设计信息 ........................................
     结构重要性系数:                       RWO    =   1.00
     钢柱计算长度计算原则(X向/Y向):        有侧移/有侧移                           
     梁端在梁柱重叠部分简化:               作为刚域                                
     柱端在梁柱重叠部分简化:               作为刚域                                
     是否考虑钢梁刚域：                    否
     柱长细比执行《高钢规》JGJ 99-2015第7.3.9条 :否                                      
     柱配筋计算原则:                       按单偏压计算                            
     柱双偏压配筋方式：                    普通方式
     钢构件截面净毛面积比:                 RN     =   0.50
     梁按压弯计算的最小轴压比:             UcMinB =   0.15
     梁保护层厚度 (mm):                    BCB    =  25.00
     柱保护层厚度 (mm):                    ACA    =  30.00
     剪力墙构造边缘构件的设计执行高规7.2.16-4:   是                                                                                                 
     框架梁端配筋考虑受压钢筋:             否                                      
     结构中的框架部分轴压比限值按纯框架结构
     的规定采用:                           否                                      
     当边缘构件轴压比小于抗规6.4.5条规定的
     限值时一律设置构造边缘构件:           是                                      
     是否按混凝土规范B.0.4考虑柱二阶效应:  否                                      
     执行高规5.2.3-4条主梁弯矩按整跨计算:  否                                      
     执行高规5.2.3-4条的梁对象:            主次梁均执行                            
     柱剪跨比计算原则:                     简化方式                                
     过渡层个数                                  0
     墙柱配筋采用考虑翼缘共同工作的设计方法：否
     执行《混规》第9.2.6.1条有关规定：     否
     执行《混规》第11.3.7条有关规定：      否
     圆钢管混凝土构件设计执行规范：        高规（JGJ-2010）
     方钢管混凝土构件设计执行规范：        矩形钢管砼规程（CECS 159：2004）
     型钢混凝土构件设计执行规范：          型钢砼组合结构规程（JGJ 138-2001）
     异形柱设计执行规范：                  混凝土异形柱结构技术规程（JGJ 149-2006）
     钢结构设计执行规范：                  钢结构设计规范（GB50017-2003）
     是否执行建筑结构可靠度设计统一标准:   是                                      
     是否执行建筑钢结构防火技术规范:       否                                      

     材料信息 ........................................
     梁主筋强度 (N/mm2):                   IB     =    360
     梁箍筋强度 (N/mm2):                   JB     =    360
     柱主筋强度 (N/mm2):                   IC     =    300
     柱箍筋强度 (N/mm2):                   JC     =    360
     墙主筋强度 (N/mm2):                   IW     =    300
     墙水平分布筋强度 (N/mm2):             FYH    =    300
     墙竖向分布筋强度 (N/mm2):             FYW    =    300
     边缘构件箍筋强度 (N/mm2):             JWB    =    210
     梁箍筋最大间距 (mm):                  SB     = 100.00
     柱箍筋最大间距 (mm):                  SC     = 100.00
     墙水平分布筋最大间距 (mm):            SWH    = 200.00
     墙竖向分布筋配筋率 (%):               RWV    =   0.30
     墙最小水平分布筋配筋率 (%):           RWHMIN =   0.00
     梁抗剪配筋采用交叉斜筋时，箍筋与对角斜
     筋的配筋强度比:                       RGX    =   1.00

     荷载组合信息 ........................................
     是否计算水平地震:                     是                                      
     是否计算竖向地震:                     否                                      
     是否计算普通风:                       是                                      
     是否计算特殊风:                       否                                      
     是否计算温度荷载:                     否                                      
     是否计算吊车荷载:                     否                                      
     地震与风同时组合：                    是
     屋面活荷载是否与雪荷载和风荷载同时组合：是
     自动添加自定义工况组合:               是
         自定义工况组合方式                叠加
     恒载分项系数:                         CDEAD  =   1.20
     活载分项系数:                         CLIVE  =   1.40
     风荷载分项系数:                       CWIND  =   1.40
     水平地震力分项系数:                   CEA_H  =   1.30
     活荷载的组合值系数:                   CD_L   =   0.70
     风荷载的组合值系数:                   CD_W   =   0.60
     重力荷载代表值效应的活荷组合值系数:   CEA_L  =   0.50

     地下信息 ..........................................
     室外地面相对于结构底层底部的高度(m):  Hsoil  =     3.10
     土的X向水平抗力系数的比例系数(MN/m4): MX     =     3.00
     土的Y向水平抗力系数的比例系数(MN/m4): MY     =     3.00
     地面处回填土X向刚度折减系数:          RKX    =     0.00
     地面处回填土Y向刚度折减系数:          RKY    =     0.00
     回填土容重 (kN/m3):                   Gsol   =  18.00
     回填土侧压力系数:                     Rsol   =   0.50
     外墙分布筋保护厚度 (mm):              WCW    =  35.00
     室外地平标高 (m):                     Hout   =  -0.35
     地下水位标高 (m):                     Hwat   = -20.00
     室外地面附加荷载 (kN/m2):             Qgrd   =   0.00
     面外设计方法:                         SATWE传统方法
     水土侧压计算:                         水土合算
     外侧纵筋保护层厚度（mm）：              35.00
     内侧纵筋保护层厚度（mm）：              35.00

     广东规程信息 ........................................
     结构高度类别:                         A                                       
     0.2V0调整时,调整与框架柱相连梁端弯矩: 是                                      

     性能设计信息 ........................................
     按照全国高规进行性能设计:             否                                      

     高级参数 ..........................................
     计算软件信息:                         64位                                    
     线性方程组解法:                       PARDISO                                 
     地震作用分析方法:                     总刚分析方法                            
     位移输出方式:                         简单输出                                
     是否生成传基础刚度:                   否                                      
     保留分析模型上自定义的风荷载:         否
     采用自定义范围统计指标:               否
     位移指标统计时考虑斜柱：              否
     采用自定义位移指标统计节点范围：      否
     按框架梁建模的连梁砼等级默认同墙：    否
     二道防线调整时，调整与框架柱相连的
     框架梁端弯矩、剪力：                  是
     薄弱层地震内力调整时不放大构件轴力：  否
     剪切刚度计算时考虑柱刚域影响：        否
     短肢墙判断时考虑相连墙肢厚度影响：    否
     刚重比验算考虑填充墙刚度影响：        否
     剪力墙端柱的面外剪力统计到框架部分：  否
     按构件内力累加方式计算层指标：        否
 

     剪力墙底部加强区的层和塔信息.......................
     层号     塔号
       1        1
       2        1
       3        1

     用户指定薄弱层的层和塔信息.........................
     层号     塔号

     用户指定加强层的层和塔信息.........................
     层号     塔号

     约束边缘构件与过渡层的层和塔信息...................
     层号     塔号     类别
       1        1   约束边缘构件层
       2        1   约束边缘构件层
       3        1   约束边缘构件层
       4        1   约束边缘构件层


     *********************************************************
     *                  各层的质量、质心坐标信息             *
     *********************************************************

 层号    塔号    质心 X      质心 Y      质心 Z      恒载质量      活载质量      附加质量      质量比
                               (m)         (m)          (t)          (t)
  21       1      3.785      -1.459      61.700        299.5          6.5          0.0         0.48
  20       1      3.771      -1.119      58.400        588.5         45.6          0.0         1.18
  19       1      3.837      -1.503      55.500        501.2         36.3          0.0         1.00
  18       1      3.733      -1.513      52.600        502.5         36.5          0.0         1.00
  17       1      3.837      -1.503      49.700        501.2         36.3          0.0         1.00
  16       1      3.733      -1.513      46.800        502.5         36.5          0.0         1.00
  15       1      3.837      -1.503      43.900        501.2         36.3          0.0         1.00
  14       1      3.733      -1.513      41.000        502.5         36.5          0.0         1.00
  13       1      3.837      -1.503      38.100        501.2         36.3          0.0         1.00
  12       1      3.733      -1.513      35.200        502.5         36.5          0.0         1.00
  11       1      3.837      -1.503      32.300        501.2         36.3          0.0         1.00
  10       1      3.733      -1.513      29.400        502.5         36.5          0.0         1.00
   9       1      3.837      -1.503      26.500        501.2         36.3          0.0         1.00
   8       1      3.733      -1.513      23.600        502.5         36.5          0.0         1.00
   7       1      3.837      -1.503      20.700        501.2         36.3          0.0         1.00
   6       1      3.733      -1.513      17.800        502.5         36.5          0.0         1.00
   5       1      3.837      -1.503      14.900        501.2         36.3          0.0         1.00
   4       1      3.733      -1.514      12.000        502.8         36.5          0.0         0.91
   3       1      3.800      -1.298       9.100        553.0         39.5          0.0         1.22
   2       1      3.763      -1.555       6.100        459.7         26.9          0.0         0.44
   1       1      3.838       7.004       3.100        969.9        138.5          0.0         1.00

     活载产生的总质量 (t):                        839.801
     恒载产生的总质量 (t):                      10900.656
     附加总质量 (t):                                0.000
     结构的总质量 (t):                          11740.457
     恒载产生的总质量包括结构自重和外加恒载
     结构的总质量包括恒载产生的质量和活载产生的质量和附加质量
     活载产生的总质量和结构的总质量是活载折减后的结果 (1t = 1000kg)


     *********************************************************
     *             各层构件数量、构件材料和层高              *
     *********************************************************

 层号(标准层号)   塔号            梁元数                柱元数                   墙元数             层高        累计高度
                            (混凝土/主筋/箍筋)    (混凝土/主筋/箍筋)  (混凝土/主筋/水平筋/竖向筋)    (m)           (m)    

   1(  1)           1       176( 30/ 360/ 360)     21( 45/ 300/ 360)     56( 45/ 300/ 300/ 300)      3.100         3.100
   2(  2)           1        85( 30/ 360/ 360)     10( 45/ 300/ 360)     53( 45/ 300/ 300/ 300)      3.000         6.100
   3(  3)           1       117( 30/ 360/ 360)     10( 45/ 300/ 360)     56( 45/ 300/ 300/ 300)      3.000         9.100
   4(  5)           1       136( 30/ 360/ 360)     10( 45/ 300/ 360)     53( 45/ 300/ 300/ 300)      2.900        12.000
   5(  4)           1       131( 30/ 360/ 360)     10( 40/ 300/ 360)     54( 40/ 300/ 300/ 300)      2.900        14.900
   6(  5)           1       136( 30/ 360/ 360)     10( 40/ 300/ 360)     53( 40/ 300/ 300/ 300)      2.900        17.800
   7(  4)           1       131( 30/ 360/ 360)     10( 40/ 300/ 360)     54( 40/ 300/ 300/ 300)      2.900        20.700
   8(  5)           1       136( 30/ 360/ 360)     10( 35/ 300/ 360)     53( 35/ 300/ 300/ 300)      2.900        23.600
   9(  4)           1       131( 30/ 360/ 360)     10( 35/ 300/ 360)     54( 35/ 300/ 300/ 300)      2.900        26.500
  10(  5)           1       136( 30/ 360/ 360)     10( 35/ 300/ 360)     53( 35/ 300/ 300/ 300)      2.900        29.400
  11(  4)           1       131( 30/ 360/ 360)     10( 30/ 300/ 360)     54( 30/ 300/ 300/ 300)      2.900        32.300
  12(  5)           1       136( 30/ 360/ 360)     10( 30/ 300/ 360)     53( 30/ 300/ 300/ 300)      2.900        35.200
  13(  4)           1       131( 30/ 360/ 360)     10( 30/ 300/ 360)     54( 30/ 300/ 300/ 300)      2.900        38.100
  14(  5)           1       136( 30/ 360/ 360)     10( 30/ 300/ 360)     53( 30/ 300/ 300/ 300)      2.900        41.000
  15(  4)           1       131( 30/ 360/ 360)     10( 30/ 300/ 360)     54( 30/ 300/ 300/ 300)      2.900        43.900
  16(  5)           1       136( 30/ 360/ 360)     10( 30/ 300/ 360)     53( 30/ 300/ 300/ 300)      2.900        46.800
  17(  4)           1       131( 30/ 360/ 360)     10( 30/ 300/ 360)     54( 30/ 300/ 300/ 300)      2.900        49.700
  18(  5)           1       136( 30/ 360/ 360)     10( 30/ 300/ 360)     53( 30/ 300/ 300/ 300)      2.900        52.600
  19(  4)           1       131( 30/ 360/ 360)     10( 30/ 300/ 360)     54( 30/ 300/ 300/ 300)      2.900        55.500
  20(  6)           1       134( 30/ 360/ 360)     10( 30/ 300/ 360)     54( 30/ 300/ 300/ 300)      2.900        58.400
  21(  7)           1        62( 30/ 360/ 360)     12( 30/ 300/ 360)     44( 30/ 300/ 300/ 300)      3.300        61.700
 

     *********************************************************
     *                    风荷载信息                         *
     *********************************************************

 层号  塔号   风荷载X      剪力X    倾覆弯矩X   风荷载Y      剪力Y    倾覆弯矩Y

  21     1     164.09      164.1       541.5     144.04      144.0       475.3
  20     1     139.74      303.8      1422.6     186.79      330.8      1434.7
  19     1     134.43      438.3      2693.5     179.72      510.6      2915.3
  18     1     129.18      567.4      4339.1     172.74      683.3      4896.9
  17     1     123.98      691.4      6344.2     165.81      849.1      7359.2
  16     1     118.80      810.2      8693.8     158.91     1008.0     10282.4
  15     1     113.62      923.8     11372.9     152.01     1160.0     13646.5
  14     1     108.43     1032.3     14366.4     145.10     1305.1     17431.3
  13     1     103.21     1135.5     17659.3     138.13     1443.3     21616.8
  12     1      97.92     1233.4     21236.1     131.08     1574.3     26182.3
  11     1      92.55     1325.9     25081.3     123.91     1698.2     31107.3
  10     1      87.05     1413.0     29179.0     116.58     1814.8     36370.3
   9     1      81.39     1494.4     33512.7     109.03     1923.9     41949.4
   8     1      75.53     1569.9     38065.4     101.19     2025.1     47822.1
   7     1      69.38     1639.3     42819.3      92.99     2118.0     53964.4
   6     1      63.22     1702.5     47756.6      84.76     2202.8     60352.5
   5     1      60.01     1762.5     52867.9      80.52     2283.3     66974.1
   4     1      56.63     1819.2     58143.5      76.06     2359.4     73816.3
   3     1      54.80     1874.0     63765.4      73.68     2433.0     81115.4
   2     1      48.76     1922.7     69533.5      67.74     2500.8     88617.8
   1     1       0.00     1922.7     75494.0       0.00     2500.8     96370.2
 

===========================================================================
             各楼层偶然偏心信息
===========================================================================

 层号   塔号    X向偏心    Y向偏心
   1      1       0.048       0.047
   2      1       0.049       0.046
   3      1       0.049       0.043
   4      1       0.050       0.044
   5      1       0.050       0.044
   6      1       0.050       0.044
   7      1       0.050       0.044
   8      1       0.050       0.044
   9      1       0.050       0.044
  10      1       0.050       0.044
  11      1       0.050       0.044
  12      1       0.050       0.044
  13      1       0.050       0.044
  14      1       0.050       0.044
  15      1       0.050       0.044
  16      1       0.050       0.044
  17      1       0.050       0.044
  18      1       0.050       0.044
  19      1       0.050       0.044
  20      1       0.049       0.043
  21      1       0.055       0.049

===========================================================================
             各楼层等效尺寸(单位:m,m**2)
===========================================================================

 层号   塔号    面积      形心X      形心Y   等效宽B   等效高H   最大宽BMAX   最小宽BMIN
   1      1    846.53      3.85      7.68     29.37     31.83       31.83       29.36
   2      1    241.66      3.73     -1.79     25.94     18.32       25.94       18.32
   3      1    335.23      3.70     -2.11     22.82     19.77       22.83       19.76
   4      1    341.42      3.68     -2.06     23.13     19.81       23.13       19.81
   5      1    339.62      3.85     -2.11     22.80     19.74       22.80       19.74
   6      1    341.42      3.68     -2.06     23.13     19.81       23.13       19.81
   7      1    339.62      3.85     -2.11     22.80     19.74       22.80       19.74
   8      1    341.42      3.68     -2.06     23.13     19.81       23.13       19.81
   9      1    339.62      3.85     -2.11     22.80     19.74       22.80       19.74
  10      1    341.42      3.68     -2.06     23.13     19.81       23.13       19.81
  11      1    339.62      3.85     -2.11     22.80     19.74       22.80       19.74
  12      1    341.42      3.68     -2.06     23.13     19.81       23.13       19.81
  13      1    339.62      3.85     -2.11     22.80     19.74       22.80       19.74
  14      1    341.42      3.68     -2.06     23.13     19.81       23.13       19.81
  15      1    339.62      3.85     -2.11     22.80     19.74       22.80       19.74
  16      1    341.42      3.68     -2.06     23.13     19.81       23.13       19.81
  17      1    339.62      3.85     -2.11     22.80     19.74       22.80       19.74
  18      1    341.42      3.68     -2.06     23.13     19.81       23.13       19.81
  19      1    339.62      3.85     -2.11     22.80     19.74       22.80       19.74
  20      1    389.57      3.76     -1.48     23.80     19.25       23.80       19.25
  21      1     45.52      4.01      1.81      5.81     10.24       10.34        5.63

     *********************************************************
     *                  各层的柱、墙面积信息                 *
     *********************************************************

 层号    塔号   楼层面积        柱面积(比例)        墙面积(比例)        X向墙面积(比例)      Y向墙面积(比例)
   1       1     846.53        6.88(  0.81%)       18.66(  2.20%)        5.46(  0.64%)       13.20(  1.56%)
   2       1     241.66        2.88(  1.19%)       18.50(  7.66%)        5.30(  2.19%)       13.20(  5.46%)
   3       1     335.23        2.80(  0.84%)       18.41(  5.49%)        5.30(  1.58%)       13.11(  3.91%)
   4       1     341.42        2.32(  0.68%)       12.47(  3.65%)        4.21(  1.23%)        8.26(  2.42%)
   5       1     339.62        2.32(  0.68%)       12.43(  3.66%)        4.17(  1.23%)        8.26(  2.43%)
   6       1     341.42        2.32(  0.68%)       12.43(  3.64%)        4.17(  1.22%)        8.26(  2.42%)
   7       1     339.62        2.32(  0.68%)       12.43(  3.66%)        4.17(  1.23%)        8.26(  2.43%)
   8       1     341.42        2.32(  0.68%)       12.43(  3.64%)        4.17(  1.22%)        8.26(  2.42%)
   9       1     339.62        2.32(  0.68%)       12.43(  3.66%)        4.17(  1.23%)        8.26(  2.43%)
  10       1     341.42        2.32(  0.68%)       12.43(  3.64%)        4.17(  1.22%)        8.26(  2.42%)
  11       1     339.62        2.32(  0.68%)       12.43(  3.66%)        4.17(  1.23%)        8.26(  2.43%)
  12       1     341.42        2.32(  0.68%)       12.43(  3.64%)        4.17(  1.22%)        8.26(  2.42%)
  13       1     339.62        2.32(  0.68%)       12.43(  3.66%)        4.17(  1.23%)        8.26(  2.43%)
  14       1     341.42        2.32(  0.68%)       12.43(  3.64%)        4.17(  1.22%)        8.26(  2.42%)
  15       1     339.62        2.32(  0.68%)       12.43(  3.66%)        4.17(  1.23%)        8.26(  2.43%)
  16       1     341.42        2.32(  0.68%)       12.43(  3.64%)        4.17(  1.22%)        8.26(  2.42%)
  17       1     339.62        2.32(  0.68%)       12.43(  3.66%)        4.17(  1.23%)        8.26(  2.43%)
  18       1     341.42        2.32(  0.68%)       12.43(  3.64%)        4.17(  1.22%)        8.26(  2.42%)
  19       1     339.62        2.32(  0.68%)       12.43(  3.66%)        4.17(  1.23%)        8.26(  2.43%)
  20       1     389.57        2.32(  0.60%)       12.43(  3.19%)        4.17(  1.07%)        8.26(  2.12%)
  21       1      45.52        2.48(  5.45%)        9.03( 19.84%)        3.93(  8.63%)        5.10( 11.20%)

===========================================================================
             各楼层的单位面积质量分布(单位:kg/m**2)
===========================================================================

 层号   塔号    单位面积质量 g[i]      质量比 max(g[i]/g[i-1],g[i]/g[i+1])
   1      1         1309.35                        1.00
   2      1         2013.59                        1.54
   3      1         1767.56                        1.12
   4      1         1579.75                        1.00
   5      1         1582.71                        1.00
   6      1         1578.83                        1.00
   7      1         1582.71                        1.00
   8      1         1578.83                        1.00
   9      1         1582.71                        1.00
  10      1         1578.83                        1.00
  11      1         1582.71                        1.00
  12      1         1578.83                        1.00
  13      1         1582.71                        1.00
  14      1         1578.83                        1.00
  15      1         1582.71                        1.00
  16      1         1578.83                        1.00
  17      1         1582.71                        1.00
  18      1         1578.83                        1.00
  19      1         1582.71                        1.00
  20      1         1627.50                        1.03
  21      1         6723.30                        4.13
 
===========================================================================
                 计算信息               
===========================================================================
      工程文件名 :        aa                                                    
 
      计算日期          : 2020.10.19                                            
      开始时间          :   11: 3:18                                            
 
      机器内存          :  24465.0MB                                            
      可用内存          :  11354.0MB                                            
 
      结构总出口自由度为:      30426                                            
      结构总自由度为　　:      37986                                            
 
 第一步: 数据预处理                                                             
 
 第二步: 计算结构质量、刚度、刚心等信息                                         
 
 第三步: 结构整体有限元分析
 
  *结构有限元分析: 地震工况                                                     
 
  *结构有限元分析: 一般工况                                                     
 
 第四步: 计算构件内力                                                           
 
      结束日期          : 2020.10.19
      结束时间          :   11: 3:35
 
      总用时            :    0: 0:17

 ===========================================================================
           各层刚心、偏心率、相邻层侧移刚度比等计算信息
  Floor No     : 层号
  Tower No     : 塔号
  Xstif，Ystif : 刚心的 X，Y 坐标值
  Alf          : 层刚性主轴的方向
  Xmass，Ymass : 质心的 X，Y 坐标值
  Gmass        : 总质量
  Eex，Eey     : X，Y 方向的偏心率
  Ratx，Raty   : X，Y 方向本层塔侧移刚度与下一层相应塔侧移刚度的比值(剪切刚度)
  Ratx1，Raty1 : X，Y 方向本层塔侧移刚度与上一层相应塔侧移刚度70%的比值
                 或上三层平均侧移刚度80%的比值中之较小者(《抗规》刚度比)
  Ratx2，Raty2 : X，Y 方向的刚度比,对于非广东地区分框架结构和非框架结构,
                 框架结构刚度比与《抗规》类似,非框架结构为考虑层高修正的刚度比;
                 对于广东地区为考虑层高修正的刚度比(《高规》刚度比)
  RJX1，RJY1，RJZ1: 结构总体坐标系中塔的侧移刚度和扭转刚度(剪切刚度)
  RJX3，RJY3，RJZ3: 结构总体坐标系中塔的侧移刚度和扭转刚度(地震剪力与地震层间位移的比)
 ===========================================================================
  Floor No.   1     Tower No.   1
  Xstif=     3.7297(m)     Ystif=     0.0653(m)     Alf  =     0.0000(Degree)
  Xmass=     3.8380(m)     Ymass=     7.0042(m)     Gmass(活荷折减)=  1246.8940(  1108.4066)(t)
  Eex  =     0.0073        Eey  =     0.7107
  Ratx =     1.0000        Raty =     1.0000
  Ratx1=     4.0428        Raty1=     3.6319
  Ratx2=     1.9495        Raty2=     1.7514  薄弱层地震剪力放大系数= 1.00
  RJX1 = 2.6156E+07(kN/m)  RJY1 = 6.0131E+07(kN/m)  RJZ1 = 0.0000E+00(kN/m)
  RJX3 = 4.7775E+06(kN/m)  RJY3 = 7.8592E+06(kN/m)  RJZ3 = 0.0000E+00(kN/m)
  RJX3*H = 1.4810E+07(kN)  RJY3*H = 2.4364E+07(kN)  RJZ3*H = 0.0000E+00(kN)
 ---------------------------------------------------------------------------
  Floor No.   2     Tower No.   1
  Xstif=     3.7646(m)     Ystif=    -1.1084(m)     Alf  =     0.0000(Degree)
  Xmass=     3.7625(m)     Ymass=    -1.5552(m)     Gmass(活荷折减)=   513.5132(   486.6042)(t)
  Eex  =     0.0001        Eey  =     0.0496
  Ratx =     0.9415        Raty =     1.0090
  Ratx1=     2.0037        Raty1=     2.0934
  Ratx2=     1.5584        Raty2=     1.6282  薄弱层地震剪力放大系数= 1.00
  RJX1 = 2.4626E+07(kN/m)  RJY1 = 6.0675E+07(kN/m)  RJZ1 = 0.0000E+00(kN/m)
  RJX3 = 1.6882E+06(kN/m)  RJY3 = 3.0914E+06(kN/m)  RJZ3 = 0.0000E+00(kN/m)
  RJX3*H = 5.0645E+06(kN)  RJY3*H = 9.2741E+06(kN)  RJZ3*H = 0.0000E+00(kN)
 ---------------------------------------------------------------------------
  Floor No.   3     Tower No.   1
  Xstif=     3.6988(m)     Ystif=    -1.1320(m)     Alf  =     0.0000(Degree)
  Xmass=     3.8001(m)     Ymass=    -1.2976(m)     Gmass(活荷折减)=   632.0634(   592.5393)(t)
  Eex  =     0.0071        Eey  =     0.0177
  Ratx =     0.9985        Raty =     0.9923
  Ratx1=     1.7550        Raty1=     1.9259
  Ratx2=     1.4120        Raty2=     1.5495  薄弱层地震剪力放大系数= 1.00
  RJX1 = 2.4589E+07(kN/m)  RJY1 = 6.0210E+07(kN/m)  RJZ1 = 0.0000E+00(kN/m)
  RJX3 = 1.2036E+06(kN/m)  RJY3 = 2.1096E+06(kN/m)  RJZ3 = 0.0000E+00(kN/m)
  RJX3*H = 3.6108E+06(kN)  RJY3*H = 6.3288E+06(kN)  RJZ3*H = 0.0000E+00(kN)
 ---------------------------------------------------------------------------
  Floor No.   4     Tower No.   1
  Xstif=     3.7813(m)     Ystif=    -1.2948(m)     Alf  =     0.0000(Degree)
  Xmass=     3.7326(m)     Ymass=    -1.5144(m)     Gmass(活荷折减)=   575.8855(   539.3585)(t)
  Eex  =     0.0035        Eey  =     0.0237
  Ratx =     0.8125        Raty =     0.6599
  Ratx1=     1.6119        Raty1=     1.8097
  Ratx2=     1.3025        Raty2=     1.4075  薄弱层地震剪力放大系数= 1.00
  RJX1 = 1.9979E+07(kN/m)  RJY1 = 3.9732E+07(kN/m)  RJZ1 = 0.0000E+00(kN/m)
  RJX3 = 9.7977E+05(kN/m)  RJY3 = 1.5649E+06(kN/m)  RJZ3 = 0.0000E+00(kN/m)
  RJX3*H = 2.8413E+06(kN)  RJY3*H = 4.5381E+06(kN)  RJZ3*H = 0.0000E+00(kN)
 ---------------------------------------------------------------------------
  Floor No.   5     Tower No.   1
  Xstif=     3.7207(m)     Ystif=    -1.3075(m)     Alf  =     0.0000(Degree)
  Xmass=     3.8369(m)     Ymass=    -1.5029(m)     Gmass(活荷折减)=   573.8423(   537.5201)(t)
  Eex  =     0.0082        Eey  =     0.0209
  Ratx =     0.9612        Raty =     0.9701
  Ratx1=     1.4948        Raty1=     1.6471
  Ratx2=     1.2391        Raty2=     1.3073  薄弱层地震剪力放大系数= 1.00
  RJX1 = 1.9204E+07(kN/m)  RJY1 = 3.8546E+07(kN/m)  RJZ1 = 0.0000E+00(kN/m)
  RJX3 = 8.3581E+05(kN/m)  RJY3 = 1.2353E+06(kN/m)  RJZ3 = 0.0000E+00(kN/m)
  RJX3*H = 2.4239E+06(kN)  RJY3*H = 3.5824E+06(kN)  RJZ3*H = 0.0000E+00(kN)
 ---------------------------------------------------------------------------
  Floor No.   6     Tower No.   1
  Xstif=     3.7813(m)     Ystif=    -1.2737(m)     Alf  =     0.0000(Degree)
  Xmass=     3.7326(m)     Ymass=    -1.5131(m)     Gmass(活荷折减)=   575.5723(   539.0453)(t)
  Eex  =     0.0034        Eey  =     0.0259
  Ratx =     1.0000        Raty =     1.0000
  Ratx1=     1.4238        Raty1=     1.5557
  Ratx2=     1.1997        Raty2=     1.2591  薄弱层地震剪力放大系数= 1.00
  RJX1 = 1.9204E+07(kN/m)  RJY1 = 3.8546E+07(kN/m)  RJZ1 = 0.0000E+00(kN/m)
  RJX3 = 7.4948E+05(kN/m)  RJY3 = 1.0499E+06(kN/m)  RJZ3 = 0.0000E+00(kN/m)
  RJX3*H = 2.1735E+06(kN)  RJY3*H = 3.0447E+06(kN)  RJZ3*H = 0.0000E+00(kN)
 ---------------------------------------------------------------------------
  Floor No.   7     Tower No.   1
  Xstif=     3.7207(m)     Ystif=    -1.3075(m)     Alf  =     0.0000(Degree)
  Xmass=     3.8369(m)     Ymass=    -1.5029(m)     Gmass(活荷折减)=   573.8423(   537.5201)(t)
  Eex  =     0.0082        Eey  =     0.0209
  Ratx =     1.0000        Raty =     1.0000
  Ratx1=     1.3820        Raty1=     1.4964
  Ratx2=     1.1807        Raty2=     1.2312  薄弱层地震剪力放大系数= 1.00
  RJX1 = 1.9204E+07(kN/m)  RJY1 = 3.8546E+07(kN/m)  RJZ1 = 0.0000E+00(kN/m)
  RJX3 = 6.9414E+05(kN/m)  RJY3 = 9.2649E+05(kN/m)  RJZ3 = 0.0000E+00(kN/m)
  RJX3*H = 2.0130E+06(kN)  RJY3*H = 2.6868E+06(kN)  RJZ3*H = 0.0000E+00(kN)
 ---------------------------------------------------------------------------
  Floor No.   8     Tower No.   1
  Xstif=     3.7813(m)     Ystif=    -1.2737(m)     Alf  =     0.0000(Degree)
  Xmass=     3.7326(m)     Ymass=    -1.5131(m)     Gmass(活荷折减)=   575.5723(   539.0453)(t)
  Eex  =     0.0034        Eey  =     0.0259
  Ratx =     0.9692        Raty =     0.9692
  Ratx1=     1.3487        Raty1=     1.4500
  Ratx2=     1.1585        Raty2=     1.2094  薄弱层地震剪力放大系数= 1.00
  RJX1 = 1.8613E+07(kN/m)  RJY1 = 3.7360E+07(kN/m)  RJZ1 = 0.0000E+00(kN/m)
  RJX3 = 6.5325E+05(kN/m)  RJY3 = 8.3611E+05(kN/m)  RJZ3 = 0.0000E+00(kN/m)
  RJX3*H = 1.8944E+06(kN)  RJY3*H = 2.4247E+06(kN)  RJZ3*H = 0.0000E+00(kN)
 ---------------------------------------------------------------------------
  Floor No.   9     Tower No.   1
  Xstif=     3.7207(m)     Ystif=    -1.3075(m)     Alf  =     0.0000(Degree)
  Xmass=     3.8369(m)     Ymass=    -1.5029(m)     Gmass(活荷折减)=   573.8423(   537.5201)(t)
  Eex  =     0.0082        Eey  =     0.0209
  Ratx =     1.0000        Raty =     1.0000
  Ratx1=     1.3353        Raty1=     1.4131
  Ratx2=     1.1532        Raty2=     1.1896  薄弱层地震剪力放大系数= 1.00
  RJX1 = 1.8613E+07(kN/m)  RJY1 = 3.7360E+07(kN/m)  RJZ1 = 0.0000E+00(kN/m)
  RJX3 = 6.2655E+05(kN/m)  RJY3 = 7.6815E+05(kN/m)  RJZ3 = 0.0000E+00(kN/m)
  RJX3*H = 1.8170E+06(kN)  RJY3*H = 2.2276E+06(kN)  RJZ3*H = 0.0000E+00(kN)
 ---------------------------------------------------------------------------
  Floor No.  10     Tower No.   1
  Xstif=     3.7813(m)     Ystif=    -1.2737(m)     Alf  =     0.0000(Degree)
  Xmass=     3.7326(m)     Ymass=    -1.5131(m)     Gmass(活荷折减)=   575.5723(   539.0453)(t)
  Eex  =     0.0034        Eey  =     0.0259
  Ratx =     1.0000        Raty =     1.0000
  Ratx1=     1.3209        Raty1=     1.3888
  Ratx2=     1.1443        Raty2=     1.1780  薄弱层地震剪力放大系数= 1.00
  RJX1 = 1.8613E+07(kN/m)  RJY1 = 3.7360E+07(kN/m)  RJZ1 = 0.0000E+00(kN/m)
  RJX3 = 6.0366E+05(kN/m)  RJY3 = 7.1749E+05(kN/m)  RJZ3 = 0.0000E+00(kN/m)
  RJX3*H = 1.7506E+06(kN)  RJY3*H = 2.0807E+06(kN)  RJZ3*H = 0.0000E+00(kN)
 ---------------------------------------------------------------------------
  Floor No.  11     Tower No.   1
  Xstif=     3.7207(m)     Ystif=    -1.3075(m)     Alf  =     0.0000(Degree)
  Xmass=     3.8369(m)     Ymass=    -1.5029(m)     Gmass(活荷折减)=   573.8424(   537.5201)(t)
  Eex  =     0.0082        Eey  =     0.0209
  Ratx =     0.9524        Raty =     0.9524
  Ratx1=     1.3146        Raty1=     1.3681
  Ratx2=     1.1430        Raty2=     1.1674  薄弱层地震剪力放大系数= 1.00
  RJX1 = 1.7727E+07(kN/m)  RJY1 = 3.5581E+07(kN/m)  RJZ1 = 0.0000E+00(kN/m)
  RJX3 = 5.8616E+05(kN/m)  RJY3 = 6.7676E+05(kN/m)  RJZ3 = 0.0000E+00(kN/m)
  RJX3*H = 1.6999E+06(kN)  RJY3*H = 1.9626E+06(kN)  RJZ3*H = 0.0000E+00(kN)
 ---------------------------------------------------------------------------
  Floor No.  12     Tower No.   1
  Xstif=     3.7813(m)     Ystif=    -1.2737(m)     Alf  =     0.0000(Degree)
  Xmass=     3.7326(m)     Ymass=    -1.5131(m)     Gmass(活荷折减)=   575.5723(   539.0453)(t)
  Eex  =     0.0034        Eey  =     0.0259
  Ratx =     1.0000        Raty =     1.0000
  Ratx1=     1.3051        Raty1=     1.3524
  Ratx2=     1.1349        Raty2=     1.1609  薄弱层地震剪力放大系数= 1.00
  RJX1 = 1.7727E+07(kN/m)  RJY1 = 3.5581E+07(kN/m)  RJZ1 = 0.0000E+00(kN/m)
  RJX3 = 5.6980E+05(kN/m)  RJY3 = 6.4414E+05(kN/m)  RJZ3 = 0.0000E+00(kN/m)
  RJX3*H = 1.6524E+06(kN)  RJY3*H = 1.8680E+06(kN)  RJZ3*H = 0.0000E+00(kN)
 ---------------------------------------------------------------------------
  Floor No.  13     Tower No.   1
  Xstif=     3.7207(m)     Ystif=    -1.3075(m)     Alf  =     0.0000(Degree)
  Xmass=     3.8369(m)     Ymass=    -1.5029(m)     Gmass(活荷折减)=   573.8423(   537.5201)(t)
  Eex  =     0.0082        Eey  =     0.0209
  Ratx =     1.0000        Raty =     1.0000
  Ratx1=     1.3055        Raty1=     1.3403
  Ratx2=     1.1387        Raty2=     1.1525  薄弱层地震剪力放大系数= 1.00
  RJX1 = 1.7727E+07(kN/m)  RJY1 = 3.5581E+07(kN/m)  RJZ1 = 0.0000E+00(kN/m)
  RJX3 = 5.5787E+05(kN/m)  RJY3 = 6.1649E+05(kN/m)  RJZ3 = 0.0000E+00(kN/m)
  RJX3*H = 1.6178E+06(kN)  RJY3*H = 1.7878E+06(kN)  RJZ3*H = 0.0000E+00(kN)
 ---------------------------------------------------------------------------
  Floor No.  14     Tower No.   1
  Xstif=     3.7813(m)     Ystif=    -1.2737(m)     Alf  =     0.0000(Degree)
  Xmass=     3.7326(m)     Ymass=    -1.5131(m)     Gmass(活荷折减)=   575.5723(   539.0453)(t)
  Eex  =     0.0034        Eey  =     0.0259
  Ratx =     1.0000        Raty =     1.0000
  Ratx1=     1.3002        Raty1=     1.3422
  Ratx2=     1.1305        Raty2=     1.1481  薄弱层地震剪力放大系数= 1.00
  RJX1 = 1.7727E+07(kN/m)  RJY1 = 3.5581E+07(kN/m)  RJZ1 = 0.0000E+00(kN/m)
  RJX3 = 5.4435E+05(kN/m)  RJY3 = 5.9436E+05(kN/m)  RJZ3 = 0.0000E+00(kN/m)
  RJX3*H = 1.5786E+06(kN)  RJY3*H = 1.7237E+06(kN)  RJZ3*H = 0.0000E+00(kN)
 ---------------------------------------------------------------------------
  Floor No.  15     Tower No.   1
  Xstif=     3.7207(m)     Ystif=    -1.3075(m)     Alf  =     0.0000(Degree)
  Xmass=     3.8369(m)     Ymass=    -1.5029(m)     Gmass(活荷折减)=   573.8423(   537.5201)(t)
  Eex  =     0.0082        Eey  =     0.0209
  Ratx =     1.0000        Raty =     1.0000
  Ratx1=     1.3164        Raty1=     1.3637
  Ratx2=     1.1364        Raty2=     1.1511  薄弱层地震剪力放大系数= 1.00
  RJX1 = 1.7727E+07(kN/m)  RJY1 = 3.5581E+07(kN/m)  RJZ1 = 0.0000E+00(kN/m)
  RJX3 = 5.3499E+05(kN/m)  RJY3 = 5.7523E+05(kN/m)  RJZ3 = 0.0000E+00(kN/m)
  RJX3*H = 1.5515E+06(kN)  RJY3*H = 1.6682E+06(kN)  RJZ3*H = 0.0000E+00(kN)
 ---------------------------------------------------------------------------
  Floor No.  16     Tower No.   1
  Xstif=     3.7813(m)     Ystif=    -1.2737(m)     Alf  =     0.0000(Degree)
  Xmass=     3.7326(m)     Ymass=    -1.5131(m)     Gmass(活荷折减)=   575.5723(   539.0453)(t)
  Eex  =     0.0034        Eey  =     0.0259
  Ratx =     1.0000        Raty =     1.0000
  Ratx1=     1.3521        Raty1=     1.4175
  Ratx2=     1.1352        Raty2=     1.1637  薄弱层地震剪力放大系数= 1.00
  RJX1 = 1.7727E+07(kN/m)  RJY1 = 3.5581E+07(kN/m)  RJZ1 = 0.0000E+00(kN/m)
  RJX3 = 5.2308E+05(kN/m)  RJY3 = 5.5527E+05(kN/m)  RJZ3 = 0.0000E+00(kN/m)
  RJX3*H = 1.5169E+06(kN)  RJY3*H = 1.6103E+06(kN)  RJZ3*H = 0.0000E+00(kN)
 ---------------------------------------------------------------------------
  Floor No.  17     Tower No.   1
  Xstif=     3.7207(m)     Ystif=    -1.3075(m)     Alf  =     0.0000(Degree)
  Xmass=     3.8369(m)     Ymass=    -1.5029(m)     Gmass(活荷折减)=   573.8422(   537.5199)(t)
  Eex  =     0.0082        Eey  =     0.0209
  Ratx =     1.0000        Raty =     1.0000
  Ratx1=     1.4641        Raty1=     1.5257
  Ratx2=     1.1634        Raty2=     1.1866  薄弱层地震剪力放大系数= 1.00
  RJX1 = 1.7727E+07(kN/m)  RJY1 = 3.5581E+07(kN/m)  RJZ1 = 0.0000E+00(kN/m)
  RJX3 = 5.1196E+05(kN/m)  RJY3 = 5.3016E+05(kN/m)  RJZ3 = 0.0000E+00(kN/m)
  RJX3*H = 1.4847E+06(kN)  RJY3*H = 1.5375E+06(kN)  RJZ3*H = 0.0000E+00(kN)
 ---------------------------------------------------------------------------
  Floor No.  18     Tower No.   1
  Xstif=     3.7813(m)     Ystif=    -1.2737(m)     Alf  =     0.0000(Degree)
  Xmass=     3.7326(m)     Ymass=    -1.5131(m)     Gmass(活荷折减)=   575.5723(   539.0453)(t)
  Eex  =     0.0034        Eey  =     0.0259
  Ratx =     1.0000        Raty =     1.0000
  Ratx1=     1.5530        Raty1=     1.6032
  Ratx2=     1.2079        Raty2=     1.2470  薄弱层地震剪力放大系数= 1.00
  RJX1 = 1.7727E+07(kN/m)  RJY1 = 3.5581E+07(kN/m)  RJZ1 = 0.0000E+00(kN/m)
  RJX3 = 4.8897E+05(kN/m)  RJY3 = 4.9642E+05(kN/m)  RJZ3 = 0.0000E+00(kN/m)
  RJX3*H = 1.4180E+06(kN)  RJY3*H = 1.4396E+06(kN)  RJZ3*H = 0.0000E+00(kN)
 ---------------------------------------------------------------------------
  Floor No.  19     Tower No.   1
  Xstif=     3.7207(m)     Ystif=    -1.3075(m)     Alf  =     0.0000(Degree)
  Xmass=     3.8369(m)     Ymass=    -1.5029(m)     Gmass(活荷折减)=   573.8424(   537.5201)(t)
  Eex  =     0.0082        Eey  =     0.0209
  Ratx =     1.0000        Raty =     1.0000
  Ratx1=     1.7251        Raty1=     1.8261
  Ratx2=     1.3417        Raty2=     1.4203  薄弱层地震剪力放大系数= 1.00
  RJX1 = 1.7727E+07(kN/m)  RJY1 = 3.5581E+07(kN/m)  RJZ1 = 0.0000E+00(kN/m)
  RJX3 = 4.4979E+05(kN/m)  RJY3 = 4.4234E+05(kN/m)  RJZ3 = 0.0000E+00(kN/m)
  RJX3*H = 1.3044E+06(kN)  RJY3*H = 1.2828E+06(kN)  RJZ3*H = 0.0000E+00(kN)
 ---------------------------------------------------------------------------
  Floor No.  20     Tower No.   1
  Xstif=     3.7210(m)     Ystif=    -1.2175(m)     Alf  =     0.0000(Degree)
  Xmass=     3.7706(m)     Ymass=    -1.1186(m)     Gmass(活荷折减)=   679.5786(   634.0269)(t)
  Eex  =     0.0035        Eey  =     0.0104
  Ratx =     1.0000        Raty =     1.0000
  Ratx1=     3.6659        Raty1=     3.7256
  Ratx2=     2.5057        Raty2=     2.5465  薄弱层地震剪力放大系数= 1.00
  RJX1 = 1.7727E+07(kN/m)  RJY1 = 3.5581E+07(kN/m)  RJZ1 = 0.0000E+00(kN/m)
  RJX3 = 3.7248E+05(kN/m)  RJY3 = 3.4604E+05(kN/m)  RJZ3 = 0.0000E+00(kN/m)
  RJX3*H = 1.0802E+06(kN)  RJY3*H = 1.0035E+06(kN)  RJZ3*H = 0.0000E+00(kN)
 ---------------------------------------------------------------------------
  Floor No.  21     Tower No.   1
  Xstif=     3.6903(m)     Ystif=    -2.5266(m)     Alf  =     0.0000(Degree)
  Xmass=     3.7848(m)     Ymass=    -1.4592(m)     Gmass(活荷折减)=   312.5788(   306.0445)(t)
  Eex  =     0.0113        Eey  =     0.1911
  Ratx =     0.8259        Raty =     0.5484
  Ratx1=     1.0000        Raty1=     1.0000
  Ratx2=     1.0000        Raty2=     1.0000  薄弱层地震剪力放大系数= 1.00
  RJX1 = 1.4641E+07(kN/m)  RJY1 = 1.9513E+07(kN/m)  RJZ1 = 0.0000E+00(kN/m)
  RJX3 = 1.4515E+05(kN/m)  RJY3 = 1.3269E+05(kN/m)  RJZ3 = 0.0000E+00(kN/m)
  RJX3*H = 4.7900E+05(kN)  RJY3*H = 4.3787E+05(kN)  RJZ3*H = 0.0000E+00(kN)
 ---------------------------------------------------------------------------
 X方向最小刚度比:  1.0000(第 21层第 1塔)
 Y方向最小刚度比:  1.0000(第 21层第 1塔)

============================================================================
结构整体抗倾覆验算结果
============================================================================

               抗倾覆力矩Mr     倾覆力矩Mov    比值Mr/Mov    零应力区(%)

  X 风荷载      1942861.8        81074.7          23.96           0.00
  Y 风荷载      1380008.0       105449.9          13.09           0.00
  X 地  震      1888740.5        36921.0          51.16           0.00
  Y 地  震      1338335.9        39445.0          33.93           0.00


============================================================================
 结构舒适性验算结果(仅当满足规范适用条件时结果有效)
============================================================================
 按高钢规计算X向顺风向顶点最大加速度(m/s2) =  0.124
 按高钢规计算X向横风向顶点最大加速度(m/s2) =  0.133
 按荷载规范计算X向顺风向顶点最大加速度(m/s2) =  0.159
 按荷载规范计算X向横风向顶点最大加速度(m/s2) =  0.096
 按高钢规计算Y向顺风向顶点最大加速度(m/s2) =  0.165
 按高钢规计算Y向横风向顶点最大加速度(m/s2) =  0.133
 按荷载规范计算Y向顺风向顶点最大加速度(m/s2) =  0.214
 按荷载规范计算Y向横风向顶点最大加速度(m/s2) =  0.092


============================================================================
 结构整体稳定验算结果(规定水平力)
============================================================================
 X向刚重比 EJd/GH**2=        3.05
 Y向刚重比 EJd/GH**2=        3.62
 该结构刚重比EJd/GH**2大于1.4,能够通过高规(5.4.4)的整体稳定验算
 该结构刚重比EJd/GH**2大于2.7,可以不考虑重力二阶效应

     **********************************************************************
     *                    楼层抗剪承载力、及承载力比值                    *
     **********************************************************************

          Ratio_Bu: 表示本层与上一层的承载力之比

     ----------------------------------------------------------------------
     层号   塔号    X向承载力    Y向承载力   Ratio_Bu:X,Y
     ----------------------------------------------------------------------
      21      1     0.4062E+04  0.5781E+04   1.00   1.00 
      20      1     0.4527E+04  0.9084E+04   1.11   1.57 
      19      1     0.4619E+04  0.9655E+04   1.02   1.06 
      18      1     0.4820E+04  0.9532E+04   1.04   0.99 
      17      1     0.4979E+04  0.9917E+04   1.03   1.04 
      16      1     0.4933E+04  0.1044E+05   0.99   1.05 
      15      1     0.5211E+04  0.1077E+05   1.06   1.03 
      14      1     0.5367E+04  0.1121E+05   1.03   1.04 
      13      1     0.5622E+04  0.1163E+05   1.05   1.04 
      12      1     0.5695E+04  0.1208E+05   1.01   1.04 
      11      1     0.6012E+04  0.1241E+05   1.06   1.03 
      10      1     0.6475E+04  0.1365E+05   1.08   1.10 
       9      1     0.6725E+04  0.1390E+05   1.04   1.02 
       8      1     0.6881E+04  0.1406E+05   1.02   1.01 
       7      1     0.7515E+04  0.1515E+05   1.09   1.08 
       6      1     0.7656E+04  0.1519E+05   1.02   1.00 
       5      1     0.7615E+04  0.1497E+05   0.99   0.99 
       4      1     0.8023E+04  0.1595E+05   1.05   1.07 
       3      1     0.1039E+05  0.2444E+05   1.29   1.53 
       2      1     0.9618E+04  0.1959E+05   0.93   0.80 
       1      1     0.1207E+05  0.2593E+05   1.26   1.32 
     X方向最小楼层抗剪承载力之比:   0.93 层号:  2 塔号:  1
     Y方向最小楼层抗剪承载力之比:   0.80 层号:  2 塔号:  1
