
  ///////////////////////////////////////////////////////////////////////////
  | 公司名称:                                                               |
  |                                                                         |
  |                         SATWE 0.2V0调整信息输出                         |
  |                          SATWE2010_V5.1.3 中文版                        |
  |                         (2020年5月18日18时13分)                         |
  |                            文件名: WV02Q.OUT                            |
  |                                                                         |
  |工程名称 :                     设计人 :              计算日期:2020/10/19 |
  |工程代号 :                     校核人 :              计算时间:11:03:20   |
  ///////////////////////////////////////////////////////////////////////////

   **********************************************************************
               各层各塔的规定水平力
   **********************************************************************

      层号 塔号            X向(KN)            Y向(KN)

      21    1                97.4               110.7
      20    1               133.7               153.4
      19    1                77.8                87.0
      18    1                56.9                58.0
      17    1                45.0                42.4
      16    1                38.0                34.2
      15    1                34.8                28.1
      14    1                33.9                24.9
      13    1                32.9                25.1
      12    1                31.6                26.6
      11    1                29.5                27.0
      10    1                27.5                27.8
       9    1                25.9                30.6
       8    1                25.2                34.5
       7    1                25.8                36.9
       6    1                28.0                38.1
       5    1                29.2                39.1
       4    1                29.3                38.8
       3    1                31.3                36.8
       2    1                19.5                19.6
       1    1                22.1                16.1

   **********************************************************************
               规定水平力框架柱及短肢墙地震倾覆力矩(抗规)
   **********************************************************************

      层号 塔号               框架柱            短肢墙                墙              斜撑

      21    1    X              85.9             145.3              90.5               0.0
                 Y             157.2             305.4             -96.9               0.0
      20    1    X             175.3             512.3             304.2               0.0
                 Y             153.1             691.7             286.7               0.0
      19    1    X             266.1             950.3             671.3               0.0
                 Y             158.4            1209.1             782.0               0.0
      18    1    X             369.0            1445.6            1134.1               0.0
                 Y             162.3            1795.4            1378.0               0.0
      17    1    X             482.2            1996.1            1662.1               0.0
                 Y             166.7            2442.6            2035.6               0.0
      16    1    X             605.3            2609.0            2227.7               0.0
                 Y             171.1            3138.4            2743.5               0.0
      15    1    X             737.5            3265.2            2842.3               0.0
                 Y             175.8            3880.9            3486.1               0.0
      14    1    X             878.3            3979.8            3487.8               0.0
                 Y             180.4            4661.4            4263.2               0.0
      13    1    X            1026.8            4731.1            4184.4               0.0
                 Y             185.3            5482.1            5072.2               0.0
      12    1    X            1182.2            5534.7            4913.7               0.0
                 Y             190.1            6339.2            5922.2               0.0
      11    1    X            1342.5            6366.4            5695.4               0.0
                 Y             195.5            7235.2            6810.9               0.0
      10    1    X            1512.1            7249.1            6496.7               0.0
                 Y             200.2            8171.4            7740.5               0.0
       9    1    X            1684.1            8147.6            7355.1               0.0
                 Y             205.5            9139.9            8725.9               0.0
       8    1    X            1856.3            9071.3            8261.1               0.0
                 Y             211.0           10139.4            9780.0               0.0
       7    1    X            2031.2           10000.7            9233.7               0.0
                 Y             216.7           11167.2           10912.8               0.0
       6    1    X            2200.7           10930.5           10292.5               0.0
                 Y             222.5           12210.6           12140.1               0.0
       5    1    X            2360.9           11810.5           11495.1               0.0
                 Y             230.9           13260.3           13471.9               0.0
       4    1    X            2515.4           12706.7           12772.2               0.0
                 Y             237.5           14360.5           14867.5               0.0
       3    1    X            2613.3           13340.9           14541.9               0.0
                 Y             230.9           15035.5           16898.4               0.0
       2    1    X            2701.6           13837.3           16517.6               0.0
                 Y             247.2           15732.1           18943.7               0.0
       1    1    X            3517.5           14266.3           17702.2               0.0
                 Y             862.3           16218.5           20554.9               0.0

   **********************************************************************
               规定水平力工况一道防线构件、二道防线构件承担的倾覆力矩(抗规)
   **********************************************************************

      层号 塔号        一道防线构件      二道防线构件

      21    1    X             235.7              85.9
                 Y             208.5             157.2
      20    1    X             816.5             175.3
                 Y             978.4             153.1
      19    1    X            1621.6             266.1
                 Y            1991.1             158.4
      18    1    X            2579.7             369.0
                 Y            3173.5             162.3
      17    1    X            3658.2             482.2
                 Y            4478.2             166.7
      16    1    X            4836.8             605.3
                 Y            5881.9             171.1
      15    1    X            6107.5             737.5
                 Y            7367.1             175.8
      14    1    X            7467.6             878.3
                 Y            8924.6             180.4
      13    1    X            8915.6            1026.8
                 Y           10554.3             185.3
      12    1    X           10448.4            1182.2
                 Y           12261.4             190.1
      11    1    X           12061.9            1342.5
                 Y           14046.1             195.5
      10    1    X           13745.8            1512.1
                 Y           15912.0             200.2
       9    1    X           15502.7            1684.1
                 Y           17865.8             205.5
       8    1    X           17332.4            1856.3
                 Y           19919.4             211.0
       7    1    X           19234.4            2031.2
                 Y           22079.9             216.7
       6    1    X           21222.9            2200.7
                 Y           24350.7             222.5
       5    1    X           23305.6            2360.9
                 Y           26732.2             230.9
       4    1    X           25478.8            2515.4
                 Y           29228.0             237.5
       3    1    X           27882.8            2613.3
                 Y           31933.9             230.9
       2    1    X           30355.0            2701.6
                 Y           34675.8             247.2
       1    1    X           31968.5            3517.5
                 Y           36773.5             862.3

   **********************************************************************
               规定水平力框架柱及短肢墙地震倾覆力矩百分比(抗规)
   **********************************************************************

      层号 塔号               框架柱            短肢墙                墙              斜撑

      21    1    X            26.70%            45.17%            28.13%             0.00%
                 Y            42.99%            83.51%           -26.50%             0.00%
      20    1    X            17.67%            51.66%            30.67%             0.00%
                 Y            13.53%            61.13%            25.34%             0.00%
      19    1    X            14.10%            50.34%            35.56%             0.00%
                 Y             7.37%            56.25%            36.38%             0.00%
      18    1    X            12.51%            49.02%            38.46%             0.00%
                 Y             4.86%            53.82%            41.31%             0.00%
      17    1    X            11.65%            48.21%            40.14%             0.00%
                 Y             3.59%            52.59%            43.82%             0.00%
      16    1    X            11.12%            47.94%            40.93%             0.00%
                 Y             2.83%            51.85%            45.33%             0.00%
      15    1    X            10.77%            47.70%            41.52%             0.00%
                 Y             2.33%            51.45%            46.22%             0.00%
      14    1    X            10.52%            47.69%            41.79%             0.00%
                 Y             1.98%            51.20%            46.82%             0.00%
      13    1    X            10.33%            47.59%            42.09%             0.00%
                 Y             1.73%            51.05%            47.23%             0.00%
      12    1    X            10.16%            47.59%            42.25%             0.00%
                 Y             1.53%            50.91%            47.56%             0.00%
      11    1    X            10.02%            47.50%            42.49%             0.00%
                 Y             1.37%            50.80%            47.82%             0.00%
      10    1    X             9.91%            47.51%            42.58%             0.00%
                 Y             1.24%            50.72%            48.04%             0.00%
       9    1    X             9.80%            47.41%            42.79%             0.00%
                 Y             1.14%            50.58%            48.29%             0.00%
       8    1    X             9.67%            47.27%            43.05%             0.00%
                 Y             1.05%            50.37%            48.58%             0.00%
       7    1    X             9.55%            47.03%            43.42%             0.00%
                 Y             0.97%            50.08%            48.94%             0.00%
       6    1    X             9.40%            46.66%            43.94%             0.00%
                 Y             0.91%            49.69%            49.40%             0.00%
       5    1    X             9.20%            46.02%            44.79%             0.00%
                 Y             0.86%            49.18%            49.96%             0.00%
       4    1    X             8.99%            45.39%            45.62%             0.00%
                 Y             0.81%            48.74%            50.46%             0.00%
       3    1    X             8.57%            43.75%            47.68%             0.00%
                 Y             0.72%            46.75%            52.54%             0.00%
       2    1    X             8.17%            41.86%            49.97%             0.00%
                 Y             0.71%            45.05%            54.24%             0.00%
       1    1    X             9.91%            40.20%            49.88%             0.00%
                 Y             2.29%            43.09%            54.62%             0.00%

   **********************************************************************
               规定水平力工况一道防线构件、二道防线构件承担的倾覆力矩百分比(抗规)
   **********************************************************************

      层号 塔号        一道防线构件      二道防线构件

      21    1    X              73.3%            26.7%
                 Y              57.0%            43.0%
      20    1    X              82.3%            17.7%
                 Y              86.5%            13.5%
      19    1    X              85.9%            14.1%
                 Y              92.6%             7.4%
      18    1    X              87.5%            12.5%
                 Y              95.1%             4.9%
      17    1    X              88.4%            11.6%
                 Y              96.4%             3.6%
      16    1    X              88.9%            11.1%
                 Y              97.2%             2.8%
      15    1    X              89.2%            10.8%
                 Y              97.7%             2.3%
      14    1    X              89.5%            10.5%
                 Y              98.0%             2.0%
      13    1    X              89.7%            10.3%
                 Y              98.3%             1.7%
      12    1    X              89.8%            10.2%
                 Y              98.5%             1.5%
      11    1    X              90.0%            10.0%
                 Y              98.6%             1.4%
      10    1    X              90.1%             9.9%
                 Y              98.8%             1.2%
       9    1    X              90.2%             9.8%
                 Y              98.9%             1.1%
       8    1    X              90.3%             9.7%
                 Y              99.0%             1.0%
       7    1    X              90.4%             9.6%
                 Y              99.0%             1.0%
       6    1    X              90.6%             9.4%
                 Y              99.1%             0.9%
       5    1    X              90.8%             9.2%
                 Y              99.1%             0.9%
       4    1    X              91.0%             9.0%
                 Y              99.2%             0.8%
       3    1    X              91.4%             8.6%
                 Y              99.3%             0.7%
       2    1    X              91.8%             8.2%
                 Y              99.3%             0.7%
       1    1    X              90.1%             9.9%
                 Y              97.7%             2.3%

   **********************************************************************
               规定水平力框架柱及短肢墙地震倾覆力矩(轴力方式)
   **********************************************************************

      层号 塔号               合力点            框架柱            短肢墙                墙              斜撑

      21    1    X              3.83              17.4             109.4             194.6               0.0
                 Y             -0.04              13.7             423.8             -72.0               0.0
      20    1    X              3.82             169.4             621.6             200.6               0.0
                 Y             -0.09             142.4             869.4             119.6               0.0
      19    1    X              3.84             249.1            1434.5             204.1               0.0
                 Y             -0.05             211.7            1495.6             442.2               0.0
      18    1    X              3.85             258.2            2398.8             291.7               0.0
                 Y             -0.18             308.2            2157.5             870.1               0.0
      17    1    X              3.82             334.0            3425.2             381.1               0.0
                 Y             -0.28             389.9            2857.2            1397.8               0.0
      16    1    X              3.84             324.2            4624.0             493.9               0.0
                 Y             -0.36             495.0            3584.3            1974.0               0.0
      15    1    X              3.85             395.9            5855.0             594.0               0.0
                 Y             -0.25             566.0            4361.1            2616.1               0.0
      14    1    X              3.87             368.3            7258.8             718.7               0.0
                 Y             -0.19             661.2            5158.6            3285.4               0.0
      13    1    X              3.89             434.7            8672.3             835.2               0.0
                 Y             -0.16             737.9            5983.2            4018.9               0.0
      12    1    X              3.90             389.2           10254.8             986.4               0.0
                 Y             -0.17             839.5            6825.8            4786.3               0.0
      11    1    X              3.90             446.6           11820.1            1137.5               0.0
                 Y             -0.14             914.4            7701.1            5626.1               0.0
      10    1    X              3.91             383.3           13559.6            1314.8               0.0
                 Y             -0.13            1010.5            8598.8            6502.9               0.0
       9    1    X              3.91             429.3           15255.9            1501.3               0.0
                 Y             -0.09            1078.9            9519.7            7472.7               0.0
       8    1    X              3.91             342.6           17080.1            1765.8               0.0
                 Y             -0.08            1167.7           10456.5            8506.3               0.0
       7    1    X              3.91             373.3           18827.8            2064.2               0.0
                 Y             -0.05            1228.3           11414.3            9654.1               0.0
       6    1    X              3.90             266.1           20659.4            2497.9               0.0
                 Y             -0.06            1307.7           12380.1           10885.5               0.0
       5    1    X              3.89             271.3           22315.0            3080.0               0.0
                 Y             -0.08            1365.8           13364.3           12233.1               0.0
       4    1    X              3.86             159.7           24006.5            3825.7               0.0
                 Y              0.01            1401.8           14468.4           13595.4               0.0
       3    1    X              3.84             108.6           18839.9           11586.2               0.0
                 Y             -0.41            1522.3           11322.2           19320.4               0.0
       2    1    X              3.82              74.7           19697.4           13322.9               0.0
                 Y             -0.61            1596.1           12024.0           21297.7               0.0
       1    1    X              3.81            1335.3           19918.1           14271.1               0.0
                 Y             -0.56            2938.1           12266.6           22438.6               0.0

   **********************************************************************************
               规定水平力工况一道防线构件、二道防线构件承担的倾覆力矩(轴力方式)
   **********************************************************************************

      层号 塔号            一道防线构件      二道防线构件

      21    1    X             304.0              17.4
                 Y             351.8              13.7
      20    1    X             822.3             169.4
                 Y             989.0             142.4
      19    1    X            1638.6             249.1
                 Y            1937.8             211.7
      18    1    X            2690.5             258.2
                 Y            3027.6             308.2
      17    1    X            3806.3             334.0
                 Y            4255.0             389.9
      16    1    X            5117.9             324.2
                 Y            5558.3             495.0
      15    1    X            6449.0             395.9
                 Y            6977.2             566.0
      14    1    X            7977.5             368.3
                 Y            8444.0             661.2
      13    1    X            9507.6             434.7
                 Y           10002.0             737.9
      12    1    X           11241.3             389.2
                 Y           11612.2             839.5
      11    1    X           12957.6             446.6
                 Y           13327.2             914.4
      10    1    X           14874.4             383.3
                 Y           15101.6            1010.5
       9    1    X           16757.2             429.3
                 Y           16992.4            1078.9
       8    1    X           18845.8             342.6
                 Y           18962.8            1167.7
       7    1    X           20892.0             373.3
                 Y           21068.4            1228.3
       6    1    X           23157.3             266.1
                 Y           23265.6            1307.7
       5    1    X           25395.0             271.3
                 Y           25597.3            1365.8
       4    1    X           27832.3             159.7
                 Y           28063.8            1401.8
       3    1    X           30426.0             108.6
                 Y           30642.6            1522.3
       2    1    X           33020.3              74.7
                 Y           33321.7            1596.1
       1    1    X           34189.2            1335.3
                 Y           34705.2            2938.1

   **********************************************************************
               规定水平力框架柱及短肢墙地震倾覆力矩百分比(轴力方式)
   **********************************************************************

      层号 塔号               框架柱            短肢墙                墙              斜撑

      21    1    X             5.42%            34.04%            60.54%             0.00%
                 Y             3.75%           115.96%           -19.71%             0.00%
      20    1    X            17.08%            62.69%            20.23%             0.00%
                 Y            12.58%            76.85%            10.57%             0.00%
      19    1    X            13.19%            75.99%            10.81%             0.00%
                 Y             9.85%            69.58%            20.57%             0.00%
      18    1    X             8.76%            81.35%             9.89%             0.00%
                 Y             9.24%            64.68%            26.08%             0.00%
      17    1    X             8.07%            82.73%             9.20%             0.00%
                 Y             8.40%            61.51%            30.09%             0.00%
      16    1    X             5.96%            84.97%             9.07%             0.00%
                 Y             8.18%            59.21%            32.61%             0.00%
      15    1    X             5.78%            85.54%             8.68%             0.00%
                 Y             7.50%            57.81%            34.68%             0.00%
      14    1    X             4.41%            86.98%             8.61%             0.00%
                 Y             7.26%            56.66%            36.08%             0.00%
      13    1    X             4.37%            87.23%             8.40%             0.00%
                 Y             6.87%            55.71%            37.42%             0.00%
      12    1    X             3.35%            88.17%             8.48%             0.00%
                 Y             6.74%            54.82%            38.44%             0.00%
      11    1    X             3.33%            88.18%             8.49%             0.00%
                 Y             6.42%            54.07%            39.50%             0.00%
      10    1    X             2.51%            88.87%             8.62%             0.00%
                 Y             6.27%            53.37%            40.36%             0.00%
       9    1    X             2.50%            88.77%             8.74%             0.00%
                 Y             5.97%            52.68%            41.35%             0.00%
       8    1    X             1.79%            89.01%             9.20%             0.00%
                 Y             5.80%            51.94%            42.26%             0.00%
       7    1    X             1.76%            88.54%             9.71%             0.00%
                 Y             5.51%            51.19%            43.30%             0.00%
       6    1    X             1.14%            88.20%            10.66%             0.00%
                 Y             5.32%            50.38%            44.30%             0.00%
       5    1    X             1.06%            86.94%            12.00%             0.00%
                 Y             5.07%            49.56%            45.37%             0.00%
       4    1    X             0.57%            85.76%            13.67%             0.00%
                 Y             4.76%            49.10%            46.14%             0.00%
       3    1    X             0.36%            61.70%            37.94%             0.00%
                 Y             4.73%            35.20%            60.07%             0.00%
       2    1    X             0.23%            59.52%            40.26%             0.00%
                 Y             4.57%            34.44%            60.99%             0.00%
       1    1    X             3.76%            56.07%            40.17%             0.00%
                 Y             7.81%            32.59%            59.61%             0.00%

   **********************************************************************************
               规定水平力工况一道防线构件、二道防线构件承担的倾覆力矩百分比(轴力方式)
   **********************************************************************************

      层号 塔号            一道防线构件      二道防线构件

      21    1    X              94.6%             5.4%
                 Y              96.3%             3.7%
      20    1    X              82.9%            17.1%
                 Y              87.4%            12.6%
      19    1    X              86.8%            13.2%
                 Y              90.2%             9.8%
      18    1    X              91.2%             8.8%
                 Y              90.8%             9.2%
      17    1    X              91.9%             8.1%
                 Y              91.6%             8.4%
      16    1    X              94.0%             6.0%
                 Y              91.8%             8.2%
      15    1    X              94.2%             5.8%
                 Y              92.5%             7.5%
      14    1    X              95.6%             4.4%
                 Y              92.7%             7.3%
      13    1    X              95.6%             4.4%
                 Y              93.1%             6.9%
      12    1    X              96.7%             3.3%
                 Y              93.3%             6.7%
      11    1    X              96.7%             3.3%
                 Y              93.6%             6.4%
      10    1    X              97.5%             2.5%
                 Y              93.7%             6.3%
       9    1    X              97.5%             2.5%
                 Y              94.0%             6.0%
       8    1    X              98.2%             1.8%
                 Y              94.2%             5.8%
       7    1    X              98.2%             1.8%
                 Y              94.5%             5.5%
       6    1    X              98.9%             1.1%
                 Y              94.7%             5.3%
       5    1    X              98.9%             1.1%
                 Y              94.9%             5.1%
       4    1    X              99.4%             0.6%
                 Y              95.2%             4.8%
       3    1    X              99.6%             0.4%
                 Y              95.3%             4.7%
       2    1    X              99.8%             0.2%
                 Y              95.4%             4.6%
       1    1    X              96.2%             3.8%
                 Y              92.2%             7.8%

   **********************************************************************
               内力CQC的框架柱及短肢墙地震倾覆力矩
   **********************************************************************

      层号 塔号               框架柱            短肢墙                墙              斜撑

      21    1    X              82.5             309.9             363.6               0.0
                 Y             130.5             301.5             429.0               0.0
      20    1    X             162.7             741.2             969.6               0.0
                 Y             134.3             919.8             989.9               0.0
      19    1    X             244.2            1213.8            1567.5               0.0
                 Y             139.5            1527.8            1608.1               0.0
      18    1    X             335.8            1730.6            2225.3               0.0
                 Y             143.8            2168.4            2328.4               0.0
      17    1    X             435.8            2298.7            2938.4               0.0
                 Y             148.6            2854.2            3118.7               0.0
      16    1    X             544.2            2916.1            3688.9               0.0
                 Y             153.6            3563.6            3966.4               0.0
      15    1    X             660.3            3579.0            4483.3               0.0
                 Y             158.7            4321.7            4859.6               0.0
      14    1    X             784.0            4292.6            5312.0               0.0
                 Y             164.1            5103.4            5791.4               0.0
      13    1    X             914.6            5047.3            6188.9               0.0
                 Y             169.6            5934.8            6762.7               0.0
      12    1    X            1051.7            5850.4            7100.2               0.0
                 Y             175.4            6793.0            7776.5               0.0
      11    1    X            1193.7            6685.2            8055.6               0.0
                 Y             181.6            7701.5            8829.7               0.0
      10    1    X            1344.5            7571.3            9037.6               0.0
                 Y             186.8            8643.2            9927.5               0.0
       9    1    X            1497.9            8478.3           10064.4               0.0
                 Y             193.2            9631.4           11076.5               0.0
       8    1    X            1652.3            9411.7           11128.6               0.0
                 Y             200.0           10640.8           12285.8               0.0
       7    1    X            1809.8           10354.6           12260.1               0.0
                 Y             206.1           11690.1           13574.2               0.0
       6    1    X            1963.5           11299.5           13470.3               0.0
                 Y             212.6           12744.2           14948.8               0.0
       5    1    X            2109.5           12195.6           14808.2               0.0
                 Y             221.9           13813.3           16422.1               0.0
       4    1    X            2251.7           13103.5           16197.3               0.0
                 Y             231.2           14923.6           17957.8               0.0
       3    1    X            2342.5           13760.0           18122.9               0.0
                 Y             238.0           15615.4           20277.8               0.0
       2    1    X            2425.3           14296.0           20197.1               0.0
                 Y             254.7           16324.6           22508.0               0.0
       1    1    X            3191.8           14769.3           21515.0               0.0
                 Y             843.3           16957.4           24538.0               0.0

   **********************************************************************
               内力CQC的框架柱及短肢墙地震倾覆力矩百分比
   **********************************************************************

      层号 塔号               框架柱            短肢墙                墙              斜撑

      21    1    X            10.91%            40.99%            48.10%             0.00%
                 Y            15.16%            35.02%            49.82%             0.00%
      20    1    X             8.69%            39.56%            51.75%             0.00%
                 Y             6.57%            45.00%            48.43%             0.00%
      19    1    X             8.07%            40.12%            51.81%             0.00%
                 Y             4.26%            46.65%            49.10%             0.00%
      18    1    X             7.82%            40.33%            51.85%             0.00%
                 Y             3.10%            46.73%            50.18%             0.00%
      17    1    X             7.68%            40.52%            51.80%             0.00%
                 Y             2.43%            46.63%            50.95%             0.00%
      16    1    X             7.61%            40.79%            51.60%             0.00%
                 Y             2.00%            46.38%            51.62%             0.00%
      15    1    X             7.57%            41.03%            51.40%             0.00%
                 Y             1.70%            46.27%            52.03%             0.00%
      14    1    X             7.55%            41.32%            51.13%             0.00%
                 Y             1.48%            46.15%            52.37%             0.00%
      13    1    X             7.53%            41.54%            50.93%             0.00%
                 Y             1.32%            46.12%            52.56%             0.00%
      12    1    X             7.51%            41.78%            50.71%             0.00%
                 Y             1.19%            46.07%            52.74%             0.00%
      11    1    X             7.49%            41.95%            50.55%             0.00%
                 Y             1.09%            46.08%            52.83%             0.00%
      10    1    X             7.49%            42.17%            50.34%             0.00%
                 Y             1.00%            46.08%            52.93%             0.00%
       9    1    X             7.47%            42.31%            50.22%             0.00%
                 Y             0.92%            46.08%            52.99%             0.00%
       8    1    X             7.45%            42.41%            50.15%             0.00%
                 Y             0.86%            46.01%            53.12%             0.00%
       7    1    X             7.41%            42.39%            50.20%             0.00%
                 Y             0.81%            45.90%            53.29%             0.00%
       6    1    X             7.34%            42.27%            50.39%             0.00%
                 Y             0.76%            45.67%            53.57%             0.00%
       5    1    X             7.25%            41.89%            50.86%             0.00%
                 Y             0.73%            45.35%            53.92%             0.00%
       4    1    X             7.14%            41.53%            51.33%             0.00%
                 Y             0.70%            45.07%            54.23%             0.00%
       3    1    X             6.84%            40.20%            52.95%             0.00%
                 Y             0.66%            43.22%            56.12%             0.00%
       2    1    X             6.57%            38.72%            54.71%             0.00%
                 Y             0.65%            41.76%            57.58%             0.00%
       1    1    X             8.09%            37.41%            54.50%             0.00%
                 Y             1.99%            40.05%            57.96%             0.00%

   **********************************************************************
                            框架柱地震剪力百分比
   **********************************************************************

      层号 塔号               柱剪力            总剪力      柱剪力百分比  分段后底部剪力V0         柱剪力/V0

      21    1    X              22.4              97.4            23.03%
                 Y              39.3             110.7            35.50%
      20    1    X              26.9             231.1            11.66%
                 Y               1.2             264.1             0.45%
      19    1    X              27.4             308.9             8.88%
                 Y               1.7             351.1             0.48%
      18    1    X              30.9             365.9             8.44%             875.6             3.53%
                 Y               1.3             409.1             0.32%             935.5             0.14%
      17    1    X              33.9             410.9             8.24%             875.6             3.87%
                 Y               1.5             451.5             0.34%             935.5             0.16%
      16    1    X              36.7             448.9             8.18%             875.6             4.20%
                 Y               1.6             485.6             0.33%             935.5             0.17%
      15    1    X              39.4             483.7             8.15%             875.6             4.50%
                 Y               1.7             513.7             0.32%             935.5             0.18%
      14    1    X              42.0             517.6             8.12%             875.6             4.80%
                 Y               1.7             538.6             0.31%             935.5             0.18%
      13    1    X              44.5             550.5             8.08%             875.6             5.08%
                 Y               1.7             563.7             0.31%             935.5             0.19%
      12    1    X              46.7             582.1             8.03%             875.6             5.34%
                 Y               1.8             590.3             0.30%             935.5             0.19%
      11    1    X              48.4             611.7             7.92%             875.6             5.53%
                 Y               1.9             617.2             0.31%             935.5             0.21%
      10    1    X              51.5             639.2             8.05%             875.6             5.88%
                 Y               1.7             645.0             0.27%             935.5             0.19%
       9    1    X              52.4             665.1             7.88%             875.6             5.99%
                 Y               1.9             675.6             0.28%             935.5             0.21%
       8    1    X              52.8             690.3             7.65%             875.6             6.03%
                 Y               2.0             710.1             0.28%             935.5             0.21%
       7    1    X              53.9             716.2             7.53%             875.6             6.16%
                 Y               2.0             747.0             0.27%             935.5             0.22%
       6    1    X              52.6             744.2             7.07%             875.6             6.01%
                 Y               2.1             785.0             0.27%             935.5             0.23%
       5    1    X              50.1             773.4             6.48%             875.6             5.72%
                 Y               2.9             824.1             0.36%             935.5             0.31%
       4    1    X              48.8             802.7             6.08%             875.6             5.57%
                 Y               2.7             862.9             0.32%             935.5             0.29%
       3    1    X              30.1             834.0             3.61%             875.6             3.44%
                 Y               2.1             899.8             0.23%             935.5             0.22%
       2    1    X              27.5             853.5             3.22%             875.6             3.14%
                 Y               5.1             919.4             0.56%             935.5             0.55%
       1    1    X             243.2             875.6            27.78%             875.6            27.78%
                 Y             182.6             935.5            19.52%             935.5            19.52%

   **********************************************************************
                            二道防线调整系数
   以下为程序按高规方法计算的系数，如用户自己定义了系数，则以自定义系数为准
   如选择了"考虑弹塑性内力重分布计算调整系数"则忽略此处输出 
   **********************************************************************

     第  1层, 第  1塔

       0.20*Vx0 =    175.12     1.50*Vxmax =    364.85     Vcx =     243.235     Coef_x(Col) =       1.000
       0.20*Vy0 =    187.09     1.50*Vymax =    273.89     Vcy =     182.593     Coef_y(Col) =       1.025

   ======================================================================
     第  2层, 第  1塔

       0.20*Vx0 =    175.12     1.50*Vxmax =    364.85     Vcx =      27.518     Coef_x(Col) =       2.000
       0.20*Vy0 =    187.09     1.50*Vymax =    273.89     Vcy =       5.145     Coef_y(Col) =       2.000

   ======================================================================
     第  3层, 第  1塔

       0.20*Vx0 =    175.12     1.50*Vxmax =    364.85     Vcx =      30.145     Coef_x(Col) =       2.000
       0.20*Vy0 =    187.09     1.50*Vymax =    273.89     Vcy =       2.101     Coef_y(Col) =       2.000

   ======================================================================
     第  4层, 第  1塔

       0.20*Vx0 =    175.12     1.50*Vxmax =    364.85     Vcx =      48.792     Coef_x(Col) =       2.000
       0.20*Vy0 =    187.09     1.50*Vymax =    273.89     Vcy =       2.729     Coef_y(Col) =       2.000

   ======================================================================
     第  5层, 第  1塔

       0.20*Vx0 =    175.12     1.50*Vxmax =    364.85     Vcx =      50.080     Coef_x(Col) =       2.000
       0.20*Vy0 =    187.09     1.50*Vymax =    273.89     Vcy =       2.927     Coef_y(Col) =       2.000

   ======================================================================
     第  6层, 第  1塔

       0.20*Vx0 =    175.12     1.50*Vxmax =    364.85     Vcx =      52.627     Coef_x(Col) =       2.000
       0.20*Vy0 =    187.09     1.50*Vymax =    273.89     Vcy =       2.130     Coef_y(Col) =       2.000

   ======================================================================
     第  7层, 第  1塔

       0.20*Vx0 =    175.12     1.50*Vxmax =    364.85     Vcx =      53.916     Coef_x(Col) =       2.000
       0.20*Vy0 =    187.09     1.50*Vymax =    273.89     Vcy =       2.039     Coef_y(Col) =       2.000

   ======================================================================
     第  8层, 第  1塔

       0.20*Vx0 =    175.12     1.50*Vxmax =    364.85     Vcx =      52.788     Coef_x(Col) =       2.000
       0.20*Vy0 =    187.09     1.50*Vymax =    273.89     Vcy =       2.011     Coef_y(Col) =       2.000

   ======================================================================
     第  9层, 第  1塔

       0.20*Vx0 =    175.12     1.50*Vxmax =    364.85     Vcx =      52.428     Coef_x(Col) =       2.000
       0.20*Vy0 =    187.09     1.50*Vymax =    273.89     Vcy =       1.924     Coef_y(Col) =       2.000

   ======================================================================
     第 10层, 第  1塔

       0.20*Vx0 =    175.12     1.50*Vxmax =    364.85     Vcx =      51.460     Coef_x(Col) =       2.000
       0.20*Vy0 =    187.09     1.50*Vymax =    273.89     Vcy =       1.737     Coef_y(Col) =       2.000

   ======================================================================
     第 11层, 第  1塔

       0.20*Vx0 =    175.12     1.50*Vxmax =    364.85     Vcx =      48.425     Coef_x(Col) =       2.000
       0.20*Vy0 =    187.09     1.50*Vymax =    273.89     Vcy =       1.929     Coef_y(Col) =       2.000

   ======================================================================
     第 12层, 第  1塔

       0.20*Vx0 =    175.12     1.50*Vxmax =    364.85     Vcx =      46.720     Coef_x(Col) =       2.000
       0.20*Vy0 =    187.09     1.50*Vymax =    273.89     Vcy =       1.765     Coef_y(Col) =       2.000

   ======================================================================
     第 13层, 第  1塔

       0.20*Vx0 =    175.12     1.50*Vxmax =    364.85     Vcx =      44.460     Coef_x(Col) =       2.000
       0.20*Vy0 =    187.09     1.50*Vymax =    273.89     Vcy =       1.743     Coef_y(Col) =       2.000

   ======================================================================
     第 14层, 第  1塔

       0.20*Vx0 =    175.12     1.50*Vxmax =    364.85     Vcx =      42.031     Coef_x(Col) =       2.000
       0.20*Vy0 =    187.09     1.50*Vymax =    273.89     Vcy =       1.681     Coef_y(Col) =       2.000

   ======================================================================
     第 15层, 第  1塔

       0.20*Vx0 =    175.12     1.50*Vxmax =    364.85     Vcx =      39.414     Coef_x(Col) =       2.000
       0.20*Vy0 =    187.09     1.50*Vymax =    273.89     Vcy =       1.655     Coef_y(Col) =       2.000

   ======================================================================
     第 16层, 第  1塔

       0.20*Vx0 =    175.12     1.50*Vxmax =    364.85     Vcx =      36.738     Coef_x(Col) =       2.000
       0.20*Vy0 =    187.09     1.50*Vymax =    273.89     Vcy =       1.581     Coef_y(Col) =       2.000

   ======================================================================
     第 17层, 第  1塔

       0.20*Vx0 =    175.12     1.50*Vxmax =    364.85     Vcx =      33.863     Coef_x(Col) =       2.000
       0.20*Vy0 =    187.09     1.50*Vymax =    273.89     Vcy =       1.527     Coef_y(Col) =       2.000

   ======================================================================
     第 18层, 第  1塔

       0.20*Vx0 =    175.12     1.50*Vxmax =    364.85     Vcx =      30.897     Coef_x(Col) =       2.000
       0.20*Vy0 =    187.09     1.50*Vymax =    273.89     Vcy =       1.307     Coef_y(Col) =       2.000

   ======================================================================
