
  ///////////////////////////////////////////////////////////////////////////
  | 公司名称:                                                               |
  |                                                                         |
  |                       周期、地震力与振型输出文件                        |
  |                             (总刚分析方法)                              |
  |                          SATWE2010_V5.1.3 中文版                        |
  |                         (2020年5月18日18时13分)                         |
  |                             文件名: WZQ.OUT                             |
  |                                                                         |
  |工程名称 :                     设计人 :              计算日期:2020/10/19 |
  |工程代号 :                     校核人 :              计算时间:11:03:24   |
  ///////////////////////////////////////////////////////////////////////////

    考虑扭转耦联时的振动周期(秒)、X,Y 方向的平动系数、扭转系数

    振型号    周 期      转 角          平动系数 (X+Y)       扭转系数
      1       2.2939      1.19        0.98 ( 0.98+0.00 )      0.02
      2       2.0826     91.46        1.00 ( 0.00+1.00 )      0.00
      3       1.9198     14.68        0.02 ( 0.02+0.00 )      0.98
      4       0.6720      0.42        1.00 ( 1.00+0.00 )      0.00
      5       0.5571     90.13        0.98 ( 0.00+0.98 )      0.02
      6       0.5515    103.54        0.02 ( 0.00+0.02 )      0.98
      7       0.3372      0.22        0.98 ( 0.98+0.00 )      0.02
      8       0.2728    179.88        0.03 ( 0.03+0.00 )      0.97
      9       0.2582     90.21        1.00 ( 0.00+1.00 )      0.00
     10       0.2068      0.22        0.94 ( 0.94+0.00 )      0.06
     11       0.1725    177.85        0.06 ( 0.06+0.00 )      0.94
     12       0.1546     90.07        1.00 ( 0.00+1.00 )      0.00
     13       0.1417      0.27        0.88 ( 0.88+0.00 )      0.12
     14       0.1229    178.22        0.13 ( 0.13+0.00 )      0.87
     15       0.1055     20.24        0.84 ( 0.47+0.37 )      0.16
     16       0.1054     96.08        0.91 ( 0.28+0.63 )      0.09
     17       0.0941    178.85        0.26 ( 0.26+0.00 )      0.74
     18       0.0842      0.52        0.58 ( 0.58+0.00 )      0.42

   地震作用最大的方向 =     0.682 (度)


   ============================================================

    仅考虑 X 向地震作用时的地震力
   Floor : 层号
   Tower : 塔号
   F-x-x : X 方向的耦联地震力在 X 方向的分量
   F-x-y : X 方向的耦联地震力在 Y 方向的分量
   F-x-t : X 方向的耦联地震力的扭矩

   振型   1 的地震力
   -------------------------------------------------------
   Floor     Tower       F-x-x         F-x-y         F-x-t
                         (kN)          (kN)         (kN-m)
     21        1         38.27          0.87         48.81
     20        1         76.18          1.69        114.59
     19        1         62.87          1.43         92.96
     18        1         60.66          1.25         86.99
     17        1         57.84          1.27         79.34
     16        1         55.09          1.10         73.25
     15        1         51.76          1.09         65.76
     14        1         48.48          0.93         59.59
     13        1         44.68          0.90         52.34
     12        1         40.94          0.75         46.24
     11        1         36.78          0.71         39.42
     10        1         32.71          0.57         33.62
      9        1         28.39          0.51         27.49
      8        1         24.20          0.40         22.27
      7        1         19.91          0.33         17.08
      6        1         15.86          0.24         12.75
      5        1         11.91          0.18          8.79
      4        1          8.35          0.11          5.73
      3        1          5.71          0.07          3.70
      2        1          2.35          0.03          1.93
      1        1          1.28          0.02          4.07

   振型   2 的地震力
   -------------------------------------------------------
   Floor     Tower       F-x-x         F-x-y         F-x-t
                         (kN)          (kN)         (kN-m)
     21        1          0.02         -1.12         -0.27
     20        1          0.05         -2.21         -0.67
     19        1          0.04         -1.78         -0.57
     18        1          0.04         -1.69         -0.55
     17        1          0.04         -1.59         -0.51
     16        1          0.04         -1.49         -0.49
     15        1          0.04         -1.38         -0.45
     14        1          0.03         -1.27         -0.42
     13        1          0.03         -1.15         -0.38
     12        1          0.03         -1.04         -0.35
     11        1          0.03         -0.92         -0.31
     10        1          0.02         -0.80         -0.27
      9        1          0.02         -0.68         -0.23
      8        1          0.02         -0.56         -0.20
      7        1          0.02         -0.45         -0.16
      6        1          0.01         -0.35         -0.12
      5        1          0.01         -0.25         -0.09
      4        1          0.01         -0.17         -0.06
      3        1          0.01         -0.11         -0.04
      2        1          0.00         -0.04         -0.01
      1        1          0.00         -0.03         -0.01

   振型   3 的地震力
   -------------------------------------------------------
   Floor     Tower       F-x-x         F-x-y         F-x-t
                         (kN)          (kN)         (kN-m)
     21        1          0.63          0.24        -46.34
     20        1          1.79          0.50       -112.56
     19        1          1.12          0.33        -94.08
     18        1          1.13          0.42        -90.66
     17        1          1.15          0.29        -85.15
     16        1          1.14          0.37        -80.98
     15        1          1.14          0.25        -74.91
     14        1          1.10          0.32        -70.00
     13        1          1.07          0.21        -63.47
     12        1          1.01          0.26        -57.95
     11        1          0.95          0.17        -51.14
     10        1          0.87          0.20        -45.25
      9        1          0.79          0.12        -38.47
      8        1          0.69          0.14        -32.51
      7        1          0.59          0.08        -26.08
      6        1          0.48          0.09        -20.42
      5        1          0.37          0.05        -14.75
      4        1          0.26          0.04         -9.93
      3        1          0.19          0.02         -6.22
      2        1          0.06          0.01         -2.53
      1        1          0.14          0.01         -2.43

   振型   4 的地震力
   -------------------------------------------------------
   Floor     Tower       F-x-x         F-x-y         F-x-t
                         (kN)          (kN)         (kN-m)
     21        1        -47.52         -0.38          8.32
     20        1        -81.57         -0.58         27.64
     19        1        -55.28         -0.32         26.53
     18        1        -40.23         -0.21         26.62
     17        1        -23.99         -0.04         24.01
     16        1         -7.39          0.07         20.01
     15        1          9.05          0.22         14.18
     14        1         24.64          0.31          7.75
     13        1         38.44          0.40          0.82
     12        1         50.13          0.47         -5.87
     11        1         58.66          0.50        -11.74
     10        1         64.20          0.53        -16.65
      9        1         65.92          0.48        -19.73
      8        1         64.59          0.47        -21.53
      7        1         59.72          0.38        -21.18
      6        1         52.43          0.34        -19.58
      5        1         42.76          0.23        -16.13
      4        1         32.09          0.17        -11.86
      3        1         23.29          0.11         -7.03
      2        1         10.00          0.05         -0.87
      1        1          6.19          0.04          9.03

   振型   5 的地震力
   -------------------------------------------------------
   Floor     Tower       F-x-x         F-x-y         F-x-t
                         (kN)          (kN)         (kN-m)
     21        1          0.00         -0.01         -0.01
     20        1          0.00         -0.02         -0.03
     19        1          0.00         -0.01         -0.02
     18        1          0.00         -0.01         -0.01
     17        1          0.00          0.00         -0.01
     16        1          0.00          0.00          0.00
     15        1          0.00          0.00          0.00
     14        1          0.00          0.01          0.01
     13        1          0.00          0.01          0.02
     12        1          0.00          0.01          0.02
     11        1          0.00          0.02          0.02
     10        1          0.00          0.02          0.02
      9        1          0.00          0.02          0.02
      8        1          0.00          0.02          0.02
      7        1          0.00          0.01          0.02
      6        1          0.00          0.01          0.02
      5        1          0.00          0.01          0.01
      4        1          0.00          0.01          0.01
      3        1          0.00          0.00          0.01
      2        1          0.00          0.00          0.00
      1        1          0.00          0.00          0.00

   振型   6 的地震力
   -------------------------------------------------------
   Floor     Tower       F-x-x         F-x-y         F-x-t
                         (kN)          (kN)         (kN-m)
     21        1         -0.18          0.48        -23.36
     20        1         -0.04          0.78        -48.42
     19        1         -0.12          0.47        -33.11
     18        1         -0.03          0.34        -23.54
     17        1          0.05          0.15        -13.00
     16        1          0.10         -0.01         -2.56
     15        1          0.14         -0.17          7.64
     14        1          0.17         -0.32         17.23
     13        1          0.18         -0.42         25.29
     12        1          0.18         -0.55         32.26
     11        1          0.17         -0.57         36.69
     10        1          0.16         -0.65         39.73
      9        1          0.13         -0.60         39.84
      8        1          0.11         -0.61         38.64
      7        1          0.09         -0.51         34.79
      6        1          0.08         -0.47         30.02
      5        1          0.06         -0.34         23.52
      4        1          0.06         -0.26         16.92
      3        1          0.03         -0.18         11.18
      2        1          0.05         -0.08          4.84
      1        1         -0.18         -0.05          5.19

   振型   7 的地震力
   -------------------------------------------------------
   Floor     Tower       F-x-x         F-x-y         F-x-t
                         (kN)          (kN)         (kN-m)
     21        1         51.94          0.17        -62.28
     20        1         71.53          0.16       -111.31
     19        1         31.30         -0.05        -57.00
     18        1          1.60         -0.12        -12.37
     17        1        -25.80         -0.18         31.72
     16        1        -48.01         -0.28         69.79
     15        1        -62.01         -0.18         94.75
     14        1        -66.62         -0.26        106.10
     13        1        -60.81         -0.05         98.73
     12        1        -46.12         -0.06         77.79
     11        1        -24.32          0.13         43.45
     10        1          1.05          0.21          3.55
      9        1         26.26          0.28        -36.34
      8        1         48.03          0.41        -71.04
      7        1         63.04          0.33        -93.54
      6        1         69.94          0.43       -103.72
      5        1         67.62          0.25        -97.15
      4        1         57.57          0.28        -79.39
      3        1         45.91          0.17        -55.83
      2        1         20.99          0.10        -21.36
      1        1         15.05          0.08         -3.92

   振型   8 的地震力
   -------------------------------------------------------
   Floor     Tower       F-x-x         F-x-y         F-x-t
                         (kN)          (kN)         (kN-m)
     21        1          1.33         -0.01         60.99
     20        1          1.30         -0.02         99.62
     19        1          0.66          0.04         45.41
     18        1         -0.10          0.01          2.73
     17        1         -0.75         -0.01        -37.05
     16        1         -1.23          0.05        -69.66
     15        1         -1.48         -0.05        -88.86
     14        1         -1.52          0.06        -95.04
     13        1         -1.32         -0.05        -84.16
     12        1         -0.95          0.03        -61.36
     11        1         -0.43         -0.02        -27.59
     10        1          0.15         -0.01         10.18
      9        1          0.72          0.02         46.29
      8        1          1.22         -0.05         76.79
      7        1          1.56          0.05         95.05
      6        1          1.75         -0.06        101.92
      5        1          1.72          0.06         93.47
      4        1          1.54         -0.04         75.56
      3        1          1.19          0.01         54.26
      2        1          0.74         -0.01         25.13
      1        1         -0.72          0.01         29.62

   振型   9 的地震力
   -------------------------------------------------------
   Floor     Tower       F-x-x         F-x-y         F-x-t
                         (kN)          (kN)         (kN-m)
     21        1          0.00         -0.22          0.01
     20        1          0.00         -0.28          0.00
     19        1          0.00         -0.11         -0.01
     18        1          0.00          0.02         -0.01
     17        1          0.00          0.14          0.00
     16        1          0.00          0.22          0.00
     15        1          0.00          0.27          0.00
     14        1          0.00          0.27          0.00
     13        1          0.00          0.23          0.01
     12        1          0.00          0.16          0.01
     11        1          0.00          0.06          0.01
     10        1          0.00         -0.05          0.00
      9        1          0.00         -0.15          0.00
      8        1          0.00         -0.24          0.00
      7        1          0.00         -0.29          0.00
      6        1          0.00         -0.30          0.00
      5        1          0.00         -0.28         -0.01
      4        1          0.00         -0.23         -0.01
      3        1          0.00         -0.17          0.00
      2        1          0.00         -0.08          0.00
      1        1          0.00         -0.06          0.00

   振型  10 的地震力
   -------------------------------------------------------
   Floor     Tower       F-x-x         F-x-y         F-x-t
                         (kN)          (kN)         (kN-m)
     21        1        -39.75         -0.07         77.98
     20        1        -39.73          0.03         93.47
     19        1         -1.21          0.13          8.95
     18        1         27.08          0.19        -58.26
     17        1         45.29          0.07       -102.86
     16        1         49.86          0.15       -116.76
     15        1         39.77         -0.07        -93.32
     14        1         18.47         -0.09        -43.59
     13        1         -8.21         -0.19         19.99
     12        1        -32.83         -0.30         78.23
     11        1        -48.36         -0.17        112.40
     10        1        -50.81         -0.24        115.53
      9        1        -39.38          0.00         83.34
      8        1        -17.65          0.07         28.59
      7        1          8.85          0.19        -35.45
      6        1         33.09          0.36        -90.88
      5        1         48.89          0.26       -121.01
      4        1         52.86          0.38       -122.08
      3        1         49.11          0.25        -99.66
      2        1         24.73          0.15        -45.74
      1        1         21.10          0.11        -36.52

   振型  11 的地震力
   -------------------------------------------------------
   Floor     Tower       F-x-x         F-x-y         F-x-t
                         (kN)          (kN)         (kN-m)
     21        1         -1.92          0.09        -66.67
     20        1         -1.56          0.05        -73.13
     19        1          0.01         -0.03         -3.80
     18        1          1.33         -0.10         49.76
     17        1          2.14         -0.04         84.02
     16        1          2.32         -0.14         93.08
     15        1          1.81         -0.01         72.15
     14        1          0.82         -0.02         30.63
     13        1         -0.42          0.03        -20.90
     12        1         -1.58          0.12        -67.20
     11        1         -2.32          0.04        -93.19
     10        1         -2.49          0.14        -94.05
      9        1         -1.98          0.02        -66.83
      8        1         -0.97          0.02        -22.32
      7        1          0.32         -0.02         28.61
      6        1          1.58         -0.12         71.93
      5        1          2.47         -0.04         94.82
      4        1          2.81         -0.15         95.05
      3        1          2.57         -0.07         78.14
      2        1          1.60         -0.05         39.48
      1        1         -1.03         -0.02         51.98

   振型  12 的地震力
   -------------------------------------------------------
   Floor     Tower       F-x-x         F-x-y         F-x-t
                         (kN)          (kN)         (kN-m)
     21        1          0.00          0.12          0.00
     20        1          0.00          0.10          0.01
     19        1          0.00         -0.01          0.01
     18        1          0.00         -0.09          0.00
     17        1          0.00         -0.14         -0.01
     16        1          0.00         -0.14         -0.01
     15        1          0.00         -0.10         -0.01
     14        1          0.00         -0.04         -0.01
     13        1          0.00          0.04          0.00
     12        1          0.00          0.11          0.01
     11        1          0.00          0.15          0.01
     10        1          0.00          0.14          0.02
      9        1          0.00          0.10          0.01
      8        1          0.00          0.03          0.01
      7        1          0.00         -0.05          0.00
      6        1          0.00         -0.11         -0.01
      5        1          0.00         -0.15         -0.02
      4        1          0.00         -0.15         -0.02
      3        1          0.00         -0.13         -0.01
      2        1          0.00         -0.07         -0.01
      1        1          0.00         -0.05         -0.01

   振型  13 的地震力
   -------------------------------------------------------
   Floor     Tower       F-x-x         F-x-y         F-x-t
                         (kN)          (kN)         (kN-m)
     21        1         31.81          0.02       -104.05
     20        1         19.34         -0.13        -63.56
     19        1        -15.34         -0.11         51.13
     18        1        -35.98         -0.17        122.28
     17        1        -38.39          0.09        128.99
     16        1        -22.85          0.09         75.22
     15        1          3.39          0.22        -16.15
     14        1         28.48          0.32       -101.39
     13        1         41.13          0.09       -138.99
     12        1         35.94          0.11       -114.87
     11        1         14.98         -0.16        -35.71
     10        1        -12.34         -0.31         59.65
      9        1        -33.86         -0.24        126.81
      8        1        -40.82         -0.34        139.50
      7        1        -30.09         -0.03         87.25
      6        1         -6.67          0.12         -3.19
      5        1         19.66          0.23        -94.41
      4        1         38.12          0.47       -149.04
      3        1         45.69          0.36       -152.83
      2        1         26.43          0.24        -84.19
      1        1         28.94          0.17       -108.35

   振型  14 的地震力
   -------------------------------------------------------
   Floor     Tower       F-x-x         F-x-y         F-x-t
                         (kN)          (kN)         (kN-m)
     21        1          2.80         -0.11         77.31
     20        1          1.56          0.00         38.25
     19        1         -1.40          0.06        -39.34
     18        1         -3.21          0.16        -85.15
     17        1         -3.40          0.03        -86.35
     16        1         -2.03          0.05        -47.13
     15        1          0.31         -0.05         15.68
     14        1          2.59         -0.16         72.34
     13        1          3.77         -0.06         95.25
     12        1          3.37         -0.13         76.56
     11        1          1.47          0.01         22.14
     10        1         -1.08          0.10        -41.25
      9        1         -3.16          0.07        -84.28
      8        1         -3.93          0.17        -90.90
      7        1         -2.97          0.03        -55.71
      6        1         -0.72         -0.01          2.72
      5        1          1.91         -0.05         59.96
      4        1          3.87         -0.18         92.87
      3        1          4.50         -0.12         93.89
      2        1          2.95         -0.09         53.17
      1        1         -1.19         -0.04         80.32

   振型  15 的地震力
   -------------------------------------------------------
   Floor     Tower       F-x-x         F-x-y         F-x-t
                         (kN)          (kN)         (kN-m)
     21        1        -16.01        -15.00         89.84
     20        1         -3.17         -6.33         -2.14
     19        1         14.17          8.52        -79.39
     18        1         19.68         16.78        -96.30
     17        1         11.40         16.31        -44.31
     16        1         -4.63          8.19         38.61
     15        1        -17.92         -3.85         97.93
     14        1        -19.95        -14.56         95.86
     13        1         -9.34        -18.68         29.57
     12        1          7.09        -14.74        -56.60
     11        1         18.90         -4.39       -106.74
     10        1         18.65          7.96        -89.76
      9        1          6.78         16.44        -14.04
      8        1         -9.12         17.88         71.28
      7        1        -19.19         11.62        112.25
      6        1        -17.38          0.25         85.46
      5        1         -4.97        -11.14          4.30
      4        1         10.46        -18.08        -80.66
      3        1         21.66        -19.74       -125.18
      2        1         15.63        -11.00        -86.44
      1        1         24.96         -9.86       -157.44

   振型  16 的地震力
   -------------------------------------------------------
   Floor     Tower       F-x-x         F-x-y         F-x-t
                         (kN)          (kN)         (kN-m)
     21        1         -9.50         14.88         54.08
     20        1         -1.94          6.52          1.99
     19        1          8.39         -8.39        -46.55
     18        1         11.70        -16.58        -59.13
     17        1          6.83        -16.43        -30.02
     16        1         -2.70         -8.46         19.68
     15        1        -10.62          3.68         57.09
     14        1        -11.87         14.30         58.60
     13        1         -5.61         18.75         21.42
     12        1          4.18         15.03        -29.79
     11        1         11.23          4.58        -61.39
     10        1         11.12         -7.67        -54.17
      9        1          4.08        -16.47        -11.73
      8        1         -5.39        -18.16         38.34
      7        1        -11.41        -11.81         63.83
      6        1        -10.37         -0.56         50.55
      5        1         -2.99         11.11          5.08
      4        1          6.22         18.33        -44.02
      3        1         12.91         19.99        -70.31
      2        1          9.36         11.22        -49.22
      1        1         14.81          9.98        -90.55

   振型  17 的地震力
   -------------------------------------------------------
   Floor     Tower       F-x-x         F-x-y         F-x-t
                         (kN)          (kN)         (kN-m)
     21        1         -4.32          0.10        -94.27
     20        1         -1.01         -0.11         15.31
     19        1          4.09         -0.07         81.32
     18        1          5.65         -0.12         87.56
     17        1          3.30          0.06         32.43
     16        1         -1.39          0.15        -44.45
     15        1         -5.36          0.08        -92.34
     14        1         -6.02          0.12        -82.34
     13        1         -2.79         -0.05        -18.66
     12        1          2.31         -0.17         55.91
     11        1          5.98         -0.09         92.93
     10        1          5.86         -0.13         71.43
      9        1          1.96          0.04          4.63
      8        1         -3.23          0.17        -63.98
      7        1         -6.42          0.10        -90.98
      6        1         -5.62          0.13        -63.07
      5        1         -1.24         -0.02          3.83
      4        1          4.04         -0.17         67.75
      3        1          7.36         -0.15         95.90
      2        1          5.43         -0.12         63.15
      1        1         -0.22         -0.06        112.51

   振型  18 的地震力
   -------------------------------------------------------
   Floor     Tower       F-x-x         F-x-y         F-x-t
                         (kN)          (kN)         (kN-m)
     21        1         19.29          0.32       -160.01
     20        1         -3.86         -0.33        100.32
     19        1        -21.43         -0.26        161.55
     18        1        -18.82         -0.23         87.14
     17        1          1.07          0.10        -70.03
     16        1         20.39          0.49       -174.78
     15        1         22.60          0.26       -132.00
     14        1          5.97          0.06         22.45
     13        1        -15.33         -0.12        161.91
     12        1        -23.41         -0.48        170.17
     11        1        -11.67         -0.23         32.77
     10        1          9.59          0.11       -134.24
      9        1         22.25          0.13       -190.21
      8        1         16.45          0.35        -94.55
      7        1         -2.74          0.19         80.83
      6        1        -19.22         -0.20        194.14
      5        1        -19.82         -0.11        152.25
      4        1         -4.31         -0.20         -7.16
      3        1         15.94         -0.17       -163.85
      2        1         19.16          0.00       -169.27
      1        1         52.57         -0.16       -446.44

   各振型作用下 X 方向的基底剪力
   -------------------------------------------------------
            振型号       剪力(kN)
               1        724.22
               2          0.52
               3         16.66
               4        346.13
               5          0.00
               6          1.20
               7        238.13
               8          5.39
               9          0.00
              10        141.16
              11          5.52
              12          0.00
              13         97.57
              14          5.99
              15         47.72
              16         28.40
              17          8.34
              18         64.66

   X向地震作用参与振型的有效质量系数
   -------------------------------------------------------
            振型号       有效质量系数(%)
               1         74.22
               2          0.05
               3          1.62
               4         12.84
               5          0.00
               6          0.05
               7          4.91
               8          0.16
               9          0.00
              10          2.40
              11          0.18
              12          0.00
              13          1.14
              14          0.20
              15          0.26
              16          0.16
              17          0.23
              18          0.06

   各层 X 方向的作用力(CQC)
   Floor    : 层号
   Tower    : 塔号
   Fx       : X 向地震作用下结构的地震反应力
   Vx       : X 向地震作用下结构的楼层剪力
   Mx       : X 向地震作用下结构的弯矩
   Static Fx: 底部剪力法 X 向的地震力
   ------------------------------------------------------------------------------------------
   Floor     Tower        Fx           Vx (分塔剪重比) (整层剪重比)      Mx        Static Fx
                         (kN)         (kN)                             (kN-m)         (kN)

                     (注意:下面分塔输出的剪重比不适合于上连多塔结构)

     21        1         97.40         97.40(  3.18%)    (  3.18%)        321.43        181.96
     20        1        138.41        231.12(  2.46%)    (  2.46%)        985.48         65.31
     19        1         94.57        308.94(  2.09%)    (  2.09%)       1863.33         52.62
     18        1         91.06        365.87(  1.81%)    (  1.81%)       2882.28         50.01
     17        1         90.56        410.90(  1.61%)    (  1.61%)       4001.50         47.12
     16        1         92.85        448.91(  1.45%)    (  1.45%)       5197.67         44.50
     15        1         96.00        483.71(  1.33%)    (  1.33%)       6458.83         41.62
     14        1         97.32        517.59(  1.24%)    (  1.24%)       7781.23         38.98
     13        1         96.84        550.49(  1.17%)    (  1.17%)       9167.20         36.12
     12        1         96.35        582.12(  1.11%)    (  1.11%)      10618.17         33.47
     11        1         95.27        611.65(  1.06%)    (  1.06%)      12135.18         30.63
     10        1         95.97        639.17(  1.01%)    (  1.01%)      13717.42         27.95
      9        1         96.87        665.10(  0.97%)    (  0.97%)      15363.06         25.13
      8        1         99.16        690.32(  0.93%)    (  0.93%)      17070.32         22.44
      7        1        102.83        716.17(  0.90%)    (  0.90%)      18837.99         19.63
      6        1        104.75        744.17(  0.88%)    (  0.88%)      20667.57         16.92
      5        1        102.32        773.41(  0.86%)    (  0.86%)      22561.98         14.13
      4        1        100.86        802.69(  0.84%)    (  0.84%)      24525.06         11.42
      3        1        103.62        833.96(  0.82%)    (  0.82%)      26631.31          9.51
      2        1         61.67        853.47(  0.80%)    (  0.80%)      28811.18          5.24
      1        1         83.59        875.60(  0.75%)    (  0.75%)      31137.06          6.06


       抗震规范(5.2.5)条要求的X向楼层最小剪重比 =   0.80%

       X 向地震作用下结构主振型的周期 = 2.2939

       X 方向的有效质量系数:    98.49%

   ============================================================

    仅考虑 Y 向地震时的地震力
   Floor : 层号
   Tower : 塔号
   F-y-x : Y 方向的耦联地震力在 X 方向的分量
   F-y-y : Y 方向的耦联地震力在 Y 方向的分量
   F-y-t : Y 方向的耦联地震力的扭矩

   振型   1 的地震力
   -------------------------------------------------------
   Floor     Tower       F-y-x         F-y-y         F-y-t
                         (kN)          (kN)         (kN-m)
     21        1          0.76          0.02          0.97
     20        1          1.52          0.03          2.29
     19        1          1.25          0.03          1.85
     18        1          1.21          0.02          1.73
     17        1          1.15          0.03          1.58
     16        1          1.10          0.02          1.46
     15        1          1.03          0.02          1.31
     14        1          0.97          0.02          1.19
     13        1          0.89          0.02          1.04
     12        1          0.82          0.01          0.92
     11        1          0.73          0.01          0.79
     10        1          0.65          0.01          0.67
      9        1          0.57          0.01          0.55
      8        1          0.48          0.01          0.44
      7        1          0.40          0.01          0.34
      6        1          0.32          0.00          0.25
      5        1          0.24          0.00          0.18
      4        1          0.17          0.00          0.11
      3        1          0.11          0.00          0.07
      2        1          0.05          0.00          0.04
      1        1          0.03          0.00          0.08

   振型   2 的地震力
   -------------------------------------------------------
   Floor     Tower       F-y-x         F-y-y         F-y-t
                         (kN)          (kN)         (kN-m)
     21        1         -0.90         41.53         10.15
     20        1         -1.94         81.75         24.93
     19        1         -1.53         65.99         20.93
     18        1         -1.50         62.67         20.21
     17        1         -1.45         58.87         19.00
     16        1         -1.40         55.18         18.07
     15        1         -1.34         51.06         16.71
     14        1         -1.27         47.04         15.61
     13        1         -1.19         42.66         14.14
     12        1         -1.11         38.39         12.90
     11        1         -1.01         33.88         11.37
     10        1         -0.92         29.52         10.06
      9        1         -0.81         25.08          8.54
      8        1         -0.71         20.86          7.22
      7        1         -0.59         16.71          5.79
      6        1         -0.48         12.88          4.54
      5        1         -0.37          9.32          3.29
      4        1         -0.27          6.25          2.23
      3        1         -0.19          4.10          1.39
      2        1         -0.07          1.64          0.53
      1        1         -0.06          1.05          0.42

   振型   3 的地震力
   -------------------------------------------------------
   Floor     Tower       F-y-x         F-y-y         F-y-t
                         (kN)          (kN)         (kN-m)
     21        1          0.16          0.06        -11.44
     20        1          0.44          0.12        -27.80
     19        1          0.28          0.08        -23.24
     18        1          0.28          0.10        -22.39
     17        1          0.28          0.07        -21.03
     16        1          0.28          0.09        -20.00
     15        1          0.28          0.06        -18.50
     14        1          0.27          0.08        -17.29
     13        1          0.26          0.05        -15.67
     12        1          0.25          0.06        -14.31
     11        1          0.23          0.04        -12.63
     10        1          0.22          0.05        -11.18
      9        1          0.19          0.03         -9.50
      8        1          0.17          0.04         -8.03
      7        1          0.15          0.02         -6.44
      6        1          0.12          0.02         -5.04
      5        1          0.09          0.01         -3.64
      4        1          0.06          0.01         -2.45
      3        1          0.05          0.01         -1.54
      2        1          0.01          0.00         -0.63
      1        1          0.03          0.00         -0.60

   振型   4 的地震力
   -------------------------------------------------------
   Floor     Tower       F-y-x         F-y-y         F-y-t
                         (kN)          (kN)         (kN-m)
     21        1         -0.45          0.00          0.08
     20        1         -0.77         -0.01          0.26
     19        1         -0.52          0.00          0.25
     18        1         -0.38          0.00          0.25
     17        1         -0.23          0.00          0.23
     16        1         -0.07          0.00          0.19
     15        1          0.09          0.00          0.13
     14        1          0.23          0.00          0.07
     13        1          0.36          0.00          0.01
     12        1          0.47          0.00         -0.06
     11        1          0.56          0.00         -0.11
     10        1          0.61          0.00         -0.16
      9        1          0.62          0.00         -0.19
      8        1          0.61          0.00         -0.20
      7        1          0.57          0.00         -0.20
      6        1          0.50          0.00         -0.19
      5        1          0.40          0.00         -0.15
      4        1          0.30          0.00         -0.11
      3        1          0.22          0.00         -0.07
      2        1          0.09          0.00         -0.01
      1        1          0.06          0.00          0.09

   振型   5 的地震力
   -------------------------------------------------------
   Floor     Tower       F-y-x         F-y-y         F-y-t
                         (kN)          (kN)         (kN-m)
     21        1         -0.21        -63.69        -67.87
     20        1          0.53       -103.63       -142.34
     19        1          0.17        -66.14        -97.89
     18        1          0.36        -43.60        -69.87
     17        1          0.48        -20.69        -38.81
     16        1          0.53          1.78         -8.02
     15        1          0.50         22.99         22.16
     14        1          0.43         42.19         50.53
     13        1          0.30         58.38         74.47
     12        1          0.16         71.16         95.11
     11        1         -0.01         79.67        108.36
     10        1         -0.15         83.96        117.40
      9        1         -0.30         83.70        117.84
      8        1         -0.38         79.53        114.37
      7        1         -0.44         71.54        103.08
      6        1         -0.43         60.81         89.08
      5        1         -0.39         47.98         69.92
      4        1         -0.28         34.51         50.43
      3        1         -0.24         24.03         33.24
      2        1          0.02         10.21         14.19
      1        1         -0.56          7.02         14.73

   振型   6 的地震力
   -------------------------------------------------------
   Floor     Tower       F-y-x         F-y-y         F-y-t
                         (kN)          (kN)         (kN-m)
     21        1          0.53         -1.41         69.11
     20        1          0.12         -2.31        143.22
     19        1          0.35         -1.40         97.95
     18        1          0.09         -1.00         69.63
     17        1         -0.13         -0.43         38.45
     16        1         -0.30          0.04          7.57
     15        1         -0.43          0.49        -22.59
     14        1         -0.51          0.96        -50.96
     13        1         -0.53          1.24        -74.81
     12        1         -0.54          1.62        -95.42
     11        1         -0.49          1.68       -108.55
     10        1         -0.46          1.91       -117.53
      9        1         -0.38          1.76       -117.85
      8        1         -0.34          1.81       -114.31
      7        1         -0.26          1.50       -102.90
      6        1         -0.23          1.38        -88.82
      5        1         -0.18          1.01        -69.58
      4        1         -0.17          0.78        -50.05
      3        1         -0.09          0.52        -33.06
      2        1         -0.15          0.23        -14.32
      1        1          0.54          0.15        -15.35

   振型   7 的地震力
   -------------------------------------------------------
   Floor     Tower       F-y-x         F-y-y         F-y-t
                         (kN)          (kN)         (kN-m)
     21        1          0.40          0.00         -0.48
     20        1          0.55          0.00         -0.85
     19        1          0.24          0.00         -0.44
     18        1          0.01          0.00         -0.09
     17        1         -0.20          0.00          0.24
     16        1         -0.37          0.00          0.53
     15        1         -0.47          0.00          0.72
     14        1         -0.51          0.00          0.81
     13        1         -0.47          0.00          0.76
     12        1         -0.35          0.00          0.59
     11        1         -0.19          0.00          0.33
     10        1          0.01          0.00          0.03
      9        1          0.20          0.00         -0.28
      8        1          0.37          0.00         -0.54
      7        1          0.48          0.00         -0.72
      6        1          0.53          0.00         -0.79
      5        1          0.52          0.00         -0.74
      4        1          0.44          0.00         -0.61
      3        1          0.35          0.00         -0.43
      2        1          0.16          0.00         -0.16
      1        1          0.12          0.00         -0.03

   振型   8 的地震力
   -------------------------------------------------------
   Floor     Tower       F-y-x         F-y-y         F-y-t
                         (kN)          (kN)         (kN-m)
     21        1          0.00          0.00         -0.05
     20        1          0.00          0.00         -0.08
     19        1          0.00          0.00         -0.03
     18        1          0.00          0.00          0.00
     17        1          0.00          0.00          0.03
     16        1          0.00          0.00          0.05
     15        1          0.00          0.00          0.07
     14        1          0.00          0.00          0.07
     13        1          0.00          0.00          0.06
     12        1          0.00          0.00          0.05
     11        1          0.00          0.00          0.02
     10        1          0.00          0.00         -0.01
      9        1          0.00          0.00         -0.04
      8        1          0.00          0.00         -0.06
      7        1          0.00          0.00         -0.07
      6        1          0.00          0.00         -0.08
      5        1          0.00          0.00         -0.07
      4        1          0.00          0.00         -0.06
      3        1          0.00          0.00         -0.04
      2        1          0.00          0.00         -0.02
      1        1          0.00          0.00         -0.02

   振型   9 的地震力
   -------------------------------------------------------
   Floor     Tower       F-y-x         F-y-y         F-y-t
                         (kN)          (kN)         (kN-m)
     21        1         -0.04         58.22         -1.41
     20        1         -0.21         73.58          0.70
     19        1         -0.21         27.65          1.49
     18        1         -0.18         -6.12          1.56
     17        1         -0.09        -35.70          1.10
     16        1          0.02        -58.11          0.57
     15        1          0.16        -70.26         -0.25
     14        1          0.27        -71.54         -0.83
     13        1          0.35        -61.28         -1.39
     12        1          0.37        -41.90         -1.56
     11        1          0.33        -15.77         -1.48
     10        1          0.22         12.88         -1.14
      9        1          0.06         39.80         -0.49
      8        1         -0.11         61.72          0.10
      7        1         -0.28         75.15          0.83
      6        1         -0.39         79.30          1.23
      5        1         -0.45         73.36          1.54
      4        1         -0.43         59.76          1.45
      3        1         -0.34         45.44          0.98
      2        1         -0.12         20.66          0.12
      1        1         -0.01         15.24         -0.54

   振型  10 的地震力
   -------------------------------------------------------
   Floor     Tower       F-y-x         F-y-y         F-y-t
                         (kN)          (kN)         (kN-m)
     21        1         -0.34          0.00          0.66
     20        1         -0.34          0.00          0.80
     19        1         -0.01          0.00          0.08
     18        1          0.23          0.00         -0.50
     17        1          0.39          0.00         -0.88
     16        1          0.42          0.00         -0.99
     15        1          0.34          0.00         -0.79
     14        1          0.16          0.00         -0.37
     13        1         -0.07          0.00          0.17
     12        1         -0.28          0.00          0.67
     11        1         -0.41          0.00          0.96
     10        1         -0.43          0.00          0.98
      9        1         -0.34          0.00          0.71
      8        1         -0.15          0.00          0.24
      7        1          0.08          0.00         -0.30
      6        1          0.28          0.00         -0.77
      5        1          0.42          0.00         -1.03
      4        1          0.45          0.00         -1.04
      3        1          0.42          0.00         -0.85
      2        1          0.21          0.00         -0.39
      1        1          0.18          0.00         -0.31

   振型  11 的地震力
   -------------------------------------------------------
   Floor     Tower       F-y-x         F-y-y         F-y-t
                         (kN)          (kN)         (kN-m)
     21        1          0.10          0.00          3.52
     20        1          0.08          0.00          3.86
     19        1          0.00          0.00          0.20
     18        1         -0.07          0.01         -2.62
     17        1         -0.11          0.00         -4.43
     16        1         -0.12          0.01         -4.91
     15        1         -0.10          0.00         -3.80
     14        1         -0.04          0.00         -1.62
     13        1          0.02          0.00          1.10
     12        1          0.08         -0.01          3.54
     11        1          0.12          0.00          4.91
     10        1          0.13         -0.01          4.96
      9        1          0.10          0.00          3.52
      8        1          0.05          0.00          1.18
      7        1         -0.02          0.00         -1.51
      6        1         -0.08          0.01         -3.79
      5        1         -0.13          0.00         -5.00
      4        1         -0.15          0.01         -5.01
      3        1         -0.14          0.00         -4.12
      2        1         -0.08          0.00         -2.08
      1        1          0.05          0.00         -2.74

   振型  12 的地震力
   -------------------------------------------------------
   Floor     Tower       F-y-x         F-y-y         F-y-t
                         (kN)          (kN)         (kN-m)
     21        1         -0.14        -45.05         -1.11
     20        1          0.04        -38.90         -5.05
     19        1          0.16          3.67         -2.49
     18        1          0.19         34.16          0.43
     17        1          0.11         52.03          3.50
     16        1         -0.02         53.98          5.23
     15        1         -0.16         39.65          5.50
     14        1         -0.24         13.87          3.84
     13        1         -0.22        -16.23          0.81
     12        1         -0.12        -42.21         -2.46
     11        1          0.05        -56.46         -5.28
     10        1          0.19        -55.46         -6.22
      9        1          0.27        -39.19         -5.38
      8        1          0.24        -12.66         -2.74
      7        1          0.12         17.37          0.83
      6        1         -0.03         43.04          4.09
      5        1         -0.19         57.75          6.36
      4        1         -0.25         58.77          6.59
      3        1         -0.25         51.45          5.46
      2        1         -0.07         25.62          2.41
      1        1         -0.09         20.61          2.47

   振型  13 的地震力
   -------------------------------------------------------
   Floor     Tower       F-y-x         F-y-y         F-y-t
                         (kN)          (kN)         (kN-m)
     21        1          0.33          0.00         -1.09
     20        1          0.20          0.00         -0.67
     19        1         -0.16          0.00          0.54
     18        1         -0.38          0.00          1.28
     17        1         -0.40          0.00          1.35
     16        1         -0.24          0.00          0.79
     15        1          0.04          0.00         -0.17
     14        1          0.30          0.00         -1.06
     13        1          0.43          0.00         -1.46
     12        1          0.38          0.00         -1.21
     11        1          0.16          0.00         -0.37
     10        1         -0.13          0.00          0.63
      9        1         -0.36          0.00          1.33
      8        1         -0.43          0.00          1.46
      7        1         -0.32          0.00          0.92
      6        1         -0.07          0.00         -0.03
      5        1          0.21          0.00         -0.99
      4        1          0.40          0.00         -1.56
      3        1          0.48          0.00         -1.60
      2        1          0.28          0.00         -0.88
      1        1          0.30          0.00         -1.14

   振型  14 的地震力
   -------------------------------------------------------
   Floor     Tower       F-y-x         F-y-y         F-y-t
                         (kN)          (kN)         (kN-m)
     21        1         -0.14          0.01         -3.86
     20        1         -0.08          0.00         -1.91
     19        1          0.07          0.00          1.96
     18        1          0.16         -0.01          4.25
     17        1          0.17          0.00          4.31
     16        1          0.10          0.00          2.35
     15        1         -0.02          0.00         -0.78
     14        1         -0.13          0.01         -3.61
     13        1         -0.19          0.00         -4.75
     12        1         -0.17          0.01         -3.82
     11        1         -0.07          0.00         -1.10
     10        1          0.05         -0.01          2.06
      9        1          0.16          0.00          4.21
      8        1          0.20         -0.01          4.54
      7        1          0.15          0.00          2.78
      6        1          0.04          0.00         -0.14
      5        1         -0.10          0.00         -2.99
      4        1         -0.19          0.01         -4.63
      3        1         -0.22          0.01         -4.68
      2        1         -0.15          0.00         -2.65
      1        1          0.06          0.00         -4.01

   振型  15 的地震力
   -------------------------------------------------------
   Floor     Tower       F-y-x         F-y-y         F-y-t
                         (kN)          (kN)         (kN-m)
     21        1         14.56         13.64        -81.73
     20        1          2.88          5.76          1.95
     19        1        -12.89         -7.75         72.22
     18        1        -17.90        -15.27         87.60
     17        1        -10.37        -14.84         40.31
     16        1          4.21         -7.45        -35.12
     15        1         16.30          3.50        -89.08
     14        1         18.15         13.25        -87.20
     13        1          8.50         16.99        -26.90
     12        1         -6.45         13.41         51.49
     11        1        -17.19          4.00         97.10
     10        1        -16.97         -7.24         81.65
      9        1         -6.16        -14.96         12.77
      8        1          8.29        -16.27        -64.84
      7        1         17.45        -10.57       -102.11
      6        1         15.81         -0.23        -77.74
      5        1          4.52         10.13         -3.91
      4        1         -9.52         16.45         73.38
      3        1        -19.71         17.96        113.87
      2        1        -14.22         10.00         78.63
      1        1        -22.70          8.97        143.22

   振型  16 的地震力
   -------------------------------------------------------
   Floor     Tower       F-y-x         F-y-y         F-y-t
                         (kN)          (kN)         (kN-m)
     21        1        -14.66         22.97         83.49
     20        1         -3.00         10.07          3.08
     19        1         12.95        -12.96        -71.87
     18        1         18.06        -25.60        -91.29
     17        1         10.54        -25.37        -46.35
     16        1         -4.16        -13.06         30.38
     15        1        -16.40          5.68         88.13
     14        1        -18.33         22.08         90.46
     13        1         -8.66         28.95         33.07
     12        1          6.45         23.20        -45.99
     11        1         17.34          7.07        -94.78
     10        1         17.17        -11.84        -83.63
      9        1          6.30        -25.42        -18.12
      8        1         -8.33        -28.04         59.19
      7        1        -17.62        -18.23         98.54
      6        1        -16.01         -0.87         78.04
      5        1         -4.62         17.15          7.84
      4        1          9.60         28.30        -67.96
      3        1         19.92         30.86       -108.56
      2        1         14.45         17.33        -75.99
      1        1         22.87         15.40       -139.80

   振型  17 的地震力
   -------------------------------------------------------
   Floor     Tower       F-y-x         F-y-y         F-y-t
                         (kN)          (kN)         (kN-m)
     21        1          0.16          0.00          3.44
     20        1          0.04          0.00         -0.56
     19        1         -0.15          0.00         -2.97
     18        1         -0.21          0.00         -3.19
     17        1         -0.12          0.00         -1.18
     16        1          0.05         -0.01          1.62
     15        1          0.20          0.00          3.37
     14        1          0.22          0.00          3.00
     13        1          0.10          0.00          0.68
     12        1         -0.08          0.01         -2.04
     11        1         -0.22          0.00         -3.39
     10        1         -0.21          0.00         -2.60
      9        1         -0.07          0.00         -0.17
      8        1          0.12         -0.01          2.33
      7        1          0.23          0.00          3.32
      6        1          0.20          0.00          2.30
      5        1          0.05          0.00         -0.14
      4        1         -0.15          0.01         -2.47
      3        1         -0.27          0.01         -3.50
      2        1         -0.20          0.00         -2.30
      1        1          0.01          0.00         -4.10

   振型  18 的地震力
   -------------------------------------------------------
   Floor     Tower       F-y-x         F-y-y         F-y-t
                         (kN)          (kN)         (kN-m)
     21        1         -0.14          0.00          1.14
     20        1          0.03          0.00         -0.71
     19        1          0.15          0.00         -1.15
     18        1          0.13          0.00         -0.62
     17        1         -0.01          0.00          0.50
     16        1         -0.14          0.00          1.24
     15        1         -0.16          0.00          0.94
     14        1         -0.04          0.00         -0.16
     13        1          0.11          0.00         -1.15
     12        1          0.17          0.00         -1.21
     11        1          0.08          0.00         -0.23
     10        1         -0.07          0.00          0.95
      9        1         -0.16          0.00          1.35
      8        1         -0.12          0.00          0.67
      7        1          0.02          0.00         -0.57
      6        1          0.14          0.00         -1.38
      5        1          0.14          0.00         -1.08
      4        1          0.03          0.00          0.05
      3        1         -0.11          0.00          1.16
      2        1         -0.14          0.00          1.20
      1        1         -0.37          0.00          3.17

   各振型作用下 Y 方向的基底剪力
   -------------------------------------------------------
            振型号       剪力(kN)
               1          0.29
               2        706.40
               3          1.02
               4          0.03
               5        481.69
               6         10.52
               7          0.01
               8          0.00
               9        282.09
              10          0.01
              11          0.02
              12        165.82
              13          0.01
              14          0.01
              15         39.49
              16         67.69
              17          0.01
              18          0.00

   Y向地震作用参与振型的有效质量系数
   -------------------------------------------------------
            振型号       有效质量系数(%)
               1          0.03
               2         71.25
               3          0.10
               4          0.00
               5         15.20
               6          0.33
               7          0.00
               8          0.00
               9          5.94
              10          0.00
              11          0.00
              12          2.99
              13          0.00
              14          0.00
              15          0.57
              16          0.98
              17          0.00
              18          0.00

   各层 Y 方向的作用力(CQC)
   Floor    : 层号
   Tower    : 塔号
   Fy       : Y 向地震作用下结构的地震反应力
   Vy       : Y 向地震作用下结构的楼层剪力
   My       : Y 向地震作用下结构的弯矩
   Static Fy: 底部剪力法 Y 向的地震力
   ------------------------------------------------------------------------------------------
   Floor     Tower        Fy           Vy (分塔剪重比) (整层剪重比)      My        Static Fy
                         (kN)         (kN)                             (kN-m)         (kN)

                     (注意:下面分塔输出的剪重比不适合于上连多塔结构)

     21        1        110.74        110.74(  3.62%)    (  3.62%)        365.46        178.70
     20        1        156.78        264.10(  2.81%)    (  2.81%)       1126.86         67.72
     19        1        100.14        351.08(  2.38%)    (  2.38%)       2131.50         54.56
     18        1         92.71        409.06(  2.03%)    (  2.03%)       3281.61         51.86
     17        1         95.70        451.46(  1.77%)    (  1.77%)       4518.10         48.86
     16        1         97.11        485.64(  1.57%)    (  1.57%)       5809.77         46.14
     15        1         97.75        513.74(  1.41%)    (  1.41%)       7138.79         43.16
     14        1        102.50        538.63(  1.29%)    (  1.29%)       8494.10         40.42
     13        1        106.44        563.68(  1.20%)    (  1.20%)       9872.65         37.46
     12        1        107.04        590.26(  1.13%)    (  1.13%)      11277.91         34.70
     11        1        106.05        617.23(  1.07%)    (  1.07%)      12716.67         31.75
     10        1        109.22        645.02(  1.02%)    (  1.02%)      14195.83         28.98
      9        1        113.18        675.57(  0.98%)    (  0.98%)      15724.28         26.05
      8        1        114.37        710.08(  0.96%)    (  0.96%)      17313.61         23.27
      7        1        112.03        746.96(  0.94%)    (  0.94%)      18977.18         20.35
      6        1        112.17        785.03(  0.93%)    (  0.93%)      20726.91         17.55
      5        1        112.34        824.09(  0.91%)    (  0.91%)      22573.02         14.65
      4        1        105.00        862.92(  0.90%)    (  0.90%)      24523.29         11.84
      3        1         91.02        899.76(  0.89%)    (  0.89%)      26655.49          9.86
      2        1         45.69        919.36(  0.86%)    (  0.86%)      28896.20          5.43
      1        1         37.42        935.45(  0.80%)    (  0.80%)      31311.33          6.28


       抗震规范(5.2.5)条要求的Y向楼层最小剪重比 =   0.80%

       Y 向地震作用下结构主振型的周期 = 2.0826

       Y 方向的有效质量系数:    97.38%
 
 **以上结果是在地震外力CQC下的统计结果

 ==========各楼层地震剪力系数调整情况 [抗震规范(5.2.5)验算]==========

   层号     塔号     X向调整系数      Y向调整系数
    1        1          1.000             1.000
    2        1          1.000             1.000
    3        1          1.000             1.000
    4        1          1.000             1.000
    5        1          1.000             1.000
    6        1          1.000             1.000
    7        1          1.000             1.000
    8        1          1.000             1.000
    9        1          1.000             1.000
   10        1          1.000             1.000
   11        1          1.000             1.000
   12        1          1.000             1.000
   13        1          1.000             1.000
   14        1          1.000             1.000
   15        1          1.000             1.000
   16        1          1.000             1.000
   17        1          1.000             1.000
   18        1          1.000             1.000
   19        1          1.000             1.000
   20        1          1.000             1.000
   21        1          1.000             1.000
