
     **********************************************************
                                 各层各塔的规定水平力
     **********************************************************

  层号   塔号        X向(KN)         Y向(KN)
   46     1          1243.2          1233.8
   45     1           505.4           606.3
   44     1          1015.9          1200.4
   43     1           640.6           748.8
   42     1           541.1           613.4
   41     1           489.5           505.0
   40     1           475.4           430.9
   39     1           474.0           390.3
   38     1           465.9           376.1
   37     1           470.9           396.3
   36     1           454.4           403.2
   35     1           436.2           402.2
   34     1           513.3           479.9
   33     1           626.7           580.7
   32     1           581.6           524.3
   31     1           394.1           352.4
   30     1           361.3           323.8
   29     1           346.9           314.4
   28     1           329.9           303.7
   27     1           313.3           291.7
   26     1           300.1           279.7
   25     1           291.8           269.5
   24     1           287.0           262.1
   23     1           347.8           317.5
   22     1           417.1           387.9
   21     1           379.2           358.7
   20     1           262.3           245.7
   19     1           245.8           226.8
   18     1           237.4           218.8
   17     1           224.2           212.3
   16     1           208.5           207.9
   15     1           194.3           205.0
   14     1           184.8           201.8
   13     1           179.8           196.0
   12     1           217.5           230.6
   11     1           168.0           177.0
   10     1           147.5           162.3
    9     1           132.9           163.0
    8     1           125.8           175.9
    7     1           217.7           322.0
    6     1           242.5           346.0
    5     1           188.2           235.8
    4     1           587.9           587.9
    3     1             0.0             0.0
    2     1             0.0             0.0
    1     1             0.0             0.0

     **********************************************************
              规定水平力下框架柱、短肢墙地震倾覆力矩
     **********************************************************

  层号   塔号         框架柱     短肢墙       普通墙       斜撑       合计
   46     1    X      5293.3        0.0       -645.1        0.0     4648.2
   45     1    X     12428.4        0.0        289.5        0.0    12717.9
   44     1    X     21082.2        0.0       3484.4        0.0    24566.6
   43     1    X     28893.4        0.0      10313.1        0.0    39206.5
   42     1    X     37317.0        0.0      18909.0        0.0    56226.0
   41     1    X     46092.9        0.0      29321.1        0.0    75414.0
   40     1    X     55261.0        0.0      41455.4        0.0    96716.4
   39     1    X     64786.9        0.0      55344.0        0.0   120131.0
   38     1    X     74745.7        0.0      70876.6        0.0   145622.4
   37     1    X     84511.6        0.0      88703.0        0.0   173214.6
   36     1    X     94091.0        0.0     108757.5        0.0   202848.5
   35     1    X    108142.5        0.0     126316.7        0.0   234459.2
   34     1    X    119836.8        0.0     161895.0        0.0   281731.8
   33     1    X    135230.3        0.0     220053.5        0.0   355283.8
   32     1    X    153028.9        0.0     241651.4        0.0   394680.3
   31     1    X    164147.4        0.0     271712.0        0.0   435859.4
   30     1    X    176436.8        0.0     302244.8        0.0   478681.6
   29     1    X    188657.5        0.0     334431.1        0.0   523088.6
   28     1    X    201004.4        0.0     368004.1        0.0   569008.6
   27     1    X    213387.7        0.0     402982.4        0.0   616370.1
   26     1    X    226051.0        0.0     439064.8        0.0   665115.8
   25     1    X    237734.4        0.0     477469.3        0.0   715203.8
   24     1    X    255255.2        0.0     511367.8        0.0   766623.0
   23     1    X    269760.9        0.0     570865.8        0.0   840626.8
   22     1    X    286643.7        0.0     663747.2        0.0   950390.9
   21     1    X    305038.3        0.0     701882.2        0.0  1006920.5
   20     1    X    316290.0        0.0     748372.6        0.0  1064662.5
   19     1    X    328626.5        0.0     794877.8        0.0  1123504.3
   18     1    X    340640.1        0.0     842764.1        0.0  1183404.3
   17     1    X    352577.3        0.0     891722.3        0.0  1244299.5
   16     1    X    364355.0        0.0     941758.5        0.0  1306113.5
   15     1    X    376073.7        0.0     992698.1        0.0  1368771.8
   14     1    X    387048.2        0.0    1045165.3        0.0  1432213.5
   13     1    X    401858.6        0.0    1094529.6        0.0  1496388.3
   12     1    X    417069.3        0.0    1171316.6        0.0  1588386.0
   11     1    X    425072.1        0.0    1233603.8        0.0  1658675.9
   10     1    X    434559.2        0.0    1295036.8        0.0  1729595.9
    9     1    X    443563.6        0.0    1357471.8        0.0  1801035.4
    8     1    X    451948.3        0.0    1421000.3        0.0  1872948.5
    7     1    X    463600.0        0.0    1554559.8        0.0  2018159.8
    6     1    X    473764.6        0.0    1617791.6        0.0  2091556.3
    5     1    X    484309.8        0.0    1681131.9        0.0  2165441.8
    4     1    X    518796.7        0.0    1856702.0        0.0  2375498.8
    3     1    X    493331.1        0.0    1650167.5        0.0  2143498.5
    2     1    X    499601.8        0.0    1629203.8        0.0  2128805.5
    1     1    X    499223.0        0.0    1619581.5        0.0  2118804.5

   46     1    Y      7218.2        0.0      -2589.5        0.0     4628.6
   45     1    Y     16848.1        0.0      -3700.1        0.0    13148.1
   44     1    Y     26923.9        0.0       -712.0        0.0    26211.9
   43     1    Y     36309.7        0.0       6223.0        0.0    42532.7
   42     1    Y     45899.5        0.0      15643.1        0.0    61542.6
   41     1    Y     55549.8        0.0      27237.4        0.0    82787.2
   40     1    Y     65276.4        0.0      40678.8        0.0   105955.2
   39     1    Y     75043.3        0.0      55832.5        0.0   130875.7
   38     1    Y     84898.4        0.0      72588.4        0.0   157486.8
   37     1    Y     94742.5        0.0      91138.9        0.0   185881.5
   36     1    Y    104045.1        0.0     112041.5        0.0   216086.7
   35     1    Y    117548.7        0.0     130552.6        0.0   248101.3
   34     1    Y    127856.7        0.0     169081.9        0.0   296938.5
   33     1    Y    140594.9        0.0     229891.2        0.0   370486.1
   32     1    Y    157242.4        0.0     252397.8        0.0   409640.2
   31     1    Y    166998.5        0.0     283386.7        0.0   450385.2
   30     1    Y    177956.6        0.0     314639.3        0.0   492595.9
   29     1    Y    188596.9        0.0     347631.5        0.0   536228.4
   28     1    Y    199251.7        0.0     381983.7        0.0   581235.4
   27     1    Y    209811.6        0.0     417752.0        0.0   627563.6
   26     1    Y    220504.4        0.0     454655.2        0.0   675159.6
   25     1    Y    230241.5        0.0     493733.3        0.0   723974.8
   24     1    Y    244824.0        0.0     529162.4        0.0   773986.4
   23     1    Y    256782.5        0.0     590753.4        0.0   847535.9
   22     1    Y    269630.9        0.0     684270.6        0.0   953901.5
   21     1    Y    286214.9        0.0     722438.5        0.0  1008653.4
   20     1    Y    295121.5        0.0     769391.9        0.0  1064513.4
   19     1    Y    305233.9        0.0     816127.3        0.0  1121361.3
   18     1    Y    314853.9        0.0     864301.7        0.0  1179155.6
   17     1    Y    324335.8        0.0     913525.8        0.0  1237861.5
   16     1    Y    333589.7        0.0     963859.9        0.0  1297449.6
   15     1    Y    342634.1        0.0    1015261.6        0.0  1357895.6
   14     1    Y    350838.6        0.0    1068336.8        0.0  1419175.4
   13     1    Y    362522.0        0.0    1118731.5        0.0  1481253.5
   12     1    Y    373473.3        0.0    1197807.0        0.0  1571280.3
   11     1    Y    380518.7        0.0    1259017.9        0.0  1639536.5
   10     1    Y    388193.4        0.0    1320306.8        0.0  1708500.1
    9     1    Y    395555.6        0.0    1382549.9        0.0  1778105.5
    8     1    Y    401951.6        0.0    1446425.0        0.0  1848376.6
    7     1    Y    409969.2        0.0    1581284.8        0.0  1991253.9
    6     1    Y    418206.1        0.0    1645867.4        0.0  2064073.5
    5     1    Y    427750.0        0.0    1709964.4        0.0  2137714.5
    4     1    Y    458037.0        0.0    1889282.9        0.0  2347320.0
    3     1    Y    434729.8        0.0    1641419.5        0.0  2076149.3
    2     1    Y    440736.1        0.0    1603600.4        0.0  2044336.5
    1     1    Y    440358.9        0.0    1589787.4        0.0  2030146.3

     **********************************************************
          规定水平力下框架柱、短肢墙地震倾覆力矩百分比
     **********************************************************

  层号   塔号           框架柱     短肢墙
   46     1    X         113.9        0.0
   45     1    X          97.7        0.0
   44     1    X          85.8        0.0
   43     1    X          73.7        0.0
   42     1    X          66.4        0.0
   41     1    X          61.1        0.0
   40     1    X          57.1        0.0
   39     1    X          53.9        0.0
   38     1    X          51.3        0.0
   37     1    X          48.8        0.0
   36     1    X          46.4        0.0
   35     1    X          46.1        0.0
   34     1    X          42.5        0.0
   33     1    X          38.1        0.0
   32     1    X          38.8        0.0
   31     1    X          37.7        0.0
   30     1    X          36.9        0.0
   29     1    X          36.1        0.0
   28     1    X          35.3        0.0
   27     1    X          34.6        0.0
   26     1    X          34.0        0.0
   25     1    X          33.2        0.0
   24     1    X          33.3        0.0
   23     1    X          32.1        0.0
   22     1    X          30.2        0.0
   21     1    X          30.3        0.0
   20     1    X          29.7        0.0
   19     1    X          29.3        0.0
   18     1    X          28.8        0.0
   17     1    X          28.3        0.0
   16     1    X          27.9        0.0
   15     1    X          27.5        0.0
   14     1    X          27.0        0.0
   13     1    X          26.9        0.0
   12     1    X          26.3        0.0
   11     1    X          25.6        0.0
   10     1    X          25.1        0.0
    9     1    X          24.6        0.0
    8     1    X          24.1        0.0
    7     1    X          23.0        0.0
    6     1    X          22.7        0.0
    5     1    X          22.4        0.0
    4     1    X          21.8        0.0
    3     1    X          23.0        0.0
    2     1    X          23.5        0.0
    1     1    X          23.6        0.0

   46     1    Y         155.9        0.0
   45     1    Y         128.1        0.0
   44     1    Y         102.7        0.0
   43     1    Y          85.4        0.0
   42     1    Y          74.6        0.0
   41     1    Y          67.1        0.0
   40     1    Y          61.6        0.0
   39     1    Y          57.3        0.0
   38     1    Y          53.9        0.0
   37     1    Y          51.0        0.0
   36     1    Y          48.1        0.0
   35     1    Y          47.4        0.0
   34     1    Y          43.1        0.0
   33     1    Y          37.9        0.0
   32     1    Y          38.4        0.0
   31     1    Y          37.1        0.0
   30     1    Y          36.1        0.0
   29     1    Y          35.2        0.0
   28     1    Y          34.3        0.0
   27     1    Y          33.4        0.0
   26     1    Y          32.7        0.0
   25     1    Y          31.8        0.0
   24     1    Y          31.6        0.0
   23     1    Y          30.3        0.0
   22     1    Y          28.3        0.0
   21     1    Y          28.4        0.0
   20     1    Y          27.7        0.0
   19     1    Y          27.2        0.0
   18     1    Y          26.7        0.0
   17     1    Y          26.2        0.0
   16     1    Y          25.7        0.0
   15     1    Y          25.2        0.0
   14     1    Y          24.7        0.0
   13     1    Y          24.5        0.0
   12     1    Y          23.8        0.0
   11     1    Y          23.2        0.0
   10     1    Y          22.7        0.0
    9     1    Y          22.2        0.0
    8     1    Y          21.7        0.0
    7     1    Y          20.6        0.0
    6     1    Y          20.3        0.0
    5     1    Y          20.0        0.0
    4     1    Y          19.5        0.0
    3     1    Y          20.9        0.0
    2     1    Y          21.6        0.0
    1     1    Y          21.7        0.0

     **********************************************************
              规定水平力下框架柱、短肢墙地震倾覆力矩（轴力方式）
     **********************************************************

  层号   塔号         框架柱     短肢墙       普通墙       斜撑       合计
   46     1    X     11716.4        0.0      -7068.9        0.0     4647.5
   45     1    X     18843.9        0.0      -6128.5        0.0    12715.5
   44     1    X     29707.8        0.0      -5147.5        0.0    24560.3
   43     1    X     39250.0        0.0        -54.0        0.0    39196.0
   42     1    X     49448.9        0.0       6760.4        0.0    56209.3
   41     1    X     60040.8        0.0      15349.0        0.0    75389.9
   40     1    X     71066.3        0.0      25616.9        0.0    96683.2
   39     1    X     82488.5        0.0      37599.1        0.0   120087.6
   38     1    X     94379.6        0.0      51155.7        0.0   145535.3
   37     1    X    106135.9        0.0      66952.5        0.0   173088.4
   36     1    X    117727.7        0.0      84978.9        0.0   202706.6
   35     1    X    133830.0        0.0     100472.7        0.0   234302.7
   34     1    X    147614.4        0.0     132666.9        0.0   280281.3
   33     1    X    166015.6        0.0     190170.8        0.0   356186.4
   32     1    X    187315.3        0.0     208225.4        0.0   395540.8
   31     1    X    200652.3        0.0     236061.0        0.0   436713.3
   30     1    X    215147.7        0.0     264374.0        0.0   479521.8
   29     1    X    229576.3        0.0     294339.1        0.0   523915.4
   28     1    X    244130.8        0.0     325690.5        0.0   569821.4
   27     1    X    258719.8        0.0     358448.9        0.0   617168.8
   26     1    X    273585.3        0.0     392314.8        0.0   665900.1
   25     1    X    287461.7        0.0     428511.5        0.0   715973.1
   24     1    X    307173.9        0.0     460351.2        0.0   767525.1
   23     1    X    323846.9        0.0     515894.2        0.0   839741.1
   22     1    X    343488.0        0.0     609316.6        0.0   952804.6
   21     1    X    365014.5        0.0     644272.1        0.0  1009286.6
   20     1    X    378372.0        0.0     688657.0        0.0  1067029.0
   19     1    X    392771.3        0.0     733092.2        0.0  1125863.5
   18     1    X    406812.4        0.0     778945.2        0.0  1185757.5
   17     1    X    420738.0        0.0     825909.9        0.0  1246647.9
   16     1    X    434462.3        0.0     873995.6        0.0  1308457.9
   15     1    X    448081.2        0.0     923032.8        0.0  1371114.0
   14     1    X    460903.1        0.0     973654.1        0.0  1434557.1
   13     1    X    477503.2        0.0    1021557.4        0.0  1499060.6
   12     1    X    494430.6        0.0    1099427.1        0.0  1593857.8
   11     1    X    504533.7        0.0    1157458.1        0.0  1661991.8
   10     1    X    515547.3        0.0    1217377.4        0.0  1732924.8
    9     1    X    526006.0        0.0    1278371.0        0.0  1804377.0
    8     1    X    535763.6        0.0    1340548.6        0.0  1876312.3
    7     1    X    548709.3        0.0    1471001.9        0.0  2019711.3
    6     1    X    560386.5        0.0    1532716.1        0.0  2093102.6
    5     1    X    572181.8        0.0    1594886.1        0.0  2167068.0
    4     1    X    607905.9        0.0    1770554.5        0.0  2378460.5
    3     1    X    567772.7        0.0    1578312.4        0.0  2146085.0
    2     1    X    564839.5        0.0    1566307.4        0.0  2131147.0
    1     1    X    561045.9        0.0    1560090.1        0.0  2121136.0

   46     1    Y     13208.6        0.0      -8582.3        0.0     4626.3
   45     1    Y     22796.3        0.0      -9650.6        0.0    13145.7
   44     1    Y     34720.9        0.0      -8513.7        0.0    26207.2
   43     1    Y     45469.4        0.0      -2944.8        0.0    42524.6
   42     1    Y     56414.8        0.0       5115.1        0.0    61529.9
   41     1    Y     67396.3        0.0      15372.9        0.0    82769.2
   40     1    Y     78488.8        0.0      27442.0        0.0   105930.8
   39     1    Y     89629.7        0.0      41214.4        0.0   130844.1
   38     1    Y    100852.2        0.0      56595.5        0.0   157447.6
   37     1    Y    112107.6        0.0      73695.7        0.0   185803.3
   36     1    Y    122817.4        0.0      93180.5        0.0   215997.9
   35     1    Y    137734.7        0.0     110244.8        0.0   247979.5
   34     1    Y    149436.1        0.0     144311.8        0.0   293747.8
   33     1    Y    164254.8        0.0     205910.3        0.0   370165.0
   32     1    Y    183096.7        0.0     226188.6        0.0   409285.3
   31     1    Y    194310.3        0.0     255718.2        0.0   450028.5
   30     1    Y    206707.1        0.0     285524.8        0.0   492232.0
   29     1    Y    218778.0        0.0     317080.2        0.0   535858.1
   28     1    Y    230851.8        0.0     350006.5        0.0   580858.3
   27     1    Y    242818.9        0.0     384360.8        0.0   627179.8
   26     1    Y    254906.4        0.0     419862.9        0.0   674769.3
   25     1    Y    266022.3        0.0     457555.3        0.0   723577.6
   24     1    Y    281975.0        0.0     491966.7        0.0   773941.7
   23     1    Y    295258.7        0.0     541401.1        0.0   836659.8
   22     1    Y    309903.0        0.0     643498.3        0.0   953401.3
   21     1    Y    328419.9        0.0     679681.1        0.0  1008101.0
   20     1    Y    338627.4        0.0     725364.1        0.0  1063991.5
   19     1    Y    350000.6        0.0     770840.8        0.0  1120841.4
   18     1    Y    360851.9        0.0     817788.1        0.0  1178640.0
   17     1    Y    371531.8        0.0     865818.9        0.0  1237350.8
   16     1    Y    381949.6        0.0     914995.0        0.0  1296944.5
   15     1    Y    392120.8        0.0     965276.9        0.0  1357397.8
   14     1    Y    401412.3        0.0    1017272.8        0.0  1418685.0
   13     1    Y    414146.2        0.0    1066628.3        0.0  1480774.5
   12     1    Y    426073.4        0.0    1128320.8        0.0  1554394.3
   11     1    Y    434297.3        0.0    1204786.5        0.0  1639083.8
   10     1    Y    442874.5        0.0    1265190.6        0.0  1708065.1
    9     1    Y    451092.6        0.0    1326600.4        0.0  1777693.0
    8     1    Y    458288.2        0.0    1390527.3        0.0  1848815.4
    7     1    Y    467082.0        0.0    1521106.3        0.0  1988188.3
    6     1    Y    476211.4        0.0    1584805.0        0.0  2061016.4
    5     1    Y    486521.0        0.0    1648200.5        0.0  2134721.5
    4     1    Y    517600.0        0.0    1828115.5        0.0  2345715.5
    3     1    Y    414679.2        0.0    1659392.5        0.0  2074071.6
    2     1    Y    394256.3        0.0    1647511.6        0.0  2041767.9
    1     1    Y    381683.7        0.0    1645880.5        0.0  2027564.3

     **********************************************************
          规定水平力下框架柱、短肢墙地震倾覆力矩百分比（轴力方式）
     **********************************************************

  层号   塔号           框架柱     短肢墙
   46     1    X         252.1        0.0
   45     1    X         148.2        0.0
   44     1    X         121.0        0.0
   43     1    X         100.1        0.0
   42     1    X          88.0        0.0
   41     1    X          79.6        0.0
   40     1    X          73.5        0.0
   39     1    X          68.7        0.0
   38     1    X          64.8        0.0
   37     1    X          61.3        0.0
   36     1    X          58.1        0.0
   35     1    X          57.1        0.0
   34     1    X          52.7        0.0
   33     1    X          46.6        0.0
   32     1    X          47.4        0.0
   31     1    X          45.9        0.0
   30     1    X          44.9        0.0
   29     1    X          43.8        0.0
   28     1    X          42.8        0.0
   27     1    X          41.9        0.0
   26     1    X          41.1        0.0
   25     1    X          40.1        0.0
   24     1    X          40.0        0.0
   23     1    X          38.6        0.0
   22     1    X          36.1        0.0
   21     1    X          36.2        0.0
   20     1    X          35.5        0.0
   19     1    X          34.9        0.0
   18     1    X          34.3        0.0
   17     1    X          33.7        0.0
   16     1    X          33.2        0.0
   15     1    X          32.7        0.0
   14     1    X          32.1        0.0
   13     1    X          31.9        0.0
   12     1    X          31.0        0.0
   11     1    X          30.4        0.0
   10     1    X          29.8        0.0
    9     1    X          29.2        0.0
    8     1    X          28.6        0.0
    7     1    X          27.2        0.0
    6     1    X          26.8        0.0
    5     1    X          26.4        0.0
    4     1    X          25.6        0.0
    3     1    X          26.5        0.0
    2     1    X          26.5        0.0
    1     1    X          26.5        0.0

   46     1    Y         285.5        0.0
   45     1    Y         173.4        0.0
   44     1    Y         132.5        0.0
   43     1    Y         106.9        0.0
   42     1    Y          91.7        0.0
   41     1    Y          81.4        0.0
   40     1    Y          74.1        0.0
   39     1    Y          68.5        0.0
   38     1    Y          64.1        0.0
   37     1    Y          60.3        0.0
   36     1    Y          56.9        0.0
   35     1    Y          55.5        0.0
   34     1    Y          50.9        0.0
   33     1    Y          44.4        0.0
   32     1    Y          44.7        0.0
   31     1    Y          43.2        0.0
   30     1    Y          42.0        0.0
   29     1    Y          40.8        0.0
   28     1    Y          39.7        0.0
   27     1    Y          38.7        0.0
   26     1    Y          37.8        0.0
   25     1    Y          36.8        0.0
   24     1    Y          36.4        0.0
   23     1    Y          35.3        0.0
   22     1    Y          32.5        0.0
   21     1    Y          32.6        0.0
   20     1    Y          31.8        0.0
   19     1    Y          31.2        0.0
   18     1    Y          30.6        0.0
   17     1    Y          30.0        0.0
   16     1    Y          29.4        0.0
   15     1    Y          28.9        0.0
   14     1    Y          28.3        0.0
   13     1    Y          28.0        0.0
   12     1    Y          27.4        0.0
   11     1    Y          26.5        0.0
   10     1    Y          25.9        0.0
    9     1    Y          25.4        0.0
    8     1    Y          24.8        0.0
    7     1    Y          23.5        0.0
    6     1    Y          23.1        0.0
    5     1    Y          22.8        0.0
    4     1    Y          22.1        0.0
    3     1    Y          20.0        0.0
    2     1    Y          19.3        0.0
    1     1    Y          18.8        0.0

     **********************************************************
              规定水平力下框架柱、短肢墙地震倾覆力矩（改进轴力方式）
     **********************************************************

  层号   塔号         框架柱     短肢墙       普通墙       斜撑       合计
   46     1    X     11687.9        0.0      -7040.4        0.0     4647.5
   45     1    X     18832.9        0.0      -6117.4        0.0    12715.5
   44     1    X     29702.9        0.0      -5142.7        0.0    24560.3
   43     1    X     39256.8        0.0        -60.8        0.0    39196.0
   42     1    X     49468.8        0.0       6740.5        0.0    56209.3
   41     1    X     60074.1        0.0      15315.8        0.0    75389.9
   40     1    X     71112.3        0.0      25570.9        0.0    96683.2
   39     1    X     82545.0        0.0      37542.7        0.0   120087.6
   38     1    X     94446.6        0.0      51088.9        0.0   145535.4
   37     1    X    106205.9        0.0      66882.5        0.0   173088.4
   36     1    X    117796.4        0.0      84910.3        0.0   202706.7
   35     1    X    133892.6        0.0     100410.1        0.0   234302.7
   34     1    X    147678.1        0.0     129781.9        0.0   277459.9
   33     1    X    166031.9        0.0     190154.2        0.0   356186.1
   32     1    X    187368.4        0.0     208172.6        0.0   395540.9
   31     1    X    200727.5        0.0     235986.2        0.0   436713.8
   30     1    X    215245.1        0.0     264277.3        0.0   479522.4
   29     1    X    229695.5        0.0     294220.8        0.0   523916.3
   28     1    X    244271.7        0.0     325550.8        0.0   569822.4
   27     1    X    258882.3        0.0     358287.7        0.0   617170.1
   26     1    X    273769.3        0.0     392132.2        0.0   665901.5
   25     1    X    287667.8        0.0     428307.3        0.0   715975.1
   24     1    X    307397.7        0.0     460128.8        0.0   767526.4
   23     1    X    324099.0        0.0     510008.5        0.0   834107.6
   22     1    X    343701.7        0.0     609102.1        0.0   952803.8
   21     1    X    365257.8        0.0     644032.4        0.0  1009290.3
   20     1    X    378636.8        0.0     688396.4        0.0  1067033.3
   19     1    X    393055.0        0.0     732812.8        0.0  1125867.8
   18     1    X    407114.3        0.0     778648.0        0.0  1185762.3
   17     1    X    421058.2        0.0     825594.7        0.0  1246652.9
   16     1    X    434801.2        0.0     873662.1        0.0  1308463.3
   15     1    X    448438.3        0.0     922681.6        0.0  1371119.8
   14     1    X    461276.5        0.0     973286.8        0.0  1434563.3
   13     1    X    477890.9        0.0    1021175.5        0.0  1499066.4
   12     1    X    494840.0        0.0    1095552.8        0.0  1590392.8
   11     1    X    504993.1        0.0    1157012.4        0.0  1662005.5
   10     1    X    516028.6        0.0    1216907.1        0.0  1732935.8
    9     1    X    526507.0        0.0    1277882.0        0.0  1804389.0
    8     1    X    536282.9        0.0    1340042.6        0.0  1876325.5
    7     1    X    549272.6        0.0    1470443.8        0.0  2019716.3
    6     1    X    561007.9        0.0    1532111.6        0.0  2093119.5
    5     1    X    572809.5        0.0    1594279.0        0.0  2167088.5
    4     1    X    608558.2        0.0    1769910.6        0.0  2378468.8
    3     1    X    572312.3        0.0    1573757.9        0.0  2146070.3
    2     1    X    571776.3        0.0    1559368.1        0.0  2131144.5
    1     1    X    570078.3        0.0    1551069.0        0.0  2121147.3

   46     1    Y     13053.5        0.0      -8427.2        0.0     4626.3
   45     1    Y     22631.5        0.0      -9485.8        0.0    13145.7
   44     1    Y     34576.5        0.0      -8369.3        0.0    26207.2
   43     1    Y     45481.0        0.0      -2956.4        0.0    42524.6
   42     1    Y     56650.2        0.0       4879.7        0.0    61529.9
   41     1    Y     67822.6        0.0      14946.5        0.0    82769.1
   40     1    Y     79004.0        0.0      26926.7        0.0   105930.7
   39     1    Y     90194.6        0.0      40649.5        0.0   130844.1
   38     1    Y    101454.9        0.0      55992.8        0.0   157447.7
   37     1    Y    112730.1        0.0      73073.0        0.0   185803.1
   36     1    Y    123451.0        0.0      92546.7        0.0   215997.6
   35     1    Y    138382.2        0.0     109597.1        0.0   247979.3
   34     1    Y    150136.6        0.0     143025.7        0.0   293162.4
   33     1    Y    164991.9        0.0     205172.9        0.0   370164.8
   32     1    Y    183745.7        0.0     225538.8        0.0   409284.5
   31     1    Y    194967.8        0.0     255059.7        0.0   450027.5
   30     1    Y    207376.3        0.0     284854.4        0.0   492230.7
   29     1    Y    219456.5        0.0     316400.1        0.0   535856.6
   28     1    Y    231540.2        0.0     349316.3        0.0   580856.4
   27     1    Y    243517.3        0.0     383660.2        0.0   627177.5
   26     1    Y    255616.8        0.0     419150.1        0.0   674766.9
   25     1    Y    266742.3        0.0     456832.3        0.0   723574.6
   24     1    Y    282708.1        0.0     491231.0        0.0   773939.1
   23     1    Y    296031.5        0.0     534592.3        0.0   830623.9
   22     1    Y    310698.0        0.0     642703.0        0.0   953401.0
   21     1    Y    329234.3        0.0     678861.9        0.0  1008096.3
   20     1    Y    339452.9        0.0     724536.0        0.0  1063988.9
   19     1    Y    350838.3        0.0     770000.2        0.0  1120838.5
   18     1    Y    361700.5        0.0     816936.1        0.0  1178636.5
   17     1    Y    372391.3        0.0     864955.5        0.0  1237346.8
   16     1    Y    382820.7        0.0     914119.7        0.0  1296940.4
   15     1    Y    393001.8        0.0     964391.4        0.0  1357393.3
   14     1    Y    402302.6        0.0    1016377.7        0.0  1418680.3
   13     1    Y    415044.0        0.0    1065725.5        0.0  1480769.5
   12     1    Y    427004.5        0.0    1116013.1        0.0  1543017.6
   11     1    Y    435154.2        0.0    1203923.8        0.0  1639078.0
   10     1    Y    443743.9        0.0    1264318.0        0.0  1708061.9
    9     1    Y    451972.4        0.0    1325717.1        0.0  1777689.5
    8     1    Y    459180.5        0.0    1389631.5        0.0  1848812.0
    7     1    Y    467982.7        0.0    1520213.4        0.0  1988196.1
    6     1    Y    477113.8        0.0    1583898.5        0.0  2061012.3
    5     1    Y    487429.7        0.0    1647284.8        0.0  2134714.5
    4     1    Y    518527.9        0.0    1827195.8        0.0  2345723.5
    3     1    Y    444221.6        0.0    1629872.0        0.0  2074093.6
    2     1    Y    433347.7        0.0    1608425.5        0.0  2041773.3
    1     1    Y    426092.8        0.0    1601462.0        0.0  2027554.8

     **********************************************************
          规定水平力下框架柱、短肢墙地震倾覆力矩百分比（改进轴力方式）
     **********************************************************

  层号   塔号           框架柱     短肢墙
   46     1    X         251.5        0.0
   45     1    X         148.1        0.0
   44     1    X         120.9        0.0
   43     1    X         100.2        0.0
   42     1    X          88.0        0.0
   41     1    X          79.7        0.0
   40     1    X          73.6        0.0
   39     1    X          68.7        0.0
   38     1    X          64.9        0.0
   37     1    X          61.4        0.0
   36     1    X          58.1        0.0
   35     1    X          57.1        0.0
   34     1    X          53.2        0.0
   33     1    X          46.6        0.0
   32     1    X          47.4        0.0
   31     1    X          46.0        0.0
   30     1    X          44.9        0.0
   29     1    X          43.8        0.0
   28     1    X          42.9        0.0
   27     1    X          41.9        0.0
   26     1    X          41.1        0.0
   25     1    X          40.2        0.0
   24     1    X          40.1        0.0
   23     1    X          38.9        0.0
   22     1    X          36.1        0.0
   21     1    X          36.2        0.0
   20     1    X          35.5        0.0
   19     1    X          34.9        0.0
   18     1    X          34.3        0.0
   17     1    X          33.8        0.0
   16     1    X          33.2        0.0
   15     1    X          32.7        0.0
   14     1    X          32.2        0.0
   13     1    X          31.9        0.0
   12     1    X          31.1        0.0
   11     1    X          30.4        0.0
   10     1    X          29.8        0.0
    9     1    X          29.2        0.0
    8     1    X          28.6        0.0
    7     1    X          27.2        0.0
    6     1    X          26.8        0.0
    5     1    X          26.4        0.0
    4     1    X          25.6        0.0
    3     1    X          26.7        0.0
    2     1    X          26.8        0.0
    1     1    X          26.9        0.0

   46     1    Y         282.2        0.0
   45     1    Y         172.2        0.0
   44     1    Y         131.9        0.0
   43     1    Y         107.0        0.0
   42     1    Y          92.1        0.0
   41     1    Y          81.9        0.0
   40     1    Y          74.6        0.0
   39     1    Y          68.9        0.0
   38     1    Y          64.4        0.0
   37     1    Y          60.7        0.0
   36     1    Y          57.2        0.0
   35     1    Y          55.8        0.0
   34     1    Y          51.2        0.0
   33     1    Y          44.6        0.0
   32     1    Y          44.9        0.0
   31     1    Y          43.3        0.0
   30     1    Y          42.1        0.0
   29     1    Y          41.0        0.0
   28     1    Y          39.9        0.0
   27     1    Y          38.8        0.0
   26     1    Y          37.9        0.0
   25     1    Y          36.9        0.0
   24     1    Y          36.5        0.0
   23     1    Y          35.6        0.0
   22     1    Y          32.6        0.0
   21     1    Y          32.7        0.0
   20     1    Y          31.9        0.0
   19     1    Y          31.3        0.0
   18     1    Y          30.7        0.0
   17     1    Y          30.1        0.0
   16     1    Y          29.5        0.0
   15     1    Y          29.0        0.0
   14     1    Y          28.4        0.0
   13     1    Y          28.0        0.0
   12     1    Y          27.7        0.0
   11     1    Y          26.5        0.0
   10     1    Y          26.0        0.0
    9     1    Y          25.4        0.0
    8     1    Y          24.8        0.0
    7     1    Y          23.5        0.0
    6     1    Y          23.1        0.0
    5     1    Y          22.8        0.0
    4     1    Y          22.1        0.0
    3     1    Y          21.4        0.0
    2     1    Y          21.2        0.0
    1     1    Y          21.0        0.0

     **********************************************************
                      框架柱地震剪力百分比
     **********************************************************

  层号   塔号           柱剪力       墙剪力       总剪力      柱剪力百分比      柱剪力与分段基底剪力百分比
   46     1    X        1189.8       1064.0       1243.2         95.71%             7.78%
   45     1    X        1321.4       1162.8       1748.6         75.57%             8.64%
   44     1    X        1846.2       1887.0       2764.4         66.78%            12.07%
   43     1    X        1621.8       2250.5       3405.1         47.63%            10.61%
   42     1    X        1776.1       2593.1       3946.2         45.01%            11.61%
   41     1    X        1865.7       2936.1       4435.7         42.06%            12.20%
   40     1    X        1966.1       3287.2       4911.1         40.03%            12.86%
   39     1    X        2057.0       3663.8       5385.1         38.20%            13.45%
   38     1    X        2170.5       4022.7       5851.1         37.10%            14.19%
   37     1    X        2135.1       4557.5       6322.0         33.77%            13.96%
   36     1    X        2102.0       5028.7       6776.4         31.02%            13.75%
   35     1    X        3100.2       4576.4       7212.6         42.98%            20.27%
   34     1    X        1813.1       6097.9       7725.9         23.47%            11.86%
   33     1    X        1712.0       7050.2       8352.5         20.50%            11.20%
   32     1    X        3978.8       5487.2       8934.1         44.53%            26.02%
   31     1    X        2493.5       7322.9       9328.2         26.73%            16.31%
   30     1    X        2761.8       7447.7       9689.5         28.50%            18.06%
   29     1    X        2752.1       7828.9      10036.4         27.42%            18.00%
   28     1    X        2786.2       8150.5      10366.3         26.88%            18.22%
   27     1    X        2800.2       8474.5      10679.6         26.22%            18.31%
   26     1    X        2868.3       8732.7      10979.8         26.12%            18.76%
   25     1    X        2653.6       9258.1      11271.6         23.54%            17.35%
   24     1    X        3979.8       8273.8      11558.6         34.43%            26.03%
   23     1    X        2313.2      10005.0      11906.4         19.43%            15.13%
   22     1    X        1921.9      11116.5      12323.5         15.60%            12.57%
   21     1    X        4196.7       9261.2      12702.8         33.04%            27.44%
   20     1    X        2571.5      11150.1      12965.0         19.83%            16.82%
   19     1    X        2821.3      11165.4      13210.8         21.36%            18.45%
   18     1    X        2749.6      11487.8      13448.1         20.45%            17.98%
   17     1    X        2734.4      11739.5      13672.4         20.00%            17.88%
   16     1    X        2700.6      11991.2      13880.9         19.46%            17.66%
   15     1    X        2690.4      12202.1      14075.2         19.11%            17.59%
   14     1    X        2522.6      12554.7      14260.0         17.69%            16.50%
   13     1    X        3409.3      11854.1      14439.8         23.61%            22.29%
   12     1    X        2451.0      12860.7      14657.3         16.72%            16.03%
   11     1    X        1724.2      13871.7      14825.3         11.63%            11.28%
   10     1    X        2047.1      13689.4      14972.8         13.67%            13.39%
    9     1    X        1944.6      13907.2      15105.7         12.87%            12.72%
    8     1    X        1810.3      14151.4      15231.5         11.89%            11.84%
    7     1    X        1265.3      14844.6      15449.2          8.19%             8.27%
    6     1    X        2197.0      14105.4      15691.7         14.00%            14.37%
    5     1    X        2283.7      14159.2      15879.9         14.38%            14.93%
    4     1    X        2502.0      13119.9      15292.0         16.36%            16.36%
    3     1    X        2748.8      22302.1      12312.7         22.32%             0.00%
    2     1    X        1148.9       3848.8      12312.7          9.33%             0.00%
    1     1    X          75.4       1767.9      12312.7          0.61%             0.00%

   46     1    Y        1635.1       1426.4       1233.8        132.52%            10.69%
   45     1    Y        1761.7       1498.1       1840.1         95.74%            11.52%
   44     1    Y        2134.0       2511.2       3040.5         70.19%            13.96%
   43     1    Y        1914.0       2839.5       3789.3         50.51%            12.52%
   42     1    Y        1973.2       3305.7       4402.7         44.82%            12.90%
   41     1    Y        1988.2       3671.9       4907.8         40.51%            13.00%
   40     1    Y        2011.1       3989.9       5338.6         37.67%            13.15%
   39     1    Y        2026.4       4295.1       5728.9         35.37%            13.25%
   38     1    Y        2053.3       4592.6       6105.1         33.63%            13.43%
   37     1    Y        2060.8       4971.7       6501.4         31.70%            13.48%
   36     1    Y        1946.3       5429.4       6904.6         28.19%            12.73%
   35     1    Y        2836.4       5099.5       7306.8         38.82%            18.55%
   34     1    Y        1516.3       6689.2       7786.7         19.47%             9.92%
   33     1    Y        1343.3       7440.4       8367.4         16.05%             8.78%
   32     1    Y        3526.2       6007.5       8891.7         39.66%            23.06%
   31     1    Y        2071.4       7681.1       9244.2         22.41%            13.55%
   30     1    Y        2330.1       7772.5       9568.0         24.35%            15.24%
   29     1    Y        2265.7       8161.7       9882.4         22.93%            14.82%
   28     1    Y        2272.4       8472.3      10186.1         22.31%            14.86%
   27     1    Y        2255.5       8794.3      10477.8         21.53%            14.75%
   26     1    Y        2288.1       9056.5      10757.5         21.27%            14.96%
   25     1    Y        2085.0       9534.6      11027.0         18.91%            13.63%
   24     1    Y        3130.7       8818.4      11289.1         27.73%            20.47%
   23     1    Y        1800.2      10430.8      11606.6         15.51%            11.77%
   22     1    Y        1385.2      11231.2      11994.4         11.55%             9.06%
   21     1    Y        3580.3       9491.8      12353.2         28.98%            23.41%
   20     1    Y        1921.3      11348.8      12598.9         15.25%            12.56%
   19     1    Y        2186.0      11326.0      12825.6         17.04%            14.30%
   18     1    Y        2079.9      11654.2      13044.5         15.95%            13.60%
   17     1    Y        2052.2      11897.5      13256.8         15.48%            13.42%
   16     1    Y        2004.8      12153.1      13464.6         14.89%            13.11%
   15     1    Y        1960.1      12402.3      13669.6         14.34%            12.82%
   14     1    Y        1779.9      12775.5      13871.4         12.83%            11.64%
   13     1    Y        2534.2      12244.2      14067.4         18.01%            16.57%
   12     1    Y        1670.1      13294.0      14298.0         11.68%            10.92%
   11     1    Y        1429.2      13698.3      14474.9          9.87%             9.35%
   10     1    Y        1564.4      13722.4      14637.2         10.69%            10.23%
    9     1    Y        1499.3      13933.3      14800.2         10.13%             9.80%
    8     1    Y        1307.9      14267.7      14976.1          8.73%             8.55%
    7     1    Y         819.0      15011.0      15298.1          5.35%             5.36%
    6     1    Y        1676.3      14496.2      15644.1         10.72%            10.96%
    5     1    Y        1951.1      14450.1      15879.9         12.29%            12.76%
    4     1    Y        2085.0      13524.0      15292.0         13.63%            13.63%
    3     1    Y        2617.7      27462.9      13263.9         19.74%             0.00%
    2     1    Y        1138.5       7176.6      13263.9          8.58%             0.00%
    1     1    Y          76.6       2616.1      13263.9          0.58%             0.00%

     **********************************************************
                       框架柱风倾覆力矩百分比
     **********************************************************

  层号   塔号           柱力矩     总力矩     柱力矩百分比
   46     1    X        5080.8     2168.3       234.32%
   45     1    X       12093.7     8055.8       150.12%
   44     1    X       21036.3    16278.6       129.23%
   43     1    X       28704.0    27216.8       105.46%
   42     1    X       36995.5    40838.2        90.59%
   41     1    X       45611.4    57110.7        79.86%
   40     1    X       54616.3    76002.3        71.86%
   39     1    X       63982.1    97479.4        65.64%
   38     1    X       73811.3   121504.2        60.75%
   37     1    X       83514.9   148042.6        56.41%
   36     1    X       93018.3   177066.3        52.53%
   35     1    X      106974.5   208550.7        51.29%
   34     1    X      118654.2   257205.3        46.13%
   33     1    X      134130.5   336339.7        39.88%
   32     1    X      151997.8   378234.4        40.19%
   31     1    X      163186.6   422368.2        38.64%
   30     1    X      175588.4   468702.2        37.46%
   29     1    X      187941.6   517200.4        36.34%
   28     1    X      200446.4   567824.0        35.30%
   27     1    X      213014.4   620532.6        34.33%
   26     1    X      225875.6   675284.6        33.45%
   25     1    X      237795.6   732032.9        32.48%
   24     1    X      255566.9   790743.3        32.32%
   23     1    X      270178.4   876573.0        30.82%
   22     1    X      287467.3  1006588.3        28.56%
   21     1    X      305989.2  1073302.4        28.51%
   20     1    X      317326.8  1141741.8        27.79%
   19     1    X      329814.0  1211823.8        27.22%
   18     1    X      341988.5  1283499.8        26.64%
   17     1    X      354104.3  1356719.1        26.10%
   16     1    X      366084.4  1431426.8        25.57%
   15     1    X      378031.0  1507563.8        25.08%
   14     1    X      389266.0  1585063.1        24.56%
   13     1    X      404398.4  1663848.0        24.31%
   12     1    X      420326.5  1777801.8        23.64%
   11     1    X      428461.2  1865271.0        22.97%
   10     1    X      438223.0  1953994.3        22.43%
    9     1    X      447540.3  2043860.1        21.90%
    8     1    X      456049.7  2134791.3        21.36%
    7     1    X      468831.7  2320376.3        20.20%
    6     1    X      479446.3  2413744.8        19.86%
    5     1    X      489970.0  2507541.0        19.54%
    4     1    X      528757.0  2771176.5        19.08%
    3     1    X      500706.3  2504460.3        19.99%
    2     1    X      507609.3  2482449.3        20.45%
    1     1    X      507195.6  2469612.8        20.54%

   46     1    Y        8350.7     2460.3       339.42%
   45     1    Y       19492.3     9130.5       213.49%
   44     1    Y       32193.6    18469.2       174.31%
   43     1    Y       43448.1    30888.0       140.66%
   42     1    Y       55056.6    46345.5       118.80%
   41     1    Y       66721.5    64800.5       102.96%
   40     1    Y       78500.3    86212.0        91.05%
   39     1    Y       90363.1   110538.2        81.75%
   38     1    Y      102360.7   137735.4        74.32%
   37     1    Y      114469.3   167772.7        68.23%
   36     1    Y      125861.5   200603.8        62.74%
   35     1    Y      142479.3   236191.5        60.32%
   34     1    Y      155141.3   292544.1        53.03%
   33     1    Y      170915.3   381831.0        44.76%
   32     1    Y      191553.3   429119.4        44.64%
   31     1    Y      203712.7   478926.6        42.54%
   30     1    Y      217373.8   531204.1        40.92%
   29     1    Y      230695.7   585904.2        39.37%
   28     1    Y      244062.9   642981.3        37.96%
   27     1    Y      257343.0   702388.3        36.64%
   26     1    Y      270812.4   764077.8        35.44%
   25     1    Y      283109.7   827999.5        34.19%
   24     1    Y      301583.6   894119.6        33.73%
   23     1    Y      316697.7   992974.5        31.89%
   22     1    Y      333085.2  1139413.0        29.23%
   21     1    Y      354162.3  1214584.5        29.16%
   20     1    Y      365525.7  1291679.3        28.30%
   19     1    Y      378448.1  1370598.6        27.61%
   18     1    Y      390776.8  1451283.6        26.93%
   17     1    Y      402945.9  1533674.3        26.27%
   16     1    Y      414832.2  1617705.0        25.64%
   15     1    Y      426466.6  1703308.6        25.04%
   14     1    Y      437027.2  1790417.1        24.41%
   13     1    Y      452046.4  1878961.8        24.06%
   12     1    Y      466223.0  2008283.8        23.21%
   11     1    Y      475273.8  2106715.3        22.56%
   10     1    Y      485127.2  2206562.5        21.99%
    9     1    Y      494589.9  2307660.3        21.43%
    8     1    Y      502761.1  2409883.5        20.86%
    7     1    Y      513119.8  2618417.3        19.60%
    6     1    Y      523695.1  2723463.5        19.23%
    5     1    Y      535646.6  2829102.3        18.93%
    4     1    Y      575565.0  3125987.3        18.41%
    3     1    Y      545010.5  2766032.3        19.70%
    2     1    Y      552840.9  2720222.5        20.32%
    1     1    Y      552341.7  2700230.5        20.46%

     **********************************************************
                      框架柱、剪力墙风剪力百分比
     **********************************************************

  层号   塔号           柱剪力     墙剪力     其它       总剪力    柱剪力百分比    墙剪力百分比
   46     1    X      1373.2     -787.2        0.0      586.0      234.32%         134.32%
   45     1    X      1541.3     -247.3        0.0     1294.0      119.11%          19.11%
   44     1    X      2129.2     -171.4        0.0     1957.8      108.75%           8.75%
   43     1    X      1825.6      778.7        0.0     2604.3       70.10%          29.90%
   42     1    X      1974.2     1269.0        0.0     3243.2       60.87%          39.13%
   41     1    X      2051.4     1823.0        0.0     3874.4       52.95%          47.05%
   40     1    X      2144.0     2354.0        0.0     4498.0       47.67%          52.33%
   39     1    X      2230.0     2883.6        0.0     5113.6       43.61%          56.39%
   38     1    X      2340.3     3379.9        0.0     5720.2       40.91%          59.09%
   37     1    X      2310.4     4008.3        0.0     6318.6       36.56%          63.44%
   36     1    X      2262.7     4647.7        0.0     6910.4       32.74%          67.26%
   35     1    X      3322.9     4173.4        0.0     7496.3       44.33%          55.67%
   34     1    X      1946.6     6162.5        0.0     8109.1       24.01%          75.99%
   33     1    X      1842.4     7578.3        0.0     9420.8       19.56%          80.44%
   32     1    X      4254.1     5720.8        0.0     9974.9       42.65%          57.35%
   31     1    X      2664.0     7844.0        0.0    10508.1       25.35%          74.65%
   30     1    X      2952.8     8079.1        0.0    11031.9       26.77%          73.23%
   29     1    X      2941.3     8605.9        0.0    11547.2       25.47%          74.53%
   28     1    X      2977.3     9075.9        0.0    12053.2       24.70%          75.30%
   27     1    X      2992.4     9557.3        0.0    12549.7       23.84%          76.16%
   26     1    X      3062.2     9974.0        0.0    13036.2       23.49%          76.51%
   25     1    X      2838.1    10673.4        0.0    13511.5       21.01%          78.99%
   24     1    X      4231.2     9747.4        0.0    13978.7       30.27%          69.73%
   23     1    X      2435.3    11869.7        0.0    14305.0       17.02%          82.98%
   22     1    X      2058.2    13419.8        0.0    15478.0       13.30%          86.70%
   21     1    X      4410.0    11474.3        0.0    15884.3       27.76%          72.24%
   20     1    X      2699.4    13595.7        0.0    16295.1       16.57%          83.43%
   19     1    X      2973.1    13713.0        0.0    16686.2       17.82%          82.18%
   18     1    X      2898.7    14167.0        0.0    17065.7       16.99%          83.01%
   17     1    X      2884.7    14548.5        0.0    17433.2       16.55%          83.45%
   16     1    X      2852.4    14935.1        0.0    17787.6       16.04%          83.96%
   15     1    X      2844.4    15283.4        0.0    18127.8       15.69%          84.31%
   14     1    X      2675.0    15777.2        0.0    18452.2       14.50%          85.50%
   13     1    X      3603.0    15155.3        0.0    18758.3       19.21%          80.79%
   12     1    X      2654.7    16337.6        0.0    18992.3       13.98%          86.02%
   11     1    X      1807.7    17629.9        0.0    19437.6        9.30%          90.70%
   10     1    X      2169.3    17547.0        0.0    19716.3       11.00%          89.00%
    9     1    X      2070.5    17899.7        0.0    19970.2       10.37%          89.63%
    8     1    X      1891.0    18315.9        0.0    20206.9        9.36%          90.64%
    7     1    X      1420.2    19200.3        0.0    20620.5        6.89%          93.11%
    6     1    X      2358.8    18389.8        0.0    20748.6       11.37%          88.63%
    5     1    X      2338.6    18505.0        0.0    20843.6       11.22%          88.78%
    4     1    X      3103.0    17987.9        0.0    21090.8       14.71%          85.29%
    3     1    X     -4186.7   -35621.7        0.0   -39808.4       10.52%          89.48%
    2     1    X      1770.0    -7413.8        0.0    -5643.8       31.36%         131.36%
    1     1    X      -106.1    -3185.3        0.0    -3291.4        3.22%          96.78%

   46     1    Y      2256.9    -1592.0        0.0      665.0      339.42%         239.42%
   45     1    Y      2448.7     -982.7        0.0     1466.0      167.04%          67.04%
   44     1    Y      3024.1     -800.6        0.0     2223.5      136.01%          36.01%
   43     1    Y      2679.6      277.2        0.0     2956.9       90.62%           9.38%
   42     1    Y      2763.9      916.4        0.0     3680.4       75.10%          24.90%
   41     1    Y      2777.4     1616.7        0.0     4394.1       63.21%          36.79%
   40     1    Y      2804.5     2293.5        0.0     5098.0       55.01%          44.99%
   39     1    Y      2824.5     2967.5        0.0     5792.0       48.77%          51.23%
   38     1    Y      2856.6     3619.0        0.0     6475.5       44.11%          55.89%
   37     1    Y      2883.0     4268.7        0.0     7151.7       40.31%          59.69%
   36     1    Y      2712.4     5104.5        0.0     7816.9       34.70%          65.30%
   35     1    Y      3956.6     4516.6        0.0     8473.2       46.70%          53.30%
   34     1    Y      2110.3     7281.8        0.0     9392.1       22.47%          77.53%
   33     1    Y      1877.9     8751.5        0.0    10629.4       17.67%          82.33%
   32     1    Y      4913.8     6345.3        0.0    11259.1       43.64%          56.36%
   31     1    Y      2895.1     8963.8        0.0    11858.9       24.41%          75.59%
   30     1    Y      3252.6     9194.4        0.0    12447.0       26.13%          73.87%
   29     1    Y      3171.9     9852.0        0.0    13023.8       24.35%          75.65%
   28     1    Y      3182.7    10407.1        0.0    13589.8       23.42%          76.58%
   27     1    Y      3161.9    10982.6        0.0    14144.5       22.35%          77.65%
   26     1    Y      3207.0    11481.0        0.0    14688.0       21.83%          78.17%
   25     1    Y      2927.9    12291.5        0.0    15219.5       19.24%          80.76%
   24     1    Y      4398.5    11344.3        0.0    15742.9       27.94%          72.06%
   23     1    Y      2519.0    13956.8        0.0    16475.8       15.29%          84.71%
   22     1    Y      1950.9    15482.3        0.0    17433.2       11.19%          88.81%
   21     1    Y      5018.4    12879.6        0.0    17898.0       28.04%          71.96%
   20     1    Y      2705.6    15650.3        0.0    18355.9       14.74%          85.26%
   19     1    Y      3076.8    15713.6        0.0    18790.3       16.37%          83.63%
   18     1    Y      2935.4    16275.3        0.0    19210.7       15.28%          84.72%
   17     1    Y      2897.4    16719.4        0.0    19616.8       14.77%          85.23%
   16     1    Y      2830.1    17177.3        0.0    20007.3       14.15%          85.85%
   15     1    Y      2770.1    17611.7        0.0    20381.8       13.59%          86.41%
   14     1    Y      2514.4    18225.7        0.0    20740.1       12.12%          87.88%
   13     1    Y      3576.0    17506.0        0.0    21082.0       16.96%          83.04%
   12     1    Y      2362.8    19190.9        0.0    21553.7       10.96%          89.04%
   11     1    Y      2011.3    19862.4        0.0    21873.7        9.20%          90.80%
   10     1    Y      2189.6    19998.7        0.0    22188.3        9.87%          90.13%
    9     1    Y      2102.8    20363.3        0.0    22466.2        9.36%          90.64%
    8     1    Y      1815.8    20900.5        0.0    22716.3        7.99%          92.01%
    7     1    Y      1151.0    22019.4        0.0    23170.4        4.97%          95.03%
    6     1    Y      2350.1    20993.6        0.0    23343.6       10.07%          89.93%
    5     1    Y      2655.9    20819.4        0.0    23475.3       11.31%          88.69%
    4     1    Y      3193.5    20557.3        0.0    23750.8       13.45%          86.55%
    3     1    Y     -4560.4   -49164.2        0.0   -53724.6        8.49%          91.51%
    2     1    Y      2007.8   -13753.9        0.0   -11746.2       17.09%         117.09%
    1     1    Y      -128.0    -4998.1        0.0    -5126.1        2.50%          97.50%

     **********************************************************
                      风荷载外力、层剪力、倾覆力矩统计
     **********************************************************

  层号   塔号     层外力F     层剪力V     倾覆力矩M

   +WX
   46     1        573.1        573.1        2120.6
   45     1        696.0       1269.1        7894.9
   44     1        632.5       1901.5       15881.3
   43     1        623.3       2524.8       26485.6
   42     1        614.2       3139.0       39669.4
   41     1        605.1       3744.1       55394.7
   40     1        596.0       4340.1       73623.3
   39     1        587.0       4927.2       94317.3
   38     1        578.0       5505.2      117439.0
   37     1        569.0       6074.2      142950.5
   36     1        560.0       6634.2      170814.2
   35     1        551.0       7185.3      200992.3
   34     1        774.4       7959.6      248750.1
   33     1       1058.4       9018.1      324502.0
   32     1        511.2       9529.3      364524.8
   31     1        502.1      10031.4      406656.6
   30     1        493.0      10524.4      450859.2
   29     1        483.9      11008.3      497094.1
   28     1        474.7      11483.0      545322.8
   27     1        465.5      11948.5      595506.6
   26     1        456.2      12404.7      647606.4
   25     1        446.8      12851.6      701583.0
   24     1        437.4      13289.0      757396.6
   23     1        611.2      13900.2      840797.8
   22     1        828.2      14728.4      964516.1
   21     1        394.4      15122.8     1028031.8
   20     1        384.4      15507.1     1093161.6
   19     1        374.2      15881.3     1159863.0
   18     1        363.8      16245.1     1228092.4
   17     1        353.2      16598.3     1297805.3
   16     1        342.5      16940.8     1368956.6
   15     1        331.5      17272.3     1441500.1
   14     1        320.2      17592.5     1515388.6
   13     1        308.7      17901.2     1590573.6
   12     1        424.0      18325.2     1700524.9
   11     1        299.1      18624.3     1784334.4
   10     1        284.3      18908.7     1869423.4
    9     1        268.9      19177.5     1955722.3
    8     1        252.6      19430.2     2043158.0
    7     1        470.9      19901.1     2222267.8
    6     1        197.2      20098.3     2312710.0
    5     1        175.3      20273.6     2403941.3
    4     1        445.4      20719.0     2662928.5
    3     1          0.0      20719.0     2801745.8
    2     1          0.0      20719.0     2882549.8
    1     1          0.0      20719.0     2963353.8

  +WXH
   46     1        508.8        508.8        1882.7
   45     1        617.3       1126.1        7006.4
   44     1        560.2       1686.3       14088.7
   43     1        551.3       2237.5       23486.2
   42     1        542.3       2779.8       35161.6
   41     1        533.4       3313.2       49077.1
   40     1        524.4       3837.6       65195.1
   39     1        515.4       4353.0       83477.9
   38     1        506.4       4859.4      103887.4
   37     1        497.3       5356.7      126385.6
   36     1        488.2       5845.0      150934.4
   35     1        479.1       6324.1      177495.6
   34     1        671.4       6995.5      219468.4
   33     1        913.7       7909.2      285905.4
   32     1        438.4       8347.5      320965.1
   31     1        429.1       8776.6      357826.9
   30     1        419.7       9196.4      396451.7
   29     1        410.4       9606.7      436799.9
   28     1        400.9      10007.7      478832.1
   27     1        391.5      10399.2      522508.6
   26     1        382.0      10781.1      567789.4
   25     1        372.3      11153.5      614634.0
   24     1        362.8      11516.3      663002.5
   23     1        504.5      12020.8      735127.4
   22     1        678.5      12699.3      841801.5
   21     1        319.6      13018.9      896480.7
   20     1        309.6      13328.5      952460.2
   19     1        299.6      13628.0     1009697.9
   18     1        289.4      13917.5     1068151.3
   17     1        279.2      14196.7     1127777.4
   16     1        268.9      14465.6     1188533.0
   15     1        258.5      14724.1     1250374.3
   14     1        247.9      14972.0     1313256.8
   13     1        237.2      15209.3     1377135.6
   12     1        323.4      15532.7     1470331.6
   11     1        225.6      15758.3     1541243.9
   10     1        212.6      15970.9     1613112.9
    9     1        199.3      16170.2     1685878.6
    8     1        185.6      16355.7     1759479.4
    7     1        342.8      16698.5     1909765.6
    6     1        141.0      16839.5     1985543.4
    5     1        124.4      16963.9     2061880.9
    4     1        319.1      17283.0     2277918.5
    3     1          0.0      17283.0     2393714.8
    2     1          0.0      17283.0     2461118.5
    1     1          0.0      17283.0     2528522.3

   -WX
   46     1       -573.1       -573.1       -2120.6
   45     1       -696.0      -1269.1       -7894.9
   44     1       -632.5      -1901.5      -15881.3
   43     1       -623.3      -2524.8      -26485.6
   42     1       -614.2      -3139.0      -39669.4
   41     1       -605.1      -3744.1      -55394.7
   40     1       -596.0      -4340.1      -73623.3
   39     1       -587.0      -4927.2      -94317.3
   38     1       -578.0      -5505.2     -117439.0
   37     1       -569.0      -6074.2     -142950.5
   36     1       -560.0      -6634.2     -170814.2
   35     1       -551.0      -7185.3     -200992.3
   34     1       -774.4      -7959.6     -248750.1
   33     1      -1058.4      -9018.1     -324502.0
   32     1       -511.2      -9529.3     -364524.8
   31     1       -502.1     -10031.4     -406656.6
   30     1       -493.0     -10524.4     -450859.2
   29     1       -483.9     -11008.3     -497094.1
   28     1       -474.7     -11483.0     -545322.8
   27     1       -465.5     -11948.5     -595506.6
   26     1       -456.2     -12404.7     -647606.4
   25     1       -446.8     -12851.6     -701583.0
   24     1       -437.4     -13289.0     -757396.6
   23     1       -611.2     -13900.2     -840797.8
   22     1       -828.2     -14728.4     -964516.1
   21     1       -394.4     -15122.8    -1028031.8
   20     1       -384.4     -15507.1    -1093161.6
   19     1       -374.2     -15881.3    -1159863.0
   18     1       -363.8     -16245.1    -1228092.4
   17     1       -353.2     -16598.3    -1297805.3
   16     1       -342.5     -16940.8    -1368956.6
   15     1       -331.5     -17272.3    -1441500.1
   14     1       -320.2     -17592.5    -1515388.6
   13     1       -308.7     -17901.2    -1590573.6
   12     1       -424.0     -18325.2    -1700524.9
   11     1       -299.1     -18624.3    -1784334.4
   10     1       -284.3     -18908.7    -1869423.4
    9     1       -268.9     -19177.5    -1955722.3
    8     1       -252.6     -19430.2    -2043158.0
    7     1       -470.9     -19901.1    -2222267.8
    6     1       -197.2     -20098.3    -2312710.0
    5     1       -175.3     -20273.6    -2403941.3
    4     1       -445.4     -20719.0    -2662928.5
    3     1          0.0     -20719.0    -2801745.8
    2     1          0.0     -20719.0    -2882549.8
    1     1          0.0     -20719.0    -2963353.8

  -WXH
   46     1        508.8        508.8        1882.7
   45     1        617.3       1126.1        7006.4
   44     1        560.2       1686.3       14088.7
   43     1        551.3       2237.5       23486.2
   42     1        542.3       2779.8       35161.6
   41     1        533.4       3313.2       49077.1
   40     1        524.4       3837.6       65195.1
   39     1        515.4       4353.0       83477.9
   38     1        506.4       4859.4      103887.4
   37     1        497.3       5356.7      126385.6
   36     1        488.2       5845.0      150934.4
   35     1        479.1       6324.1      177495.6
   34     1        671.4       6995.5      219468.4
   33     1        913.7       7909.2      285905.4
   32     1        438.4       8347.5      320965.1
   31     1        429.1       8776.6      357826.9
   30     1        419.7       9196.4      396451.7
   29     1        410.4       9606.7      436799.9
   28     1        400.9      10007.7      478832.1
   27     1        391.5      10399.2      522508.6
   26     1        382.0      10781.1      567789.4
   25     1        372.3      11153.5      614634.0
   24     1        362.8      11516.3      663002.5
   23     1        504.5      12020.8      735127.4
   22     1        678.5      12699.3      841801.5
   21     1        319.6      13018.9      896480.7
   20     1        309.6      13328.5      952460.2
   19     1        299.6      13628.0     1009697.9
   18     1        289.4      13917.5     1068151.3
   17     1        279.2      14196.7     1127777.4
   16     1        268.9      14465.6     1188533.0
   15     1        258.5      14724.1     1250374.3
   14     1        247.9      14972.0     1313256.8
   13     1        237.2      15209.3     1377135.6
   12     1        323.4      15532.7     1470331.6
   11     1        225.6      15758.3     1541243.9
   10     1        212.6      15970.9     1613112.9
    9     1        199.3      16170.2     1685878.6
    8     1        185.6      16355.7     1759479.4
    7     1        342.8      16698.5     1909765.6
    6     1        141.0      16839.5     1985543.4
    5     1        124.4      16963.9     2061880.9
    4     1        319.1      17283.0     2277918.5
    3     1          0.0      17283.0     2393714.8
    2     1          0.0      17283.0     2461118.5
    1     1          0.0      17283.0     2528522.3

   +WY
   46     1        644.4        644.4        2384.5
   45     1        782.7       1427.1        8877.8
   44     1        711.3       2138.4       17859.2
   43     1        701.1       2839.6       29785.3
   42     1        691.0       3530.5       44613.5
   41     1        680.8       4211.3       62301.0
   40     1        670.7       4882.0       82805.6
   39     1        660.6       5542.7      106084.9
   38     1        650.6       6193.3      132096.7
   37     1        640.5       6833.8      160798.8
   36     1        630.5       7464.3      192149.0
   35     1        620.5       8084.8      226105.2
   34     1        872.0       8956.9      279846.3
   33     1       1192.1      10149.0      365097.9
   32     1        575.9      10724.9      410142.5
   31     1        565.8      11290.7      457563.3
   30     1        555.6      11846.3      507317.7
   29     1        545.4      12391.6      559362.5
   28     1        535.1      12926.7      613654.8
   27     1        524.8      13451.5      670151.0
   26     1        514.3      13965.8      728807.5
   25     1        503.9      14469.7      789580.2
   24     1        493.3      14963.0      852424.6
   23     1        689.4      15652.4      946339.0
   22     1        934.3      16586.7     1085667.1
   21     1        445.1      17031.7     1157200.4
   20     1        433.8      17465.5     1230555.6
   19     1        422.3      17887.9     1305684.6
   18     1        410.7      18298.6     1382538.6
   17     1        398.8      18697.4     1461067.8
   16     1        386.8      19084.2     1541221.3
   15     1        374.4      19458.6     1622947.3
   14     1        361.8      19820.3     1706192.6
   13     1        348.8      20169.1     1790902.9
   12     1        479.2      20648.3     1914792.5
   11     1        338.1      20986.4     2009231.4
   10     1        321.5      21307.9     2105117.0
    9     1        304.1      21612.0     2202371.0
    8     1        285.8      21897.8     2300911.0
    7     1        532.9      22430.6     2502786.8
    6     1        223.3      22654.0     2604729.5
    5     1        198.6      22852.6     2707566.0
    4     1        505.1      23357.7     2999536.8
    3     1          0.0      23357.7     3156033.0
    2     1          0.0      23357.7     3247128.0
    1     1          0.0      23357.7     3338223.0

  +WYH
   46     1       -514.1       -514.1       -1902.3
   45     1       -623.9      -1138.0       -7080.2
   44     1       -566.3      -1704.4      -14238.5
   43     1       -557.5      -2261.9      -23738.4
   42     1       -548.7      -2810.5      -35542.6
   41     1       -539.8      -3350.3      -49614.0
   40     1       -530.9      -3881.2      -65915.2
   39     1       -522.0      -4403.2      -84408.6
   38     1       -513.0      -4916.2     -105056.6
   37     1       -503.9      -5420.1     -127821.1
   36     1       -495.0      -5915.1     -152664.6
   35     1       -486.0      -6401.1     -179549.2
   34     1       -681.3      -7082.3     -222043.3
   33     1       -927.7      -8010.1     -289327.8
   32     1       -445.5      -8455.6     -324841.1
   31     1       -436.3      -8891.8     -362186.7
   30     1       -427.0      -9318.8     -401325.6
   29     1       -417.7      -9736.4     -442218.7
   28     1       -408.3     -10144.7     -484826.6
   27     1       -398.8     -10543.5     -529109.5
   26     1       -389.4     -10933.0     -575027.9
   25     1       -379.9     -11312.9     -622542.0
   24     1       -370.3     -11683.2     -671611.5
   23     1       -515.3     -12198.5     -744802.5
   22     1       -693.7     -12892.2     -853096.9
   21     1       -327.2     -13219.4     -908618.4
   20     1       -317.3     -13536.6     -965472.3
   19     1       -307.2     -13843.9    -1023616.5
   18     1       -297.1     -14141.0    -1083008.6
   17     1       -286.9     -14427.9    -1143605.6
   16     1       -276.6     -14704.4    -1205364.3
   15     1       -266.1     -14970.5    -1268240.5
   14     1       -255.5     -15226.0    -1332189.9
   13     1       -244.8     -15470.8    -1397167.3
   12     1       -334.1     -15804.9    -1491996.6
   11     1       -233.5     -16038.4    -1564169.4
   10     1       -220.4     -16258.8    -1637333.8
    9     1       -206.9     -16465.6    -1711429.1
    8     1       -193.0     -16658.6    -1786392.9
    7     1       -357.2     -17015.8    -1939534.9
    6     1       -147.6     -17163.4    -2016770.1
    5     1       -130.5     -17293.9    -2094592.6
    4     1       -335.8     -17629.7    -2314963.3
    3     1          0.0     -17629.7    -2433082.0
    2     1          0.0     -17629.7    -2501837.8
    1     1          0.0     -17629.7    -2570593.5

   -WY
   46     1       -644.4       -644.4       -2384.5
   45     1       -782.7      -1427.1       -8877.8
   44     1       -711.3      -2138.4      -17859.2
   43     1       -701.1      -2839.6      -29785.3
   42     1       -691.0      -3530.5      -44613.5
   41     1       -680.8      -4211.3      -62301.0
   40     1       -670.7      -4882.0      -82805.6
   39     1       -660.6      -5542.7     -106084.9
   38     1       -650.6      -6193.3     -132096.7
   37     1       -640.5      -6833.8     -160798.8
   36     1       -630.5      -7464.3     -192149.0
   35     1       -620.5      -8084.8     -226105.2
   34     1       -872.0      -8956.9     -279846.3
   33     1      -1192.1     -10149.0     -365097.9
   32     1       -575.9     -10724.9     -410142.5
   31     1       -565.8     -11290.7     -457563.3
   30     1       -555.6     -11846.3     -507317.7
   29     1       -545.4     -12391.6     -559362.5
   28     1       -535.1     -12926.7     -613654.8
   27     1       -524.8     -13451.5     -670151.0
   26     1       -514.3     -13965.8     -728807.5
   25     1       -503.9     -14469.7     -789580.2
   24     1       -493.3     -14963.0     -852424.6
   23     1       -689.4     -15652.4     -946339.0
   22     1       -934.3     -16586.7    -1085667.1
   21     1       -445.1     -17031.7    -1157200.4
   20     1       -433.8     -17465.5    -1230555.6
   19     1       -422.3     -17887.9    -1305684.6
   18     1       -410.7     -18298.6    -1382538.6
   17     1       -398.8     -18697.4    -1461067.8
   16     1       -386.8     -19084.2    -1541221.3
   15     1       -374.4     -19458.6    -1622947.3
   14     1       -361.8     -19820.3    -1706192.6
   13     1       -348.8     -20169.1    -1790902.9
   12     1       -479.2     -20648.3    -1914792.5
   11     1       -338.1     -20986.4    -2009231.4
   10     1       -321.5     -21307.9    -2105117.0
    9     1       -304.1     -21612.0    -2202371.0
    8     1       -285.8     -21897.8    -2300911.0
    7     1       -532.9     -22430.6    -2502786.8
    6     1       -223.3     -22654.0    -2604729.5
    5     1       -198.6     -22852.6    -2707566.0
    4     1       -505.1     -23357.7    -2999536.8
    3     1          0.0     -23357.7    -3156033.0
    2     1          0.0     -23357.7    -3247128.0
    1     1          0.0     -23357.7    -3338223.0

  -WYH
   46     1       -514.1       -514.1       -1902.3
   45     1       -623.9      -1138.0       -7080.2
   44     1       -566.3      -1704.4      -14238.5
   43     1       -557.5      -2261.9      -23738.4
   42     1       -548.7      -2810.5      -35542.6
   41     1       -539.8      -3350.3      -49614.0
   40     1       -530.9      -3881.2      -65915.2
   39     1       -522.0      -4403.2      -84408.6
   38     1       -513.0      -4916.2     -105056.6
   37     1       -503.9      -5420.1     -127821.1
   36     1       -495.0      -5915.1     -152664.6
   35     1       -486.0      -6401.1     -179549.2
   34     1       -681.3      -7082.3     -222043.3
   33     1       -927.7      -8010.1     -289327.8
   32     1       -445.5      -8455.6     -324841.1
   31     1       -436.3      -8891.8     -362186.7
   30     1       -427.0      -9318.8     -401325.6
   29     1       -417.7      -9736.4     -442218.7
   28     1       -408.3     -10144.7     -484826.6
   27     1       -398.8     -10543.5     -529109.5
   26     1       -389.4     -10933.0     -575027.9
   25     1       -379.9     -11312.9     -622542.0
   24     1       -370.3     -11683.2     -671611.5
   23     1       -515.3     -12198.5     -744802.5
   22     1       -693.7     -12892.2     -853096.9
   21     1       -327.2     -13219.4     -908618.4
   20     1       -317.3     -13536.6     -965472.3
   19     1       -307.2     -13843.9    -1023616.5
   18     1       -297.1     -14141.0    -1083008.6
   17     1       -286.9     -14427.9    -1143605.6
   16     1       -276.6     -14704.4    -1205364.3
   15     1       -266.1     -14970.5    -1268240.5
   14     1       -255.5     -15226.0    -1332189.9
   13     1       -244.8     -15470.8    -1397167.3
   12     1       -334.1     -15804.9    -1491996.6
   11     1       -233.5     -16038.4    -1564169.4
   10     1       -220.4     -16258.8    -1637333.8
    9     1       -206.9     -16465.6    -1711429.1
    8     1       -193.0     -16658.6    -1786392.9
    7     1       -357.2     -17015.8    -1939534.9
    6     1       -147.6     -17163.4    -2016770.1
    5     1       -130.5     -17293.9    -2094592.6
    4     1       -335.8     -17629.7    -2314963.3
    3     1          0.0     -17629.7    -2433082.0
    2     1          0.0     -17629.7    -2501837.8
    1     1          0.0     -17629.7    -2570593.5


     **********************************************************
                      地震外力、层剪力、倾覆力矩统计
     **********************************************************

  层号   塔号     层外力F     层剪力V     倾覆力矩M

    EX
   46     1        943.8       1243.2        4599.7
   45     1        457.6       1748.6       12483.0
   44     1        933.4       2764.4       23625.9
   43     1        620.1       3405.1       37343.7
   42     1        605.9       3946.2       53118.6
   41     1        626.2       4435.7       70631.0
   40     1        646.0       4911.1       89757.2
   39     1        645.7       5385.1      110502.8
   38     1        627.3       5851.1      132918.4
   37     1        634.3       6322.0      157091.8
   36     1        618.0       6776.4      183045.6
   35     1        611.2       7212.6      210762.3
   34     1        730.0       7725.9      253360.0
   33     1        945.9       8352.5      318378.4
   32     1       1001.3       8934.1      353247.7
   31     1        650.8       9328.2      389639.6
   30     1        601.2       9689.5      427457.3
   29     1        590.8      10036.4      466654.9
   28     1        585.1      10366.3      507180.0
   27     1        588.0      10679.6      548974.2
   26     1        598.6      10979.8      591977.8
   25     1        610.4      11271.6      636135.6
   24     1        614.9      11558.6      681401.5
   23     1        734.9      11906.4      747936.3
   22     1        914.1      12323.5      844418.4
   21     1        979.1      12702.8      894116.4
   20     1        650.5      12965.0      944754.8
   19     1        611.3      13210.8      996282.1
   18     1        597.1      13448.1     1048672.4
   17     1        583.6      13672.4     1101897.1
   16     1        580.9      13880.9     1155921.9
   15     1        592.7      14075.2     1210707.6
   14     1        611.2      14260.0     1266214.4
   13     1        621.8      14439.8     1322404.6
   12     1        740.6      14657.3     1403810.4
   11     1        628.7      14825.3     1465636.0
   10     1        590.9      14972.8     1528103.5
    9     1        602.0      15105.7     1591165.0
    8     1        640.5      15231.5     1654772.6
    7     1       1046.6      15449.2     1783531.1
    6     1       1112.4      15691.7     1848609.6
    5     1        673.9      15879.9     1914172.1
    4     1        990.4      15292.0     1979193.6
    3     1          0.5      12312.7     1669769.1
    2     1          0.0      12312.7     1714389.8
    1     1          0.0      12312.7     1759189.4

    EY
   46     1       1006.7       1233.8        4565.1
   45     1        530.5       1840.1       12901.8
   44     1       1061.9       3040.5       25443.8
   43     1        677.6       3789.3       41084.5
   42     1        607.4       4402.7       59195.4
   41     1        581.5       4907.8       79243.9
   40     1        591.2       5338.6      100824.7
   39     1        616.4       5728.9      123670.2
   38     1        638.4       6105.1      147643.4
   37     1        675.7       6501.4      172744.7
   36     1        665.1       6904.6      199029.5
   35     1        647.4       7306.8      226559.0
   34     1        755.1       7786.7      268177.6
   33     1        964.3       8367.4      330839.6
   32     1       1028.5       8891.7      364043.4
   31     1        676.3       9244.2      398509.2
   30     1        634.3       9568.0      434192.1
   29     1        629.6       9882.4      471065.6
   28     1        623.6      10186.1      509100.8
   27     1        619.9      10477.8      548265.3
   26     1        621.3      10757.5      588522.4
   25     1        627.8      11027.0      629833.5
   24     1        636.2      11289.1      672161.8
   23     1        777.5      11606.6      734351.4
   22     1       1003.8      11994.4      824559.4
   21     1       1046.2      12353.2      870988.7
   20     1        683.6      12598.9      918288.6
   19     1        644.0      12825.6      966427.9
   18     1        645.5      13044.5     1015383.1
   17     1        652.1      13256.8     1065130.1
   16     1        659.7      13464.6     1115646.3
   15     1        663.2      13669.6     1166910.6
   14     1        659.1      13871.4     1218904.8
   13     1        648.1      14067.4     1271611.1
   12     1        768.9      14298.0     1348113.1
   11     1        696.2      14474.9     1406344.8
   10     1        699.9      14637.2     1465278.3
    9     1        742.7      14800.2     1524876.4
    8     1        783.4      14976.1     1585112.6
    7     1       1219.9      15298.1     1707530.8
    6     1       1158.1      15644.1     1769717.5
    5     1        665.6      15879.9     1832599.6
    4     1        933.6      15292.0     1891809.3
    3     1          0.5      13263.9     1720446.9
    2     1          0.0      13263.9     1767162.9
    1     1          0.0      13263.9     1814150.9


     **********************************************************
                           0.2V0调整系数
     **********************************************************

         层号：4    塔号：1
         0.20Vox =3058.40     1.50Vxmax =6294.99
         0.20Voy =3058.40     1.50Vymax =5370.42

         Coef_x(Col)       Coef_y(Col)        Vx(Col)         Vy(Col)
              1.222             1.467        2501.961        2085.023

     ----------------------------------------------------------------
         层号：5    塔号：1
         0.20Vox =3058.40     1.50Vxmax =6294.99
         0.20Voy =3058.40     1.50Vymax =5370.42

         Coef_x(Col)       Coef_y(Col)        Vx(Col)         Vy(Col)
              1.339             1.568        2283.724        1951.069

     ----------------------------------------------------------------
         层号：6    塔号：1
         0.20Vox =3058.40     1.50Vxmax =6294.99
         0.20Voy =3058.40     1.50Vymax =5370.42

         Coef_x(Col)       Coef_y(Col)        Vx(Col)         Vy(Col)
              1.392             1.824        2197.015        1676.344

     ----------------------------------------------------------------
         层号：7    塔号：1
         0.20Vox =3058.40     1.50Vxmax =6294.99
         0.20Voy =3058.40     1.50Vymax =5370.42

         Coef_x(Col)       Coef_y(Col)        Vx(Col)         Vy(Col)
              2.417             3.734        1265.332         819.010

     ----------------------------------------------------------------
         层号：8    塔号：1
         0.20Vox =3058.40     1.50Vxmax =6294.99
         0.20Voy =3058.40     1.50Vymax =5370.42

         Coef_x(Col)       Coef_y(Col)        Vx(Col)         Vy(Col)
              1.689             2.338        1810.268        1307.869

     ----------------------------------------------------------------
         层号：9    塔号：1
         0.20Vox =3058.40     1.50Vxmax =6294.99
         0.20Voy =3058.40     1.50Vymax =5370.42

         Coef_x(Col)       Coef_y(Col)        Vx(Col)         Vy(Col)
              1.573             2.040        1944.613        1499.253

     ----------------------------------------------------------------
         层号：10    塔号：1
         0.20Vox =3058.40     1.50Vxmax =6294.99
         0.20Voy =3058.40     1.50Vymax =5370.42

         Coef_x(Col)       Coef_y(Col)        Vx(Col)         Vy(Col)
              1.494             1.955        2047.091        1564.397

     ----------------------------------------------------------------
         层号：11    塔号：1
         0.20Vox =3058.40     1.50Vxmax =6294.99
         0.20Voy =3058.40     1.50Vymax =5370.42

         Coef_x(Col)       Coef_y(Col)        Vx(Col)         Vy(Col)
              1.774             2.140        1724.218        1429.180

     ----------------------------------------------------------------
         层号：12    塔号：1
         0.20Vox =3058.40     1.50Vxmax =6294.99
         0.20Voy =3058.40     1.50Vymax =5370.42

         Coef_x(Col)       Coef_y(Col)        Vx(Col)         Vy(Col)
              1.248             1.831        2450.986        1670.134

     ----------------------------------------------------------------
         层号：13    塔号：1
         0.20Vox =3058.40     1.50Vxmax =6294.99
         0.20Voy =3058.40     1.50Vymax =5370.42

         Coef_x(Col)       Coef_y(Col)        Vx(Col)         Vy(Col)
              1.000             1.207        3409.278        2534.158

     ----------------------------------------------------------------
         层号：14    塔号：1
         0.20Vox =3058.40     1.50Vxmax =6294.99
         0.20Voy =3058.40     1.50Vymax =5370.42

         Coef_x(Col)       Coef_y(Col)        Vx(Col)         Vy(Col)
              1.212             1.718        2522.586        1779.937

     ----------------------------------------------------------------
         层号：15    塔号：1
         0.20Vox =3058.40     1.50Vxmax =6294.99
         0.20Voy =3058.40     1.50Vymax =5370.42

         Coef_x(Col)       Coef_y(Col)        Vx(Col)         Vy(Col)
              1.137             1.560        2690.360        1960.083

     ----------------------------------------------------------------
         层号：16    塔号：1
         0.20Vox =3058.40     1.50Vxmax =6294.99
         0.20Voy =3058.40     1.50Vymax =5370.42

         Coef_x(Col)       Coef_y(Col)        Vx(Col)         Vy(Col)
              1.132             1.526        2700.596        2004.835

     ----------------------------------------------------------------
         层号：17    塔号：1
         0.20Vox =3058.40     1.50Vxmax =6294.99
         0.20Voy =3058.40     1.50Vymax =5370.42

         Coef_x(Col)       Coef_y(Col)        Vx(Col)         Vy(Col)
              1.118             1.490        2734.414        2052.154

     ----------------------------------------------------------------
         层号：18    塔号：1
         0.20Vox =3058.40     1.50Vxmax =6294.99
         0.20Voy =3058.40     1.50Vymax =5370.42

         Coef_x(Col)       Coef_y(Col)        Vx(Col)         Vy(Col)
              1.112             1.470        2749.564        2079.941

     ----------------------------------------------------------------
         层号：19    塔号：1
         0.20Vox =3058.40     1.50Vxmax =6294.99
         0.20Voy =3058.40     1.50Vymax =5370.42

         Coef_x(Col)       Coef_y(Col)        Vx(Col)         Vy(Col)
              1.084             1.399        2821.302        2186.035

     ----------------------------------------------------------------
         层号：20    塔号：1
         0.20Vox =3058.40     1.50Vxmax =6294.99
         0.20Voy =3058.40     1.50Vymax =5370.42

         Coef_x(Col)       Coef_y(Col)        Vx(Col)         Vy(Col)
              1.189             1.592        2571.525        1921.291

     ----------------------------------------------------------------
         层号：21    塔号：1
         0.20Vox =3058.40     1.50Vxmax =6294.99
         0.20Voy =3058.40     1.50Vymax =5370.42

         Coef_x(Col)       Coef_y(Col)        Vx(Col)         Vy(Col)
              1.000             1.000        4196.662        3580.278

     ----------------------------------------------------------------
         层号：22    塔号：1
         0.20Vox =3058.40     1.50Vxmax =6294.99
         0.20Voy =3058.40     1.50Vymax =5370.42

         Coef_x(Col)       Coef_y(Col)        Vx(Col)         Vy(Col)
              1.591             2.208        1921.923        1385.230

     ----------------------------------------------------------------
         层号：23    塔号：1
         0.20Vox =3058.40     1.50Vxmax =6294.99
         0.20Voy =3058.40     1.50Vymax =5370.42

         Coef_x(Col)       Coef_y(Col)        Vx(Col)         Vy(Col)
              1.322             1.699        2313.179        1800.156

     ----------------------------------------------------------------
         层号：24    塔号：1
         0.20Vox =3058.40     1.50Vxmax =6294.99
         0.20Voy =3058.40     1.50Vymax =5370.42

         Coef_x(Col)       Coef_y(Col)        Vx(Col)         Vy(Col)
              1.000             1.000        3979.790        3130.667

     ----------------------------------------------------------------
         层号：25    塔号：1
         0.20Vox =3058.40     1.50Vxmax =6294.99
         0.20Voy =3058.40     1.50Vymax =5370.42

         Coef_x(Col)       Coef_y(Col)        Vx(Col)         Vy(Col)
              1.153             1.467        2653.633        2084.971

     ----------------------------------------------------------------
         层号：26    塔号：1
         0.20Vox =3058.40     1.50Vxmax =6294.99
         0.20Voy =3058.40     1.50Vymax =5370.42

         Coef_x(Col)       Coef_y(Col)        Vx(Col)         Vy(Col)
              1.066             1.337        2868.340        2288.104

     ----------------------------------------------------------------
         层号：27    塔号：1
         0.20Vox =3058.40     1.50Vxmax =6294.99
         0.20Voy =3058.40     1.50Vymax =5370.42

         Coef_x(Col)       Coef_y(Col)        Vx(Col)         Vy(Col)
              1.092             1.356        2800.233        2255.462

     ----------------------------------------------------------------
         层号：28    塔号：1
         0.20Vox =3058.40     1.50Vxmax =6294.99
         0.20Voy =3058.40     1.50Vymax =5370.42

         Coef_x(Col)       Coef_y(Col)        Vx(Col)         Vy(Col)
              1.098             1.346        2786.226        2272.427

     ----------------------------------------------------------------
         层号：29    塔号：1
         0.20Vox =3058.40     1.50Vxmax =6294.99
         0.20Voy =3058.40     1.50Vymax =5370.42

         Coef_x(Col)       Coef_y(Col)        Vx(Col)         Vy(Col)
              1.111             1.350        2752.055        2265.714

     ----------------------------------------------------------------
         层号：30    塔号：1
         0.20Vox =3058.40     1.50Vxmax =6294.99
         0.20Voy =3058.40     1.50Vymax =5370.42

         Coef_x(Col)       Coef_y(Col)        Vx(Col)         Vy(Col)
              1.107             1.313        2761.795        2330.077

     ----------------------------------------------------------------
         层号：31    塔号：1
         0.20Vox =3058.40     1.50Vxmax =6294.99
         0.20Voy =3058.40     1.50Vymax =5370.42

         Coef_x(Col)       Coef_y(Col)        Vx(Col)         Vy(Col)
              1.227             1.477        2493.452        2071.352

     ----------------------------------------------------------------
         层号：32    塔号：1
         0.20Vox =3058.40     1.50Vxmax =6294.99
         0.20Voy =3058.40     1.50Vymax =5370.42

         Coef_x(Col)       Coef_y(Col)        Vx(Col)         Vy(Col)
              1.000             1.000        3978.769        3526.249

     ----------------------------------------------------------------
         层号：33    塔号：1
         0.20Vox =3058.40     1.50Vxmax =6294.99
         0.20Voy =3058.40     1.50Vymax =5370.42

         Coef_x(Col)       Coef_y(Col)        Vx(Col)         Vy(Col)
              1.786             2.277        1712.017        1343.273

     ----------------------------------------------------------------
         层号：34    塔号：1
         0.20Vox =3058.40     1.50Vxmax =6294.99
         0.20Voy =3058.40     1.50Vymax =5370.42

         Coef_x(Col)       Coef_y(Col)        Vx(Col)         Vy(Col)
              1.687             2.017        1813.113        1516.253

     ----------------------------------------------------------------
         层号：35    塔号：1
         0.20Vox =3058.40     1.50Vxmax =6294.99
         0.20Voy =3058.40     1.50Vymax =5370.42

         Coef_x(Col)       Coef_y(Col)        Vx(Col)         Vy(Col)
              1.000             1.078        3100.215        2836.376

     ----------------------------------------------------------------
         层号：36    塔号：1
         0.20Vox =3058.40     1.50Vxmax =6294.99
         0.20Voy =3058.40     1.50Vymax =5370.42

         Coef_x(Col)       Coef_y(Col)        Vx(Col)         Vy(Col)
              1.455             1.571        2101.987        1946.336

     ----------------------------------------------------------------
         层号：37    塔号：1
         0.20Vox =3058.40     1.50Vxmax =6294.99
         0.20Voy =3058.40     1.50Vymax =5370.42

         Coef_x(Col)       Coef_y(Col)        Vx(Col)         Vy(Col)
              1.432             1.484        2135.091        2060.828

     ----------------------------------------------------------------
         层号：38    塔号：1
         0.20Vox =3058.40     1.50Vxmax =6294.99
         0.20Voy =3058.40     1.50Vymax =5370.42

         Coef_x(Col)       Coef_y(Col)        Vx(Col)         Vy(Col)
              1.409             1.489        2170.546        2053.312

     ----------------------------------------------------------------
         层号：39    塔号：1
         0.20Vox =3058.40     1.50Vxmax =6294.99
         0.20Voy =3058.40     1.50Vymax =5370.42

         Coef_x(Col)       Coef_y(Col)        Vx(Col)         Vy(Col)
              1.487             1.509        2057.032        2026.415

     ----------------------------------------------------------------
         层号：40    塔号：1
         0.20Vox =3058.40     1.50Vxmax =6294.99
         0.20Voy =3058.40     1.50Vymax =5370.42

         Coef_x(Col)       Coef_y(Col)        Vx(Col)         Vy(Col)
              1.556             1.521        1966.088        2011.100

     ----------------------------------------------------------------
         层号：41    塔号：1
         0.20Vox =3058.40     1.50Vxmax =6294.99
         0.20Voy =3058.40     1.50Vymax =5370.42

         Coef_x(Col)       Coef_y(Col)        Vx(Col)         Vy(Col)
              1.639             1.538        1865.746        1988.211

     ----------------------------------------------------------------
         层号：42    塔号：1
         0.20Vox =3058.40     1.50Vxmax =6294.99
         0.20Voy =3058.40     1.50Vymax =5370.42

         Coef_x(Col)       Coef_y(Col)        Vx(Col)         Vy(Col)
              1.722             1.550        1776.085        1973.153

     ----------------------------------------------------------------
         层号：43    塔号：1
         0.20Vox =3058.40     1.50Vxmax =6294.99
         0.20Voy =3058.40     1.50Vymax =5370.42

         Coef_x(Col)       Coef_y(Col)        Vx(Col)         Vy(Col)
              1.886             1.598        1621.790        1914.036

     ----------------------------------------------------------------
         层号：44    塔号：1
         0.20Vox =3058.40     1.50Vxmax =6294.99
         0.20Voy =3058.40     1.50Vymax =5370.42

         Coef_x(Col)       Coef_y(Col)        Vx(Col)         Vy(Col)
              1.657             1.433        1846.192        2134.013

     ----------------------------------------------------------------
         层号：45    塔号：1
         0.20Vox =3058.40     1.50Vxmax =6294.99
         0.20Voy =3058.40     1.50Vymax =5370.42

         Coef_x(Col)       Coef_y(Col)        Vx(Col)         Vy(Col)
              2.315             1.736        1321.387        1761.715

     ----------------------------------------------------------------
         层号：46    塔号：1
         0.20Vox =3058.40     1.50Vxmax =6294.99
         0.20Voy =3058.40     1.50Vymax =5370.42

         Coef_x(Col)       Coef_y(Col)        Vx(Col)         Vy(Col)
              2.570             1.870        1189.833        1635.076

     ----------------------------------------------------------------
