
     ----------------------------------------------------------------------

                                   总信息文件

     ----------------------------------------------------------------------

            工程名称：3#
            工程代号：
             设计人：
             校核人：
            软件名称：盈建科建筑结构设计软件
              版本：2.0.0
            计算日期：2020/09/23
     ----------------------------------------------------------------------

     **********************************************************
                              设计参数输出
     **********************************************************

     结构总体信息 ........................................
       结构体系:                                              剪力墙结构
       结构材料信息:                                          钢筋混凝土
       结构所在地区:                                          广东高规DBJ15-92-2013
       地下室层数:                                            4
       嵌固端所在层号(层顶嵌固):                              1
       与基础相连构件最大底标高(m):                           -15.050
       裙房层数:                                              0
       转换层所在层号:                                        0
       加强层所在层号:                                        0
       竖向荷载计算信息:                                      施工模拟三
       风荷载计算信息:                                        一般计算方式
       地震力计算信息:                                        计算水平地震作用
       是否计算吊车荷载:                                      否
       是否计算人防荷载:                                      否
       是否考虑预应力等效荷载工况:                            否
       是否生成绘等值线用数据:                                否
       是否计算温度荷载:                                      否
       竖向荷载砼墙轴向刚度考虑徐变收缩影响:                  否
       是否生成传给基础的刚度:                                否
       上部结构计算考虑基础结构:                              否
       施工模拟加载层步长:                                    1
       考虑填充墙刚度:                                        否

     计算控制信息 ........................................
       水平力与整体坐标夹角:                                  0.00
       梁刚度放大系数按2010《混凝土规范》取值:                是
       中梁刚度放大系数上限:                                  2.00
       边梁刚度放大系数上限:                                  1.50
       连梁刚度折减系数(地震):                                0.70
       连梁刚度折减系数(风):                                  1.00
       连梁按墙元计算控制跨高比:                              4.00
       连梁材料强度默认同墙:                                  是
       墙元细分最大控制长度(m):                               1.00
       板元细分最大控制长度(m):                               1.00
       短墙肢自动加密:                                        是
       弹性板荷载计算方式:                                    平面导荷
       膜单元类型:                                            经典膜元(QA4)
       考虑梁端刚域:                                          是
       考虑柱端刚域:                                          是
       是否输出节点位移:                                      否
       墙梁跨中节点作为刚性楼板从节点:                        是
       结构计算时考虑楼梯刚度:                                否
       梁与弹性板变形协调:                                    是
       弹性板与梁协调时考虑梁向下相对偏移:                    否
       梁墙自重扣除与柱重叠部分:                              是
       楼板自重扣除与梁墙重叠部分:                            是
       刚性楼板假定 :                                         整体指标计算采用强刚，其它计算非强刚
       地下室楼板强制采用刚性楼板假定:                        否
       是否自动划分多塔:                                      否
       计算现浇空心板:                                        是
       现浇空心板计算方法 :                                   有限元法
       增加计算连梁刚度不折减模型下的地震位移:                是
       地震内力按全楼弹性板6计算:                             否
       求解器设定内存:                                        0
       自动计算现浇板自重:                                    是

     二阶效应信息 ..........................................
       是否考虑 P-Delt 效应:                                  是
       P-Delt 效应组合系数-恒载:                              1.00
       P-Delt 效应组合系数-活载:                              0.50
       考虑整体缺陷:                                          否
       是否柱长度系数置1:                                     否

     风荷载信息 ..........................................
       使用指定风荷载数据:                                    否
       执行规范:                                              GB50009-2012
       地面粗糙程度 :                                         C
       修正后的基本风压 (kN/m2):                              0.75
       结构X向基本周期（秒）:                                 2.66
       结构Y向基本周期（秒）:                                 2.77
       风荷载计算用阻尼比 :                                   0.050
       承载力设计时的风荷载效应放大系数:                      1.1
       考虑顺风向风振:                                        是
       多方向风角度:                                          
       舒适度验算用基本风压 (kN/m2):                          0.45
       舒适度验算用阻尼比 :                                   0.020
       水平风荷载体型分段数:                                  1
       分段号  最高层号    X迎风    X背风    X侧风    X挡风    Y迎风    Y背风    Y侧风    Y挡风
         1        36       0.80    -0.60     0.00     1.00     0.80    -0.60     0.00     1.00
       自动计算结构宽深:                                      是
       考虑横向风振:                                          否
       考虑扭转风振:                                          否

     地震信息 ............................................
       按地震动区划图GB18306-2015计算:                        否
       设计地震分组:                                          一
       地震烈度:                                              7 (0.1g)
       场地类别:                                              Ⅱ
       特征周期:                                              0.35
       阻尼比确定方法:                                        全楼统一
       结构的阻尼比:                                          0.050
       周期折减系数:                                          0.90
       特征值分析类型:                                        WYD-RITZ
       振型数确定方式:                                        程序自动计算
       自动计算振型数时，振型参与质量系数需达到总质量的百分比:90%
       自动计算振型数时，是否指定最多振型数量:                是
       自动计算振型数时，最多振型数量:                        150
       按主振型确定地震内力符号:                              否
       框架的抗震等级:                                        2
       钢框架的抗震等级:                                      2
       剪力墙的抗震等级:                                      2
       抗震构造措施的抗震等级:                                不改变
       框支剪力墙结构底部加强区剪力墙抗震等级自动提高一级:    是
       地下一层以下抗震构造措施抗震等级逐层降级及抗震措施4级: 是
       是否考虑偶然偏心:                                      是
       X向偶然偏心值:                                         0.05
       Y向偶然偏心值:                                         0.05
       偶然偏心计算方法:                                      等效扭矩法(传统法)
       是否考虑双向地震扭转效应:                              是
       自动计算最不利地震方向的作用:                          是
       斜交抗侧力构件方向的附加地震数:                        1
       斜交抗侧力构件方向的附加地震角度:                      45
       活荷重力荷载代表值组合系数:                            0.50
       使用自定义地震影响系数曲线:                              否
       地震影响系数最大值:                                    0.080
       罕遇地震影响系数最大值:                                0.500
       地震作用放大方法:                                      全楼统一
       全楼地震力放大系数:                                    1.00
       减震隔震附加阻尼比算法:                                强制解耦
       最大附加阻尼比:                                        0.25
       调整后的水平向减震系数:                                1.00
       地震计算时不考虑地下室以下的结构质量:                    是
       连接单元的有效刚度和阻尼自动采用直接积分法时程计算结果:  否

     性能设计信息 ........................................
       是否考虑性能设计:                                      否

     设计信息 ............................................
       是否按抗震规范5.2.5调整楼层地震力:                     是
       是否扭转效应明显:                                      是
       是否自动计算动位移比例系数:                            是
       梁端弯矩调幅系数:                                      0.85
       框架梁调幅后不小于简支梁跨中弯矩的倍数:                0.50
       非框架梁调幅后不小于简支梁跨中弯矩的倍数:              0.33
       梁扭矩折减系数:                                        0.40
       九度结构及一级框架梁柱超配筋系数:                      1.15
       按层刚度比判断薄弱层方法:                              仅按高规
       底部嵌固楼层刚度比执行《高规》3.5.2-2:                 是
       自动对层间受剪承载力突变形成的薄弱层放大调整:          是
       自动根据层间受剪承载力比值调整配筋:                    是
       目标系数:                                       0.80
       是否转换层指定为薄弱层:                                是
       薄弱层地震内力放大系数:                                1.25
       强制指定的薄弱层层号:                                  0
       与柱相连的框架梁端M、V不调整:                          是
       0.2V0 调整分段数:                                      0
       分段号     起始层号    终止层号
       0.2V0调整规则:                                         min(0.20V0,1.50Vfmax)
       0.2V0调整时楼层剪力最小倍数:                           0.20
       0.2V0调整时各层框架剪力最大值的倍数:                   1.50
       0.2V0 调整上限:                                        2.00
       框支柱调整上限:                                        5.00
       支撑按柱设计临界角:                                    20
       按竖向构件内力统计层地震剪力:                          是
       位移角小于此值时，位移比设置为1:                       0.00020
       剪力墙承担全部地震剪力:                                否
       零应力区验算时底面尺寸确定方式:                        质心到最近边距离的2倍
       考虑双向地震时内力调整方式:                            先考虑双向地震再调整
       剪力墙端柱的面外剪力统计到框架部分:                    否
       转换结构构件（三、四级）水平地震作用效应放大系数:      1.00

     活荷载信息 ..........................................
       柱、墙活荷载是否折减:                                  是
       计算截面以上层数           折减系数:
                 1                 1.00
                2-3                0.85
                4-5                0.70
                6-8                0.65
                9-20               0.60
                20层以上           0.55
       按建模菜单“房间属性”计算活荷载折减系数:                否
       考虑活荷不利布置的最高层号:                            0
       梁活荷载内力放大系数:                                  1.00
       楼面梁活荷载折减:                                      不折减

     构件设计信息 ........................................
       柱配筋计算原则:                                        单偏压
       连梁按对称配筋设计:                                    是
       抗震设计的框架梁端配筋考虑受压钢筋:                    是
       矩形混凝土梁按T形梁配筋:                               否
       按简化方法计算柱剪跨比（Hn/2h0）:                      是
       墙柱配筋设计考虑端柱:                                  是
       墙柱配筋设计考虑翼缘墙:                                是
       按双偏压配筋时腹板墙最大截面高宽比:                    12.00
       按双偏压配筋时双偏压腹板墙最大截面高度(mm):            2400.0
       与剪力墙面外相连的梁按框架梁设计:                      是
       验算一级抗震墙施工缝:                                  是
       梁压弯设计控制轴压比:                                  0.40
       梁端配筋内力取值位置(0-节点，1-支座边):                0.00
       不计算地震作用时按重力荷载代表值计算柱轴压比:          否
       框架柱的轴压比限值按框架结构采用:                      否
       梁保护层厚度 (mm):                                     20
       柱保护层厚度 (mm):                                     20
       型钢混凝土构件设计依据:                                《组合结构设计规范》JGJ138-2016
       执行《高钢规》JGJ99-2015:                              是
       按叠合柱设计的叠合比:                                  0.00
       剪力墙构造边缘构件的设计执行高规7.2.16-4:              是
       底部加强区全部设为约束边缘构件:                        否
       面外梁下生成暗柱边缘构件:                              铰接梁不生成
       归入阴影区的λ/2区最大长度:                            0
       边缘构件合并距离 (mm):                                 300
       短肢边缘构件合并距离 (mm):                             600
       边缘构件尺寸取整模数 (mm):                             10
       构造边缘构件尺寸设计依据:                              《高规》JGJ3-2010 第7.2.16条
       约束边缘构件尺寸依据《广东高规》设计:                            是
       按边缘构件轮廓计算配筋:                                          否
       钢构件截面净毛面积比:                                  0.85
       X向钢柱计算长度是否按有侧移计算:                       是
       Y向钢柱计算长度是否按有侧移计算:                       是
       按《钢规》自动判断强弱支撑:                             否
       门刚规范用GB51022-2015:                               是
       执行门规GB51022附录A:                                 是
       执行门规GB51022附录A.0.8:                             否
       执行《钢结构设计标准》(GB50017-2017):                 是
       按宽厚比等级控制局部稳定:                              是
       截面宽厚比等级:                                        S3
       支撑杆件截面宽厚比等级:                                S3
       按钢规6.2.7验算梁下翼缘稳定:                          是
       钢梁按压弯设计控制轴压比:                              0.10
       组合梁施工荷载(kN/m2):                                           1.5

     防火验算 ........................................
       进行承载力法防火验算:                                  否
     包络设计 ........................................
       是否分塔与整体分别计算，并取大:                        否
       自动取框架和框架-抗震墙模型计算大值:                   否
       是否与其它模型进行包络取大:                            否

     鉴定加固 ........................................
       是否鉴定加固:                                          否

     装配式 ..........................................
       是否是装配式结构:                                      是
       现浇墙地震内力放大系数:                                1.10
       现浇柱地震内力放大系数:                                1.10
       预制竖向构件地震内力放大系数:                          1.00
       按北京市装配式规程验算预制墙接缝:                          否

     材料信息 ........................................
       混凝土容重 (kN/m3):                                    26.00
       砌体容重 (kN/m3):                                      22.00
       钢材容重 (kN/m3):                                      78.00
       轻骨料混凝土容重 (kN/m3):                              18.50
       轻骨料混凝土密度等级:                                  1800
       梁箍筋间距 (mm):                                       100
       柱箍筋间距 (mm):                                       100
       墙水平分布筋最大间距 (mm):                             200
       墙竖向分布筋最小配筋率 (%):                            0.25
       结构底部单独指定墙竖向分布筋配筋率的层号:              0
       结构底部NSW层的墙竖向分布配筋率:                       0.60

     钢筋强度 ........................................
       HRB400钢筋强度设计值（N/mm2）:                         360

     地下室信息 ..........................................
       土的水平抗力系数的比例系数(MN/m4):                     10.00
       扣除地面以下几层回填土约束:                            0
       外墙分布筋保护层厚度:                                   35(mm)
       回填土容重 (kN/m3):                                    18.00
       回填土侧压力系数:                                      0.50
       室外地平标高 (m):                                      -0.35
       地下水位标高 (m):                                      -20.00
       室外地面附加荷载 (kN/m2):                              0.00
       基础水工况组合方式:                                    叠加
       按《地下结构抗震设计标准》GBT 51336-2018设计:         否
       地下室侧土约束施加方式:                                顶板双向弹簧
       按反应位移法计算地下结构的地震作用:                    否

     荷载组合 ......................................
       采用自定义组合:                                        否
       使用建模自定义组合模板:                                否
       结构重要性系数:                                        1.00
       执行《建筑结构可靠性设计统一标准》:                    是
       刚重比按1.3恒+1.5活计算:                              否
       恒载分项系数:                                          1.30
       活载分项系数:                                          1.50
       活荷载组合值系数:                                      0.70
       活荷载频遇值系数:                                      0.60
       活荷载准永久值系数:                                    0.50
       考虑结构设计使用年限的活荷载调整系数:                  1.00
       风荷载分项系数:                                        1.50
       风荷载组合值系数:                                      0.60
       风荷载频遇值系数:                                      0.40
       风荷载是否参与地震组合:                                是
       重力荷载分项系数:                                      1.20
       水平地震力分项系数:                                    1.30

     **********************************************************
                                 楼层属性
     **********************************************************

  层号    塔号       属性
   36      1         标准层7
   35      1         标准层6
   34      1         标准层6
   33      1         标准层6
   32      1         标准层6
   31      1         标准层6
   30      1         标准层6
   29      1         标准层6
   28      1         标准层6
   27      1         标准层6
   26      1         标准层6
   25      1         标准层6
   24      1         标准层6
   23      1         标准层6
   22      1         标准层6
   21      1         标准层6
   20      1         标准层6
   19      1         标准层6
   18      1         标准层6
   17      1         标准层6
   16      1         标准层6
   15      1         标准层6
   14      1         标准层6
   13      1         标准层6
   12      1         标准层6
   11      1         标准层6
   10      1         标准层6
    9      1         标准层6
    8      1         标准层6 底部加强区 约束边缘构件层
    7      1         标准层6 底部加强区 约束边缘构件层
    6      1         标准层6 底部加强区 约束边缘构件层
    5      1         标准层5 底部加强区 约束边缘构件层
    4      1         标准层4 地下1层 底部加强区 约束边缘构件层
    3      1         标准层3 地下2层 底部加强区 约束边缘构件层
    2      1         标准层2 地下3层 底部加强区 约束边缘构件层
    1      1         标准层1 地下4层 约束边缘构件层

     **********************************************************
                           塔属性
     **********************************************************

  塔号 1
       结构体系:                                              剪力墙结构
       结构X向基本周期（秒）:                                 2.66
       结构Y向基本周期（秒）:                                 2.77
       水平风荷载体型分段数:                                  1
       分段号  最高层号    挡风系数    迎风面系数    背风面系数    侧风面系数
         1        36        1.00         0.80          -0.60          0.00
       0.2V0 调整分段数:                                      0
       分段号     起始层号    终止层号
       0.2V0调整时楼层剪力最小倍数:                           0.20
       0.2V0调整时各层框架剪力最大值的倍数:                   1.50

     **********************************************************
                 各层质量、质心坐标，层质量比
     **********************************************************

  层号    塔号    质心X       质心Y       质心Z       恒载质量    活载质量    活载质量   附加质量     质量比
                   (m)         (m)         (m)          (t)         (t)     (不折减)(t)    (t)
   36      1      -0.128     -0.708      98.750       707.7        44.5        89.0         0.0        1.11
   35      1      -0.133     -0.735      95.750       633.6        46.3        92.6         0.0        1.00
   34      1      -0.133     -0.735      92.750       633.6        46.3        92.6         0.0        1.00
   33      1      -0.133     -0.735      89.750       633.6        46.3        92.6         0.0        1.00
   32      1      -0.133     -0.735      86.750       633.6        46.3        92.6         0.0        1.00
   31      1      -0.133     -0.735      83.750       633.6        46.3        92.6         0.0        1.00
   30      1      -0.133     -0.735      80.750       633.6        46.3        92.6         0.0        1.00
   29      1      -0.133     -0.735      77.750       633.6        46.3        92.6         0.0        1.00
   28      1      -0.133     -0.735      74.750       633.6        46.3        92.6         0.0        1.00
   27      1      -0.133     -0.735      71.750       633.6        46.3        92.6         0.0        1.00
   26      1      -0.133     -0.735      68.750       633.6        46.3        92.6         0.0        1.00
   25      1      -0.133     -0.735      65.750       633.6        46.3        92.6         0.0        1.00
   24      1      -0.133     -0.735      62.750       633.6        46.3        92.6         0.0        1.00
   23      1      -0.133     -0.735      59.750       633.6        46.3        92.6         0.0        1.00
   22      1      -0.133     -0.735      56.750       633.6        46.3        92.6         0.0        1.00
   21      1      -0.133     -0.735      53.750       633.6        46.3        92.6         0.0        1.00
   20      1      -0.133     -0.735      50.750       633.6        46.3        92.6         0.0        1.00
   19      1      -0.133     -0.735      47.750       633.6        46.3        92.6         0.0        1.00
   18      1      -0.133     -0.735      44.750       633.6        46.3        92.6         0.0        1.00
   17      1      -0.133     -0.735      41.750       633.6        46.3        92.6         0.0        1.00
   16      1      -0.133     -0.735      38.750       633.6        46.3        92.6         0.0        1.00
   15      1      -0.133     -0.735      35.750       633.6        46.3        92.6         0.0        1.00
   14      1      -0.133     -0.735      32.750       633.6        46.3        92.6         0.0        1.00
   13      1      -0.133     -0.735      29.750       633.6        46.3        92.6         0.0        1.00
   12      1      -0.133     -0.735      26.750       633.6        46.3        92.6         0.0        1.00
   11      1      -0.133     -0.735      23.750       633.6        46.3        92.6         0.0        1.00
   10      1      -0.133     -0.735      20.750       633.6        46.3        92.6         0.0        1.00
    9      1      -0.133     -0.735      17.750       633.6        46.3        92.6         0.0        1.00
    8      1      -0.133     -0.735      14.750       633.6        46.3        92.6         0.0        1.00
    7      1      -0.133     -0.735      11.750       633.6        46.3        92.6         0.0        1.00
    6      1      -0.133     -0.735       8.750       633.6        46.3        92.6         0.0        0.64
    5      1      -0.175     -0.868       5.750      1011.7        46.3        92.6         0.0        0.09
    4      1      10.971     11.802      -0.050     11128.1       603.8      1207.6         0.0        3.38  质量比>1.5 不满足《高规》3.5.6
    3      1       7.668      9.822      -3.750      3225.8       246.3       492.5         0.0        0.95
    2      1       7.588      9.802      -7.450      3422.0       246.3       492.5         0.0        0.98
    1      1       7.523      9.720     -11.150      3491.1       246.3       492.5         0.0        1.00

  合计             --          --          --       41994.2      2822.4      5644.9         0.0

  活载总质量 (t):          2822.447
  恒载总质量 (t):         41994.246
  附加总质量 (t):             0.000
  结构总质量 (t):         44816.691
  恒载产生的总质量包括结构自重和外加恒载
  活载质量 = 活荷载重力荷载代表值系数*活载等效质量
  总质量 = 恒载质量+活载质量+附加质量

     **********************************************************
                       各层构件数量、构件材料和层高
     **********************************************************

  层号    塔号    梁数    柱数    支撑数    墙数      层高(m)    累计高度(m)

   36      1       105      18         0      54       3.000      113.800
   35      1       101      18         0      54       3.000      110.800
   34      1       101      18         0      54       3.000      107.800
   33      1       101      18         0      54       3.000      104.800
   32      1       101      18         0      54       3.000      101.800
   31      1       101      18         0      54       3.000       98.800
   30      1       101      18         0      54       3.000       95.800
   29      1       101      18         0      54       3.000       92.800
   28      1       101      18         0      54       3.000       89.800
   27      1       101      18         0      54       3.000       86.800
   26      1       101      18         0      54       3.000       83.800
   25      1       101      18         0      54       3.000       80.800
   24      1       101      18         0      54       3.000       77.800
   23      1       101      18         0      54       3.000       74.800
   22      1       101      18         0      54       3.000       71.800
   21      1       101      18         0      54       3.000       68.800
   20      1       101      18         0      54       3.000       65.800
   19      1       101      18         0      54       3.000       62.800
   18      1       101      18         0      54       3.000       59.800
   17      1       101      18         0      54       3.000       56.800
   16      1       101      18         0      54       3.000       53.800
   15      1       101      18         0      54       3.000       50.800
   14      1       101      18         0      54       3.000       47.800
   13      1       101      18         0      54       3.000       44.800
   12      1       101      18         0      54       3.000       41.800
   11      1       101      18         0      54       3.000       38.800
   10      1       101      18         0      54       3.000       35.800
    9      1       101      18         0      54       3.000       32.800
    8      1       101      18         0      54       3.000       29.800
    7      1       101      18         0      54       3.000       26.800
    6      1       101      18         0      54       3.000       23.800
    5      1       101      18         0      53       5.800       20.800
    4      1       192      58         0      52       3.700       15.000
    3      1       269      61         0      52       3.700       11.300
    2      1       291      61         0      52       3.700        7.600
    1      1       291      61         0      52       3.900        3.900

   ----------------------------------------------------------
  保护层：

  层号    塔号       梁保护层(mm)       柱保护层(mm)       墙保护层(mm)

   36      1          20                 20                 15
   35      1          20                 20                 15
   34      1          20                 20                 15
   33      1          20                 20                 15
   32      1          20                 20                 15
   31      1          20                 20                 15
   30      1          20                 20                 15
   29      1          20                 20                 15
   28      1          20                 20                 15
   27      1          20                 20                 15
   26      1          20                 20                 15
   25      1          20                 20                 15
   24      1          20                 20                 15
   23      1          20                 20                 15
   22      1          20                 20                 15
   21      1          20                 20                 15
   20      1          20                 20                 15
   19      1          20                 20                 15
   18      1          20                 20                 15
   17      1          20                 20                 15
   16      1          20                 20                 15
   15      1          20                 20                 15
   14      1          20                 20                 15
   13      1          20                 20                 15
   12      1          20                 20                 15
   11      1          20                 20                 15
   10      1          20                 20                 15
    9      1          20                 20                 15
    8      1          20                 20                 15
    7      1          20                 20                 15
    6      1          20                 20                 15
    5      1          20                 20                 15
    4      1          20                 20                 15
    3      1          20                 20                 15
    2      1          20                 20                 15
    1      1          20                 20                 15

   ----------------------------------------------------------
  混凝土构件：

  层号    塔号       梁数             柱数           支撑数             墙数
                (混凝土/主筋)    (混凝土/主筋)    (混凝土/主筋)    (混凝土/主筋)

   36      1     105(C30/360)      18(C30/360)         ---           54(C30/360)
   35      1     101(C30/360)      18(C30/360)         ---           54(C30/360)
   34      1     101(C30/360)      18(C30/360)         ---           54(C30/360)
   33      1     101(C30/360)      18(C30/360)         ---           54(C30/360)
   32      1     101(C30/360)      18(C30/360)         ---           54(C30/360)
   31      1     101(C30/360)      18(C30/360)         ---           54(C30/360)
   30      1     101(C30/360)      18(C30/360)         ---           54(C30/360)
   29      1     101(C30/360)      18(C30/360)         ---           54(C30/360)
   28      1     101(C30/360)      18(C30/360)         ---           54(C30/360)
   27      1     101(C30/360)      18(C40/360)         ---           54(C40/360)
   26      1     101(C30/360)      18(C40/360)         ---           54(C40/360)
   25      1     101(C30/360)      18(C40/360)         ---           54(C40/360)
   24      1     101(C30/360)      18(C40/360)         ---           54(C40/360)
   23      1     101(C30/360)      18(C40/360)         ---           54(C40/360)
   22      1     101(C30/360)      18(C40/360)         ---           54(C40/360)
   21      1     101(C30/360)      18(C40/360)         ---           54(C40/360)
   20      1     101(C30/360)      18(C50/360)         ---           54(C50/360)
   19      1     101(C30/360)      18(C50/360)         ---           54(C50/360)
   18      1     101(C30/360)      18(C50/360)         ---           54(C50/360)
   17      1     101(C30/360)      18(C50/360)         ---           54(C50/360)
   16      1     101(C30/360)      18(C50/360)         ---           54(C50/360)
   15      1     101(C30/360)      18(C50/360)         ---           54(C50/360)
   14      1     101(C30/360)      18(C60/360)         ---           54(C60/360)
   13      1     101(C30/360)      18(C60/360)         ---           54(C60/360)
   12      1     101(C30/360)      18(C60/360)         ---           54(C60/360)
   11      1     101(C30/360)      18(C60/360)         ---           54(C60/360)
   10      1     101(C30/360)      18(C60/360)         ---           54(C60/360)
    9      1     101(C30/360)      18(C60/360)         ---           54(C60/360)
    8      1     101(C30/360)      18(C60/360)         ---           54(C60/360)
    7      1     101(C30/360)      18(C60/360)         ---           54(C60/360)
    6      1     101(C30/360)      18(C60/360)         ---           54(C60/360)
    5      1     101(C30/360)      18(C60/360)         ---           53(C60/360)
    4      1     192(C30/360)      58(C60/360)         ---           52(C60/360)
    3      1     269(C30/360)      61(C60/360)         ---           52(C60/360)
    2      1     291(C30/360)      61(C60/360)         ---           52(C60/360)
    1      1     291(C30/360)      61(C60/360)         ---           52(C60/360)



   ----------------------------------------------------------
  箍筋（墙分布筋）：

  层号    塔号     梁数       柱数      支撑数        墙数       边缘构件
                  (箍筋)     (箍筋)     (箍筋)     (水平/竖向)    (箍筋)

   36      1    107(360)    18(360)       ---      54(360/360)      (360)
   35      1    107(360)    18(360)       ---      54(360/360)      (360)
   34      1    107(360)    18(360)       ---      54(360/360)      (360)
   33      1    107(360)    18(360)       ---      54(360/360)      (360)
   32      1    107(360)    18(360)       ---      54(360/360)      (360)
   31      1    107(360)    18(360)       ---      54(360/360)      (360)
   30      1    107(360)    18(360)       ---      54(360/360)      (360)
   29      1    107(360)    18(360)       ---      54(360/360)      (360)
   28      1    107(360)    18(360)       ---      54(360/360)      (360)
   27      1    107(360)    18(360)       ---      54(360/360)      (360)
   26      1    107(360)    18(360)       ---      54(360/360)      (360)
   25      1    107(360)    18(360)       ---      54(360/360)      (360)
   24      1    107(360)    18(360)       ---      54(360/360)      (360)
   23      1    107(360)    18(360)       ---      54(360/360)      (360)
   22      1    107(360)    18(360)       ---      54(360/360)      (360)
   21      1    107(360)    18(360)       ---      54(360/360)      (360)
   20      1    107(360)    18(360)       ---      54(360/360)      (360)
   19      1    107(360)    18(360)       ---      54(360/360)      (360)
   18      1    107(360)    18(360)       ---      54(360/360)      (360)
   17      1    107(360)    18(360)       ---      54(360/360)      (360)
   16      1    107(360)    18(360)       ---      54(360/360)      (360)
   15      1    107(360)    18(360)       ---      54(360/360)      (360)
   14      1    107(360)    18(360)       ---      54(360/360)      (360)
   13      1    107(360)    18(360)       ---      54(360/360)      (360)
   12      1    107(360)    18(360)       ---      54(360/360)      (360)
   11      1    107(360)    18(360)       ---      54(360/360)      (360)
   10      1    107(360)    18(360)       ---      54(360/360)      (360)
    9      1    107(360)    18(360)       ---      54(360/360)      (360)
    8      1    107(360)    18(360)       ---      54(360/360)      (360)
    7      1    107(360)    18(360)       ---      54(360/360)      (360)
    6      1    107(360)    18(360)       ---      54(360/360)      (360)
    5      1    107(360)    18(360)       ---      53(360/360)      (360)
    4      1    199(360)    58(360)       ---      52(360/360)      (360)
    3      1    276(360)    61(360)       ---      52(360/360)      (360)
    2      1    300(360)    61(360)       ---      52(360/360)      (360)
    1      1    300(360)    61(360)       ---      52(360/360)      (360)

     **********************************************************
                         X、Y方向剪力墙截面面积
     **********************************************************

  层号    塔号    X向墙截面积(m2)    Y向墙截面积(m2)

   36      1      11.979              9.184
   35      1      12.179              9.184
   34      1      12.179              9.184
   33      1      12.179              9.184
   32      1      12.179              9.184
   31      1      12.179              9.184
   30      1      12.179              9.184
   29      1      12.179              9.184
   28      1      12.179              9.184
   27      1      12.179              9.184
   26      1      12.179              9.184
   25      1      12.179              9.184
   24      1      12.179              9.184
   23      1      12.179              9.184
   22      1      12.179              9.184
   21      1      12.179              9.184
   20      1      12.179              9.184
   19      1      12.179              9.184
   18      1      12.179              9.184
   17      1      12.179              9.184
   16      1      12.179              9.184
   15      1      12.179              9.184
   14      1      12.179              9.184
   13      1      12.179              9.184
   12      1      12.179              9.184
   11      1      12.179              9.184
   10      1      12.179              9.184
    9      1      12.179              9.184
    8      1      12.179              9.184
    7      1      12.179              9.184
    6      1      12.179              9.184
    5      1      17.426             13.206
    4      1      18.221             14.806
    3      1      18.016             14.656
    2      1      18.336             14.656
    1      1      18.336             14.656

     **********************************************************
                                风荷载信息
     **********************************************************

  层号   塔号  风向    顺风外力    顺风剪力    顺风倾覆弯矩
   36     1     X       231.1       231.1          693.2
                Y       278.6       278.6          835.9
   35     1     X       226.0       457.0         2064.2
                Y       272.5       551.1         2489.3
   34     1     X       220.9       677.9         4098.0
                Y       266.4       817.6         4942.0
   33     1     X       215.9       893.8         6779.4
                Y       260.4      1077.9         8175.8
   32     1     X       210.9      1104.7        10093.5
                Y       254.4      1332.3        12172.6
   31     1     X       205.9      1310.6        14025.4
                Y       248.4      1580.7        16914.7
   30     1     X       201.0      1511.6        18560.2
                Y       242.4      1823.1        22384.1
   29     1     X       196.1      1707.7        23683.3
                Y       236.5      2059.6        28563.0
   28     1     X       191.1      1898.8        29379.8
                Y       230.6      2290.2        35433.7
   27     1     X       186.2      2085.1        35634.9
                Y       224.7      2514.9        42978.4
   26     1     X       181.3      2266.3        42434.0
                Y       218.7      2733.6        51179.3
   25     1     X       176.3      2442.7        49762.1
                Y       212.8      2946.4        60018.4
   24     1     X       171.4      2614.1        57604.3
                Y       206.8      3153.2        69477.9
   23     1     X       166.4      2780.5        65945.7
                Y       200.8      3353.9        79539.8
   22     1     X       161.3      2941.8        74771.1
                Y       194.7      3548.6        90185.6
   21     1     X       156.3      3098.1        84065.3
                Y       188.6      3737.2       101397.2
   20     1     X       151.1      3249.2        93812.8
                Y       182.4      3919.5       113155.9
   19     1     X       145.9      3395.1       103998.0
                Y       176.1      4095.6       125442.7
   18     1     X       140.6      3535.6       114605.0
                Y       169.7      4265.3       138238.6
   17     1     X       135.2      3670.8       125617.4
                Y       163.2      4428.5       151524.0
   16     1     X       129.7      3800.5       137018.9
                Y       156.5      4585.0       165278.8
   15     1     X       124.0      3924.5       148792.3
                Y       149.7      4734.6       179482.8
   14     1     X       118.2      4042.7       160920.3
                Y       142.7      4877.3       194114.7
   13     1     X       112.2      4154.8       173384.9
                Y       135.4      5012.7       209152.9
   12     1     X       105.9      4260.8       186167.2
                Y       127.9      5140.6       224574.8
   11     1     X        99.4      4360.2       199247.8
                Y       120.0      5260.7       240356.8
   10     1     X        92.6      4452.8       212606.0
                Y       111.8      5372.5       256474.2
    9     1     X        85.3      4538.1       226220.2
                Y       103.0      5475.5       272900.6
    8     1     X        77.8      4615.9       240067.8
                Y        94.0      5569.4       289608.9
    7     1     X        74.6      4690.4       254139.2
                Y        90.1      5659.5       306587.5
    6     1     X        71.1      4761.6       268423.9
                Y        86.0      5745.5       323824.0
    5     1     X       130.2      4891.7       296795.9
                Y       157.4      5902.9       358060.7
    4     1     X         0.0      4891.7       314895.4
                Y         0.0      5902.9       379901.3
    3     1     X         0.0      4891.7       332994.8
                Y         0.0      5902.9       401741.9
    2     1     X         0.0      4891.7       351094.3
                Y         0.0      5902.9       423582.5
    1     1     X         0.0      4891.7       370172.0
                Y         0.0      5902.9       446603.7

     **********************************************************
                   各楼层等效尺寸(单位:m,m**2)
     **********************************************************

  层号   塔号   面积      形心X     形心Y   等效宽B   等效高H  最大宽BMAX  最小宽BMIN
  36      1    391.98     -0.09     -0.86     26.77    24.99      27.18       24.54
  35      1    391.98     -0.09     -0.86     26.77    24.99      27.18       24.54
  34      1    391.98     -0.09     -0.86     26.77    24.99      27.18       24.54
  33      1    391.98     -0.09     -0.86     26.77    24.99      27.18       24.54
  32      1    391.98     -0.09     -0.86     26.77    24.99      27.18       24.54
  31      1    391.98     -0.09     -0.86     26.77    24.99      27.18       24.54
  30      1    391.98     -0.09     -0.86     26.77    24.99      27.18       24.54
  29      1    391.98     -0.09     -0.86     26.77    24.99      27.18       24.54
  28      1    391.98     -0.09     -0.86     26.77    24.99      27.18       24.54
  27      1    391.98     -0.09     -0.86     26.77    24.99      27.18       24.54
  26      1    391.98     -0.09     -0.86     26.77    24.99      27.18       24.54
  25      1    391.98     -0.09     -0.86     26.77    24.99      27.18       24.54
  24      1    391.98     -0.09     -0.86     26.77    24.99      27.18       24.54
  23      1    391.98     -0.09     -0.86     26.77    24.99      27.18       24.54
  22      1    391.98     -0.09     -0.86     26.77    24.99      27.18       24.54
  21      1    391.98     -0.09     -0.86     26.77    24.99      27.18       24.54
  20      1    391.98     -0.09     -0.86     26.77    24.99      27.18       24.54
  19      1    391.98     -0.09     -0.86     26.77    24.99      27.18       24.54
  18      1    391.98     -0.09     -0.86     26.77    24.99      27.18       24.54
  17      1    391.98     -0.09     -0.86     26.77    24.99      27.18       24.54
  16      1    391.98     -0.09     -0.86     26.77    24.99      27.18       24.54
  15      1    391.98     -0.09     -0.86     26.77    24.99      27.18       24.54
  14      1    391.98     -0.09     -0.86     26.77    24.99      27.18       24.54
  13      1    391.98     -0.09     -0.86     26.77    24.99      27.18       24.54
  12      1    391.98     -0.09     -0.86     26.77    24.99      27.18       24.54
  11      1    391.98     -0.09     -0.86     26.77    24.99      27.18       24.54
  10      1    391.98     -0.09     -0.86     26.77    24.99      27.18       24.54
   9      1    391.98     -0.09     -0.86     26.77    24.99      27.18       24.54
   8      1    391.98     -0.09     -0.86     26.77    24.99      27.18       24.54
   7      1    391.98     -0.09     -0.86     26.77    24.99      27.18       24.54
   6      1    391.98     -0.09     -0.86     26.77    24.99      27.18       24.54
   5      1    391.98     -0.09     -0.86     26.76    24.98      27.17       24.54
   4      1   2403.19      9.80     11.36     48.07    50.72      52.19       46.46
   3      1   2441.39      9.42     11.69     48.87    51.14      53.51       46.27
   2      1   2441.39      9.42     11.69     48.87    51.14      53.51       46.27
   1      1   2441.39      9.42     11.69     48.87    51.14      53.51       46.27

     **********************************************************
          各楼层质量、单位面积质量分布(单位:kg/m**2)
     **********************************************************

  层号   塔号    楼层质量   单位面积质量 g[i]    单位面积质量比 max(g[i]/g[i-1],g[i]/g[i+1])
  36      1     7.52E+005      1919.08                1.11
  35      1      6.8E+005      1734.52                1.00
  34      1      6.8E+005      1734.52                1.00
  33      1      6.8E+005      1734.52                1.00
  32      1      6.8E+005      1734.52                1.00
  31      1      6.8E+005      1734.52                1.00
  30      1      6.8E+005      1734.52                1.00
  29      1      6.8E+005      1734.52                1.00
  28      1      6.8E+005      1734.52                1.00
  27      1      6.8E+005      1734.52                1.00
  26      1      6.8E+005      1734.52                1.00
  25      1      6.8E+005      1734.52                1.00
  24      1      6.8E+005      1734.52                1.00
  23      1      6.8E+005      1734.52                1.00
  22      1      6.8E+005      1734.52                1.00
  21      1      6.8E+005      1734.52                1.00
  20      1      6.8E+005      1734.52                1.00
  19      1      6.8E+005      1734.52                1.00
  18      1      6.8E+005      1734.52                1.00
  17      1      6.8E+005      1734.52                1.00
  16      1      6.8E+005      1734.52                1.00
  15      1      6.8E+005      1734.52                1.00
  14      1      6.8E+005      1734.52                1.00
  13      1      6.8E+005      1734.52                1.00
  12      1      6.8E+005      1734.52                1.00
  11      1      6.8E+005      1734.52                1.00
  10      1      6.8E+005      1734.52                1.00
   9      1      6.8E+005      1734.52                1.00
   8      1      6.8E+005      1734.52                1.00
   7      1      6.8E+005      1734.52                1.00
   6      1      6.8E+005      1734.52                1.00
   5      1     1.06E+006      2699.13                1.56
   4      1     1.17E+007      4881.83                3.43
   3      1     3.47E+006      1422.17                0.95
   2      1     3.67E+006      1502.52                1.06
   1      1     3.74E+006      1530.82                1.02

     **********************************************************
                       计算时间
     **********************************************************
   计算用时：00:01:41
   设计用时：00:00:53

     **********************************************************
             各层刚心、偏心率、相邻层侧移刚度比等计算信息
  Floor No     : 层号
  Tower No     : 塔号
  Xstif，Ystif : 刚心的 X，Y 坐标值
  Alf          : 层刚性主轴的方向
  Xmass，Ymass : 质心的 X，Y 坐标值
  Gmass        : 总质量
  Eex，Eey     : X，Y 方向的偏心率
  Ratx，Raty   : X，Y 方向本层塔侧移刚度与下一层相应塔侧移刚度的比值(剪切刚度)
  Ratx1，Raty1 : X，Y 方向本层塔侧移刚度与上一层相应塔侧移刚度70%的比值或上三层平均侧移刚度80%的比值中之较小者
  Ratx2，Raty2 : X，Y 方向本层塔侧移刚度与上一层相应塔侧移刚度90%或者150%比值。150%指嵌固层
  RJX1，RJY1，RJZ1: 结构总体坐标系中塔的侧移刚度和扭转刚度(剪切刚度)
  RJX3，RJY3，RJZ3: 结构总体坐标系中塔的侧移刚度和扭转刚度(地震剪力与地震层间位移的比)
     **********************************************************
  Floor No. 1     Tower No. 1
  Xstif=     7.5941(m)     Ystif=     9.7323(m)     Alf  =    45.0000(Degree)
  Xmass=     7.5226(m)     Ymass=     9.7198(m)     Gmass(重力荷载代表值)=  3983.6067( 3737.3337)(t)
  Eex  =     0.2514        Eey  =     0.0773
  Ratx =     1.0000        Raty =     1.0000
  薄弱层地震剪力放大系数= 1.00
  Ratx1=    10.5366        Raty1=     9.8760
  Ratx2=     5.1829        Raty2=     4.8579
  RJX1 = 7.4074E+007(kN/m)  RJY1 = 6.2608E+007(kN/m)  RJZ1 = 0.0000E+000(kN/m)
  RJX3 = 5.2247E+008(kN/m)  RJY3 = 4.7811E+008(kN/m)  RJZ3 = 6.3533E+007(kN*m/Rad)
     ----------------------------------------------------------
  Floor No. 2     Tower No. 1
  Xstif=     7.6891(m)     Ystif=     9.8172(m)     Alf  =    45.0000(Degree)
  Xmass=     7.5877(m)     Ymass=     9.8023(m)     Gmass(重力荷载代表值)=  3914.5112( 3668.2380)(t)
  Eex  =     0.2974        Eey  =     0.1111
  Ratx =     1.0655        Raty =     1.0683
  薄弱层地震剪力放大系数= 1.00
  Ratx1=     4.4298        Raty1=     4.5175
  Ratx2=     2.0672        Raty2=     2.1082
  RJX1 = 7.8928E+007(kN/m)  RJY1 = 6.6886E+007(kN/m)  RJZ1 = 0.0000E+000(kN/m)
  RJX3 = 7.0838E+007(kN/m)  RJY3 = 6.9159E+007(kN/m)  RJZ3 = 5.7743E+007(kN*m/Rad)
     ----------------------------------------------------------
  Floor No. 3     Tower No. 1
  Xstif=     7.7566(m)     Ystif=     9.8413(m)     Alf  =    45.0000(Degree)
  Xmass=     7.6678(m)     Ymass=     9.8225(m)     Gmass(重力荷载代表值)=  3718.3374( 3472.0759)(t)
  Eex  =     0.3568        Eey  =     0.0944
  Ratx =     0.9842        Raty =     1.0000
  薄弱层地震剪力放大系数= 1.00
  Ratx1=     2.6251        Raty1=     2.7209
  Ratx2=     2.0417        Raty2=     2.1163
  RJX1 = 7.7682E+007(kN/m)  RJY1 = 6.6886E+007(kN/m)  RJZ1 = 0.0000E+000(kN/m)
  RJX3 = 2.2845E+007(kN/m)  RJY3 = 2.1870E+007(kN/m)  RJZ3 = 4.8139E+007(kN*m/Rad)
     ----------------------------------------------------------
  Floor No. 4     Tower No. 1
  Xstif=     1.5693(m)     Ystif=     3.9129(m)     Alf  =    45.0000(Degree)
  Xmass=    10.9712(m)     Ymass=    11.8017(m)     Gmass(重力荷载代表值)= 12335.7813(11731.9580)(t)
  Eex  =     0.4371        Eey  =     0.4841
  Ratx =     1.0037        Raty =     1.0011
  薄弱层地震剪力放大系数= 1.00
  Ratx1=     3.9582        Raty1=     4.6968
  Ratx2=     2.5995        Raty2=     3.1040
  RJX1 = 7.7968E+007(kN/m)  RJY1 = 6.6957E+007(kN/m)  RJZ1 = 0.0000E+000(kN/m)
  RJX3 = 1.2432E+007(kN/m)  RJY3 = 1.1483E+007(kN/m)  RJZ3 = 1.4652E+010(kN*m/Rad)
     ----------------------------------------------------------
  Floor No. 5     Tower No. 1
  Xstif=    -0.3250(m)     Ystif=     3.7108(m)     Alf  =    45.0000(Degree)
  Xmass=    -0.1745(m)     Ymass=    -0.8684(m)     Gmass(重力荷载代表值)=  1104.2913( 1058.0023)(t)
  Eex  =     0.3856        Eey  =     0.0106
  Ratx =     0.5544        Raty =     0.5007
  薄弱层地震剪力放大系数= 1.00
  Ratx1=     1.0648        Raty1=     1.0578
  Ratx2=     1.6012        Raty2=     1.5906
  RJX1 = 4.3227E+007(kN/m)  RJY1 = 3.3527E+007(kN/m)  RJZ1 = 0.0000E+000(kN/m)
  RJX3 = 3.3899E+006(kN/m)  RJY3 = 2.6221E+006(kN/m)  RJZ3 = 2.2466E+009(kN*m/Rad)
     ----------------------------------------------------------
  Floor No. 6     Tower No. 1
  Xstif=    -0.2749(m)     Ystif=     3.1105(m)     Alf  =    45.0000(Degree)
  Xmass=    -0.1330(m)     Ymass=    -0.7349(m)     Gmass(重力荷载代表值)=   726.1953(  679.8948)(t)
  Eex  =     0.3372        Eey  =     0.0111
  Ratx =     1.3519        Raty =     1.3989
  薄弱层地震剪力放大系数= 1.00
  Ratx1=     1.6393        Raty1=     1.6350
  Ratx2=     1.3157        Raty2=     1.3095
  RJX1 = 5.8437E+007(kN/m)  RJY1 = 4.6900E+007(kN/m)  RJZ1 = 0.0000E+000(kN/m)
  RJX3 = 4.5478E+006(kN/m)  RJY3 = 3.5411E+006(kN/m)  RJZ3 = 4.0012E+009(kN*m/Rad)
     ----------------------------------------------------------
  Floor No. 7     Tower No. 1
  Xstif=    -0.2751(m)     Ystif=     3.1105(m)     Alf  =    45.0000(Degree)
  Xmass=    -0.1330(m)     Ymass=    -0.7349(m)     Gmass(重力荷载代表值)=   726.1953(  679.8948)(t)
  Eex  =     0.3372        Eey  =     0.0111
  Ratx =     1.0000        Raty =     1.0000
  薄弱层地震剪力放大系数= 1.00
  Ratx1=     1.5209        Raty1=     1.5267
  Ratx2=     1.2447        Raty2=     1.2478
  RJX1 = 5.8437E+007(kN/m)  RJY1 = 4.6900E+007(kN/m)  RJZ1 = 0.0000E+000(kN/m)
  RJX3 = 3.8406E+006(kN/m)  RJY3 = 3.0046E+006(kN/m)  RJZ3 = 4.0012E+009(kN*m/Rad)
     ----------------------------------------------------------
  Floor No. 8     Tower No. 1
  Xstif=    -0.2751(m)     Ystif=     3.1105(m)     Alf  =    45.0000(Degree)
  Xmass=    -0.1330(m)     Ymass=    -0.7349(m)     Gmass(重力荷载代表值)=   726.1953(  679.8948)(t)
  Eex  =     0.3372        Eey  =     0.0111
  Ratx =     1.0000        Raty =     1.0000
  薄弱层地震剪力放大系数= 1.00
  Ratx1=     1.4672        Raty1=     1.4700
  Ratx2=     1.2153        Raty2=     1.2175
  RJX1 = 5.8437E+007(kN/m)  RJY1 = 4.6900E+007(kN/m)  RJZ1 = 0.0000E+000(kN/m)
  RJX3 = 3.4284E+006(kN/m)  RJY3 = 2.6755E+006(kN/m)  RJZ3 = 4.0012E+009(kN*m/Rad)
     ----------------------------------------------------------
  Floor No. 9     Tower No. 1
  Xstif=    -0.2751(m)     Ystif=     3.1105(m)     Alf  =    45.0000(Degree)
  Xmass=    -0.1330(m)     Ymass=    -0.7349(m)     Gmass(重力荷载代表值)=   726.1953(  679.8948)(t)
  Eex  =     0.3372        Eey  =     0.0111
  Ratx =     1.0000        Raty =     1.0000
  薄弱层地震剪力放大系数= 1.00
  Ratx1=     1.4351        Raty1=     1.4336
  Ratx2=     1.1980        Raty2=     1.1989
  RJX1 = 5.8437E+007(kN/m)  RJY1 = 4.6900E+007(kN/m)  RJZ1 = 0.0000E+000(kN/m)
  RJX3 = 3.1344E+006(kN/m)  RJY3 = 2.4418E+006(kN/m)  RJZ3 = 4.0012E+009(kN*m/Rad)
     ----------------------------------------------------------
  Floor No. 10     Tower No. 1
  Xstif=    -0.2751(m)     Ystif=     3.1105(m)     Alf  =    45.0000(Degree)
  Xmass=    -0.1330(m)     Ymass=    -0.7349(m)     Gmass(重力荷载代表值)=   726.1953(  679.8948)(t)
  Eex  =     0.3372        Eey  =     0.0111
  Ratx =     1.0000        Raty =     1.0000
  薄弱层地震剪力放大系数= 1.00
  Ratx1=     1.4145        Raty1=     1.4072
  Ratx2=     1.1872        Raty2=     1.1859
  RJX1 = 5.8437E+007(kN/m)  RJY1 = 4.6900E+007(kN/m)  RJZ1 = 0.0000E+000(kN/m)
  RJX3 = 2.9071E+006(kN/m)  RJY3 = 2.2630E+006(kN/m)  RJZ3 = 4.0012E+009(kN*m/Rad)
     ----------------------------------------------------------
  Floor No. 11     Tower No. 1
  Xstif=    -0.2751(m)     Ystif=     3.1105(m)     Alf  =    45.0000(Degree)
  Xmass=    -0.1330(m)     Ymass=    -0.7349(m)     Gmass(重力荷载代表值)=   726.1953(  679.8948)(t)
  Eex  =     0.3372        Eey  =     0.0111
  Ratx =     1.0000        Raty =     1.0000
  薄弱层地震剪力放大系数= 1.00
  Ratx1=     1.4002        Raty1=     1.3861
  Ratx2=     1.1798        Raty2=     1.1758
  RJX1 = 5.8437E+007(kN/m)  RJY1 = 4.6900E+007(kN/m)  RJZ1 = 0.0000E+000(kN/m)
  RJX3 = 2.7208E+006(kN/m)  RJY3 = 2.1203E+006(kN/m)  RJZ3 = 4.0012E+009(kN*m/Rad)
     ----------------------------------------------------------
  Floor No. 12     Tower No. 1
  Xstif=    -0.2751(m)     Ystif=     3.1105(m)     Alf  =    45.0000(Degree)
  Xmass=    -0.1330(m)     Ymass=    -0.7349(m)     Gmass(重力荷载代表值)=   726.1953(  679.8948)(t)
  Eex  =     0.3372        Eey  =     0.0111
  Ratx =     1.0000        Raty =     1.0000
  薄弱层地震剪力放大系数= 1.00
  Ratx1=     1.3908        Raty1=     1.3698
  Ratx2=     1.1746        Raty2=     1.1674
  RJX1 = 5.8437E+007(kN/m)  RJY1 = 4.6900E+007(kN/m)  RJZ1 = 0.0000E+000(kN/m)
  RJX3 = 2.5624E+006(kN/m)  RJY3 = 2.0036E+006(kN/m)  RJZ3 = 4.0012E+009(kN*m/Rad)
     ----------------------------------------------------------
  Floor No. 13     Tower No. 1
  Xstif=    -0.2751(m)     Ystif=     3.1105(m)     Alf  =    45.0000(Degree)
  Xmass=    -0.1330(m)     Ymass=    -0.7349(m)     Gmass(重力荷载代表值)=   726.1953(  679.8948)(t)
  Eex  =     0.3372        Eey  =     0.0111
  Ratx =     1.0000        Raty =     1.0000
  薄弱层地震剪力放大系数= 1.00
  Ratx1=     1.3836        Raty1=     1.3567
  Ratx2=     1.1707        Raty2=     1.1605
  RJX1 = 5.8437E+007(kN/m)  RJY1 = 4.6900E+007(kN/m)  RJZ1 = 0.0000E+000(kN/m)
  RJX3 = 2.4239E+006(kN/m)  RJY3 = 1.9069E+006(kN/m)  RJZ3 = 4.0012E+009(kN*m/Rad)
     ----------------------------------------------------------
  Floor No. 14     Tower No. 1
  Xstif=    -0.2751(m)     Ystif=     3.1105(m)     Alf  =    45.0000(Degree)
  Xmass=    -0.1330(m)     Ymass=    -0.7349(m)     Gmass(重力荷载代表值)=   726.1953(  679.8948)(t)
  Eex  =     0.3372        Eey  =     0.0111
  Ratx =     1.0000        Raty =     1.0000
  薄弱层地震剪力放大系数= 1.00
  Ratx1=     1.3768        Raty1=     1.3461
  Ratx2=     1.1703        Raty2=     1.1576
  RJX1 = 5.8437E+007(kN/m)  RJY1 = 4.6900E+007(kN/m)  RJZ1 = 0.0000E+000(kN/m)
  RJX3 = 2.3006E+006(kN/m)  RJY3 = 1.8257E+006(kN/m)  RJZ3 = 4.0012E+009(kN*m/Rad)
     ----------------------------------------------------------
  Floor No. 15     Tower No. 1
  Xstif=    -0.2751(m)     Ystif=     3.1035(m)     Alf  =    45.0000(Degree)
  Xmass=    -0.1330(m)     Ymass=    -0.7349(m)     Gmass(重力荷载代表值)=   726.1953(  679.8948)(t)
  Eex  =     0.3366        Eey  =     0.0111
  Ratx =     0.9600        Raty =     0.9600
  薄弱层地震剪力放大系数= 1.00
  Ratx1=     1.3647        Raty1=     1.3337
  Ratx2=     1.1642        Raty2=     1.1503
  RJX1 = 5.6102E+007(kN/m)  RJY1 = 4.5026E+007(kN/m)  RJZ1 = 0.0000E+000(kN/m)
  RJX3 = 2.1842E+006(kN/m)  RJY3 = 1.7524E+006(kN/m)  RJZ3 = 3.8407E+009(kN*m/Rad)
     ----------------------------------------------------------
  Floor No. 16     Tower No. 1
  Xstif=    -0.2751(m)     Ystif=     3.1035(m)     Alf  =    45.0000(Degree)
  Xmass=    -0.1330(m)     Ymass=    -0.7349(m)     Gmass(重力荷载代表值)=   726.1953(  679.8948)(t)
  Eex  =     0.3366        Eey  =     0.0111
  Ratx =     1.0000        Raty =     1.0000
  薄弱层地震剪力放大系数= 1.00
  Ratx1=     1.3550        Raty1=     1.3274
  Ratx2=     1.1597        Raty2=     1.1461
  RJX1 = 5.6102E+007(kN/m)  RJY1 = 4.5026E+007(kN/m)  RJZ1 = 0.0000E+000(kN/m)
  RJX3 = 2.0846E+006(kN/m)  RJY3 = 1.6927E+006(kN/m)  RJZ3 = 3.8407E+009(kN*m/Rad)
     ----------------------------------------------------------
  Floor No. 17     Tower No. 1
  Xstif=    -0.2751(m)     Ystif=     3.1035(m)     Alf  =    45.0000(Degree)
  Xmass=    -0.1330(m)     Ymass=    -0.7349(m)     Gmass(重力荷载代表值)=   726.1953(  679.8948)(t)
  Eex  =     0.3366        Eey  =     0.0111
  Ratx =     1.0000        Raty =     1.0000
  薄弱层地震剪力放大系数= 1.00
  Ratx1=     1.3466        Raty1=     1.3258
  Ratx2=     1.1558        Raty2=     1.1442
  RJX1 = 5.6102E+007(kN/m)  RJY1 = 4.5026E+007(kN/m)  RJZ1 = 0.0000E+000(kN/m)
  RJX3 = 1.9973E+006(kN/m)  RJY3 = 1.6410E+006(kN/m)  RJZ3 = 3.8407E+009(kN*m/Rad)
     ----------------------------------------------------------
  Floor No. 18     Tower No. 1
  Xstif=    -0.2751(m)     Ystif=     3.1035(m)     Alf  =    45.0000(Degree)
  Xmass=    -0.1330(m)     Ymass=    -0.7349(m)     Gmass(重力荷载代表值)=   726.1953(  679.8948)(t)
  Eex  =     0.3366        Eey  =     0.0111
  Ratx =     1.0000        Raty =     1.0000
  薄弱层地震剪力放大系数= 1.00
  Ratx1=     1.3401        Raty1=     1.3288
  Ratx2=     1.1522        Raty2=     1.1442
  RJX1 = 5.6102E+007(kN/m)  RJY1 = 4.5026E+007(kN/m)  RJZ1 = 0.0000E+000(kN/m)
  RJX3 = 1.9201E+006(kN/m)  RJY3 = 1.5935E+006(kN/m)  RJZ3 = 3.8407E+009(kN*m/Rad)
     ----------------------------------------------------------
  Floor No. 19     Tower No. 1
  Xstif=    -0.2751(m)     Ystif=     3.1035(m)     Alf  =    45.0000(Degree)
  Xmass=    -0.1330(m)     Ymass=    -0.7349(m)     Gmass(重力荷载代表值)=   726.1953(  679.8948)(t)
  Eex  =     0.3366        Eey  =     0.0111
  Ratx =     1.0000        Raty =     1.0000
  薄弱层地震剪力放大系数= 1.00
  Ratx1=     1.3346        Raty1=     1.3337
  Ratx2=     1.1491        Raty2=     1.1457
  RJX1 = 5.6102E+007(kN/m)  RJY1 = 4.5026E+007(kN/m)  RJZ1 = 0.0000E+000(kN/m)
  RJX3 = 1.8517E+006(kN/m)  RJY3 = 1.5474E+006(kN/m)  RJZ3 = 3.8407E+009(kN*m/Rad)
     ----------------------------------------------------------
  Floor No. 20     Tower No. 1
  Xstif=    -0.2751(m)     Ystif=     3.1035(m)     Alf  =    45.0000(Degree)
  Xmass=    -0.1330(m)     Ymass=    -0.7349(m)     Gmass(重力荷载代表值)=   726.1953(  679.8948)(t)
  Eex  =     0.3366        Eey  =     0.0111
  Ratx =     1.0000        Raty =     1.0000
  薄弱层地震剪力放大系数= 1.00
  Ratx1=     1.3294        Raty1=     1.3379
  Ratx2=     1.1495        Raty2=     1.1508
  RJX1 = 5.6102E+007(kN/m)  RJY1 = 4.5026E+007(kN/m)  RJZ1 = 0.0000E+000(kN/m)
  RJX3 = 1.7905E+006(kN/m)  RJY3 = 1.5007E+006(kN/m)  RJZ3 = 3.8407E+009(kN*m/Rad)
     ----------------------------------------------------------
  Floor No. 21     Tower No. 1
  Xstif=    -0.2751(m)     Ystif=     3.0933(m)     Alf  =    45.0000(Degree)
  Xmass=    -0.1330(m)     Ymass=    -0.7349(m)     Gmass(重力荷载代表值)=   726.1953(  679.8948)(t)
  Eex  =     0.3357        Eey  =     0.0111
  Ratx =     0.9434        Raty =     0.9434
  薄弱层地震剪力放大系数= 1.00
  Ratx1=     1.3198        Raty1=     1.3346
  Ratx2=     1.1436        Raty2=     1.1489
  RJX1 = 5.2929E+007(kN/m)  RJY1 = 4.2479E+007(kN/m)  RJZ1 = 0.0000E+000(kN/m)
  RJX3 = 1.7307E+006(kN/m)  RJY3 = 1.4489E+006(kN/m)  RJZ3 = 3.6264E+009(kN*m/Rad)
     ----------------------------------------------------------
  Floor No. 22     Tower No. 1
  Xstif=    -0.2751(m)     Ystif=     3.0933(m)     Alf  =    45.0000(Degree)
  Xmass=    -0.1330(m)     Ymass=    -0.7349(m)     Gmass(重力荷载代表值)=   726.1953(  679.8948)(t)
  Eex  =     0.3357        Eey  =     0.0111
  Ratx =     1.0000        Raty =     1.0000
  薄弱层地震剪力放大系数= 1.00
  Ratx1=     1.3155        Raty1=     1.3321
  Ratx2=     1.1405        Raty2=     1.1481
  RJX1 = 5.2929E+007(kN/m)  RJY1 = 4.2479E+007(kN/m)  RJZ1 = 0.0000E+000(kN/m)
  RJX3 = 1.6816E+006(kN/m)  RJY3 = 1.4013E+006(kN/m)  RJZ3 = 3.6264E+009(kN*m/Rad)
     ----------------------------------------------------------
  Floor No. 23     Tower No. 1
  Xstif=    -0.2751(m)     Ystif=     3.0933(m)     Alf  =    45.0000(Degree)
  Xmass=    -0.1330(m)     Ymass=    -0.7349(m)     Gmass(重力荷载代表值)=   726.1953(  679.8948)(t)
  Eex  =     0.3357        Eey  =     0.0111
  Ratx =     1.0000        Raty =     1.0000
  薄弱层地震剪力放大系数= 1.00
  Ratx1=     1.3152        Raty1=     1.3282
  Ratx2=     1.1393        Raty2=     1.1470
  RJX1 = 5.2929E+007(kN/m)  RJY1 = 4.2479E+007(kN/m)  RJZ1 = 0.0000E+000(kN/m)
  RJX3 = 1.6382E+006(kN/m)  RJY3 = 1.3561E+006(kN/m)  RJZ3 = 3.6264E+009(kN*m/Rad)
     ----------------------------------------------------------
  Floor No. 24     Tower No. 1
  Xstif=    -0.2751(m)     Ystif=     3.0933(m)     Alf  =    45.0000(Degree)
  Xmass=    -0.1330(m)     Ymass=    -0.7349(m)     Gmass(重力荷载代表值)=   726.1953(  679.8948)(t)
  Eex  =     0.3357        Eey  =     0.0111
  Ratx =     1.0000        Raty =     1.0000
  薄弱层地震剪力放大系数= 1.00
  Ratx1=     1.3193        Raty1=     1.3234
  Ratx2=     1.1397        Raty2=     1.1449
  RJX1 = 5.2929E+007(kN/m)  RJY1 = 4.2479E+007(kN/m)  RJZ1 = 0.0000E+000(kN/m)
  RJX3 = 1.5977E+006(kN/m)  RJY3 = 1.3137E+006(kN/m)  RJZ3 = 3.6264E+009(kN*m/Rad)
     ----------------------------------------------------------
  Floor No. 25     Tower No. 1
  Xstif=    -0.2751(m)     Ystif=     3.0933(m)     Alf  =    45.0000(Degree)
  Xmass=    -0.1330(m)     Ymass=    -0.7349(m)     Gmass(重力荷载代表值)=   726.1953(  679.8948)(t)
  Eex  =     0.3357        Eey  =     0.0111
  Ratx =     1.0000        Raty =     1.0000
  薄弱层地震剪力放大系数= 1.00
  Ratx1=     1.3297        Raty1=     1.3207
  Ratx2=     1.1420        Raty2=     1.1424
  RJX1 = 5.2929E+007(kN/m)  RJY1 = 4.2479E+007(kN/m)  RJZ1 = 0.0000E+000(kN/m)
  RJX3 = 1.5576E+006(kN/m)  RJY3 = 1.2750E+006(kN/m)  RJZ3 = 3.6264E+009(kN*m/Rad)
     ----------------------------------------------------------
  Floor No. 26     Tower No. 1
  Xstif=    -0.2751(m)     Ystif=     3.0933(m)     Alf  =    45.0000(Degree)
  Xmass=    -0.1330(m)     Ymass=    -0.7349(m)     Gmass(重力荷载代表值)=   726.1953(  679.8948)(t)
  Eex  =     0.3357        Eey  =     0.0111
  Ratx =     1.0000        Raty =     1.0000
  薄弱层地震剪力放大系数= 1.00
  Ratx1=     1.3456        Raty1=     1.3213
  Ratx2=     1.1469        Raty2=     1.1410
  RJX1 = 5.2929E+007(kN/m)  RJY1 = 4.2479E+007(kN/m)  RJZ1 = 0.0000E+000(kN/m)
  RJX3 = 1.5155E+006(kN/m)  RJY3 = 1.2400E+006(kN/m)  RJZ3 = 3.6264E+009(kN*m/Rad)
     ----------------------------------------------------------
  Floor No. 27     Tower No. 1
  Xstif=    -0.2751(m)     Ystif=     3.0933(m)     Alf  =    45.0000(Degree)
  Xmass=    -0.1330(m)     Ymass=    -0.7349(m)     Gmass(重力荷载代表值)=   726.1953(  679.8948)(t)
  Eex  =     0.3357        Eey  =     0.0111
  Ratx =     1.0000        Raty =     1.0000
  薄弱层地震剪力放大系数= 1.00
  Ratx1=     1.3678        Raty1=     1.3277
  Ratx2=     1.1574        Raty2=     1.1443
  RJX1 = 5.2929E+007(kN/m)  RJY1 = 4.2479E+007(kN/m)  RJZ1 = 0.0000E+000(kN/m)
  RJX3 = 1.4681E+006(kN/m)  RJY3 = 1.2075E+006(kN/m)  RJZ3 = 3.6264E+009(kN*m/Rad)
     ----------------------------------------------------------
  Floor No. 28     Tower No. 1
  Xstif=    -0.2751(m)     Ystif=     3.0791(m)     Alf  =    45.0000(Degree)
  Xmass=    -0.1330(m)     Ymass=    -0.7349(m)     Gmass(重力荷载代表值)=   726.1953(  679.8948)(t)
  Eex  =     0.3344        Eey  =     0.0111
  Ratx =     0.9139        Raty =     0.9139
  薄弱层地震剪力放大系数= 1.00
  Ratx1=     1.3935        Raty1=     1.3393
  Ratx2=     1.1636        Raty2=     1.1437
  RJX1 = 4.8369E+007(kN/m)  RJY1 = 3.8820E+007(kN/m)  RJZ1 = 0.0000E+000(kN/m)
  RJX3 = 1.4094E+006(kN/m)  RJY3 = 1.1725E+006(kN/m)  RJZ3 = 3.3583E+009(kN*m/Rad)
     ----------------------------------------------------------
  Floor No. 29     Tower No. 1
  Xstif=    -0.2751(m)     Ystif=     3.0791(m)     Alf  =    45.0000(Degree)
  Xmass=    -0.1330(m)     Ymass=    -0.7349(m)     Gmass(重力荷载代表值)=   726.1953(  679.8948)(t)
  Eex  =     0.3344        Eey  =     0.0111
  Ratx =     1.0000        Raty =     1.0000
  薄弱层地震剪力放大系数= 1.00
  Ratx1=     1.4379        Raty1=     1.3722
  Ratx2=     1.1775        Raty2=     1.1517
  RJX1 = 4.8369E+007(kN/m)  RJY1 = 3.8820E+007(kN/m)  RJZ1 = 0.0000E+000(kN/m)
  RJX3 = 1.3458E+006(kN/m)  RJY3 = 1.1391E+006(kN/m)  RJZ3 = 3.3583E+009(kN*m/Rad)
     ----------------------------------------------------------
  Floor No. 30     Tower No. 1
  Xstif=    -0.2751(m)     Ystif=     3.0791(m)     Alf  =    45.0000(Degree)
  Xmass=    -0.1330(m)     Ymass=    -0.7349(m)     Gmass(重力荷载代表值)=   726.1953(  679.8948)(t)
  Eex  =     0.3344        Eey  =     0.0111
  Ratx =     1.0000        Raty =     1.0000
  薄弱层地震剪力放大系数= 1.00
  Ratx1=     1.5059        Raty1=     1.4317
  Ratx2=     1.1988        Raty2=     1.1687
  RJX1 = 4.8369E+007(kN/m)  RJY1 = 3.8820E+007(kN/m)  RJZ1 = 0.0000E+000(kN/m)
  RJX3 = 1.2699E+006(kN/m)  RJY3 = 1.0990E+006(kN/m)  RJZ3 = 3.3583E+009(kN*m/Rad)
     ----------------------------------------------------------
  Floor No. 31     Tower No. 1
  Xstif=    -0.2751(m)     Ystif=     3.0791(m)     Alf  =    45.0000(Degree)
  Xmass=    -0.1330(m)     Ymass=    -0.7349(m)     Gmass(重力荷载代表值)=   726.1953(  679.8948)(t)
  Eex  =     0.3344        Eey  =     0.0111
  Ratx =     1.0000        Raty =     1.0000
  薄弱层地震剪力放大系数= 1.00
  Ratx1=     1.5822        Raty1=     1.5326
  Ratx2=     1.2306        Raty2=     1.1977
  RJX1 = 4.8369E+007(kN/m)  RJY1 = 3.8820E+007(kN/m)  RJZ1 = 0.0000E+000(kN/m)
  RJX3 = 1.1771E+006(kN/m)  RJY3 = 1.0448E+006(kN/m)  RJZ3 = 3.3583E+009(kN*m/Rad)
     ----------------------------------------------------------
  Floor No. 32     Tower No. 1
  Xstif=    -0.2751(m)     Ystif=     3.0791(m)     Alf  =    45.0000(Degree)
  Xmass=    -0.1330(m)     Ymass=    -0.7349(m)     Gmass(重力荷载代表值)=   726.1953(  679.8948)(t)
  Eex  =     0.3344        Eey  =     0.0111
  Ratx =     1.0000        Raty =     1.0000
  薄弱层地震剪力放大系数= 1.00
  Ratx1=     1.6458        Raty1=     1.6018
  Ratx2=     1.2801        Raty2=     1.2459
  RJX1 = 4.8369E+007(kN/m)  RJY1 = 3.8820E+007(kN/m)  RJZ1 = 0.0000E+000(kN/m)
  RJX3 = 1.0628E+006(kN/m)  RJY3 = 9.6927E+005(kN/m)  RJZ3 = 3.3583E+009(kN*m/Rad)
     ----------------------------------------------------------
  Floor No. 33     Tower No. 1
  Xstif=    -0.2751(m)     Ystif=     3.0791(m)     Alf  =    45.0000(Degree)
  Xmass=    -0.1330(m)     Ymass=    -0.7349(m)     Gmass(重力荷载代表值)=   726.1953(  679.8948)(t)
  Eex  =     0.3344        Eey  =     0.0111
  Ratx =     1.0000        Raty =     1.0000
  薄弱层地震剪力放大系数= 1.00
  Ratx1=     1.7530        Raty1=     1.7083
  Ratx2=     1.3635        Raty2=     1.3287
  RJX1 = 4.8369E+007(kN/m)  RJY1 = 3.8820E+007(kN/m)  RJZ1 = 0.0000E+000(kN/m)
  RJX3 = 9.2251E+005(kN/m)  RJY3 = 8.6443E+005(kN/m)  RJZ3 = 3.3583E+009(kN*m/Rad)
     ----------------------------------------------------------
  Floor No. 34     Tower No. 1
  Xstif=    -0.2751(m)     Ystif=     3.0791(m)     Alf  =    45.0000(Degree)
  Xmass=    -0.1330(m)     Ymass=    -0.7349(m)     Gmass(重力荷载代表值)=   726.1953(  679.8948)(t)
  Eex  =     0.3344        Eey  =     0.0111
  Ratx =     1.0000        Raty =     1.0000
  薄弱层地震剪力放大系数= 1.00
  Ratx1=     1.9647        Raty1=     1.9222
  Ratx2=     1.5281        Raty2=     1.4951
  RJX1 = 4.8369E+007(kN/m)  RJY1 = 3.8820E+007(kN/m)  RJZ1 = 0.0000E+000(kN/m)
  RJX3 = 7.5177E+005(kN/m)  RJY3 = 7.2286E+005(kN/m)  RJZ3 = 3.3583E+009(kN*m/Rad)
     ----------------------------------------------------------
  Floor No. 35     Tower No. 1
  Xstif=    -0.2750(m)     Ystif=     3.0797(m)     Alf  =    45.0000(Degree)
  Xmass=    -0.1330(m)     Ymass=    -0.7349(m)     Gmass(重力荷载代表值)=   726.1953(  679.8948)(t)
  Eex  =     0.3345        Eey  =     0.0111
  Ratx =     1.0000        Raty =     1.0000
  薄弱层地震剪力放大系数= 1.00
  Ratx1=     2.5572        Raty1=     2.5153
  Ratx2=     1.9889        Raty2=     1.9563
  RJX1 = 4.8369E+007(kN/m)  RJY1 = 3.8820E+007(kN/m)  RJZ1 = 0.0000E+000(kN/m)
  RJX3 = 5.4661E+005(kN/m)  RJY3 = 5.3723E+005(kN/m)  RJZ3 = 3.3580E+009(kN*m/Rad)
     ----------------------------------------------------------
  Floor No. 36     Tower No. 1
  Xstif=    -0.2749(m)     Ystif=     3.2599(m)     Alf  =    45.0000(Degree)
  Xmass=    -0.1284(m)     Ymass=    -0.7085(m)     Gmass(重力荷载代表值)=   796.7534(  752.2418)(t)
  Eex  =     0.3487        Eey  =     0.0116
  Ratx =     0.9836        Raty =     1.0000
  薄弱层地震剪力放大系数= 1.00
  Ratx1=     1.0000        Raty1=     1.0000
  Ratx2=     1.0000        Raty2=     1.0000
  RJX1 = 4.7575E+007(kN/m)  RJY1 = 3.8820E+007(kN/m)  RJZ1 = 0.0000E+000(kN/m)
  RJX3 = 3.0537E+005(kN/m)  RJY3 = 3.0512E+005(kN/m)  RJZ3 = 3.2743E+009(kN*m/Rad)
     ----------------------------------------------------------
  X方向最小刚度比:  1.0000(36层1塔)
  Y方向最小刚度比:  1.0000(36层1塔)

============================================================================
 地下室楼层侧向刚度比验算（剪切刚度）
============================================================================
  地下室层号：  4    塔号：  1
  X方向地下一层剪切刚度=7.7968E+007   X方向地上一层剪切刚度=4.3227E+007   X方向刚度比=    1.8037
  Y方向地下一层剪切刚度=6.6957E+007   Y方向地上一层剪切刚度=3.3527E+007   Y方向刚度比=    1.9971

     **********************************************************
                       结构整体抗倾覆验算
     **********************************************************

               抗倾覆力矩Mr     倾覆力矩Mov    比值Mr/Mov    零应力区(%)

  层号：1   塔号：1

  X向风        1.008E+007       3.956E+005         25.47         0.00
  Y向风        1.003E+007       4.773E+005         21.02         0.00
  X地震        9.828E+006       2.873E+005         34.21         0.00
  Y地震        9.786E+006       2.873E+005         34.06         0.00

     **********************************************************
                       结构整体稳定验算
     **********************************************************

  地震:

    层号：5   塔号：1

    X向刚重比 EJd/GH**2=     5.862
    Y向刚重比 EJd/GH**2=     4.817
    该结构刚重比EJd/GH**2大于1.4，能够通过《高规》5.4.4条的整体稳定验算
    该结构刚重比EJd/GH**2大于2.7，满足《高规》5.4.1，可以不考虑重力二阶效应

  风荷载:

    层号：5   塔号：1

    X向刚重比 EJd/GH**2=     6.182
    Y向刚重比 EJd/GH**2=     5.055
    该结构刚重比EJd/GH**2大于1.4，能够通过《高规》5.4.4条的整体稳定验算
    该结构刚重比EJd/GH**2大于2.7，满足《高规》5.4.1，可以不考虑重力二阶效应

     **********************************************************
                       二阶效应系数(仅针对于钢框架结构)
     **********************************************************

   层号   塔号    层高(m)       X向刚度(kN/m)       Y向刚度(kN/m)       上部重量(kN)       X系数       Y系数
   36      1      3.000         3.0537E+005         3.0512E+005         9739.1             0.011       0.011
   35      1      3.000         5.4661E+005         5.3723E+005        18638.6             0.011       0.012
   34      1      3.000         7.5177E+005         7.2286E+005        27538.2             0.012       0.013
   33      1      3.000         9.2251E+005         8.6443E+005        36437.7             0.013       0.014
   32      1      3.000         1.0628E+006         9.6927E+005        45337.3             0.014       0.016
   31      1      3.000         1.1771E+006         1.0448E+006        54236.8             0.015       0.017
   30      1      3.000         1.2699E+006         1.0990E+006        63136.4             0.017       0.019
   29      1      3.000         1.3458E+006         1.1391E+006        72035.9             0.018       0.021
   28      1      3.000         1.4094E+006         1.1725E+006        80935.5             0.019       0.023
   27      1      3.000         1.4681E+006         1.2075E+006        89835.0             0.020       0.025
   26      1      3.000         1.5155E+006         1.2400E+006        98734.5             0.022       0.027
   25      1      3.000         1.5576E+006         1.2750E+006       107634.1             0.023       0.028
   24      1      3.000         1.5977E+006         1.3137E+006       116533.6             0.024       0.030
   23      1      3.000         1.6382E+006         1.3561E+006       125433.2             0.026       0.031
   22      1      3.000         1.6816E+006         1.4013E+006       134332.7             0.027       0.032
   21      1      3.000         1.7307E+006         1.4489E+006       143232.3             0.028       0.033
   20      1      3.000         1.7905E+006         1.5007E+006       152131.8             0.028       0.034
   19      1      3.000         1.8517E+006         1.5474E+006       161031.4             0.029       0.035
   18      1      3.000         1.9201E+006         1.5935E+006       169930.9             0.030       0.036
   17      1      3.000         1.9973E+006         1.6410E+006       178830.5             0.030       0.036
   16      1      3.000         2.0846E+006         1.6927E+006       187730.0             0.030       0.037
   15      1      3.000         2.1842E+006         1.7524E+006       196629.6             0.030       0.037
   14      1      3.000         2.3006E+006         1.8257E+006       205529.1             0.030       0.038
   13      1      3.000         2.4239E+006         1.9069E+006       214428.7             0.029       0.037
   12      1      3.000         2.5624E+006         2.0036E+006       223328.2             0.029       0.037
   11      1      3.000         2.7208E+006         2.1203E+006       232227.8             0.028       0.037
   10      1      3.000         2.9071E+006         2.2630E+006       241127.3             0.028       0.036
    9      1      3.000         3.1344E+006         2.4418E+006       250026.8             0.027       0.034
    8      1      3.000         3.4284E+006         2.6755E+006       258926.4             0.025       0.032
    7      1      3.000         3.8406E+006         3.0046E+006       267825.9             0.023       0.030
    6      1      3.000         4.5478E+006         3.5411E+006       276725.5             0.020       0.026
    5      1      5.800         3.3899E+006         2.6221E+006       290162.1             0.015       0.019
    4      1      3.700         1.2432E+007         1.1483E+007       440606.8             0.010       0.010
    3      1      3.700         2.2845E+007         2.1870E+007       486211.9             0.006       0.006
    2      1      3.700         7.0838E+007         6.9159E+007       534171.1             0.002       0.002
    1      1      3.900         5.2247E+008         4.7811E+008       582959.5             0.000       0.000

     **********************************************************
                       结构抗震验算
     **********************************************************

   本工程如下楼层进行了最小剪重比调整：
   层号   塔号     X向调整系数      Y向调整系数
   36      1          1.109           1.054
   35      1          1.109           1.054
   34      1          1.109           1.054
   33      1          1.109           1.054
   32      1          1.109           1.054
   31      1          1.109           1.054
   30      1          1.109           1.054
   29      1          1.109           1.054
   28      1          1.109           1.054
   27      1          1.109           1.054
   26      1          1.109           1.054
   25      1          1.109           1.054
   24      1          1.109           1.054
   23      1          1.109           1.054
   22      1          1.109           1.054
   21      1          1.109           1.054
   20      1          1.109           1.054
   19      1          1.109           1.054
   18      1          1.109           1.054
   17      1          1.109           1.054
   16      1          1.109           1.054
   15      1          1.109           1.054
   14      1          1.109           1.054
   13      1          1.109           1.054
   12      1          1.109           1.054
   11      1          1.109           1.054
   10      1          1.109           1.054
    9      1          1.109           1.054
    8      1          1.109           1.054
    7      1          1.109           1.054
    6      1          1.109           1.054
    5      1          1.109           1.054

     **********************************************************
                       风振舒适度验算
     **********************************************************

   塔号：1

   按《荷载规范》附录J计算：
      X向顺风向顶点最大加速度(m/s2) = 0.104
      X向横风向顶点最大加速度(m/s2) = 0.035
      Y向顺风向顶点最大加速度(m/s2) = 0.126
      Y向横风向顶点最大加速度(m/s2) = 0.032


     **********************************************************
                              内外力平衡验算
     **********************************************************

   说明：
   恒、活荷载指本层及以上楼层恒、活荷载总值
   风荷载指本层及以上楼层风荷载总值
   注意：
   软件按构件所属楼层号统计该层内力，而外力是其上全部楼层的叠加结果，
   对于地下室部分及存在越层构件、多层构件接地等情况可能会导致内外力统计结果不平衡，不会影响其它设计结果

   ----------------------------------------------------------
   1、恒、活荷载作用下轴力平衡验算(kN)：

   层号   塔号      恒载   恒载下轴力        活载   活载下轴力
   36      1      7077.3       7077.3       890.2        890.2
   35      1     13413.2      13413.3      1816.2       1816.3
   34      1     19749.2      19749.4      2742.3       2742.3
   33      1     26085.1      26085.4      3668.3       3668.3
   32      1     32421.1      32421.6      4594.3       4594.3
   31      1     38757.0      38757.7      5520.3       5520.4
   30      1     45093.0      45093.9      6446.3       6446.4
   29      1     51428.9      51430.1      7372.3       7372.5
   28      1     57764.8      57766.4      8298.3       8298.5
   27      1     64100.8      64102.6      9224.3       9224.6
   26      1     70436.7      70438.9     10150.3      10150.6
   25      1     76772.7      76775.3     11076.3      11076.7
   24      1     83108.6      83111.6     12002.3      12002.8
   23      1     89444.6      89448.1     12928.4      12928.9
   22      1     95780.5      95784.5     13854.4      13855.0
   21      1    102116.5     102121.0     14780.4      14781.0
   20      1    108452.4     108457.3     15706.4      15707.1
   19      1    114788.4     114793.8     16632.4      16633.2
   18      1    121124.3     121130.4     17558.4      17559.3
   17      1    127460.2     127467.0     18484.4      18485.4
   16      1    133796.2     133803.6     19410.4      19411.5
   15      1    140132.1     140140.3     20336.4      20337.6
   14      1    146468.1     146476.7     21262.4      21263.7
   13      1    152804.0     152813.4     22188.5      22189.8
   12      1    159140.0     159150.1     23114.5      23115.9
   11      1    165475.9     165487.0     24040.5      24042.1
   10      1    171811.9     171823.7     24966.5      24968.2
    9      1    178147.8     178160.6     25892.5      25894.4
    8      1    184483.7     184497.5     26818.5      26820.5
    7      1    190819.7     190834.4     27744.5      27746.7
    6      1    197155.6     197171.6     28670.5      28672.8
    5      1    207272.7     207290.4     29596.3      29598.8
    4      1    318554.1     313890.6     41672.8      40940.3
    3      1    350812.2     345510.8     46598.0      45775.6
    2      1    385031.8     371811.4     51523.5      49647.0
    1      1    419942.5     412732.4     56448.9      55446.8

   ----------------------------------------------------------
   2、风荷载作用下剪力平衡验算(kN)：

   层号   塔号    X向风荷载    X向楼层剪力    Y向风荷载    Y向楼层剪力
   36      1          231.1          233.0        278.6          281.2
   35      1          457.0          460.6        551.1          555.9
   34      1          677.9          683.2        817.6          824.7
   33      1          893.8          900.9       1077.9         1087.7
   32      1         1104.7         1113.8       1332.3         1344.8
   31      1         1310.6         1321.7       1580.7         1596.1
   30      1         1511.6         1524.8       1823.1         1841.7
   29      1         1707.7         1723.1       2059.6         2081.4
   28      1         1898.8         1916.5       2290.2         2315.3
   27      1         2085.1         2105.0       2514.9         2543.4
   26      1         2266.3         2288.6       2733.6         2765.6
   25      1         2442.7         2467.3       2946.4         2982.0
   24      1         2614.1         2641.1       3153.2         3192.4
   23      1         2780.5         2809.9       3353.9         3396.9
   22      1         2941.8         2973.6       3548.6         3595.2
   21      1         3098.1         3132.1       3737.2         3787.3
   20      1         3249.2         3285.3       3919.5         3973.0
   19      1         3395.1         3433.3       4095.6         4152.5
   18      1         3535.6         3575.9       4265.3         4325.5
   17      1         3670.8         3713.0       4428.5         4491.7
   16      1         3800.5         3844.3       4585.0         4651.0
   15      1         3924.5         3969.7       4734.6         4803.2
   14      1         4042.7         4088.9       4877.3         4947.8
   13      1         4154.8         4202.0       5012.7         5085.0
   12      1         4260.8         4308.4       5140.6         5214.1
   11      1         4360.2         4407.9       5260.7         5334.7
   10      1         4452.8         4500.0       5372.5         5446.2
    9      1         4538.1         4584.2       5475.5         5547.8
    8      1         4615.9         4660.0       5569.4         5638.9
    7      1         4690.4         4731.5       5659.5         5724.2
    6      1         4761.6         4796.6       5745.5         5801.2
    5      1         4891.7         4922.6       5902.9         5946.8
    4      1         4891.7         2491.4       5902.9         2479.3
    3      1         4891.7         -667.4       5902.9         -579.4
    2      1         4891.7        -2256.1       5902.9        -1929.3
    1      1         4891.7        -1895.3       5902.9        -2047.9

     **********************************************************
                       楼层抗剪承载力验算
     **********************************************************

  Ratio_X,Ratio_Y: 表示本层与上一层的承载力之比

  层号   塔号    X向承载力    Y向承载力   Ratio_X    Ratio_Y
   36     1     1.9103E+004  1.6630E+004    1.00       1.00
   35     1     1.9949E+004  1.7096E+004    1.04       1.03
   34     1     2.0349E+004  1.7494E+004    1.02       1.02
   33     1     2.1144E+004  1.8259E+004    1.04       1.04
   32     1     2.1766E+004  1.8826E+004    1.03       1.03
   31     1     2.2340E+004  1.9351E+004    1.03       1.03
   30     1     2.2926E+004  1.9825E+004    1.03       1.02
   29     1     2.3448E+004  2.0234E+004    1.02       1.02
   28     1     2.3951E+004  2.0652E+004    1.02       1.02
   27     1     2.7130E+004  2.3330E+004    1.13       1.13
   26     1     2.7266E+004  2.3390E+004    1.01       1.00
   25     1     2.7707E+004  2.3800E+004    1.02       1.02
   24     1     2.8035E+004  2.4071E+004    1.01       1.01
   23     1     2.8516E+004  2.4496E+004    1.02       1.02
   22     1     2.9392E+004  2.5345E+004    1.03       1.03
   21     1     3.0288E+004  2.6154E+004    1.03       1.03
   20     1     3.3133E+004  2.8525E+004    1.09       1.09
   19     1     3.3632E+004  2.8993E+004    1.02       1.02
   18     1     3.4163E+004  2.9456E+004    1.02       1.02
   17     1     3.4633E+004  2.9911E+004    1.01       1.02
   16     1     3.4607E+004  2.9884E+004    1.00       1.00
   15     1     3.5527E+004  3.0806E+004    1.03       1.03
   14     1     3.8354E+004  3.3206E+004    1.08       1.08
   13     1     3.9122E+004  3.3937E+004    1.02       1.02
   12     1     3.9583E+004  3.4438E+004    1.01       1.01
   11     1     3.9570E+004  3.4522E+004    1.00       1.00
   10     1     3.9351E+004  3.4339E+004    0.99       0.99
    9     1     4.0013E+004  3.5012E+004    1.02       1.02
    8     1     4.0429E+004  3.5160E+004    1.01       1.00
    7     1     4.0099E+004  3.4815E+004    0.99       0.99
    6     1     4.0667E+004  3.4782E+004    1.01       1.00
    5     1     4.4575E+004  3.6174E+004    1.10       1.04
    4     1     8.4067E+004  7.9315E+004    1.89       2.19
    3     1     8.3865E+004  7.8474E+004    1.00       0.99
    2     1     8.9294E+004  8.3723E+004    1.06       1.07
    1     1     9.0817E+004  8.4911E+004    1.02       1.01
