
     **********************************************************
                                 各层各塔的规定水平力
     **********************************************************

  层号   塔号        X向(KN)         Y向(KN)
   36     1           325.7           379.5
   35     1           270.5           303.8
   34     1           246.3           264.2
   33     1           221.9           224.9
   32     1           197.7           187.1
   31     1           174.3           152.9
   30     1           152.1           124.0
   29     1           131.7           102.0
   28     1           113.7            87.8
   27     1            98.5            81.0
   26     1            86.3            80.3
   25     1            77.1            83.3
   24     1            70.9            87.5
   23     1            67.4            90.5
   22     1            66.3            90.9
   21     1            67.4            88.1
   20     1            70.0            82.6
   19     1            73.9            75.7
   18     1            78.3            68.7
   17     1            82.9            63.3
   16     1            87.0            60.7
   15     1            90.1            61.3
   14     1            91.9            65.1
   13     1            92.0            71.1
   12     1            90.0            77.6
   11     1            85.9            82.7
   10     1            79.6            84.8
    9     1            71.3            82.8
    8     1            61.3            76.1
    7     1            50.1            65.2
    6     1            38.4            51.1
    5     1            42.7            56.5
    4     1           349.3           183.6
    3     1             0.0             0.0
    2     1             0.0             0.0
    1     1             0.0             0.0

     **********************************************************
              规定水平力下框架柱、短肢墙地震倾覆力矩
     **********************************************************

  层号   塔号         框架柱     短肢墙       普通墙       斜撑       合计
   36     1    X       394.0        0.0        583.1        0.0      977.1
   35     1    X       790.2        0.0       1975.5        0.0     2765.7
   34     1    X      1210.6        0.0       4082.6        0.0     5293.2
   33     1    X      1657.4        0.0       6829.2        0.0     8486.5
   32     1    X      2130.6        0.0      10142.5        0.0    12273.1
   31     1    X      2629.6        0.0      13952.9        0.0    16582.4
   30     1    X      3152.7        0.0      18195.2        0.0    21347.9
   29     1    X      3697.9        0.0      22810.7        0.0    26508.6
   28     1    X      4260.3        0.0      27750.1        0.0    32010.4
   27     1    X      4877.9        0.0      32929.8        0.0    37807.7
   26     1    X      5509.0        0.0      38354.9        0.0    43863.9
   25     1    X      6154.8        0.0      43996.7        0.0    50151.5
   24     1    X      6813.9        0.0      49837.7        0.0    56651.6
   23     1    X      7485.2        0.0      55868.7        0.0    63353.9
   22     1    X      8167.2        0.0      62087.9        0.0    70255.1
   21     1    X      8856.3        0.0      68502.0        0.0    77358.4
   20     1    X      9587.1        0.0      75084.7        0.0    84671.8
   19     1    X     10323.5        0.0      81883.3        0.0    92206.8
   18     1    X     11067.2        0.0      88909.7        0.0    99976.9
   17     1    X     11817.0        0.0      96178.6        0.0   107995.6
   16     1    X     12571.6        0.0     103703.6        0.0   116275.2
   15     1    X     13326.9        0.0     111498.4        0.0   124825.3
   14     1    X     14107.6        0.0     119543.6        0.0   133651.2
   13     1    X     14884.2        0.0     127868.8        0.0   142753.0
   12     1    X     15655.2        0.0     136469.8        0.0   152124.9
   11     1    X     16415.8        0.0     145338.6        0.0   161754.5
   10     1    X     17160.5        0.0     154462.3        0.0   171622.8
    9     1    X     17881.4        0.0     163823.6        0.0   181704.9
    8     1    X     18568.8        0.0     173402.1        0.0   191970.9
    7     1    X     19205.4        0.0     183181.8        0.0   202387.1
    6     1    X     19791.9        0.0     193126.7        0.0   212918.5
    5     1    X     20137.8        0.0     213388.9        0.0   233526.7
    4     1    X     28993.6        0.0     210962.8        0.0   239956.4
    3     1    X     31515.2        0.0     206330.8        0.0   237846.0
    2     1    X     32356.5        0.0     199578.0        0.0   231934.5
    1     1    X     32189.5        0.0     194216.2        0.0   226405.7

   36     1    Y       411.3        0.0        727.1        0.0     1138.5
   35     1    Y       817.9        0.0       2370.5        0.0     3188.4
   34     1    Y      1246.4        0.0       4784.6        0.0     6031.0
   33     1    Y      1699.9        0.0       7848.3        0.0     9548.2
   32     1    Y      2177.0        0.0      11449.9        0.0    13626.9
   31     1    Y      2676.4        0.0      15487.9        0.0    18164.3
   30     1    Y      3195.6        0.0      19878.0        0.0    23073.6
   29     1    Y      3732.2        0.0      24556.7        0.0    28289.0
   28     1    Y      4281.7        0.0      29485.9        0.0    33767.6
   27     1    Y      4877.8        0.0      34611.4        0.0    39489.2
   26     1    Y      5484.8        0.0      39967.0        0.0    45451.8
   25     1    Y      6104.0        0.0      45560.4        0.0    51664.4
   24     1    Y      6735.1        0.0      51404.4        0.0    58139.5
   23     1    Y      7377.4        0.0      57508.8        0.0    64886.2
   22     1    Y      8029.7        0.0      63875.8        0.0    71905.5
   21     1    Y      8688.2        0.0      70500.9        0.0    79189.0
   20     1    Y      9381.5        0.0      77338.9        0.0    86720.3
   19     1    Y     10078.3        0.0      84400.3        0.0    94478.6
   18     1    Y     10778.8        0.0      91664.2        0.0   102443.1
   17     1    Y     11481.4        0.0      99116.2        0.0   110597.5
   16     1    Y     12184.0        0.0     106750.0        0.0   118934.0
   15     1    Y     12882.9        0.0     114571.5        0.0   127454.4
   14     1    Y     13598.1        0.0     122572.1        0.0   136170.2
   13     1    Y     14306.1        0.0     130793.2        0.0   145099.3
   12     1    Y     15005.5        0.0     139255.6        0.0   154261.1
   11     1    Y     15692.7        0.0     147978.2        0.0   163670.9
   10     1    Y     16362.4        0.0     156972.8        0.0   173335.2
    9     1    Y     17007.2        0.0     166240.6        0.0   183247.9
    8     1    Y     17616.4        0.0     175772.3        0.0   193388.7
    7     1    Y     18173.9        0.0     185551.2        0.0   203725.1
    6     1    Y     18680.9        0.0     195534.0        0.0   214214.8
    5     1    Y     19136.6        0.0     215686.4        0.0   234823.0
    4     1    Y     26876.4        0.0     213191.5        0.0   240067.9
    3     1    Y     29285.1        0.0     208760.2        0.0   238045.3
    2     1    Y     30170.0        0.0     203014.7        0.0   233184.7
    1     1    Y     29920.0        0.0     198114.8        0.0   228034.8

     **********************************************************
          规定水平力下框架柱、短肢墙地震倾覆力矩百分比
     **********************************************************

  层号   塔号           框架柱     短肢墙
   36     1    X          40.3        0.0
   35     1    X          28.6        0.0
   34     1    X          22.9        0.0
   33     1    X          19.5        0.0
   32     1    X          17.4        0.0
   31     1    X          15.9        0.0
   30     1    X          14.8        0.0
   29     1    X          13.9        0.0
   28     1    X          13.3        0.0
   27     1    X          12.9        0.0
   26     1    X          12.6        0.0
   25     1    X          12.3        0.0
   24     1    X          12.0        0.0
   23     1    X          11.8        0.0
   22     1    X          11.6        0.0
   21     1    X          11.4        0.0
   20     1    X          11.3        0.0
   19     1    X          11.2        0.0
   18     1    X          11.1        0.0
   17     1    X          10.9        0.0
   16     1    X          10.8        0.0
   15     1    X          10.7        0.0
   14     1    X          10.6        0.0
   13     1    X          10.4        0.0
   12     1    X          10.3        0.0
   11     1    X          10.1        0.0
   10     1    X          10.0        0.0
    9     1    X           9.8        0.0
    8     1    X           9.7        0.0
    7     1    X           9.5        0.0
    6     1    X           9.3        0.0
    5     1    X           8.6        0.0
    4     1    X          12.1        0.0
    3     1    X          13.3        0.0
    2     1    X          14.0        0.0
    1     1    X          14.2        0.0

   36     1    Y          36.1        0.0
   35     1    Y          25.7        0.0
   34     1    Y          20.7        0.0
   33     1    Y          17.8        0.0
   32     1    Y          16.0        0.0
   31     1    Y          14.7        0.0
   30     1    Y          13.8        0.0
   29     1    Y          13.2        0.0
   28     1    Y          12.7        0.0
   27     1    Y          12.4        0.0
   26     1    Y          12.1        0.0
   25     1    Y          11.8        0.0
   24     1    Y          11.6        0.0
   23     1    Y          11.4        0.0
   22     1    Y          11.2        0.0
   21     1    Y          11.0        0.0
   20     1    Y          10.8        0.0
   19     1    Y          10.7        0.0
   18     1    Y          10.5        0.0
   17     1    Y          10.4        0.0
   16     1    Y          10.2        0.0
   15     1    Y          10.1        0.0
   14     1    Y          10.0        0.0
   13     1    Y           9.9        0.0
   12     1    Y           9.7        0.0
   11     1    Y           9.6        0.0
   10     1    Y           9.4        0.0
    9     1    Y           9.3        0.0
    8     1    Y           9.1        0.0
    7     1    Y           8.9        0.0
    6     1    Y           8.7        0.0
    5     1    Y           8.1        0.0
    4     1    Y          11.2        0.0
    3     1    Y          12.3        0.0
    2     1    Y          12.9        0.0
    1     1    Y          13.1        0.0

  层号   塔号     预制柱X力矩     预制墙X力矩     全部预制构件X力矩     X总力矩     预制构件X力矩百分比
   36     1             0.0             0.0                0.0            977.1           0.00%
   35     1             0.0             0.0                0.0           2765.7           0.00%
   34     1             0.0             0.0                0.0           5293.2           0.00%
   33     1             0.0             0.0                0.0           8486.5           0.00%
   32     1             0.0             0.0                0.0          12273.1           0.00%
   31     1             0.0             0.0                0.0          16582.4           0.00%
   30     1             0.0             0.0                0.0          21347.9           0.00%
   29     1             0.0             0.0                0.0          26508.6           0.00%
   28     1             0.0             0.0                0.0          32010.4           0.00%
   27     1             0.0             0.0                0.0          37807.7           0.00%
   26     1             0.0             0.0                0.0          43863.9           0.00%
   25     1             0.0             0.0                0.0          50151.5           0.00%
   24     1             0.0             0.0                0.0          56651.6           0.00%
   23     1             0.0             0.0                0.0          63353.9           0.00%
   22     1             0.0             0.0                0.0          70255.1           0.00%
   21     1             0.0             0.0                0.0          77358.4           0.00%
   20     1             0.0             0.0                0.0          84671.8           0.00%
   19     1             0.0             0.0                0.0          92206.8           0.00%
   18     1             0.0             0.0                0.0          99976.9           0.00%
   17     1             0.0             0.0                0.0         107995.6           0.00%
   16     1             0.0             0.0                0.0         116275.2           0.00%
   15     1             0.0             0.0                0.0         124825.3           0.00%
   14     1             0.0             0.0                0.0         133651.2           0.00%
   13     1             0.0             0.0                0.0         142753.0           0.00%
   12     1             0.0             0.0                0.0         152124.9           0.00%
   11     1             0.0             0.0                0.0         161754.5           0.00%
   10     1             0.0             0.0                0.0         171622.8           0.00%
    9     1             0.0             0.0                0.0         181704.9           0.00%
    8     1             0.0             0.0                0.0         191970.9           0.00%
    7     1             0.0             0.0                0.0         202387.1           0.00%
    6     1             0.0             0.0                0.0         212918.5           0.00%
    5     1             0.0             0.0                0.0         233526.7           0.00%
    4     1             0.0             0.0                0.0         239956.4           0.00%
    3     1             0.0             0.0                0.0         237846.0           0.00%
    2     1             0.0             0.0                0.0         231934.5           0.00%
    1     1             0.0             0.0                0.0         226405.7           0.00%

  层号   塔号     预制柱Y力矩     预制墙Y力矩     全部预制构件Y力矩     Y总力矩     预制构件Y力矩百分比
   36     1             0.0             0.0                0.0           1138.5           0.00%
   35     1             0.0             0.0                0.0           3188.4           0.00%
   34     1             0.0             0.0                0.0           6031.0           0.00%
   33     1             0.0             0.0                0.0           9548.2           0.00%
   32     1             0.0             0.0                0.0          13626.9           0.00%
   31     1             0.0             0.0                0.0          18164.3           0.00%
   30     1             0.0             0.0                0.0          23073.6           0.00%
   29     1             0.0             0.0                0.0          28289.0           0.00%
   28     1             0.0             0.0                0.0          33767.6           0.00%
   27     1             0.0             0.0                0.0          39489.2           0.00%
   26     1             0.0             0.0                0.0          45451.8           0.00%
   25     1             0.0             0.0                0.0          51664.4           0.00%
   24     1             0.0             0.0                0.0          58139.5           0.00%
   23     1             0.0             0.0                0.0          64886.2           0.00%
   22     1             0.0             0.0                0.0          71905.5           0.00%
   21     1             0.0             0.0                0.0          79189.0           0.00%
   20     1             0.0             0.0                0.0          86720.3           0.00%
   19     1             0.0             0.0                0.0          94478.6           0.00%
   18     1             0.0             0.0                0.0         102443.1           0.00%
   17     1             0.0             0.0                0.0         110597.5           0.00%
   16     1             0.0             0.0                0.0         118934.0           0.00%
   15     1             0.0             0.0                0.0         127454.4           0.00%
   14     1             0.0             0.0                0.0         136170.2           0.00%
   13     1             0.0             0.0                0.0         145099.3           0.00%
   12     1             0.0             0.0                0.0         154261.1           0.00%
   11     1             0.0             0.0                0.0         163670.9           0.00%
   10     1             0.0             0.0                0.0         173335.2           0.00%
    9     1             0.0             0.0                0.0         183247.9           0.00%
    8     1             0.0             0.0                0.0         193388.7           0.00%
    7     1             0.0             0.0                0.0         203725.1           0.00%
    6     1             0.0             0.0                0.0         214214.8           0.00%
    5     1             0.0             0.0                0.0         234823.0           0.00%

  层号   塔号     X墙X力矩     Y墙X力矩     边缘构件X力矩     X总力矩     X墙X力矩百分比     Y墙X力矩百分比     边缘构件X力矩百分比
   36     1        -183.9        101.1       665.9              977.1        18.82%             10.35%              68.15%
   35     1          17.3        218.5      1739.7             2765.7         0.63%              7.90%              62.90%
   34     1         527.8        412.9      3141.9             5293.2         9.97%              7.80%              59.36%
   33     1        1310.2        678.2      4840.8             8486.5        15.44%              7.99%              57.04%
   32     1        2323.0       1006.4      6813.0            12273.1        18.93%              8.20%              55.51%
   31     1        3533.6       1390.9      9028.4            16582.4        21.31%              8.39%              54.45%
   30     1        4912.2       1824.5     11458.5            21347.9        23.01%              8.55%              53.68%
   29     1        6437.4       2301.6     14071.7            26508.6        24.28%              8.68%              53.08%
   28     1        8085.9       2813.0     16851.2            32010.4        25.26%              8.79%              52.64%
   27     1        9771.5       3351.9     19806.4            37807.7        25.85%              8.87%              52.39%
   26     1       11557.2       3919.4     22878.3            43863.9        26.35%              8.94%              52.16%
   25     1       13424.6       4512.1     26060.0            50151.5        26.77%              9.00%              51.96%
   24     1       15367.3       5128.2     29342.1            56651.6        27.13%              9.05%              51.79%
   23     1       17382.2       5766.6     32719.9            63353.9        27.44%              9.10%              51.65%
   22     1       19473.1       6427.5     36187.2            70255.1        27.72%              9.15%              51.51%
   21     1       21641.5       7108.3     39752.2            77358.4        27.98%              9.19%              51.39%
   20     1       23830.0       7809.0     43445.6            84671.8        28.14%              9.22%              51.31%
   19     1       26115.7       8535.2     47232.3            92206.8        28.32%              9.26%              51.22%
   18     1       28498.2       9288.2     51123.3            99976.9        28.50%              9.29%              51.14%
   17     1       30985.1      10070.1     55123.4           107995.6        28.69%              9.32%              51.04%
   16     1       33586.5      10883.1     59234.0           116275.2        28.89%              9.36%              50.94%
   15     1       36307.9      11725.9     63464.6           124825.3        29.09%              9.39%              50.84%
   14     1       39106.7      12599.9     67837.1           133651.2        29.26%              9.43%              50.76%
   13     1       42043.3      13508.0     72317.4           142753.0        29.45%              9.46%              50.66%
   12     1       45115.5      14449.9     76904.3           152124.9        29.66%              9.50%              50.55%
   11     1       48327.2      15425.0     81586.5           161754.5        29.88%              9.54%              50.44%
   10     1       51683.4      16431.9     86347.0           171622.8        30.11%              9.57%              50.31%
    9     1       55174.2      17456.3     91193.1           181704.9        30.36%              9.61%              50.19%
    8     1       58830.7      18518.2     96053.1           191970.9        30.65%              9.65%              50.04%
    7     1       62693.4      19640.0    100848.3           202387.1        30.98%              9.70%              49.83%
    6     1       66609.7      20892.3    105624.7           212918.5        31.28%              9.81%              49.61%
    5     1       73613.1      23492.3    116283.5           233526.7        31.52%             10.06%              49.79%
    4     1       72097.0      23096.1    115769.7           239956.4        30.05%              9.63%              48.25%
    3     1       69457.6      22688.7    114184.5           237846.0        29.20%              9.54%              48.01%
    2     1       66255.8      21996.6    111325.7           231934.5        28.57%              9.48%              48.00%
    1     1       63750.1      21501.6    108964.4           226405.7        28.16%              9.50%              48.13%

  层号   塔号     X墙Y力矩     Y墙Y力矩     边缘构件Y力矩     Y总力矩     X墙Y力矩百分比     Y墙Y力矩百分比     边缘构件Y力矩百分比
   36     1        -406.6        320.5       813.3             1138.5        35.71%             28.15%              71.44%
   35     1        -584.3       1098.1      1856.7             3188.4        18.33%             34.44%              58.23%
   34     1        -588.7       2221.7      3151.6             6031.0         9.76%             36.84%              52.26%
   33     1        -442.1       3627.1      4663.3             9548.2         4.63%             37.99%              48.84%
   32     1        -190.4       5277.1      6363.3            13626.9         1.40%             38.73%              46.70%
   31     1         138.3       7127.2      8222.4            18164.3         0.76%             39.24%              45.27%
   30     1         519.3       9142.4     10216.2            23073.6         2.25%             39.62%              44.28%
   29     1         938.0      11298.3     12320.4            28289.0         3.32%             39.94%              43.55%
   28     1        1375.1      13575.7     14535.1            33767.6         4.07%             40.20%              43.04%
   27     1        1769.8      15973.0     16868.5            39489.2         4.48%             40.45%              42.72%
   26     1        2196.4      18481.8     19288.8            45451.8         4.83%             40.66%              42.44%
   25     1        2654.7      21104.7     21801.1            51664.4         5.14%             40.85%              42.20%
   24     1        3150.0      23846.8     24407.6            58139.5         5.42%             41.02%              41.98%
   23     1        3685.2      26711.6     27112.0            64886.2         5.68%             41.17%              41.78%
   22     1        4262.5      29703.0     29910.2            71905.5         5.93%             41.31%              41.60%
   21     1        4871.5      32816.2     32813.1            79189.0         6.15%             41.44%              41.44%
   20     1        5456.7      36056.1     35826.0            86720.3         6.29%             41.58%              41.31%
   19     1        6082.8      39401.0     38916.5            94478.6         6.44%             41.70%              41.19%
   18     1        6743.5      42841.7     42079.0           102443.1         6.58%             41.82%              41.08%
   17     1        7437.8      46370.6     45307.8           110597.5         6.73%             41.93%              40.97%
   16     1        8166.3      49987.6     48596.1           118934.0         6.87%             42.03%              40.86%
   15     1        8924.9      53693.0     51953.6           127454.4         7.00%             42.13%              40.76%
   14     1        9680.1      57503.5     55388.5           136170.2         7.11%             42.23%              40.68%
   13     1       10495.4      61412.6     58885.2           145099.3         7.23%             42.32%              40.58%
   12     1       11381.8      65426.1     62447.6           154261.1         7.38%             42.41%              40.48%
   11     1       12355.4      69547.1     66075.6           163670.9         7.55%             42.49%              40.37%
   10     1       13435.2      73772.8     69764.8           173335.2         7.75%             42.56%              40.25%
    9     1       14634.6      78024.2     73581.8           183247.9         7.99%             42.58%              40.15%
    8     1       15992.7      82349.0     77430.7           193388.7         8.27%             42.58%              40.04%
    7     1       17521.0      86744.5     81285.8           203725.1         8.60%             42.58%              39.90%
    6     1       19213.0      91183.9     85137.1           214214.8         8.97%             42.57%              39.74%
    5     1       22113.6      98941.6     94631.1           234823.0         9.42%             42.13%              40.30%
    4     1       19133.1      99274.4     94784.1           240067.9         7.97%             41.35%              39.48%
    3     1       17278.7      97960.0     93521.5           238045.3         7.26%             41.15%              39.29%
    2     1       15693.6      95995.8     91325.3           233184.7         6.73%             41.17%              39.16%
    1     1       14770.4      94050.6     89293.9           228034.8         6.48%             41.24%              39.16%

     **********************************************************
              规定水平力下框架柱、短肢墙地震倾覆力矩（轴力方式）
     **********************************************************

  层号   塔号         框架柱     短肢墙       普通墙       斜撑       合计
   36     1    X      -392.6        0.0       1369.7        0.0      977.1
   35     1    X      -141.1        0.0       2906.9        0.0     2765.8
   34     1    X       141.8        0.0       5151.5        0.0     5293.3
   33     1    X       507.3        0.0       7979.4        0.0     8486.7
   32     1    X       952.6        0.0      11320.6        0.0    12273.2
   31     1    X      1474.1        0.0      15108.4        0.0    16582.5
   30     1    X      2063.5        0.0      19284.5        0.0    21348.0
   29     1    X      2708.7        0.0      23799.9        0.0    26508.6
   28     1    X      3392.9        0.0      28617.5        0.0    32010.4
   27     1    X      4188.6        0.0      33619.1        0.0    37807.7
   26     1    X      5056.5        0.0      38807.4        0.0    43863.9
   25     1    X      5948.3        0.0      44203.2        0.0    50151.4
   24     1    X      6867.7        0.0      49783.8        0.0    56651.5
   23     1    X      7814.6        0.0      55539.1        0.0    63353.7
   22     1    X      8786.8        0.0      61468.1        0.0    70254.9
   21     1    X      9777.7        0.0      67580.4        0.0    77358.1
   20     1    X     10858.0        0.0      73813.5        0.0    84671.5
   19     1    X     11999.6        0.0      80206.9        0.0    92206.5
   18     1    X     13169.3        0.0      86807.3        0.0    99976.6
   17     1    X     14376.5        0.0      93618.7        0.0   107995.2
   16     1    X     15624.4        0.0     100650.4        0.0   116274.8
   15     1    X     16911.3        0.0     107913.5        0.0   124824.9
   14     1    X     18290.5        0.0     115360.1        0.0   133650.6
   13     1    X     19740.2        0.0     123012.2        0.0   142752.4
   12     1    X     21236.9        0.0     130887.4        0.0   152124.2
   11     1    X     22786.5        0.0     138967.2        0.0   161753.7
   10     1    X     24386.6        0.0     147235.3        0.0   171621.9
    9     1    X     26038.8        0.0     155665.1        0.0   181703.9
    8     1    X     27720.9        0.0     164248.8        0.0   191969.7
    7     1    X     29429.7        0.0     172956.2        0.0   202385.8
    6     1    X     31080.2        0.0     181836.8        0.0   212917.0
    5     1    X     32297.6        0.0     201227.2        0.0   233524.8
    4     1    X     45457.8        0.0     193103.4        0.0   238561.2
    3     1    X     51341.2        0.0     184967.4        0.0   236308.6
    2     1    X     53466.4        0.0     175569.8        0.0   229036.2
    1     1    X     53285.6        0.0     171839.4        0.0   225125.0

   36     1    Y        -8.3        0.0       1146.7        0.0     1138.5
   35     1    Y       110.5        0.0       3077.9        0.0     3188.4
   34     1    Y       274.4        0.0       5756.6        0.0     6031.0
   33     1    Y       520.0        0.0       9028.2        0.0     9548.2
   32     1    Y       838.6        0.0      12788.4        0.0    13626.9
   31     1    Y      1216.6        0.0      16947.7        0.0    18164.3
   30     1    Y      1633.9        0.0      21439.7        0.0    23073.6
   29     1    Y      2076.2        0.0      26212.8        0.0    28289.0
   28     1    Y      2528.9        0.0      31238.7        0.0    33767.6
   27     1    Y      3041.3        0.0      36447.9        0.0    39489.2
   26     1    Y      3577.2        0.0      41874.6        0.0    45451.8
   25     1    Y      4126.3        0.0      47538.2        0.0    51664.5
   24     1    Y      4693.1        0.0      53446.4        0.0    58139.6
   23     1    Y      5279.9        0.0      59606.4        0.0    64886.2
   22     1    Y      5886.8        0.0      66018.8        0.0    71905.5
   21     1    Y      6507.0        0.0      72682.1        0.0    79189.1
   20     1    Y      7184.7        0.0      79535.7        0.0    86720.4
   19     1    Y      7888.4        0.0      86590.3        0.0    94478.7
   18     1    Y      8608.3        0.0      93835.0        0.0   102443.2
   17     1    Y      9347.0        0.0     101250.6        0.0   110597.7
   16     1    Y     10106.3        0.0     108827.8        0.0   118934.1
   15     1    Y     10884.9        0.0     116569.6        0.0   127454.6
   14     1    Y     11717.9        0.0     124452.5        0.0   136170.4
   13     1    Y     12588.3        0.0     132511.2        0.0   145099.5
   12     1    Y     13495.2        0.0     140766.1        0.0   154261.3
   11     1    Y     14450.3        0.0     149220.9        0.0   163671.2
   10     1    Y     15454.1        0.0     157881.4        0.0   173335.5
    9     1    Y     16516.0        0.0     166732.2        0.0   183248.2
    8     1    Y     17607.1        0.0     175782.0        0.0   193389.1
    7     1    Y     18760.7        0.0     184964.8        0.0   203725.5
    6     1    Y     19830.9        0.0     194384.3        0.0   214215.2
    5     1    Y     21124.4        0.0     213699.3        0.0   234823.6
    4     1    Y     32239.9        0.0     207850.2        0.0   240090.1
    3     1    Y     39620.6        0.0     198405.1        0.0   238025.7
    2     1    Y     42169.1        0.0     184991.5        0.0   227160.6
    1     1    Y     41935.1        0.0     183663.8        0.0   225598.8

     **********************************************************
          规定水平力下框架柱、短肢墙地震倾覆力矩百分比（轴力方式）
     **********************************************************

  层号   塔号           框架柱     短肢墙
   36     1    X          40.2        0.0
   35     1    X           5.1        0.0
   34     1    X           2.7        0.0
   33     1    X           6.0        0.0
   32     1    X           7.8        0.0
   31     1    X           8.9        0.0
   30     1    X           9.7        0.0
   29     1    X          10.2        0.0
   28     1    X          10.6        0.0
   27     1    X          11.1        0.0
   26     1    X          11.5        0.0
   25     1    X          11.9        0.0
   24     1    X          12.1        0.0
   23     1    X          12.3        0.0
   22     1    X          12.5        0.0
   21     1    X          12.6        0.0
   20     1    X          12.8        0.0
   19     1    X          13.0        0.0
   18     1    X          13.2        0.0
   17     1    X          13.3        0.0
   16     1    X          13.4        0.0
   15     1    X          13.5        0.0
   14     1    X          13.7        0.0
   13     1    X          13.8        0.0
   12     1    X          14.0        0.0
   11     1    X          14.1        0.0
   10     1    X          14.2        0.0
    9     1    X          14.3        0.0
    8     1    X          14.4        0.0
    7     1    X          14.5        0.0
    6     1    X          14.6        0.0
    5     1    X          13.8        0.0
    4     1    X          19.1        0.0
    3     1    X          21.7        0.0
    2     1    X          23.3        0.0
    1     1    X          23.7        0.0

   36     1    Y           0.7        0.0
   35     1    Y           3.5        0.0
   34     1    Y           4.5        0.0
   33     1    Y           5.4        0.0
   32     1    Y           6.2        0.0
   31     1    Y           6.7        0.0
   30     1    Y           7.1        0.0
   29     1    Y           7.3        0.0
   28     1    Y           7.5        0.0
   27     1    Y           7.7        0.0
   26     1    Y           7.9        0.0
   25     1    Y           8.0        0.0
   24     1    Y           8.1        0.0
   23     1    Y           8.1        0.0
   22     1    Y           8.2        0.0
   21     1    Y           8.2        0.0
   20     1    Y           8.3        0.0
   19     1    Y           8.3        0.0
   18     1    Y           8.4        0.0
   17     1    Y           8.5        0.0
   16     1    Y           8.5        0.0
   15     1    Y           8.5        0.0
   14     1    Y           8.6        0.0
   13     1    Y           8.7        0.0
   12     1    Y           8.7        0.0
   11     1    Y           8.8        0.0
   10     1    Y           8.9        0.0
    9     1    Y           9.0        0.0
    8     1    Y           9.1        0.0
    7     1    Y           9.2        0.0
    6     1    Y           9.3        0.0
    5     1    Y           9.0        0.0
    4     1    Y          13.4        0.0
    3     1    Y          16.6        0.0
    2     1    Y          18.6        0.0
    1     1    Y          18.6        0.0

     **********************************************************
              规定水平力下框架柱、短肢墙地震倾覆力矩（改进轴力方式）
     **********************************************************

  层号   塔号         框架柱     短肢墙       普通墙       斜撑       合计
   36     1    X      -383.0        0.0       1360.2        0.0      977.1
   35     1    X      -140.3        0.0       2906.1        0.0     2765.8
   34     1    X       152.1        0.0       5141.2        0.0     5293.3
   33     1    X       528.1        0.0       7958.6        0.0     8486.7
   32     1    X       982.8        0.0      11290.4        0.0    12273.2
   31     1    X      1510.2        0.0      15072.3        0.0    16582.5
   30     1    X      2099.8        0.0      19248.2        0.0    21348.0
   29     1    X      2737.1        0.0      23771.5        0.0    26508.6
   28     1    X      3405.9        0.0      28604.5        0.0    32010.4
   27     1    X      4190.9        0.0      33616.8        0.0    37807.7
   26     1    X      5069.8        0.0      38794.1        0.0    43863.9
   25     1    X      5977.0        0.0      44174.4        0.0    50151.4
   24     1    X      6915.5        0.0      49736.0        0.0    56651.5
   23     1    X      7884.7        0.0      55469.1        0.0    63353.7
   22     1    X      8882.7        0.0      61372.2        0.0    70254.9
   21     1    X      9902.0        0.0      67456.2        0.0    77358.2
   20     1    X     11007.5        0.0      73664.0        0.0    84671.5
   19     1    X     12170.0        0.0      80036.6        0.0    92206.5
   18     1    X     13365.3        0.0      86611.2        0.0    99976.5
   17     1    X     14602.7        0.0      93392.5        0.0   107995.2
   16     1    X     15886.0        0.0     100388.8        0.0   116274.8
   15     1    X     17213.2        0.0     107611.6        0.0   124824.9
   14     1    X     18633.5        0.0     115017.1        0.0   133650.7
   13     1    X     20125.3        0.0     122627.1        0.0   142752.4
   12     1    X     21671.1        0.0     130453.1        0.0   152124.2
   11     1    X     23276.4        0.0     138477.2        0.0   161753.6
   10     1    X     24937.1        0.0     146684.7        0.0   171621.8
    9     1    X     26657.8        0.0     155046.1        0.0   181703.9
    8     1    X     28414.0        0.0     163555.7        0.0   191969.7
    7     1    X     30211.8        0.0     172174.0        0.0   202385.8
    6     1    X     31950.2        0.0     180966.9        0.0   212917.0
    5     1    X     33227.4        0.0     200297.5        0.0   233524.9
    4     1    X     50353.8        0.0     190622.7        0.0   240976.5
    3     1    X     59886.0        0.0     179121.4        0.0   239007.4
    2     1    X     62846.6        0.0     167311.9        0.0   230158.5
    1     1    X     62971.5        0.0     162586.2        0.0   225557.7

   36     1    Y        39.7        0.0       1098.8        0.0     1138.5
   35     1    Y       150.6        0.0       3037.8        0.0     3188.4
   34     1    Y       283.1        0.0       5747.8        0.0     6031.0
   33     1    Y       560.8        0.0       8987.4        0.0     9548.2
   32     1    Y       929.8        0.0      12697.1        0.0    13626.9
   31     1    Y      1349.4        0.0      16814.9        0.0    18164.3
   30     1    Y      1785.4        0.0      21288.2        0.0    23073.6
   29     1    Y      2214.6        0.0      26074.4        0.0    28288.9
   28     1    Y      2610.2        0.0      31157.4        0.0    33767.6
   27     1    Y      3095.6        0.0      36393.7        0.0    39489.2
   26     1    Y      3631.2        0.0      41820.6        0.0    45451.8
   25     1    Y      4151.5        0.0      47513.0        0.0    51664.5
   24     1    Y      4722.3        0.0      53417.2        0.0    58139.6
   23     1    Y      5390.2        0.0      59496.0        0.0    64886.2
   22     1    Y      6103.0        0.0      65802.5        0.0    71905.5
   21     1    Y      6860.9        0.0      72328.2        0.0    79189.1
   20     1    Y      7644.3        0.0      79076.1        0.0    86720.4
   19     1    Y      8431.4        0.0      86047.3        0.0    94478.7
   18     1    Y      9260.5        0.0      93182.7        0.0   102443.2
   17     1    Y     10127.3        0.0     100470.4        0.0   110597.6
   16     1    Y     11028.3        0.0     107905.8        0.0   118934.1
   15     1    Y     11966.4        0.0     115488.2        0.0   127454.5
   14     1    Y     12932.7        0.0     123237.7        0.0   136170.4
   13     1    Y     13917.4        0.0     131182.1        0.0   145099.5
   12     1    Y     14951.5        0.0     139309.8        0.0   154261.3
   11     1    Y     16041.8        0.0     147629.4        0.0   163671.1
   10     1    Y     17185.1        0.0     156150.4        0.0   173335.5
    9     1    Y     18399.1        0.0     164849.1        0.0   183248.2
    8     1    Y     19637.4        0.0     173751.8        0.0   193389.1
    7     1    Y     20989.2        0.0     182736.2        0.0   203725.4
    6     1    Y     22150.9        0.0     192064.3        0.0   214215.2
    5     1    Y     23820.1        0.0     211003.5        0.0   234823.6
    4     1    Y     36389.9        0.0     203745.9        0.0   240135.7
    3     1    Y     45111.0        0.0     192971.7        0.0   238082.7
    2     1    Y     47327.7        0.0     174271.8        0.0   221599.5
    1     1    Y     46987.0        0.0     176317.1        0.0   223304.2

     **********************************************************
          规定水平力下框架柱、短肢墙地震倾覆力矩百分比（改进轴力方式）
     **********************************************************

  层号   塔号           框架柱     短肢墙
   36     1    X          39.2        0.0
   35     1    X           5.1        0.0
   34     1    X           2.9        0.0
   33     1    X           6.2        0.0
   32     1    X           8.0        0.0
   31     1    X           9.1        0.0
   30     1    X           9.8        0.0
   29     1    X          10.3        0.0
   28     1    X          10.6        0.0
   27     1    X          11.1        0.0
   26     1    X          11.6        0.0
   25     1    X          11.9        0.0
   24     1    X          12.2        0.0
   23     1    X          12.4        0.0
   22     1    X          12.6        0.0
   21     1    X          12.8        0.0
   20     1    X          13.0        0.0
   19     1    X          13.2        0.0
   18     1    X          13.4        0.0
   17     1    X          13.5        0.0
   16     1    X          13.7        0.0
   15     1    X          13.8        0.0
   14     1    X          13.9        0.0
   13     1    X          14.1        0.0
   12     1    X          14.2        0.0
   11     1    X          14.4        0.0
   10     1    X          14.5        0.0
    9     1    X          14.7        0.0
    8     1    X          14.8        0.0
    7     1    X          14.9        0.0
    6     1    X          15.0        0.0
    5     1    X          14.2        0.0
    4     1    X          20.9        0.0
    3     1    X          25.1        0.0
    2     1    X          27.3        0.0
    1     1    X          27.9        0.0

   36     1    Y           3.5        0.0
   35     1    Y           4.7        0.0
   34     1    Y           4.7        0.0
   33     1    Y           5.9        0.0
   32     1    Y           6.8        0.0
   31     1    Y           7.4        0.0
   30     1    Y           7.7        0.0
   29     1    Y           7.8        0.0
   28     1    Y           7.7        0.0
   27     1    Y           7.8        0.0
   26     1    Y           8.0        0.0
   25     1    Y           8.0        0.0
   24     1    Y           8.1        0.0
   23     1    Y           8.3        0.0
   22     1    Y           8.5        0.0
   21     1    Y           8.7        0.0
   20     1    Y           8.8        0.0
   19     1    Y           8.9        0.0
   18     1    Y           9.0        0.0
   17     1    Y           9.2        0.0
   16     1    Y           9.3        0.0
   15     1    Y           9.4        0.0
   14     1    Y           9.5        0.0
   13     1    Y           9.6        0.0
   12     1    Y           9.7        0.0
   11     1    Y           9.8        0.0
   10     1    Y           9.9        0.0
    9     1    Y          10.0        0.0
    8     1    Y          10.2        0.0
    7     1    Y          10.3        0.0
    6     1    Y          10.3        0.0
    5     1    Y          10.1        0.0
    4     1    Y          15.2        0.0
    3     1    Y          18.9        0.0
    2     1    Y          21.4        0.0
    1     1    Y          21.0        0.0

     **********************************************************
                      预制墙规定水平力剪力百分比
     **********************************************************

  层号   塔号           墙剪力       总剪力      墙剪力百分比
   36     1    X           0.0        325.7          0.00%
   35     1    X           0.0        596.2          0.00%
   34     1    X           0.0        842.5          0.00%
   33     1    X           0.0       1064.4          0.00%
   32     1    X           0.0       1262.2          0.00%
   31     1    X           0.0       1436.4          0.00%
   30     1    X           0.0       1588.5          0.00%
   29     1    X           0.0       1720.2          0.00%
   28     1    X           0.0       1833.9          0.00%
   27     1    X           0.0       1932.4          0.00%
   26     1    X           0.0       2018.7          0.00%
   25     1    X           0.0       2095.9          0.00%
   24     1    X           0.0       2166.7          0.00%
   23     1    X           0.0       2234.1          0.00%
   22     1    X           0.0       2300.4          0.00%
   21     1    X           0.0       2367.8          0.00%
   20     1    X           0.0       2437.8          0.00%
   19     1    X           0.0       2511.7          0.00%
   18     1    X           0.0       2590.0          0.00%
   17     1    X           0.0       2672.9          0.00%
   16     1    X           0.0       2759.9          0.00%
   15     1    X           0.0       2850.0          0.00%
   14     1    X           0.0       2942.0          0.00%
   13     1    X           0.0       3033.9          0.00%
   12     1    X           0.0       3124.0          0.00%
   11     1    X           0.0       3209.8          0.00%
   10     1    X           0.0       3289.4          0.00%
    9     1    X           0.0       3360.7          0.00%
    8     1    X           0.0       3422.0          0.00%
    7     1    X           0.0       3472.1          0.00%
    6     1    X           0.0       3510.5          0.00%
    5     1    X           0.0       3553.1          0.00%
    4     1    X           0.0       1737.7          0.00%
    3     1    X           0.0        570.4          0.00%
    2     1    X           0.0       1597.7          0.00%
    1     1    X           0.0       1417.6          0.00%

   36     1    Y           0.0        379.5          0.00%
   35     1    Y           0.0        683.3          0.00%
   34     1    Y           0.0        947.5          0.00%
   33     1    Y           0.0       1172.4          0.00%
   32     1    Y           0.0       1359.6          0.00%
   31     1    Y           0.0       1512.5          0.00%
   30     1    Y           0.0       1636.4          0.00%
   29     1    Y           0.0       1738.4          0.00%
   28     1    Y           0.0       1826.2          0.00%
   27     1    Y           0.0       1907.2          0.00%
   26     1    Y           0.0       1987.5          0.00%
   25     1    Y           0.0       2070.9          0.00%
   24     1    Y           0.0       2158.4          0.00%
   23     1    Y           0.0       2248.9          0.00%
   22     1    Y           0.0       2339.8          0.00%
   21     1    Y           0.0       2427.8          0.00%
   20     1    Y           0.0       2510.4          0.00%
   19     1    Y           0.0       2586.1          0.00%
   18     1    Y           0.0       2654.8          0.00%
   17     1    Y           0.0       2718.2          0.00%
   16     1    Y           0.0       2778.8          0.00%
   15     1    Y           0.0       2840.1          0.00%
   14     1    Y           0.0       2905.3          0.00%
   13     1    Y           0.0       2976.4          0.00%
   12     1    Y           0.0       3053.9          0.00%
   11     1    Y           0.0       3136.6          0.00%
   10     1    Y           0.0       3221.4          0.00%
    9     1    Y           0.0       3304.2          0.00%
    8     1    Y           0.0       3380.3          0.00%
    7     1    Y           0.0       3445.4          0.00%
    6     1    Y           0.0       3496.6          0.00%
    5     1    Y           0.0       3553.1          0.00%
    4     1    Y           0.0       1417.5          0.00%
    3     1    Y           0.0        546.6          0.00%
    2     1    Y           0.0       1313.7          0.00%
    1     1    Y           0.0       1320.5          0.00%

     **********************************************************
                      框架柱地震剪力百分比
     **********************************************************

  层号   塔号           柱剪力       墙剪力       总剪力      柱剪力百分比      柱剪力与分段基底剪力百分比
   36     1    X         121.9        232.8        325.7         37.44%             0.00%
   35     1    X         123.4        496.3        596.2         20.69%             0.00%
   34     1    X         131.7        732.7        842.5         15.63%             0.00%
   33     1    X         141.0        944.9       1064.4         13.25%             0.00%
   32     1    X         150.5       1132.9       1262.2         11.92%             0.00%
   31     1    X         159.9       1297.5       1436.4         11.13%             0.00%
   30     1    X         168.9       1440.1       1588.5         10.63%             0.00%
   29     1    X         177.4       1562.5       1720.2         10.31%             0.00%
   28     1    X         184.5       1668.0       1833.9         10.06%             0.00%
   27     1    X         204.4       1746.8       1932.4         10.58%             0.00%
   26     1    X         210.7       1824.9       2018.7         10.44%             0.00%
   25     1    X         217.4       1893.3       2095.9         10.37%             0.00%
   24     1    X         223.8       1955.9       2166.7         10.33%             0.00%
   23     1    X         229.8       2015.4       2234.1         10.29%             0.00%
   22     1    X         235.3       2074.8       2300.4         10.23%             0.00%
   21     1    X         239.3       2137.1       2367.8         10.11%             0.00%
   20     1    X         255.2       2191.3       2437.8         10.47%             0.00%
   19     1    X         258.2       2262.3       2511.7         10.28%             0.00%
   18     1    X         261.4       2338.1       2590.0         10.09%             0.00%
   17     1    X         264.0       2419.5       2672.9          9.88%             0.00%
   16     1    X         265.8       2506.2       2759.9          9.63%             0.00%
   15     1    X         266.1       2597.8       2850.0          9.34%             0.00%
   14     1    X         275.1       2683.1       2942.0          9.35%             0.00%
   13     1    X         273.6       2778.3       3033.9          9.02%             0.00%
   12     1    X         271.5       2871.8       3124.0          8.69%             0.00%
   11     1    X         267.8       2962.3       3209.8          8.34%             0.00%
   10     1    X         261.9       3048.0       3289.4          7.96%             0.00%
    9     1    X         253.3       3127.5       3360.7          7.54%             0.00%
    8     1    X         241.0       3199.8       3422.0          7.04%             0.00%
    7     1    X         222.4       3266.4       3472.1          6.40%             0.00%
    6     1    X         202.1       3320.6       3510.5          5.76%             0.00%
    5     1    X          57.9       3496.4       3553.1          1.63%             0.00%
    4     1    X        1985.2        676.4       1712.2        115.95%             0.00%
    3     1    X         567.4       1026.7        593.7         95.57%             0.00%
    2     1    X         188.9       1484.8       1303.0         14.50%             0.00%
    1     1    X          42.9       1129.1       1166.7          3.68%             0.00%

   36     1    Y         121.6        282.1        379.5         32.04%             0.00%
   35     1    Y         120.0        581.4        683.3         17.56%             0.00%
   34     1    Y         127.1        835.3        947.5         13.42%             0.00%
   33     1    Y         135.3       1049.7       1172.4         11.54%             0.00%
   32     1    Y         143.4       1226.9       1359.6         10.54%             0.00%
   31     1    Y         151.1       1370.3       1512.5          9.99%             0.00%
   30     1    Y         158.1       1485.6       1636.4          9.66%             0.00%
   29     1    Y         164.5       1579.7       1738.4          9.46%             0.00%
   28     1    Y         169.4       1661.2       1826.2          9.27%             0.00%
   27     1    Y         184.5       1726.3       1907.2          9.67%             0.00%
   26     1    Y         188.6       1801.5       1987.5          9.49%             0.00%
   25     1    Y         193.2       1879.8       2070.9          9.33%             0.00%
   24     1    Y         197.5       1962.9       2158.4          9.15%             0.00%
   23     1    Y         201.5       2049.4       2248.9          8.96%             0.00%
   22     1    Y         205.1       2136.8       2339.8          8.77%             0.00%
   21     1    Y         207.5       2222.6       2427.9          8.55%             0.00%
   20     1    Y         218.8       2294.1       2510.4          8.71%             0.00%
   19     1    Y         220.3       2368.2       2586.1          8.52%             0.00%
   18     1    Y         221.9       2435.1       2654.8          8.36%             0.00%
   17     1    Y         222.9       2497.2       2718.2          8.20%             0.00%
   16     1    Y         223.3       2557.1       2778.8          8.04%             0.00%
   15     1    Y         222.5       2619.0       2840.1          7.84%             0.00%
   14     1    Y         228.0       2678.6       2905.3          7.85%             0.00%
   13     1    Y         226.0       2751.6       2976.4          7.59%             0.00%
   12     1    Y         223.6       2831.6       3053.9          7.32%             0.00%
   11     1    Y         220.0       2918.1       3136.6          7.01%             0.00%
   10     1    Y         214.7       3008.3       3221.4          6.67%             0.00%
    9     1    Y         207.1       3098.8       3304.2          6.27%             0.00%
    8     1    Y         196.0       3185.9       3380.3          5.80%             0.00%
    7     1    Y         179.4       3267.5       3445.4          5.21%             0.00%
    6     1    Y         164.7       3332.8       3496.6          4.71%             0.00%
    5     1    Y          75.3       3478.4       3553.1          2.12%             0.00%
    4     1    Y        1880.3        701.2       1445.6        130.07%             0.00%
    3     1    Y         578.5       1041.2        540.8        106.98%             0.00%
    2     1    Y         215.9       1332.6       1122.8         19.23%             0.00%
    1     1    Y          55.7       1071.1       1126.5          4.94%             0.00%

  层号   塔号     X墙X剪力     Y墙X剪力     边缘构件X剪力     X总剪力     X墙X剪力百分比     Y墙X剪力百分比     边缘构件X剪力百分比
   36     1           97.0         37.6        194.2            325.7        29.78%            11.55%             59.62%
   35     1          133.4         44.3        306.7            596.2        22.37%             7.42%             51.44%
   34     1          218.1         66.9        404.1            842.5        25.89%             7.94%             47.97%
   33     1          297.7         88.3        493.0           1064.4        27.97%             8.30%             46.32%
   32     1          365.9        107.5        575.2           1262.2        28.99%             8.51%             45.57%
   31     1          423.6        124.5        648.8           1436.4        29.49%             8.67%             45.17%
   30     1          471.2        139.4        714.4           1588.5        29.67%             8.77%             44.97%
   29     1          510.9        152.3        771.2           1720.2        29.70%             8.85%             44.83%
   28     1          542.3        162.2        823.8           1833.9        29.57%             8.84%             44.92%
   27     1          550.3        169.7        879.2           1932.4        28.48%             8.78%             45.50%
   26     1          571.0        177.6        918.3           2018.7        28.29%             8.80%             45.49%
   25     1          586.3        184.2        955.9           2095.9        27.97%             8.79%             45.61%
   24     1          599.4        190.2        990.9           2166.7        27.66%             8.78%             45.73%
   23     1          612.0        195.9       1024.3           2234.1        27.40%             8.77%             45.85%
   22     1          626.9        202.0       1055.3           2300.4        27.25%             8.78%             45.88%
   21     1          644.0        207.3       1088.1           2367.8        27.20%             8.76%             45.96%
   20     1          647.6        212.5       1128.4           2437.8        26.57%             8.72%             46.29%
   19     1          675.1        220.4       1157.2           2511.7        26.88%             8.78%             46.07%
   18     1          704.8        229.0       1188.6           2590.0        27.21%             8.84%             45.89%
   17     1          738.8        238.5       1220.4           2672.9        27.64%             8.92%             45.66%
   16     1          777.1        248.9       1252.1           2759.9        28.16%             9.02%             45.37%
   15     1          817.7        259.1       1286.2           2850.0        28.69%             9.09%             45.13%
   14     1          847.1        269.3       1326.4           2942.0        28.79%             9.16%             45.08%
   13     1          892.6        281.0       1356.7           3033.9        29.42%             9.26%             44.72%
   12     1          936.6        292.5       1387.3           3124.0        29.98%             9.36%             44.41%
   11     1          980.6        303.6       1414.9           3209.8        30.55%             9.46%             44.08%
   10     1         1024.7        314.2       1437.9           3289.4        31.15%             9.55%             43.71%
    9     1         1064.1        320.4       1462.9           3360.7        31.66%             9.53%             43.53%
    8     1         1111.5        332.5       1467.3           3422.0        32.48%             9.72%             42.88%
    7     1         1169.5        351.1       1447.2           3472.1        33.68%            10.11%             41.68%
    6     1         1178.5        393.4       1441.4           3510.5        33.57%            11.21%             41.06%
    5     1         1078.9        435.3       1649.6           3553.1        30.36%            12.25%             46.43%
    4     1          352.0        119.9        256.4           1712.2        20.56%             7.00%             14.98%
    3     1          567.4        107.8        364.8            593.7        95.58%            18.16%             61.44%
    2     1          697.4        163.4        626.0           1303.0        53.52%            12.54%             48.04%
    1     1          524.3        110.5        495.3           1166.7        44.94%             9.47%             42.45%

  层号   塔号     X墙Y剪力     Y墙Y剪力     边缘构件Y剪力     Y总剪力     X墙Y剪力百分比     Y墙Y剪力百分比     边缘构件Y剪力百分比
   36     1          121.0        131.1        228.9            379.5        31.88%            34.54%             60.31%
   35     1           78.0        270.0        302.2            683.3        11.41%            39.52%             44.23%
   34     1           84.0        375.3        381.4            947.5         8.87%            39.61%             40.25%
   33     1          112.8        460.5        450.6           1172.4         9.62%            39.28%             38.44%
   32     1          139.1        533.9        511.0           1359.6        10.23%            39.27%             37.59%
   31     1          159.6        593.3        562.4           1512.5        10.55%            39.23%             37.18%
   30     1          173.4        641.8        606.1           1636.4        10.60%            39.22%             37.04%
   29     1          183.0        682.7        642.0           1738.4        10.53%            39.27%             36.93%
   28     1          186.9        718.1        678.0           1826.2        10.24%            39.32%             37.13%
   27     1          176.0        753.5        714.8           1907.2         9.23%            39.51%             37.48%
   26     1          184.7        786.7        742.8           1987.5         9.29%            39.58%             37.37%
   25     1          195.1        821.3        771.9           2070.9         9.42%            39.66%             37.27%
   24     1          208.2        857.9        801.3           2158.4         9.65%            39.75%             37.13%
   23     1          222.7        896.0        831.7           2248.9         9.90%            39.84%             36.98%
   22     1          237.9        935.5        860.9           2339.8        10.17%            39.98%             36.79%
   21     1          249.1        973.6        893.5           2427.9        10.26%            40.10%             36.80%
   20     1          245.5       1013.1        927.1           2510.4         9.78%            40.36%             36.93%
   19     1          258.1       1045.9        951.5           2586.1         9.98%            40.45%             36.79%
   18     1          268.2       1075.8        974.4           2654.8        10.10%            40.52%             36.70%
   17     1          277.4       1103.3        995.6           2718.2        10.21%            40.59%             36.63%
   16     1          286.6       1130.8       1014.7           2778.8        10.31%            40.69%             36.52%
   15     1          294.3       1158.7       1037.0           2840.1        10.36%            40.80%             36.51%
   14     1          293.5       1191.9       1061.0           2905.3        10.10%            41.03%             36.52%
   13     1          311.3       1223.5       1080.7           2976.4        10.46%            41.11%             36.31%
   12     1          333.1       1257.1       1101.5           3053.9        10.91%            41.16%             36.07%
   11     1          360.1       1291.7       1122.2           3136.6        11.48%            41.18%             35.78%
   10     1          392.7       1325.5       1141.6           3221.4        12.19%            41.15%             35.44%
    9     1          427.4       1333.6       1184.1           3304.2        12.93%            40.36%             35.84%
    8     1          475.1       1357.2       1194.8           3380.3        14.05%            40.15%             35.35%
    7     1          526.5       1379.1       1198.1           3445.4        15.28%            40.03%             34.77%
    6     1          576.6       1388.5       1199.5           3496.6        16.49%            39.71%             34.30%
    5     1          521.7       1248.2       1534.3           3553.1        14.68%            35.13%             43.18%
    4     1          722.1        244.3        246.9           1445.6        49.95%            16.90%             17.08%
    3     1          448.2        313.3        309.4            540.8        82.87%            57.93%             57.22%
    2     1          386.0        441.4        510.6           1122.8        34.38%            39.31%             45.48%
    1     1          211.3        417.3        443.5           1126.5        18.75%            37.04%             39.37%

     **********************************************************
                       框架柱风倾覆力矩百分比
     **********************************************************

  层号   塔号           柱力矩     总力矩     柱力矩百分比
   36     1    X         422.3      698.9        60.42%
   35     1    X         844.4     2080.7        40.58%
   34     1    X        1288.6     4130.3        31.20%
   33     1    X        1758.9     6833.2        25.74%
   32     1    X        2257.6    10174.5        22.19%
   31     1    X        2786.5    14139.7        19.71%
   30     1    X        3346.4    18714.3        17.88%
   29     1    X        3937.5    23883.6        16.49%
   28     1    X        4556.8    29633.1        15.38%
   27     1    X        5248.6    35948.1        14.60%
   26     1    X        5967.5    42814.0        13.94%
   25     1    X        6715.5    50216.0        13.37%
   24     1    X        7491.5    58139.3        12.89%
   23     1    X        8294.2    66568.9        12.46%
   22     1    X        9121.6    75489.7        12.08%
   21     1    X        9968.4    84886.0        11.74%
   20     1    X       10876.1    94742.1        11.48%
   19     1    X       11798.8   105042.1        11.23%
   18     1    X       12736.9   115769.9        11.00%
   17     1    X       13687.6   126908.9        10.79%
   16     1    X       14647.4   138441.8        10.58%
   15     1    X       15609.7   150350.8        10.38%
   14     1    X       16604.4   162617.7        10.21%
   13     1    X       17593.1   175223.5        10.04%
   12     1    X       18572.9   188148.8         9.87%
   11     1    X       19537.4   201372.4         9.70%
   10     1    X       20479.3   214872.4         9.53%
    9     1    X       21388.9   228624.9         9.36%
    8     1    X       22255.0   242604.9         9.17%
    7     1    X       23056.7   256799.2         8.98%
    6     1    X       23800.3   271189.1         8.78%
    5     1    X       24246.4   299740.0         8.09%
    4     1    X       35924.9   308958.3        11.63%
    3     1    X       39343.1   306488.8        12.84%
    2     1    X       40482.6   298141.2        13.58%
    1     1    X       40286.5   290749.3        13.86%

   36     1    Y         510.5      843.6        60.51%
   35     1    Y        1014.3     2511.4        40.39%
   34     1    Y        1541.2     4985.7        30.91%
   33     1    Y        2098.0     8248.7        25.43%
   32     1    Y        2686.8    12283.1        21.87%
   31     1    Y        3309.5    17071.5        19.39%
   30     1    Y        3966.8    22596.4        17.55%
   29     1    Y        4658.2    28840.6        16.15%
   28     1    Y        5380.0    35786.6        15.03%
   27     1    Y        6178.6    43416.7        14.23%
   26     1    Y        7005.9    51713.5        13.55%
   25     1    Y        7863.3    60659.3        12.96%
   24     1    Y        8749.6    70236.6        12.46%
   23     1    Y        9663.0    80427.1        12.01%
   22     1    Y       10601.0    91212.8        11.62%
   21     1    Y       11557.9   102574.8        11.27%
   20     1    Y       12574.5   114493.9        10.98%
   19     1    Y       13605.5   126951.4        10.72%
   18     1    Y       14650.7   139927.8        10.47%
   17     1    Y       15706.9   153402.9        10.24%
   16     1    Y       16770.5   167356.0        10.02%
   15     1    Y       17834.5   181765.6         9.81%
   14     1    Y       18926.8   196609.1         9.63%
   13     1    Y       20010.8   211864.1         9.45%
   12     1    Y       21082.3   227506.4         9.27%
   11     1    Y       22134.2   243510.6         9.09%
   10     1    Y       23157.1   259849.2         8.91%
    9     1    Y       24139.4   276492.6         8.73%
    8     1    Y       25064.4   293409.4         8.54%
    7     1    Y       25910.7   310581.9         8.34%
    6     1    Y       26673.1   327985.4         8.13%
    5     1    Y       27356.8   362476.8         7.55%
    4     1    Y       39067.7   371650.1        10.51%
    3     1    Y       42888.0   369506.3        11.61%
    2     1    Y       44403.0   362367.9        12.25%
    1     1    Y       44080.4   354381.1        12.44%

     **********************************************************
                      框架柱、剪力墙风剪力百分比
     **********************************************************

  层号   塔号           柱剪力     墙剪力     其它       总剪力    柱剪力百分比    墙剪力百分比
   36     1    X       140.8       92.2        0.0      233.0       60.42%          39.58%
   35     1    X       140.7      319.9        0.0      460.6       30.55%          69.45%
   34     1    X       148.1      535.2        0.0      683.2       21.67%          78.33%
   33     1    X       156.8      744.2        0.0      900.9       17.40%          82.60%
   32     1    X       166.2      947.5        0.0     1113.8       14.93%          85.07%
   31     1    X       176.3     1145.4        0.0     1321.7       13.34%          86.66%
   30     1    X       186.6     1338.2        0.0     1524.8       12.24%          87.76%
   29     1    X       197.0     1526.1        0.0     1723.1       11.43%          88.57%
   28     1    X       206.4     1710.1        0.0     1916.5       10.77%          89.23%
   27     1    X       230.6     1874.4        0.0     2105.0       10.96%          89.04%
   26     1    X       239.6     2049.0        0.0     2288.6       10.47%          89.53%
   25     1    X       249.3     2218.0        0.0     2467.3       10.10%          89.90%
   24     1    X       258.7     2382.4        0.0     2641.1        9.79%          90.21%
   23     1    X       267.6     2542.3        0.0     2809.9        9.52%          90.48%
   22     1    X       275.8     2697.8        0.0     2973.6        9.27%          90.73%
   21     1    X       282.3     2849.8        0.0     3132.1        9.01%          90.99%
   20     1    X       302.5     2982.8        0.0     3285.3        9.21%          90.79%
   19     1    X       307.6     3125.8        0.0     3433.3        8.96%          91.04%
   18     1    X       312.7     3263.2        0.0     3575.9        8.74%          91.26%
   17     1    X       316.9     3396.1        0.0     3713.0        8.53%          91.47%
   16     1    X       319.9     3524.4        0.0     3844.3        8.32%          91.68%
   15     1    X       320.8     3648.9        0.0     3969.7        8.08%          91.92%
   14     1    X       331.6     3757.4        0.0     4088.9        8.11%          91.89%
   13     1    X       329.6     3872.4        0.0     4202.0        7.84%          92.16%
   12     1    X       326.6     3981.8        0.0     4308.4        7.58%          92.42%
   11     1    X       321.5     4086.4        0.0     4407.9        7.29%          92.71%
   10     1    X       313.9     4186.0        0.0     4500.0        6.98%          93.02%
    9     1    X       303.2     4281.0        0.0     4584.2        6.61%          93.39%
    8     1    X       288.7     4371.3        0.0     4660.0        6.20%          93.80%
    7     1    X       267.2     4464.2        0.0     4731.5        5.65%          94.35%
    6     1    X       247.9     4548.7        0.0     4796.6        5.17%          94.83%
    5     1    X        76.9     4845.7        0.0     4922.6        1.56%          98.44%
    4     1    X      3156.4     -664.9        0.0     2491.4      126.69%          26.69%
    3     1    X       923.8    -1591.2        0.0     -667.4      138.42%         238.42%
    2     1    X       308.0    -2564.1        0.0    -2256.1       13.65%         113.65%
    1     1    X       -50.3    -1845.1        0.0    -1895.3        2.65%          97.35%

   36     1    Y       170.2      111.0        0.0      281.2       60.51%          39.49%
   35     1    Y       168.0      388.0        0.0      555.9       30.21%          69.79%
   34     1    Y       175.6      649.1        0.0      824.7       21.29%          78.71%
   33     1    Y       185.6      902.1        0.0     1087.7       17.06%          82.94%
   32     1    Y       196.3     1148.5        0.0     1344.8       14.59%          85.41%
   31     1    Y       207.6     1388.5        0.0     1596.1       13.01%          86.99%
   30     1    Y       219.1     1622.6        0.0     1841.7       11.90%          88.10%
   29     1    Y       230.5     1850.9        0.0     2081.4       11.07%          88.93%
   28     1    Y       240.6     2074.7        0.0     2315.3       10.39%          89.61%
   27     1    Y       266.2     2277.2        0.0     2543.4       10.47%          89.53%
   26     1    Y       275.8     2489.8        0.0     2765.6        9.97%          90.03%
   25     1    Y       285.8     2696.2        0.0     2982.0        9.58%          90.42%
   24     1    Y       295.4     2897.0        0.0     3192.4        9.25%          90.75%
   23     1    Y       304.5     3092.4        0.0     3396.9        8.96%          91.04%
   22     1    Y       312.7     3282.5        0.0     3595.2        8.70%          91.30%
   21     1    Y       319.0     3468.4        0.0     3787.3        8.42%          91.58%
   20     1    Y       338.9     3634.2        0.0     3973.0        8.53%          91.47%
   19     1    Y       343.7     3808.8        0.0     4152.5        8.28%          91.72%
   18     1    Y       348.4     3977.1        0.0     4325.5        8.05%          91.95%
   17     1    Y       352.1     4139.6        0.0     4491.7        7.84%          92.16%
   16     1    Y       354.5     4296.5        0.0     4651.0        7.62%          92.38%
   15     1    Y       354.7     4448.5        0.0     4803.2        7.38%          92.62%
   14     1    Y       364.1     4583.7        0.0     4947.8        7.36%          92.64%
   13     1    Y       361.3     4723.7        0.0     5085.0        7.11%          92.89%
   12     1    Y       357.2     4856.9        0.0     5214.1        6.85%          93.15%
   11     1    Y       350.6     4984.1        0.0     5334.7        6.57%          93.43%
   10     1    Y       340.9     5105.3        0.0     5446.2        6.26%          93.74%
    9     1    Y       327.4     5220.4        0.0     5547.8        5.90%          94.10%
    8     1    Y       308.4     5330.6        0.0     5638.9        5.47%          94.53%
    7     1    Y       282.1     5442.1        0.0     5724.2        4.93%          95.07%
    6     1    Y       254.1     5547.0        0.0     5801.2        4.38%          95.62%
    5     1    Y       117.9     5828.9        0.0     5946.8        1.98%          98.02%
    4     1    Y      3165.1     -685.8        0.0     2479.3      127.66%          27.66%
    3     1    Y      1032.5    -1611.9        0.0     -579.4      178.19%         278.19%
    2     1    Y       409.5    -2338.8        0.0    -1929.3       21.22%         121.22%
    1     1    Y       -82.7    -1965.2        0.0    -2047.9        4.04%          95.96%

     **********************************************************
                      风荷载外力、层剪力、倾覆力矩统计
     **********************************************************

  层号   塔号     层外力F     层剪力V     倾覆力矩M

   +WX
   36     1        231.1        231.1         693.2
   35     1        226.0        457.0        2064.2
   34     1        220.9        677.9        4098.0
   33     1        215.9        893.8        6779.4
   32     1        210.9       1104.7       10093.5
   31     1        205.9       1310.6       14025.4
   30     1        201.0       1511.6       18560.2
   29     1        196.1       1707.7       23683.3
   28     1        191.1       1898.8       29379.8
   27     1        186.2       2085.1       35634.9
   26     1        181.3       2266.3       42434.0
   25     1        176.3       2442.7       49762.1
   24     1        171.4       2614.1       57604.3
   23     1        166.4       2780.5       65945.7
   22     1        161.3       2941.8       74771.1
   21     1        156.3       3098.1       84065.3
   20     1        151.1       3249.2       93812.8
   19     1        145.9       3395.1      103998.0
   18     1        140.6       3535.6      114605.0
   17     1        135.2       3670.8      125617.4
   16     1        129.7       3800.5      137018.9
   15     1        124.0       3924.5      148792.3
   14     1        118.2       4042.7      160920.3
   13     1        112.2       4154.8      173384.9
   12     1        105.9       4260.8      186167.2
   11     1         99.4       4360.2      199247.8
   10     1         92.6       4452.8      212606.0
    9     1         85.3       4538.1      226220.2
    8     1         77.8       4615.9      240067.8
    7     1         74.6       4690.4      254139.2
    6     1         71.1       4761.6      268423.9
    5     1        130.2       4891.7      296795.9
    4     1          0.0       4891.7      314895.4
    3     1          0.0       4891.7      332994.8
    2     1          0.0       4891.7      351094.3
    1     1          0.0       4891.7      370172.0

   -WX
   36     1       -231.1       -231.1        -693.2
   35     1       -226.0       -457.0       -2064.2
   34     1       -220.9       -677.9       -4098.0
   33     1       -215.9       -893.8       -6779.4
   32     1       -210.9      -1104.7      -10093.5
   31     1       -205.9      -1310.6      -14025.4
   30     1       -201.0      -1511.6      -18560.2
   29     1       -196.1      -1707.7      -23683.3
   28     1       -191.1      -1898.8      -29379.8
   27     1       -186.2      -2085.1      -35634.9
   26     1       -181.3      -2266.3      -42434.0
   25     1       -176.3      -2442.7      -49762.1
   24     1       -171.4      -2614.1      -57604.3
   23     1       -166.4      -2780.5      -65945.7
   22     1       -161.3      -2941.8      -74771.1
   21     1       -156.3      -3098.1      -84065.3
   20     1       -151.1      -3249.2      -93812.8
   19     1       -145.9      -3395.1     -103998.0
   18     1       -140.6      -3535.6     -114605.0
   17     1       -135.2      -3670.8     -125617.4
   16     1       -129.7      -3800.5     -137018.9
   15     1       -124.0      -3924.5     -148792.3
   14     1       -118.2      -4042.7     -160920.3
   13     1       -112.2      -4154.8     -173384.9
   12     1       -105.9      -4260.8     -186167.2
   11     1        -99.4      -4360.2     -199247.8
   10     1        -92.6      -4452.8     -212606.0
    9     1        -85.3      -4538.1     -226220.2
    8     1        -77.8      -4615.9     -240067.8
    7     1        -74.6      -4690.4     -254139.2
    6     1        -71.1      -4761.6     -268423.9
    5     1       -130.2      -4891.7     -296795.9
    4     1          0.0      -4891.7     -314895.4
    3     1          0.0      -4891.7     -332994.8
    2     1          0.0      -4891.7     -351094.3
    1     1          0.0      -4891.7     -370172.0

   +WY
   36     1        278.6        278.6         835.9
   35     1        272.5        551.1        2489.3
   34     1        266.4        817.6        4942.0
   33     1        260.4       1077.9        8175.8
   32     1        254.4       1332.3       12172.6
   31     1        248.4       1580.7       16914.7
   30     1        242.4       1823.1       22384.1
   29     1        236.5       2059.6       28563.0
   28     1        230.6       2290.2       35433.7
   27     1        224.7       2514.9       42978.4
   26     1        218.7       2733.6       51179.3
   25     1        212.8       2946.4       60018.4
   24     1        206.8       3153.2       69477.9
   23     1        200.8       3353.9       79539.8
   22     1        194.7       3548.6       90185.6
   21     1        188.6       3737.2      101397.2
   20     1        182.4       3919.5      113155.9
   19     1        176.1       4095.6      125442.7
   18     1        169.7       4265.3      138238.6
   17     1        163.2       4428.5      151524.0
   16     1        156.5       4585.0      165278.8
   15     1        149.7       4734.6      179482.8
   14     1        142.7       4877.3      194114.7
   13     1        135.4       5012.7      209152.9
   12     1        127.9       5140.6      224574.8
   11     1        120.0       5260.7      240356.8
   10     1        111.8       5372.5      256474.2
    9     1        103.0       5475.5      272900.6
    8     1         94.0       5569.4      289608.9
    7     1         90.1       5659.5      306587.5
    6     1         86.0       5745.5      323824.0
    5     1        157.4       5902.9      358060.7
    4     1          0.0       5902.9      379901.3
    3     1          0.0       5902.9      401741.9
    2     1          0.0       5902.9      423582.5
    1     1          0.0       5902.9      446603.7

   -WY
   36     1       -278.6       -278.6        -835.9
   35     1       -272.5       -551.1       -2489.3
   34     1       -266.4       -817.6       -4942.0
   33     1       -260.4      -1077.9       -8175.8
   32     1       -254.4      -1332.3      -12172.6
   31     1       -248.4      -1580.7      -16914.7
   30     1       -242.4      -1823.1      -22384.1
   29     1       -236.5      -2059.6      -28563.0
   28     1       -230.6      -2290.2      -35433.7
   27     1       -224.7      -2514.9      -42978.4
   26     1       -218.7      -2733.6      -51179.3
   25     1       -212.8      -2946.4      -60018.4
   24     1       -206.8      -3153.2      -69477.9
   23     1       -200.8      -3353.9      -79539.8
   22     1       -194.7      -3548.6      -90185.6
   21     1       -188.6      -3737.2     -101397.2
   20     1       -182.4      -3919.5     -113155.9
   19     1       -176.1      -4095.6     -125442.7
   18     1       -169.7      -4265.3     -138238.6
   17     1       -163.2      -4428.5     -151524.0
   16     1       -156.5      -4585.0     -165278.8
   15     1       -149.7      -4734.6     -179482.8
   14     1       -142.7      -4877.3     -194114.7
   13     1       -135.4      -5012.7     -209152.9
   12     1       -127.9      -5140.6     -224574.8
   11     1       -120.0      -5260.7     -240356.8
   10     1       -111.8      -5372.5     -256474.2
    9     1       -103.0      -5475.5     -272900.6
    8     1        -94.0      -5569.4     -289608.9
    7     1        -90.1      -5659.5     -306587.5
    6     1        -86.0      -5745.5     -323824.0
    5     1       -157.4      -5902.9     -358060.7
    4     1          0.0      -5902.9     -379901.3
    3     1          0.0      -5902.9     -401741.9
    2     1          0.0      -5902.9     -423582.5
    1     1          0.0      -5902.9     -446603.7


     **********************************************************
                      地震外力、层剪力、倾覆力矩统计
     **********************************************************

  层号   塔号     层外力F     层剪力V     倾覆力矩M

    EX
   36     1        293.7        325.7         977.1
   35     1        244.1        596.2        2765.5
   34     1        222.8        842.5        5292.2
   33     1        201.9       1064.4        8483.1
   32     1        182.1       1262.2       12263.8
   31     1        164.4       1436.4       16561.4
   30     1        149.9       1588.5       21305.4
   29     1        139.4       1720.2       26429.5
   28     1        133.6       1833.9       31872.9
   27     1        132.2       1932.4       37581.5
   26     1        134.4       2018.7       43508.9
   25     1        139.1       2095.9       49616.5
   24     1        145.2       2166.7       55873.5
   23     1        151.8       2234.1       62256.9
   22     1        158.2       2300.4       68751.4
   21     1        164.0       2367.8       75348.7
   20     1        168.9       2437.8       82047.1
   19     1        172.7       2511.7       88850.7
   18     1        175.2       2590.0       95768.2
   17     1        176.4       2672.9      102812.1
   16     1        175.8       2759.9      109997.4
   15     1        173.3       2850.0      117340.6
   14     1        168.6       2942.0      124858.3
   13     1        161.7       3033.9      132566.0
   12     1        152.5       3124.0      140476.3
   11     1        140.9       3209.8      148598.5
   10     1        127.1       3289.4      156937.1
    9     1        111.4       3360.7      165491.2
    8     1         94.1       3422.0      174254.7
    7     1         75.9       3472.1      183216.0
    6     1         57.5       3510.5      192359.0
    5     1         63.2       3553.1      210494.1
    4     1          0.0       1712.2      200437.4
    3     1          0.0        593.7      211202.2
    2     1          0.0       1303.0      222078.0
    1     1          0.0       1166.7      233644.7

    EY
   36     1        359.9        379.5        1138.5
   35     1        288.6        683.3        3187.9
   34     1        252.6        947.5        6028.4
   33     1        218.9       1172.4        9538.9
   32     1        190.6       1359.6       13601.2
   31     1        171.5       1512.5       18104.1
   30     1        164.3       1636.4       22948.4
   29     1        168.1       1738.4       28051.1
   28     1        178.7       1826.2       33348.7
   27     1        191.0       1907.2       38798.6
   26     1        201.1       1987.5       44378.4
   25     1        207.1       2070.9       50081.7
   24     1        208.2       2158.4       55914.9
   23     1        204.6       2248.9       61891.4
   22     1        197.2       2339.8       68026.8
   21     1        188.3       2427.9       74334.5
   20     1        180.3       2510.4       80822.6
   19     1        176.0       2586.1       87493.2
   18     1        177.1       2654.8       94342.5
   17     1        183.5       2718.2      101363.0
   16     1        193.5       2778.8      108546.3
   15     1        204.6       2840.1      115885.8
   14     1        214.1       2905.3      123378.8
   13     1        219.7       2976.4      131027.5
   12     1        220.0       3053.9      138839.0
   11     1        214.1       3136.6      146823.9
   10     1        201.6       3221.4      154993.7
    9     1        182.7       3304.2      163358.8
    8     1        158.2       3380.3      171924.6
    7     1        129.5       3445.4      180690.7
    6     1         98.4       3496.6      189648.9
    5     1        105.6       3553.1      207470.1
    4     1          0.0       1445.6      207772.6
    3     1          0.0        540.8      218951.1
    2     1          0.0       1122.8      230262.0
    1     1          0.0       1126.5      242307.2

 EXMAX
   36     1        363.0        383.3        1149.8
   35     1        291.3        690.4        3220.4
   34     1        255.2        957.7        6091.3
   33     1        221.5       1185.6        9641.3
   32     1        193.0       1375.6       13751.5
   31     1        173.7       1531.1       18310.4
   30     1        166.3       1657.7       23218.2
   29     1        169.9       1762.0       28391.5
   28     1        180.3       1851.9       33766.5
   27     1        192.4       1934.9       39299.8
   26     1        202.5       2016.9       44968.3
   25     1        208.6       2101.7       50765.4
   24     1        209.7       2190.5       56696.4
   23     1        206.2       2282.3       62774.5
   22     1        199.0       2374.3       69014.6
   21     1        190.1       2463.6       75429.8
   20     1        182.2       2547.4       82028.1
   19     1        177.9       2624.4       88811.4
   18     1        178.9       2694.5       95776.0
   17     1        185.2       2759.2      102914.6
   16     1        195.1       2821.3      110218.9
   15     1        206.1       2883.9      117682.3
   14     1        215.4       2950.2      125302.0
   13     1        221.0       3022.4      133080.2
   12     1        221.3       3100.8      141023.9
   11     1        215.3       3184.3      149143.3
   10     1        202.8       3269.7      157449.8
    9     1        183.9       3353.1      165953.3
    8     1        159.4       3429.7      174659.3
    7     1        130.6       3495.3      183566.9
    6     1         99.4       3546.9      192667.8
    5     1        107.1       3604.2      210768.4
    4     1          0.0       3413.8      210814.6
    3     1          0.0       3413.8      222150.4
    2     1          0.0       3413.8      233619.1
    1     1          0.0       3413.8      245831.1

EXM 45
   36     1        273.4        295.8         887.4
   35     1        223.7        537.5        2499.5
   34     1        200.5        753.1        4757.5
   33     1        178.4        942.7        7581.6
   32     1        158.8       1107.0       10893.1
   31     1        143.6       1247.8       14616.7
   30     1        134.2       1367.7       18683.0
   29     1        130.8       1470.2       23031.0
   28     1        132.4       1559.1       27609.6
   27     1        136.8       1638.6       32378.6
   26     1        141.7       1712.0       37308.6
   25     1        145.8       1782.1       42379.5
   24     1        148.4       1850.6       47578.8
   23     1        149.3       1918.2       52900.2
   22     1        148.9       1985.1       58341.0
   21     1        147.9       2051.0       63901.2
   20     1        147.3       2115.7       69581.4
   19     1        147.8       2179.1       75382.9
   18     1        149.8       2241.8       81307.4
   17     1        153.0       2304.5       87356.8
   16     1        156.8       2368.1       93534.4
   15     1        160.1       2433.6       99844.9
   14     1        161.9       2501.6      106294.6
   13     1        161.1       2571.9      112891.7
   12     1        157.2       2643.8      119644.8
   11     1        149.7       2715.6      126562.1
   10     1        138.4       2785.1      133650.2
    9     1        123.5       2849.6      140912.3
    8     1        105.5       2906.7      148347.5
    7     1         85.2       2954.1      155949.6
    6     1         64.0       2990.5      163707.8
    5     1         68.1       3030.2      179104.9
    4     1          0.0       2801.2      174832.5
    3     1          0.0       2801.2      184213.4
    2     1          0.0       2801.2      193694.5
    1     1          0.0       2801.2      203781.3

 EYMAX
   36     1        296.0        327.9         983.8
   35     1        246.1        600.4        2784.8
   34     1        224.8        848.6        5329.8
   33     1        203.8       1072.4        8544.7
   32     1        184.0       1272.0       12354.9
   31     1        166.2       1448.0       16687.3
   30     1        151.6       1601.8       21471.2
   29     1        141.0       1735.2       26639.9
   28     1        135.1       1850.4       32132.6
   27     1        133.6       1950.4       37894.9
   26     1        135.8       2038.1       43880.1
   25     1        140.4       2116.5       50049.3
   24     1        146.4       2188.6       56371.5
   23     1        153.0       2257.0       62823.5
   22     1        159.4       2324.4       69389.7
   21     1        165.3       2392.7       76061.6
   20     1        170.2       2463.6       82837.2
   19     1        174.0       2538.3       89720.5
   18     1        176.6       2617.5       96720.0
   17     1        177.7       2701.1      103848.0
   16     1        177.1       2788.8      111119.5
   15     1        174.5       2879.6      118550.8
   14     1        169.8       2972.1      126158.4
   13     1        162.8       3064.7      133957.5
   12     1        153.4       3155.2      141960.7
   11     1        141.6       3241.4      150177.0
   10     1        127.7       3321.3      158610.6
    9     1        111.7       3392.7      167260.7
    8     1         94.2       3454.0      176120.5
    7     1         75.8       3504.0      185178.4
    6     1         57.3       3542.3      194418.1
    5     1         62.6       3584.6      212739.3
    4     1          0.0       3236.0      202802.8
    3     1          0.0       3236.0      213686.3
    2     1          0.0       3236.0      224680.8
    1     1          0.0       3236.0      236372.5

EYM 45
   36     1        290.5        314.3         942.9
   35     1        235.9        569.1        2649.9
   34     1        209.5        794.2        5031.0
   33     1        184.6        989.8        7995.6
   32     1        162.9       1156.7       11454.2
   31     1        147.0       1297.4       15322.2
   30     1        138.6       1415.2       19522.8
   29     1        137.7       1514.7       23990.0
   28     1        142.2       1601.0       28670.4
   27     1        149.0       1678.9       33524.4
   26     1        155.6       1752.8       38526.0
   25     1        160.3       1825.5       43660.4
   24     1        162.3       1898.5       48921.8
   23     1        161.6       1972.2       54310.6
   22     1        158.9       2045.5       59830.3
   21     1        155.1       2117.4       65485.1
   20     1        151.9       2186.7       71278.5
   19     1        150.6       2252.8       77211.8
   18     1        151.9       2316.0       83284.7
   17     1        155.8       2377.2       89495.8
   16     1        161.4       2437.9       95844.0
   15     1        167.2       2499.7      102329.5
   14     1        171.7       2564.1      108954.9
   13     1        173.6       2632.0      115725.4
   12     1        171.9       2702.9      122648.2
   11     1        165.9       2775.7      129731.7
   10     1        155.4       2848.0      136983.7
    9     1        140.5       2916.9      144409.8
    8     1        121.7       2979.3      152011.8
    7     1         99.9       3032.4      159786.1
    6     1         76.5       3074.1      167724.0
    5     1         83.8       3121.0      183494.9
    4     1          0.0       2885.2      179124.5
    3     1          0.0       2885.2      188747.8
    2     1          0.0       2885.2      198478.6
    1     1          0.0       2885.2      208835.3


     **********************************************************
                           0.2V0调整系数
     **********************************************************

