     **********************************************************
                              周期、地震力与振型输出文件
     **********************************************************

  考虑扭转耦联时的振动周期(秒)、X,Y 方向的平动系数、扭转系数

  振型号    周期      转角       平动系数(X+Y)     扭转系数(Z)(强制刚性楼板模型)

     1     2.6304    98.68      1.00(0.02+0.98)      0.00
     2     2.3497     7.24      0.76(0.75+0.01)      0.24
     3     2.1900    13.31      0.24(0.23+0.01)      0.76
     4     0.7319    97.07      1.00(0.02+0.98)      0.00
     5     0.6907     7.26      0.36(0.35+0.01)      0.64
     6     0.5757     6.98      0.64(0.63+0.01)      0.36
     7     0.3640    98.15      0.99(0.02+0.97)      0.01
     8     0.3533    14.32      0.36(0.34+0.02)      0.64

  地震作用最大的方向 = 98.859°

  振型号    周期      转角       平动系数(X+Y)     扭转系数(Z)
     1     2.6339    98.64      1.00(0.02+0.98)      0.00
     2     2.3501     7.18      0.77(0.75+0.01)      0.23
     3     2.1934    13.38      0.24(0.22+0.01)      0.76
     4     0.7332    96.98      1.00(0.01+0.99)      0.00
     5     0.6909     7.03      0.36(0.35+0.01)      0.64
     6     0.5766     6.96      0.64(0.63+0.01)      0.36
     7     0.3647    97.88      0.99(0.02+0.98)      0.01
     8     0.3534    13.59      0.36(0.34+0.02)      0.64

  (Z向扭转质量系数只在强制刚性板下有意义，对于非强制刚性板下的计算结果仅供参考)
  振型号   X向平动质量系数%(sum)   Y向平动质量系数%(sum)   Z向扭转质量系数%(sum)
     1         1.64(  1.64)           71.98( 71.98)            0.14(  0.14)
     2        55.64( 57.28)            0.88( 72.86)           17.84( 17.98)
     3        15.81( 73.10)            0.96( 73.82)           55.42( 73.39)
     4         0.26( 73.36)           14.85( 88.67)            0.00( 73.39)
     5         5.03( 78.39)            0.07( 88.74)            8.13( 81.52)
     6        10.96( 89.35)            0.14( 88.88)            4.96( 86.49)
     7         0.09( 89.44)            4.86( 93.74)            0.03( 86.52)
     8         1.31( 90.75)            0.09( 93.83)            3.51( 90.03)

   X向平动振型参与质量系数总计:    90.75%
   Y向平动振型参与质量系数总计:    93.83%

  第1扭转周期(2.1900)/第1平动周期(2.6304) = 0.83

  地震作用最大的方向 = 98.818°

    振型号       阻尼比
       1         0.050
       2         0.050
       3         0.050
       4         0.050
       5         0.050
       6         0.050
       7         0.050
       8         0.050

   **********************************************************
   仅考虑 X 向地震作用时的地震力(采用非强制刚性楼板假定模型计算结果)
   Floor : 层号
   Tower : 塔号
   F-x-x : X 方向的耦联地震力在 X 方向的分量
   F-x-y : X 方向的耦联地震力在 Y 方向的分量
   F-x-t : X 方向的耦联地震力的扭矩

   振型 1 的地震力
   -------------------------------------------------------
   Floor     Tower       F-x-x         F-x-y         F-x-t
                         (kN)          (kN)         (kN-m)
    36         1          4.42        -28.29        -16.01
    35         1          3.88        -24.94        -14.05
    34         1          3.76        -24.29        -13.56
    33         1          3.65        -23.63        -13.06
    32         1          3.53        -22.94        -12.56
    31         1          3.40        -22.23        -12.05
    30         1          3.28        -21.49        -11.54
    29         1          3.15        -20.73        -11.01
    28         1          3.02        -19.95        -10.48
    27         1          2.89        -19.14         -9.95
    26         1          2.75        -18.31         -9.41
    25         1          2.62        -17.47         -8.86
    24         1          2.48        -16.60         -8.31
    23         1          2.34        -15.73         -7.75
    22         1          2.20        -14.83         -7.19
    21         1          2.06        -13.93         -6.63
    20         1          1.92        -13.02         -6.08
    19         1          1.78        -12.11         -5.52
    18         1          1.64        -11.20         -4.98
    17         1          1.50        -10.29         -4.44
    16         1          1.37         -9.38         -3.91
    15         1          1.23         -8.48         -3.39
    14         1          1.10         -7.59         -2.89
    13         1          0.98         -6.72         -2.42
    12         1          0.85         -5.87         -1.96
    11         1          0.74         -5.04         -1.53
    10         1          0.62         -4.24         -1.13
     9         1          0.51         -3.48         -0.77
     8         1          0.41         -2.76         -0.45
     7         1          0.32         -2.10         -0.17
     6         1          0.24         -1.50          0.04
     5         1          0.26         -1.54          0.31
     4         1          0.00          0.00          0.00
     3         1          0.00          0.00          0.00
     2         1          0.00          0.00          0.00
     1         1          0.00          0.00          0.00
   振型 2 的地震力
   -------------------------------------------------------
   Floor     Tower       F-x-x         F-x-y         F-x-t
                         (kN)          (kN)         (kN-m)
    36         1        148.15         18.46        853.02
    35         1        130.72         16.28        763.94
    34         1        127.30         15.89        751.94
    33         1        123.77         15.49        738.99
    32         1        120.13         15.07        724.87
    31         1        116.36         14.63        709.48
    30         1        112.47         14.17        692.71
    29         1        108.45         13.70        674.55
    28         1        104.31         13.20        654.97
    27         1        100.05         12.69        634.03
    26         1         95.71         12.16        611.91
    25         1         91.28         11.62        588.55
    24         1         86.76         11.06        564.00
    23         1         82.16         10.49        538.29
    22         1         77.50          9.90        511.51
    21         1         72.78          9.31        483.75
    20         1         68.04          8.71        455.13
    19         1         63.29          8.10        425.89
    18         1         58.53          7.49        396.01
    17         1         53.78          6.88        365.59
    16         1         49.05          6.27        334.74
    15         1         44.36          5.66        303.61
    14         1         39.74          5.05        272.38
    13         1         35.22          4.45        241.32
    12         1         30.79          3.87        210.51
    11         1         26.49          3.30        180.15
    10         1         22.34          2.74        150.52
     9         1         18.38          2.21        121.94
     8         1         14.63          1.71         94.80
     7         1         11.16          1.25         69.64
     6         1          8.02          0.83         47.13
     5         1          8.40          0.74         43.56
     4         1         -0.00          0.00         -0.00
     3         1         -0.00          0.00         -0.00
     2         1         -0.00          0.00         -0.00
     1         1         -0.00          0.00         -0.00
   振型 3 的地震力
   -------------------------------------------------------
   Floor     Tower       F-x-x         F-x-y         F-x-t
                         (kN)          (kN)         (kN-m)
    36         1         46.77         10.10       -886.67
    35         1         40.67          8.96       -786.98
    34         1         39.24          8.76       -767.78
    33         1         37.79          8.54       -748.00
    32         1         36.34          8.32       -727.47
    31         1         34.88          8.09       -706.11
    30         1         33.41          7.85       -683.83
    29         1         31.93          7.59       -660.60
    28         1         30.43          7.33       -636.41
    27         1         28.93          7.05       -611.30
    26         1         27.43          6.77       -585.38
    25         1         25.92          6.48       -558.65
    24         1         24.41          6.18       -531.15
    23         1         22.91          5.87       -502.94
    22         1         21.41          5.56       -474.08
    21         1         19.93          5.24       -444.68
    20         1         18.46          4.92       -414.84
    19         1         17.01          4.59       -384.75
    18         1         15.58          4.27       -354.45
    17         1         14.19          3.94       -324.04
    16         1         12.82          3.61       -293.66
    15         1         11.50          3.28       -263.46
    14         1         10.22          2.95       -233.61
    13         1          8.99          2.62       -204.34
    12         1          7.82          2.30       -175.77
    11         1          6.70          1.99       -148.12
    10         1          5.65          1.69       -121.65
     9         1          4.67          1.39        -96.64
     8         1          3.77          1.11        -73.47
     7         1          2.95          0.85        -52.55
     6         1          2.23          0.61        -34.41
     5         1          2.45          0.65        -30.25
     4         1          0.00          0.00          0.00
     3         1          0.00          0.00          0.00
     2         1          0.00          0.00          0.00
     1         1          0.00          0.00          0.00
   振型 4 的地震力
   -------------------------------------------------------
   Floor     Tower       F-x-x         F-x-y         F-x-t
                         (kN)          (kN)         (kN-m)
    36         1         -3.47         28.89          0.74
    35         1         -2.79         23.40          0.11
    34         1         -2.43         20.59         -0.41
    33         1         -2.06         17.63         -0.87
    32         1         -1.67         14.53         -1.27
    31         1         -1.28         11.31         -1.60
    30         1         -0.87          8.00         -1.85
    29         1         -0.47          4.64         -2.04
    28         1         -0.07          1.29         -2.16
    27         1          0.32         -1.99         -2.21
    26         1          0.69         -5.14         -2.21
    25         1          1.04         -8.13         -2.15
    24         1          1.37        -10.91         -2.03
    23         1          1.66        -13.44         -1.86
    22         1          1.93        -15.69         -1.64
    21         1          2.15        -17.60         -1.39
    20         1          2.34        -19.15         -1.10
    19         1          2.48        -20.32         -0.79
    18         1          2.57        -21.11         -0.46
    17         1          2.63        -21.51         -0.12
    16         1          2.63        -21.52          0.22
    15         1          2.60        -21.15          0.55
    14         1          2.52        -20.41          0.86
    13         1          2.40        -19.33          1.15
    12         1          2.25        -17.94          1.41
    11         1          2.07        -16.28          1.62
    10         1          1.86        -14.40          1.78
     9         1          1.62        -12.34          1.89
     8         1          1.37        -10.17          1.93
     7         1          1.12         -7.97          1.91
     6         1          0.86         -5.84          1.82
     5         1          0.98         -6.08          2.59
     4         1         -0.00          0.00         -0.00
     3         1         -0.00          0.00         -0.00
     2         1         -0.00          0.00         -0.00
     1         1         -0.00          0.00         -0.00
   振型 5 的地震力
   -------------------------------------------------------
   Floor     Tower       F-x-x         F-x-y         F-x-t
                         (kN)          (kN)         (kN-m)
    36         1        -78.30        -10.33      -1216.59
    35         1        -64.38         -8.28       -997.73
    34         1        -57.29         -7.23       -884.36
    33         1        -49.67         -6.14       -764.07
    32         1        -41.54         -4.98       -636.65
    31         1        -32.96         -3.79       -502.84
    30         1        -24.04         -2.56       -364.05
    29         1        -14.91         -1.33       -222.19
    28         1         -5.72         -0.10        -79.56
    27         1          3.35          1.09         61.15
    26         1         12.11          2.23        196.84
    25         1         20.47          3.29        326.13
    24         1         28.32          4.27        446.81
    23         1         35.52          5.14        556.73
    22         1         41.95          5.90        653.86
    21         1         47.49          6.52        736.39
    20         1         52.04          7.00        802.73
    19         1         55.54          7.32        851.94
    18         1         57.99          7.50        883.96
    17         1         59.34          7.53        898.39
    16         1         59.60          7.41        895.19
    15         1         58.78          7.15        874.71
    14         1         56.90          6.76        837.76
    13         1         54.07          6.24        785.96
    12         1         50.35          5.62        720.93
    11         1         45.84          4.92        644.54
    10         1         40.66          4.14        559.12
     9         1         34.96          3.33        467.44
     8         1         28.90          2.49        372.81
     7         1         22.71          1.68        279.10
     6         1         16.66          0.92        190.97
     5         1         17.70          0.37        176.44
     4         1          0.00          0.00          0.00
     3         1          0.00          0.00          0.00
     2         1          0.00          0.00          0.00
     1         1          0.00          0.00          0.00
   振型 6 的地震力
   -------------------------------------------------------
   Floor     Tower       F-x-x         F-x-y         F-x-t
                         (kN)          (kN)         (kN-m)
    36         1       -187.25        -21.51       1682.05
    35         1       -149.36        -17.77       1344.16
    34         1       -129.22        -15.91       1156.12
    33         1       -108.49        -13.90        963.65
    32         1        -87.23        -11.73        766.96
    31         1        -65.58         -9.40        567.36
    30         1        -43.78         -6.95        366.80
    29         1        -22.08         -4.40        167.78
    28         1         -0.76         -1.81        -26.85
    27         1         19.85          0.78       -213.95
    26         1         39.40          3.31       -390.21
    25         1         57.77          5.74       -553.87
    24         1         74.71          8.04       -702.34
    23         1         89.99         10.17       -833.18
    22         1        103.39         12.08       -944.27
    21         1        114.73         13.74      -1033.83
    20         1        123.83         15.11      -1100.47
    19         1        130.64         16.17      -1143.86
    18         1        135.14         16.91      -1164.44
    17         1        137.32         17.31      -1162.33
    16         1        137.17         17.38      -1138.14
    15         1        134.74         17.12      -1093.01
    14         1        130.14         16.52      -1028.60
    13         1        123.55         15.63       -947.59
    12         1        115.17         14.45       -852.66
    11         1        105.19         13.02       -746.76
    10         1         93.86         11.38       -633.35
     9         1         81.47          9.58       -516.31
     8         1         68.39          7.68       -400.00
     7         1         55.03          5.76       -289.23
     6         1         41.94          3.92       -189.23
     5         1         46.48          3.68       -162.61
     4         1         -0.00          0.00         -0.00
     3         1         -0.00          0.00         -0.00
     2         1         -0.00          0.00         -0.00
     1         1         -0.00          0.00         -0.00
   振型 7 的地震力
   -------------------------------------------------------
   Floor     Tower       F-x-x         F-x-y         F-x-t
                         (kN)          (kN)         (kN-m)
    36         1          3.96        -28.78         24.54
    35         1          2.92        -20.94         18.53
    34         1          2.20        -15.58         14.42
    33         1          1.44         -9.97          9.96
    32         1          0.66         -4.22          5.27
    31         1         -0.12          1.45          0.51
    30         1         -0.85          6.81         -4.10
    29         1         -1.52         11.60         -8.35
    28         1         -2.08         15.58        -12.01
    27         1         -2.50         18.57        -14.90
    26         1         -2.78         20.42        -16.87
    25         1         -2.91         21.12        -17.88
    24         1         -2.88         20.64        -17.88
    23         1         -2.70         19.01        -16.89
    22         1         -2.37         16.34        -14.96
    21         1         -1.92         12.77        -12.20
    20         1         -1.37          8.51         -8.77
    19         1         -0.75          3.83         -4.90
    18         1         -0.10         -1.06         -0.76
    17         1          0.56         -5.91          3.42
    16         1          1.20        -10.48          7.44
    15         1          1.77        -14.53         11.08
    14         1          2.26        -17.86         14.16
    13         1          2.64        -20.31         16.52
    12         1          2.90        -21.79         18.08
    11         1          3.03        -22.26         18.77
    10         1          3.02        -21.71         18.57
     9         1          2.88        -20.20         17.54
     8         1          2.62        -17.84         15.75
     7         1          2.26        -14.83         13.38
     6         1          1.83        -11.42         10.65
     5         1          2.14        -12.39         12.10
     4         1         -0.00          0.00         -0.00
     3         1         -0.00          0.00         -0.00
     2         1         -0.00          0.00         -0.00
     1         1         -0.00          0.00         -0.00
   振型 8 的地震力
   -------------------------------------------------------
   Floor     Tower       F-x-x         F-x-y         F-x-t
                         (kN)          (kN)         (kN-m)
    36         1         67.68         16.58       1016.61
    35         1         50.43         11.96        740.78
    34         1         38.48          8.80        546.60
    33         1         25.60          5.50        343.19
    32         1         12.19          2.13        135.93
    31         1         -1.23         -1.17        -67.35
    30         1        -14.04         -4.25       -257.82
    29         1        -25.64         -6.98       -426.38
    28         1        -35.44         -9.22       -564.55
    27         1        -42.93        -10.84       -665.02
    26         1        -47.78        -11.78       -723.44
    25         1        -49.92        -12.03       -739.21
    24         1        -49.29        -11.59       -711.83
    23         1        -45.95        -10.49       -643.05
    22         1        -40.11         -8.79       -536.92
    21         1        -32.13         -6.60       -399.54
    20         1        -22.48         -4.04       -238.97
    19         1        -11.81         -1.29        -65.59
    18         1         -0.60          1.53        112.09
    17         1         10.57          4.27        284.76
    16         1         21.13          6.78        443.27
    15         1         30.54          8.93        579.21
    14         1         38.31         10.62        685.36
    13         1         44.07         11.75        756.60
    12         1         47.64         12.30        790.79
    11         1         48.89         12.25        786.86
    10         1         47.80         11.62        746.04
     9         1         44.51         10.46        671.95
     8         1         39.29          8.85        570.55
     7         1         32.56          6.93        450.22
     6         1         24.91          4.86        321.74
     5         1         27.31          4.34        306.88
     4         1         -0.00          0.00         -0.00
     3         1         -0.00          0.00         -0.00
     2         1         -0.00          0.00         -0.00
     1         1         -0.00          0.00         -0.00
   各振型作用下 X 方向的基底剪力
   -------------------------------------------------------
   层号：  1    塔号：  1
            振型号       剪力(kN)
               1           64.92
               2         2250.11
               3          647.44
               4           26.34
               5          532.47
               6         1366.11
               7           15.44
               8          232.54

   各层 X 方向的作用力(CQC)
   Floor    : 层号
   Tower    : 塔号
   Fx       : X 向地震作用下结构的地震反应力
   Vx       : X 向地震作用下结构的楼层剪力
   Mx       : X 向地震作用下结构的弯矩
   Static Fx: 静力法 X 向的地震力
   ----------------------------------------------------------------------
   Floor     Tower        Fx           Vx (分塔剪重比)      Mx        Static Fx
                         (kN)         (kN)                 (kN-m)         (kN)
    36         1        293.68       293.68( 3.904%)       881.05        194.31
    35         1        244.08       537.59( 3.754%)      2493.66        171.00
    34         1        222.78       759.69( 3.597%)      4771.98        166.37
    33         1        201.88       959.81( 3.438%)      7649.18        161.74
    32         1        182.10      1138.11( 3.278%)     11058.31        157.11
    31         1        164.40      1295.24( 3.120%)     14933.46        152.48
    30         1        149.85      1432.35( 2.965%)     19211.12        147.85
    29         1        139.41      1551.12( 2.814%)     23831.50        143.22
    28         1        133.59      1653.66( 2.671%)     28739.79        138.59
    27         1        132.21      1742.48( 2.536%)     33887.22        133.96
    26         1        134.41      1820.30( 2.411%)     39231.97        129.33
    25         1        139.11      1889.83( 2.296%)     44739.19        124.70
    24         1        145.19      1953.73( 2.192%)     50381.11        120.07
    23         1        151.76      2014.47( 2.100%)     56137.05        115.44
    22         1        158.16      2074.27( 2.020%)     61993.13        110.81
    21         1        163.97      2135.01( 1.950%)     67941.92        106.18
    20         1        168.87      2198.16( 1.890%)     73981.88        101.55
    19         1        172.68      2264.79( 1.840%)     80116.68         96.92
    18         1        175.25      2335.43( 1.798%)     86354.19         92.29
    17         1        176.35      2410.16( 1.763%)     92705.64         87.66
    16         1        175.77      2488.59( 1.734%)     99184.62         83.03
    15         1        173.26      2569.87( 1.710%)    105806.01         78.40
    14         1        168.60      2652.77( 1.689%)    112584.77         73.77
    13         1        161.70      2735.71( 1.669%)    119534.76         69.14
    12         1        152.48      2816.87( 1.650%)    126667.54         64.51
    11         1        140.92      2894.32( 1.631%)    133991.33         59.88
    10         1        127.14      2966.09( 1.609%)    141510.20         55.25
     9         1        111.40      3030.36( 1.586%)    149223.47         50.62
     8         1         94.10      3085.61( 1.559%)    157125.49         45.99
     7         1         75.85      3130.77( 1.530%)    165205.88         41.36
     6         1         57.50      3165.39( 1.497%)    173450.16         36.73
     5         1         63.19      3203.86( 1.443%)    189802.57         49.95
     4         1          0.00      1712.17( 0.504%)    200437.44          0.00
     3         1          0.00       593.69( 0.159%)    211202.20          0.00
     2         1          0.00      1303.00( 0.317%)    222077.96          0.00
     1         1          0.00      1166.66( 0.260%)    233644.67          0.00

       抗震规范(5.2.5)条要求的X向楼层最小剪重比 =   1.60%

   **********************************************************
   仅考虑 Y 向地震作用时的地震力(采用非强制刚性楼板假定模型计算结果)
   Floor : 层号
   Tower : 塔号
   F-y-x : Y 方向的耦联地震力在 X 方向的分量
   F-y-y : Y 方向的耦联地震力在 Y 方向的分量
   F-y-t : Y 方向的耦联地震力的扭矩

   振型 1 的地震力
   -------------------------------------------------------
   Floor     Tower       F-y-x         F-y-y         F-y-t
                         (kN)          (kN)         (kN-m)
    36         1        -29.28        187.32        105.98
    35         1        -25.69        165.10         93.04
    34         1        -24.92        160.81         89.75
    33         1        -24.14        156.41         86.46
    32         1        -23.35        151.87         83.14
    31         1        -22.53        147.16         79.78
    30         1        -21.70        142.29         76.37
    29         1        -20.86        137.25         72.91
    28         1        -19.99        132.05         69.41
    27         1        -19.11        126.70         65.86
    26         1        -18.22        121.23         62.27
    25         1        -17.32        115.64         58.64
    24         1        -16.41        109.93         54.99
    23         1        -15.49        104.11         51.31
    22         1        -14.56         98.21         47.61
    21         1        -13.64         92.23         43.92
    20         1        -12.71         86.21         40.23
    19         1        -11.78         80.18         36.57
    18         1        -10.87         74.13         32.95
    17         1         -9.96         68.10         29.38
    16         1         -9.06         62.08         25.88
    15         1         -8.18         56.12         22.47
    14         1         -7.31         50.24         19.16
    13         1         -6.47         44.48         15.99
    12         1         -5.66         38.84         12.97
    11         1         -4.87         33.36         10.12
    10         1         -4.12         28.08          7.48
     9         1         -3.41         23.03          5.09
     8         1         -2.74         18.27          2.96
     7         1         -2.13         13.87          1.16
     6         1         -1.58          9.91         -0.29
     5         1         -1.72         10.17         -2.07
     4         1         -0.00          0.00         -0.00
     3         1         -0.00          0.00         -0.00
     2         1         -0.00          0.00         -0.00
     1         1         -0.00          0.00         -0.00
   振型 2 的地震力
   -------------------------------------------------------
   Floor     Tower       F-y-x         F-y-y         F-y-t
                         (kN)          (kN)         (kN-m)
    36         1         18.66          2.32        107.43
    35         1         16.46          2.05         96.21
    34         1         16.03          2.00         94.70
    33         1         15.59          1.95         93.07
    32         1         15.13          1.90         91.29
    31         1         14.65          1.84         89.35
    30         1         14.16          1.78         87.24
    29         1         13.66          1.73         84.95
    28         1         13.14          1.66         82.49
    27         1         12.60          1.60         79.85
    26         1         12.05          1.53         77.06
    25         1         11.50          1.46         74.12
    24         1         10.93          1.39         71.03
    23         1         10.35          1.32         67.79
    22         1          9.76          1.25         64.42
    21         1          9.17          1.17         60.92
    20         1          8.57          1.10         57.32
    19         1          7.97          1.02         53.64
    18         1          7.37          0.94         49.87
    17         1          6.77          0.87         46.04
    16         1          6.18          0.79         42.16
    15         1          5.59          0.71         38.24
    14         1          5.01          0.64         34.30
    13         1          4.44          0.56         30.39
    12         1          3.88          0.49         26.51
    11         1          3.34          0.42         22.69
    10         1          2.81          0.35         18.96
     9         1          2.31          0.28         15.36
     8         1          1.84          0.22         11.94
     7         1          1.41          0.16          8.77
     6         1          1.01          0.10          5.94
     5         1          1.06          0.09          5.49
     4         1         -0.00          0.00         -0.00
     3         1         -0.00          0.00         -0.00
     2         1         -0.00          0.00         -0.00
     1         1         -0.00          0.00         -0.00
   振型 3 的地震力
   -------------------------------------------------------
   Floor     Tower       F-y-x         F-y-y         F-y-t
                         (kN)          (kN)         (kN-m)
    36         1         11.52          2.49       -218.39
    35         1         10.02          2.21       -193.84
    34         1          9.66          2.16       -189.11
    33         1          9.31          2.10       -184.24
    32         1          8.95          2.05       -179.18
    31         1          8.59          1.99       -173.92
    30         1          8.23          1.93       -168.43
    29         1          7.86          1.87       -162.71
    28         1          7.50          1.80       -156.75
    27         1          7.13          1.74       -150.57
    26         1          6.76          1.67       -144.18
    25         1          6.38          1.60       -137.60
    24         1          6.01          1.52       -130.83
    23         1          5.64          1.45       -123.88
    22         1          5.27          1.37       -116.77
    21         1          4.91          1.29       -109.53
    20         1          4.55          1.21       -102.18
    19         1          4.19          1.13        -94.77
    18         1          3.84          1.05        -87.30
    17         1          3.49          0.97        -79.81
    16         1          3.16          0.89        -72.33
    15         1          2.83          0.81        -64.89
    14         1          2.52          0.73        -57.54
    13         1          2.21          0.65        -50.33
    12         1          1.93          0.57        -43.29
    11         1          1.65          0.49        -36.48
    10         1          1.39          0.42        -29.96
     9         1          1.15          0.34        -23.80
     8         1          0.93          0.27        -18.10
     7         1          0.73          0.21        -12.94
     6         1          0.55          0.15         -8.47
     5         1          0.60          0.16         -7.45
     4         1          0.00          0.00          0.00
     3         1          0.00          0.00          0.00
     2         1          0.00          0.00          0.00
     1         1          0.00          0.00          0.00
   振型 4 的地震力
   -------------------------------------------------------
   Floor     Tower       F-y-x         F-y-y         F-y-t
                         (kN)          (kN)         (kN-m)
    36         1         26.09       -217.38         -5.57
    35         1         20.98       -176.09         -0.83
    34         1         18.28       -154.89          3.08
    33         1         15.48       -132.65          6.54
    32         1         12.58       -109.33          9.53
    31         1          9.60        -85.08         12.00
    30         1          6.58        -60.16         13.95
    29         1          3.54        -34.91         15.37
    28         1          0.54         -9.72         16.26
    27         1         -2.39         14.98         16.66
    26         1         -5.18         38.67         16.62
    25         1         -7.83         61.16         16.15
    24         1        -10.28         82.10         15.26
    23         1        -12.52        101.16         13.99
    22         1        -14.50        118.03         12.37
    21         1        -16.19        132.43         10.44
    20         1        -17.57        144.10          8.27
    19         1        -18.63        152.92          5.92
    18         1        -19.36        158.86          3.45
    17         1        -19.75        161.88          0.91
    16         1        -19.82        161.96         -1.63
    15         1        -19.55        159.14         -4.12
    14         1        -18.96        153.55         -6.49
    13         1        -18.09        145.42         -8.67
    12         1        -16.94        134.99        -10.59
    11         1        -15.56        122.51        -12.19
    10         1        -13.96        108.33        -13.42
     9         1        -12.21         92.83        -14.20
     8         1        -10.33         76.52        -14.52
     7         1         -8.40         59.98        -14.33
     6         1         -6.49         43.92        -13.68
     5         1         -7.35         45.77        -19.51
     4         1          0.00          0.00          0.00
     3         1          0.00          0.00          0.00
     2         1          0.00          0.00          0.00
     1         1          0.00          0.00          0.00
   振型 5 的地震力
   -------------------------------------------------------
   Floor     Tower       F-y-x         F-y-y         F-y-t
                         (kN)          (kN)         (kN-m)
    36         1         -9.42         -1.24       -146.42
    35         1         -7.75         -1.00       -120.08
    34         1         -6.89         -0.87       -106.44
    33         1         -5.98         -0.74        -91.96
    32         1         -5.00         -0.60        -76.62
    31         1         -3.97         -0.46        -60.52
    30         1         -2.89         -0.31        -43.82
    29         1         -1.79         -0.16        -26.74
    28         1         -0.69         -0.01         -9.58
    27         1          0.40          0.13          7.36
    26         1          1.46          0.27         23.69
    25         1          2.46          0.40         39.25
    24         1          3.41          0.51         53.78
    23         1          4.28          0.62         67.00
    22         1          5.05          0.71         78.70
    21         1          5.72          0.78         88.63
    20         1          6.26          0.84         96.61
    19         1          6.68          0.88        102.54
    18         1          6.98          0.90        106.39
    17         1          7.14          0.91        108.13
    16         1          7.17          0.89        107.74
    15         1          7.07          0.86        105.28
    14         1          6.85          0.81        100.83
    13         1          6.51          0.75         94.59
    12         1          6.06          0.68         86.77
    11         1          5.52          0.59         77.57
    10         1          4.89          0.50         67.29
     9         1          4.21          0.40         56.26
     8         1          3.48          0.30         44.87
     7         1          2.73          0.20         33.59
     6         1          2.01          0.11         22.98
     5         1          2.13          0.04         21.24
     4         1          0.00          0.00          0.00
     3         1          0.00          0.00          0.00
     2         1          0.00          0.00          0.00
     1         1          0.00          0.00          0.00
   振型 6 的地震力
   -------------------------------------------------------
   Floor     Tower       F-y-x         F-y-y         F-y-t
                         (kN)          (kN)         (kN-m)
    36         1        -20.85         -2.39        187.27
    35         1        -16.63         -1.98        149.65
    34         1        -14.39         -1.77        128.72
    33         1        -12.08         -1.55        107.29
    32         1         -9.71         -1.31         85.39
    31         1         -7.30         -1.05         63.17
    30         1         -4.87         -0.77         40.84
    29         1         -2.46         -0.49         18.68
    28         1         -0.09         -0.20         -2.99
    27         1          2.21          0.09        -23.82
    26         1          4.39          0.37        -43.44
    25         1          6.43          0.64        -61.67
    24         1          8.32          0.90        -78.20
    23         1         10.02          1.13        -92.76
    22         1         11.51          1.35       -105.13
    21         1         12.77          1.53       -115.10
    20         1         13.79          1.68       -122.52
    19         1         14.54          1.80       -127.35
    18         1         15.05          1.88       -129.64
    17         1         15.29          1.93       -129.41
    16         1         15.27          1.94       -126.71
    15         1         15.00          1.91       -121.69
    14         1         14.49          1.84       -114.52
    13         1         13.76          1.74       -105.50
    12         1         12.82          1.61        -94.93
    11         1         11.71          1.45        -83.14
    10         1         10.45          1.27        -70.51
     9         1          9.07          1.07        -57.48
     8         1          7.61          0.86        -44.53
     7         1          6.13          0.64        -32.20
     6         1          4.67          0.44        -21.07
     5         1          5.17          0.41        -18.10
     4         1         -0.00          0.00         -0.00
     3         1         -0.00          0.00         -0.00
     2         1         -0.00          0.00         -0.00
     1         1         -0.00          0.00         -0.00
   振型 7 的地震力
   -------------------------------------------------------
   Floor     Tower       F-y-x         F-y-y         F-y-t
                         (kN)          (kN)         (kN-m)
    36         1        -29.63        215.26       -183.48
    35         1        -21.81        156.59       -138.60
    34         1        -16.44        116.53       -107.85
    33         1        -10.76         74.53        -74.51
    32         1         -4.92         31.54        -39.39
    31         1          0.87        -10.88         -3.82
    30         1          6.37        -50.92         30.67
    29         1         11.33        -86.72         62.42
    28         1         15.52       -116.54         89.82
    27         1         18.73       -138.84        111.41
    26         1         20.83       -152.69        126.14
    25         1         21.78       -157.91        133.69
    24         1         21.56       -154.33        133.74
    23         1         20.19       -142.19        126.32
    22         1         17.75       -122.21        111.88
    21         1         14.37        -95.52         91.24
    20         1         10.24        -63.64         65.59
    19         1          5.63        -28.61         36.62
    18         1          0.73          7.95          5.71
    17         1         -4.20         44.21        -25.58
    16         1         -8.94         78.36        -55.63
    15         1        -13.25        108.66        -82.88
    14         1        -16.92        133.56       -105.91
    13         1        -19.77        151.87       -123.55
    12         1        -21.71        162.98       -135.19
    11         1        -22.66        166.48       -140.34
    10         1        -22.60        162.36       -138.90
     9         1        -21.55        151.05       -131.15
     8         1        -19.59        133.44       -117.82
     7         1        -16.89        110.92       -100.09
     6         1        -13.65         85.37        -79.64
     5         1        -16.03         92.64        -90.49
     4         1          0.00          0.00          0.00
     3         1          0.00          0.00          0.00
     2         1          0.00          0.00          0.00
     1         1          0.00          0.00          0.00
   振型 8 的地震力
   -------------------------------------------------------
   Floor     Tower       F-y-x         F-y-y         F-y-t
                         (kN)          (kN)         (kN-m)
    36         1         17.87          4.38        268.38
    35         1         13.31          3.16        195.56
    34         1         10.16          2.32        144.30
    33         1          6.76          1.45         90.60
    32         1          3.22          0.56         35.88
    31         1         -0.32         -0.31        -17.78
    30         1         -3.71         -1.12        -68.06
    29         1         -6.77         -1.84       -112.56
    28         1         -9.36         -2.43       -149.04
    27         1        -11.33         -2.86       -175.56
    26         1        -12.61         -3.11       -190.98
    25         1        -13.18         -3.18       -195.15
    24         1        -13.01         -3.06       -187.92
    23         1        -12.13         -2.77       -169.76
    22         1        -10.59         -2.32       -141.74
    21         1         -8.48         -1.74       -105.48
    20         1         -5.93         -1.07        -63.09
    19         1         -3.12         -0.34        -17.31
    18         1         -0.16          0.40         29.59
    17         1          2.79          1.13         75.17
    16         1          5.58          1.79        117.02
    15         1          8.06          2.36        152.91
    14         1         10.11          2.80        180.93
    13         1         11.64          3.10        199.74
    12         1         12.58          3.25        208.76
    11         1         12.91          3.24        207.72
    10         1         12.62          3.07        196.95
     9         1         11.75          2.76        177.39
     8         1         10.37          2.34        150.62
     7         1          8.60          1.83        118.85
     6         1          6.58          1.28         84.94
     5         1          7.21          1.15         81.01
     4         1         -0.00          0.00         -0.00
     3         1         -0.00          0.00         -0.00
     2         1         -0.00          0.00         -0.00
     1         1         -0.00          0.00         -0.00
   各振型作用下 Y 方向的基底剪力
   -------------------------------------------------------
   层号：  1    塔号：  1
            振型号       剪力(kN)
               1         2845.40
               2           35.69
               3           39.28
               4         1491.01
               5            7.71
               6           16.93
               7          863.34
               8           16.21

   各层 Y 方向的作用力(CQC)
   Floor    : 层号
   Tower    : 塔号
   Fy       : Y 向地震作用下结构的地震反应力
   Vy       : Y 向地震作用下结构的楼层剪力
   My       : Y 向地震作用下结构的弯矩
   Static Fy: 静力法 Y 向的地震力
   ------------------------------------------------------------------------------------------
   Floor     Tower        Fy           Vy (分塔剪重比)      My        Static Fy
                         (kN)         (kN)                 (kN-m)         (kN)
    36         1        359.88       359.88( 4.784%)      1079.65        194.31
    35         1        288.58       647.99( 4.525%)      3023.21        171.00
    34         1        252.57       898.56( 4.254%)      5716.84        166.37
    33         1        218.89      1111.84( 3.982%)      9045.97        161.74
    32         1        190.57      1289.31( 3.714%)     12898.38        157.11
    31         1        171.47      1434.30( 3.455%)     17168.59        152.48
    30         1        164.27      1551.88( 3.212%)     21762.51        147.85
    29         1        168.11      1648.62( 2.991%)     26601.52        143.22
    28         1        178.71      1731.84( 2.797%)     31625.40        138.59
    27         1        190.96      1808.65( 2.632%)     36793.73        133.96
    26         1        201.07      1884.83( 2.496%)     42085.10        129.33
    25         1        207.14      1963.86( 2.386%)     47493.74        124.70
    24         1        208.24      2046.83( 2.297%)     53025.52        120.07
    23         1        204.56      2132.67( 2.224%)     58693.20        115.44
    22         1        197.24      2218.86( 2.160%)     64511.56        110.81
    21         1        188.28      2302.39( 2.103%)     70493.27        106.18
    20         1        180.31      2380.71( 2.047%)     76646.14        101.55
    19         1        176.04      2452.45( 1.992%)     82972.00         96.92
    18         1        177.11      2517.63( 1.938%)     89467.32         92.29
    17         1        183.50      2577.69( 1.886%)     96125.03         87.66
    16         1        193.54      2635.22( 1.836%)    102937.18         83.03
    15         1        204.63      2693.38( 1.792%)    109897.44         78.40
    14         1        214.06      2755.14( 1.754%)    117003.22         73.77
    13         1        219.67      2822.56( 1.722%)    124256.68         69.14
    12         1        220.01      2896.11( 1.697%)    131664.52         64.51
    11         1        214.11      2974.53( 1.676%)    139236.75         59.88
    10         1        201.61      3054.97( 1.658%)    146984.44         55.25
     9         1        182.73      3133.46( 1.640%)    154917.18         50.62
     8         1        158.23      3205.62( 1.620%)    163040.42         45.99
     7         1        129.47      3267.40( 1.596%)    171353.50         41.36
     6         1         98.39      3315.90( 1.568%)    179848.74         36.73
     5         1        105.60      3369.53( 1.517%)    196749.06         49.95
     4         1          0.00      1445.59( 0.426%)    207772.63          0.00
     3         1          0.00       540.82( 0.145%)    218951.14          0.00
     2         1          0.00      1122.84( 0.273%)    230262.04          0.00
     1         1          0.00      1126.51( 0.251%)    242307.20          0.00

       抗震规范(5.2.5)条要求的Y向楼层最小剪重比 =   1.60%

 ==========各楼层地震剪力系数调整情况 [抗震规范(5.2.5)验算]==========

   层号     塔号     X向调整系数      Y向调整系数      调整后X向剪力      调整后Y向剪力
    5        1          1.109            1.054          3553.13            3553.13
    6        1          1.109            1.054          3510.46            3496.59
    7        1          1.109            1.054          3472.07            3445.45
    8        1          1.109            1.054          3421.99            3380.29
    9        1          1.109            1.054          3360.72            3304.21
   10        1          1.109            1.054          3289.44            3221.44
   11        1          1.109            1.054          3209.85            3136.62
   12        1          1.109            1.054          3123.96            3053.92
   13        1          1.109            1.054          3033.94            2976.36
   14        1          1.109            1.054          2941.96            2905.27
   15        1          1.109            1.054          2850.03            2840.14
   16        1          1.109            1.054          2759.88            2778.82
   17        1          1.109            1.054          2672.90            2718.15
   18        1          1.109            1.054          2590.02            2654.82
   19        1          1.109            1.054          2511.69            2586.09
   20        1          1.109            1.054          2437.80            2510.43
   21        1          1.109            1.054          2367.76            2427.85
   22        1          1.109            1.054          2300.40            2339.77
   23        1          1.109            1.054          2234.08            2248.88
   24        1          1.109            1.054          2166.72            2158.37
   25        1          1.109            1.054          2095.86            2070.87
   26        1          1.109            1.054          2018.74            1987.54
   27        1          1.109            1.054          1932.43            1907.21
   28        1          1.109            1.054          1833.94            1826.21
   29        1          1.109            1.054          1720.22            1738.45
   30        1          1.109            1.054          1588.50            1636.44
   31        1          1.109            1.054          1436.44            1512.45
   32        1          1.109            1.054          1262.18            1359.57
   33        1          1.109            1.054          1064.44            1172.42
   34        1          1.109            1.054           842.51             947.53
   35        1          1.109            1.054           596.20             683.30
   36        1          1.109            1.054           325.70             379.49

